#
# A fatal error has been detected by the Java Runtime Environment:
#
#  EXCEPTION_ACCESS_VIOLATION (0xc0000005) at pc=0x000000007110b5db, pid=3556, tid=20368
#
# JRE version: Java(TM) SE Runtime Environment (17.0.10+11) (build 17.0.10+11-LTS-240)
# Java VM: Java HotSpot(TM) 64-Bit Server VM (17.0.10+11-LTS-240, mixed mode, sharing, tiered, compressed oops, compressed class ptrs, g1 gc, windows-amd64)
# Problematic frame:
# C  [jSSC-2.8_x86_64.dll+0xb5db]
#
# No core dump will be written. Minidumps are not enabled by default on client versions of Windows
#
# If you would like to submit a bug report, please visit:
#   https://bugreport.java.com/bugreport/crash.jsp
# The crash happened outside the Java Virtual Machine in native code.
# See problematic frame for where to report the bug.
#

---------------  S U M M A R Y ------------

Command Line: -XX:+ShowCodeDetailsInExceptionMessages --module-path=C:\Users\ISAIAS\Documents\U\2024 - 1\PROYECTO - Trotamontañas\Interfaz HMI\HexaView versions\v1.0\beta\target\classes;C:\Users\ISAIAS\.m2\repository\com\github\PanamaHitek\PanamaHitek_Arduino\2.8.2\PanamaHitek_Arduino-2.8.2.jar;C:\Users\ISAIAS\.m2\repository\org\openjfx\javafx-controls\17.0.11\javafx-controls-17.0.11-win.jar;C:\Users\ISAIAS\.m2\repository\org\openjfx\javafx-graphics\17.0.11\javafx-graphics-17.0.11-win.jar;C:\Users\ISAIAS\.m2\repository\org\openjfx\javafx-base\17.0.11\javafx-base-17.0.11-win.jar;C:\Users\ISAIAS\.m2\repository\org\openjfx\javafx-fxml\17.0.11\javafx-fxml-17.0.11-win.jar -Djdk.module.main=com.hexaview com.hexaview/com.hexaview.App

Host: AMD Ryzen 5 7520U with Radeon Graphics         , 8 cores, 5G,  Windows 11 , 64 bit Build 22621 (10.0.22621.3374)
Time: Fri May 10 18:43:16 2024 Hora est. Pacífico, Sudamérica elapsed time: 1.398553 seconds (0d 0h 0m 1s)

---------------  T H R E A D  ---------------

Current thread (0x0000016d6c9ef710):  JavaThread "Thread-3" daemon [_thread_in_native, id=20368, stack(0x00000025f6c00000,0x00000025f6d00000)]

Stack: [0x00000025f6c00000,0x00000025f6d00000],  sp=0x00000025f6cff350,  free space=1020k
Native frames: (J=compiled Java code, j=interpreted, Vv=VM code, C=native code)
C  [jSSC-2.8_x86_64.dll+0xb5db]

Java frames: (J=compiled Java code, j=interpreted, Vv=VM code)
j  jssc.SerialNativeInterface.openPort(Ljava/lang/String;Z)J+0 PanamaHitek.Arduino@2.8.2
j  jssc.SerialPort.openPort()Z+65 PanamaHitek.Arduino@2.8.2
j  com.panamahitek.PanamaHitek_Arduino.arduinoRX(Ljava/lang/String;ILjssc/SerialPortEventListener;)V+58 PanamaHitek.Arduino@2.8.2
j  com.hexaview.DefaultController.lambda$0()V+13 com.hexaview
j  com.hexaview.DefaultController$$Lambda$194+0x0000016d271b8608.run()V+4 com.hexaview
j  java.lang.Thread.run()V+11 java.base@17.0.10
v  ~StubRoutines::call_stub

siginfo: EXCEPTION_ACCESS_VIOLATION (0xc0000005), reading address 0x00000000730a496d


Registers:
RAX=0x00000000730a496d, RBX=0x00000025f6cff3c0, RCX=0x00007ffa7b34f544, RDX=0x0000000000000000
RSP=0x00000025f6cff350, RBP=0x00000025f6cff4d0, RSI=0x0000016d6c9ef9c0, RDI=0x0000000000000ea8
R8 =0x00000025f6cff248, R9 =0x0000000000000000, R10=0x0000000000000000, R11=0x0000000000000246
R12=0x00000025f6cff590, R13=0x0000016d7a835b30, R14=0x00000025f6cff480, R15=0x0000016d6c9ef710
RIP=0x000000007110b5db, EFLAGS=0x0000000000010202


Register to memory mapping:

RIP=0x000000007110b5db jSSC-2.8_x86_64.dll
RAX=0x00000000730a496d is an unknown value
RBX=0x00000025f6cff3c0 is pointing into the stack for thread: 0x0000016d6c9ef710
RCX=0x00007ffa7b34f544 ntdll.dll
RDX=0x0 is NULL
RSP=0x00000025f6cff350 is pointing into the stack for thread: 0x0000016d6c9ef710
RBP=0x00000025f6cff4d0 is pointing into the stack for thread: 0x0000016d6c9ef710
RSI=0x0000016d6c9ef9c0 points into unknown readable memory: 0x00007ffa02862670 | 70 26 86 02 fa 7f 00 00
RDI=0x0000000000000ea8 is an unknown value
R8 =0x00000025f6cff248 is pointing into the stack for thread: 0x0000016d6c9ef710
R9 =0x0 is NULL
R10=0x0 is NULL
R11=0x0000000000000246 is an unknown value
R12=0x00000025f6cff590 is pointing into the stack for thread: 0x0000016d6c9ef710
R13=0x0000016d7a835b30 points into unknown readable memory: 0x0000000800000000 | 00 00 00 00 08 00 00 00
R14=0x00000025f6cff480 is pointing into the stack for thread: 0x0000016d6c9ef710
R15=0x0000016d6c9ef710 is a thread


Top of Stack: (sp=0x00000025f6cff350)
0x00000025f6cff350:   0000000000000000 0000016d7a835be0
0x00000025f6cff360:   000000007110b230 00007ffa02431f4f
0x00000025f6cff370:   0000016d7a758480 0000000000000004
0x00000025f6cff380:   0000016d6c9ef9c0 0000000000000ea8
0x00000025f6cff390:   00000025f6cff4d0 0000000071112590
0x00000025f6cff3a0:   0000016d6c9ef710 00000025f6cff480
0x00000025f6cff3b0:   0000016d7a835b30 00000025f6cff590
0x00000025f6cff3c0:   0000016d7a835b30 00007ffa7b2eab11
0x00000025f6cff3d0:   0000016d7a835b20 0000016d06770000
0x00000025f6cff3e0:   00000025f6cff4d0 0000000000000000
0x00000025f6cff3f0:   0000000071113500 0000000071113be8
0x00000025f6cff400:   00000025f6cff430 0000000071112641
0x00000025f6cff410:   00000025f6cff3a0 0000016d6c9ef9c0
0x00000025f6cff420:   0000000000000000 0000000000000000
0x00000025f6cff430:   00000025f6cff4d0 0000000071101595
0x00000025f6cff440:   000000000000001c 0000002500000000 

Instructions: (pc=0x000000007110b5db)
0x000000007110b4db:   48 85 c0 74 bf 44 8b 03 45 85 c0 0f 84 77 ff ff
0x000000007110b4eb:   ff eb 9f 66 90 e8 8b fe ff ff 48 89 05 0c 34 01
0x000000007110b4fb:   00 eb ad 66 90 e8 7b fe ff ff 48 89 05 fc 33 01
0x000000007110b50b:   00 eb 8b e8 8d fe ff ff c7 03 01 00 00 00 e9 6f
0x000000007110b51b:   ff ff ff 66 90 55 48 89 e5 56 53 48 83 ec 20 48
0x000000007110b52b:   8b 05 d7 33 01 00 48 8b 31 48 89 cb 48 85 c0 74
0x000000007110b53b:   56 44 8b 18 45 85 db 78 42 48 8b 05 bd 33 01 00
0x000000007110b54b:   48 85 c0 74 50 44 8b 10 45 85 d2 74 1d 48 89 f1
0x000000007110b55b:   e8 d0 fd ff ff 48 8b 13 48 8d 42 40 48 8b 48 08
0x000000007110b56b:   48 8b 6a 40 48 8b 60 10 ff e1 48 8b 05 9c 33 01
0x000000007110b57b:   00 48 85 c0 74 2d 48 89 30 eb da e8 b5 fe ff ff
0x000000007110b58b:   0f 1f 44 00 00 eb b2 e8 e9 fd ff ff 48 89 05 6a
0x000000007110b59b:   33 01 00 eb 9c e8 db fd ff ff 48 89 05 5c 33 01
0x000000007110b5ab:   00 eb a2 e8 3d fd ff ff 48 89 05 5e 33 01 00 eb
0x000000007110b5bb:   c5 0f 1f 40 00 55 57 56 53 48 83 ec 28 48 8b 05
0x000000007110b5cb:   39 33 01 00 48 89 cb 48 85 c0 0f 84 c5 00 00 00
0x000000007110b5db:   8b 38 85 ff 0f 88 ab 00 00 00 48 8b 05 1c 33 01
0x000000007110b5eb:   00 48 85 c0 0f 84 bc 00 00 00 8b 30 85 f6 74 57
0x000000007110b5fb:   48 8b 05 0e 33 01 00 48 85 c0 0f 84 e5 00 00 00
0x000000007110b60b:   8b 28 48 8b 35 10 5e 01 00 ff d6 89 c7 89 e9 ff
0x000000007110b61b:   15 f4 5e 01 00 89 f9 48 89 c5 ff 15 b9 5e 01 00
0x000000007110b62b:   48 8b 05 de 32 01 00 48 89 2b 48 85 c0 74 46 48
0x000000007110b63b:   89 da 8b 08 ff 15 d7 5e 01 00 85 c0 74 27 48 83
0x000000007110b64b:   c4 28 5b 5e 5f 5d c3 48 8b 05 bf 32 01 00 48 85
0x000000007110b65b:   c0 74 64 48 8b 10 48 89 13 48 89 18 48 83 c4 28
0x000000007110b66b:   5b 5e 5f 5d c3 48 89 f2 48 83 c4 28 5b 5e 5f 5d
0x000000007110b67b:   48 ff e2 66 90 e8 8b fc ff ff 48 89 05 84 32 01
0x000000007110b68b:   00 eb ac 66 90 e8 ab fd ff ff e9 4b ff ff ff 66
0x000000007110b69b:   0f 1f 44 00 00 e8 db fc ff ff 48 89 05 5c 32 01
0x000000007110b6ab:   00 e9 2a ff ff ff e8 ca fc ff ff 48 89 05 4b 32
0x000000007110b6bb:   01 00 e9 33 ff ff ff e8 29 fc ff ff 48 89 05 4a
0x000000007110b6cb:   32 01 00 48 8b 10 48 85 c0 48 89 13 75 8b e8 12 


Stack slot to memory mapping:
stack at sp + 0 slots: 0x0 is NULL
stack at sp + 1 slots: 0x0000016d7a835be0 points into unknown readable memory: 0x0000016d068715c0 | c0 15 87 06 6d 01 00 00
stack at sp + 2 slots: 0x000000007110b230 jSSC-2.8_x86_64.dll
stack at sp + 3 slots: 0x00007ffa02431f4f jvm.dll
stack at sp + 4 slots: 0x0000016d7a758480 points into unknown readable memory: 0x005c002e005c005c | 5c 00 5c 00 2e 00 5c 00
stack at sp + 5 slots: 0x0000000000000004 is an unknown value
stack at sp + 6 slots: 0x0000016d6c9ef9c0 points into unknown readable memory: 0x00007ffa02862670 | 70 26 86 02 fa 7f 00 00
stack at sp + 7 slots: 0x0000000000000ea8 is an unknown value


---------------  P R O C E S S  ---------------

Threads class SMR info:
_java_thread_list=0x0000016d7ad9ada0, length=19, elements={
0x0000016d089f3cd0, 0x0000016d2571f240, 0x0000016d257200c0, 0x0000016d25734f20,
0x0000016d25735ae0, 0x0000016d257366a0, 0x0000016d25739070, 0x0000016d25739e10,
0x0000016d2573ddc0, 0x0000016d257487e0, 0x0000016d25957b00, 0x0000016d6b1273c0,
0x0000016d25d0e980, 0x0000016d6b7d8550, 0x0000016d6b7db5b0, 0x0000016d6b7e26f0,
0x0000016d6b7e3a90, 0x0000016d6c2e7c10, 0x0000016d6c9ef710
}

Java Threads: ( => current thread )
  0x0000016d089f3cd0 JavaThread "main" [_thread_blocked, id=24248, stack(0x00000025f4600000,0x00000025f4700000)]
  0x0000016d2571f240 JavaThread "Reference Handler" daemon [_thread_blocked, id=22764, stack(0x00000025f4d00000,0x00000025f4e00000)]
  0x0000016d257200c0 JavaThread "Finalizer" daemon [_thread_blocked, id=3636, stack(0x00000025f4e00000,0x00000025f4f00000)]
  0x0000016d25734f20 JavaThread "Signal Dispatcher" daemon [_thread_blocked, id=18116, stack(0x00000025f4f00000,0x00000025f5000000)]
  0x0000016d25735ae0 JavaThread "Attach Listener" daemon [_thread_blocked, id=25532, stack(0x00000025f5000000,0x00000025f5100000)]
  0x0000016d257366a0 JavaThread "Service Thread" daemon [_thread_blocked, id=21052, stack(0x00000025f5100000,0x00000025f5200000)]
  0x0000016d25739070 JavaThread "Monitor Deflation Thread" daemon [_thread_blocked, id=21740, stack(0x00000025f5200000,0x00000025f5300000)]
  0x0000016d25739e10 JavaThread "C2 CompilerThread0" daemon [_thread_in_native, id=18152, stack(0x00000025f5300000,0x00000025f5400000)]
  0x0000016d2573ddc0 JavaThread "C1 CompilerThread0" daemon [_thread_blocked, id=22068, stack(0x00000025f5400000,0x00000025f5500000)]
  0x0000016d257487e0 JavaThread "Sweeper thread" daemon [_thread_blocked, id=18464, stack(0x00000025f5500000,0x00000025f5600000)]
  0x0000016d25957b00 JavaThread "Common-Cleaner" daemon [_thread_blocked, id=23496, stack(0x00000025f5600000,0x00000025f5700000)]
  0x0000016d6b1273c0 JavaThread "Notification Thread" daemon [_thread_blocked, id=22396, stack(0x00000025f5900000,0x00000025f5a00000)]
  0x0000016d25d0e980 JavaThread "QuantumRenderer-0" daemon [_thread_blocked, id=25588, stack(0x00000025f5b00000,0x00000025f5c00000)]
  0x0000016d6b7d8550 JavaThread "InvokeLaterDispatcher" daemon [_thread_blocked, id=6520, stack(0x00000025f5800000,0x00000025f5900000)]
  0x0000016d6b7db5b0 JavaThread "JavaFX Application Thread" [_thread_in_vm, id=11524, stack(0x00000025f5c00000,0x00000025f5d00000)]
  0x0000016d6b7e26f0 JavaThread "Thread-1" daemon [_thread_in_native, id=15356, stack(0x00000025f5700000,0x00000025f5800000)]
  0x0000016d6b7e3a90 JavaThread "JavaFX-Launcher" [_thread_blocked, id=10384, stack(0x00000025f6500000,0x00000025f6600000)]
  0x0000016d6c2e7c10 JavaThread "C2 CompilerThread1" daemon [_thread_in_native, id=18696, stack(0x00000025f6b00000,0x00000025f6c00000)]
=>0x0000016d6c9ef710 JavaThread "Thread-3" daemon [_thread_in_native, id=20368, stack(0x00000025f6c00000,0x00000025f6d00000)]

Other Threads:
  0x0000016d25718df0 VMThread "VM Thread" [stack: 0x00000025f4c00000,0x00000025f4d00000] [id=6856]
  0x0000016d6b02a720 WatcherThread [stack: 0x00000025f5a00000,0x00000025f5b00000] [id=24820]
  0x0000016d08a3fd10 GCTaskThread "GC Thread#0" [stack: 0x00000025f4700000,0x00000025f4800000] [id=18588]
  0x0000016d6c2509e0 GCTaskThread "GC Thread#1" [stack: 0x00000025f6600000,0x00000025f6700000] [id=15988]
  0x0000016d6c250ca0 GCTaskThread "GC Thread#2" [stack: 0x00000025f6700000,0x00000025f6800000] [id=19212]
  0x0000016d6c266640 GCTaskThread "GC Thread#3" [stack: 0x00000025f6800000,0x00000025f6900000] [id=24560]
  0x0000016d6c267110 GCTaskThread "GC Thread#4" [stack: 0x00000025f6900000,0x00000025f6a00000] [id=13704]
  0x0000016d6c23e610 GCTaskThread "GC Thread#5" [stack: 0x00000025f6a00000,0x00000025f6b00000] [id=6720]
  0x0000016d08a4c6e0 ConcurrentGCThread "G1 Main Marker" [stack: 0x00000025f4800000,0x00000025f4900000] [id=22044]
  0x0000016d08a4d0f0 ConcurrentGCThread "G1 Conc#0" [stack: 0x00000025f4900000,0x00000025f4a00000] [id=13148]
  0x0000016d255e0090 ConcurrentGCThread "G1 Refine#0" [stack: 0x00000025f4a00000,0x00000025f4b00000] [id=25180]
  0x0000016d255e0ac0 ConcurrentGCThread "G1 Service" [stack: 0x00000025f4b00000,0x00000025f4c00000] [id=10256]

Threads with active compile tasks:
C2 CompilerThread0     1495 1714       4       java.util.HashMap$HashIterator::nextNode (100 bytes)
C1 CompilerThread0     1495 1720   !   3       javafx.css.CssLexer::getToken (1356 bytes)
C2 CompilerThread1     1495 1680       4       java.util.HashMap::putVal (300 bytes)

VM state: not at safepoint (normal execution)

VM Mutex/Monitor currently owned by a thread: None

Heap address: 0x00000000a2c00000, size: 1492 MB, Compressed Oops mode: 32-bit

CDS archive(s) mapped at: [0x0000016d26000000-0x0000016d26bd0000-0x0000016d26bd0000), size 12386304, SharedBaseAddress: 0x0000016d26000000, ArchiveRelocationMode: 1.
Compressed class space mapped at: 0x0000016d27000000-0x0000016d67000000, reserved size: 1073741824
Narrow klass base: 0x0000016d26000000, Narrow klass shift: 0, Narrow klass range: 0x100000000

GC Precious Log:
 CPUs: 8 total, 8 available
 Memory: 5965M
 Large Page Support: Disabled
 NUMA Support: Disabled
 Compressed Oops: Enabled (32-bit)
 Heap Region Size: 1M
 Heap Min Capacity: 8M
 Heap Initial Capacity: 94M
 Heap Max Capacity: 1492M
 Pre-touch: Disabled
 Parallel Workers: 8
 Concurrent Workers: 2
 Concurrent Refinement Workers: 8
 Periodic GC: Disabled

Heap:
 garbage-first heap   total 96256K, used 47190K [0x00000000a2c00000, 0x0000000100000000)
  region size 1024K, 29 young (29696K), 3 survivors (3072K)
 Metaspace       used 11770K, committed 12096K, reserved 1114112K
  class space    used 1708K, committed 1856K, reserved 1048576K

Heap Regions: E=young(eden), S=young(survivor), O=old, HS=humongous(starts), HC=humongous(continues), CS=collection set, F=free, OA=open archive, CA=closed archive, TAMS=top-at-mark-start (previous, next)
|   0|0x00000000a2c00000, 0x00000000a2c15a00, 0x00000000a2d00000|  8%| O|  |TAMS 0x00000000a2c00000, 0x00000000a2c00000| Untracked 
|   1|0x00000000a2d00000, 0x00000000a2e00000, 0x00000000a2e00000|100%|HS|  |TAMS 0x00000000a2d00000, 0x00000000a2d00000| Complete 
|   2|0x00000000a2e00000, 0x00000000a2f00000, 0x00000000a2f00000|100%|HC|  |TAMS 0x00000000a2e00000, 0x00000000a2e00000| Complete 
|   3|0x00000000a2f00000, 0x00000000a3000000, 0x00000000a3000000|100%|HC|  |TAMS 0x00000000a2f00000, 0x00000000a2f00000| Complete 
|   4|0x00000000a3000000, 0x00000000a3100000, 0x00000000a3100000|100%|HC|  |TAMS 0x00000000a3000000, 0x00000000a3000000| Complete 
|   5|0x00000000a3100000, 0x00000000a3200000, 0x00000000a3200000|100%|HC|  |TAMS 0x00000000a3100000, 0x00000000a3100000| Complete 
|   6|0x00000000a3200000, 0x00000000a3300000, 0x00000000a3300000|100%|HC|  |TAMS 0x00000000a3200000, 0x00000000a3200000| Complete 
|   7|0x00000000a3300000, 0x00000000a3400000, 0x00000000a3400000|100%|HC|  |TAMS 0x00000000a3300000, 0x00000000a3300000| Complete 
|   8|0x00000000a3400000, 0x00000000a3500000, 0x00000000a3500000|100%|HC|  |TAMS 0x00000000a3400000, 0x00000000a3400000| Complete 
|   9|0x00000000a3500000, 0x00000000a3600000, 0x00000000a3600000|100%|HC|  |TAMS 0x00000000a3500000, 0x00000000a3500000| Complete 
|  10|0x00000000a3600000, 0x00000000a3700000, 0x00000000a3700000|100%|HC|  |TAMS 0x00000000a3600000, 0x00000000a3600000| Complete 
|  11|0x00000000a3700000, 0x00000000a3800000, 0x00000000a3800000|100%|HC|  |TAMS 0x00000000a3700000, 0x00000000a3700000| Complete 
|  12|0x00000000a3800000, 0x00000000a3900000, 0x00000000a3900000|100%|HC|  |TAMS 0x00000000a3800000, 0x00000000a3800000| Complete 
|  13|0x00000000a3900000, 0x00000000a3a00000, 0x00000000a3a00000|100%|HC|  |TAMS 0x00000000a3900000, 0x00000000a3900000| Complete 
|  14|0x00000000a3a00000, 0x00000000a3b00000, 0x00000000a3b00000|100%|HC|  |TAMS 0x00000000a3a00000, 0x00000000a3a00000| Complete 
|  15|0x00000000a3b00000, 0x00000000a3c00000, 0x00000000a3c00000|100%|HC|  |TAMS 0x00000000a3b00000, 0x00000000a3b00000| Complete 
|  16|0x00000000a3c00000, 0x00000000a3d00000, 0x00000000a3d00000|100%|HC|  |TAMS 0x00000000a3c00000, 0x00000000a3c00000| Complete 
|  17|0x00000000a3d00000, 0x00000000a3e00000, 0x00000000a3e00000|100%|HC|  |TAMS 0x00000000a3d00000, 0x00000000a3d00000| Complete 
|  18|0x00000000a3e00000, 0x00000000a3f00000, 0x00000000a3f00000|100%|HC|  |TAMS 0x00000000a3e00000, 0x00000000a3e00000| Complete 
|  19|0x00000000a3f00000, 0x00000000a3f00000, 0x00000000a4000000|  0%| F|  |TAMS 0x00000000a3f00000, 0x00000000a3f00000| Untracked 
|  20|0x00000000a4000000, 0x00000000a4000000, 0x00000000a4100000|  0%| F|  |TAMS 0x00000000a4000000, 0x00000000a4000000| Untracked 
|  21|0x00000000a4100000, 0x00000000a4100000, 0x00000000a4200000|  0%| F|  |TAMS 0x00000000a4100000, 0x00000000a4100000| Untracked 
|  22|0x00000000a4200000, 0x00000000a4200000, 0x00000000a4300000|  0%| F|  |TAMS 0x00000000a4200000, 0x00000000a4200000| Untracked 
|  23|0x00000000a4300000, 0x00000000a4300000, 0x00000000a4400000|  0%| F|  |TAMS 0x00000000a4300000, 0x00000000a4300000| Untracked 
|  24|0x00000000a4400000, 0x00000000a4400000, 0x00000000a4500000|  0%| F|  |TAMS 0x00000000a4400000, 0x00000000a4400000| Untracked 
|  25|0x00000000a4500000, 0x00000000a4500000, 0x00000000a4600000|  0%| F|  |TAMS 0x00000000a4500000, 0x00000000a4500000| Untracked 
|  26|0x00000000a4600000, 0x00000000a4600000, 0x00000000a4700000|  0%| F|  |TAMS 0x00000000a4600000, 0x00000000a4600000| Untracked 
|  27|0x00000000a4700000, 0x00000000a4700000, 0x00000000a4800000|  0%| F|  |TAMS 0x00000000a4700000, 0x00000000a4700000| Untracked 
|  28|0x00000000a4800000, 0x00000000a4800000, 0x00000000a4900000|  0%| F|  |TAMS 0x00000000a4800000, 0x00000000a4800000| Untracked 
|  29|0x00000000a4900000, 0x00000000a4900000, 0x00000000a4a00000|  0%| F|  |TAMS 0x00000000a4900000, 0x00000000a4900000| Untracked 
|  30|0x00000000a4a00000, 0x00000000a4a00000, 0x00000000a4b00000|  0%| F|  |TAMS 0x00000000a4a00000, 0x00000000a4a00000| Untracked 
|  31|0x00000000a4b00000, 0x00000000a4b00000, 0x00000000a4c00000|  0%| F|  |TAMS 0x00000000a4b00000, 0x00000000a4b00000| Untracked 
|  32|0x00000000a4c00000, 0x00000000a4c00000, 0x00000000a4d00000|  0%| F|  |TAMS 0x00000000a4c00000, 0x00000000a4c00000| Untracked 
|  33|0x00000000a4d00000, 0x00000000a4d00000, 0x00000000a4e00000|  0%| F|  |TAMS 0x00000000a4d00000, 0x00000000a4d00000| Untracked 
|  34|0x00000000a4e00000, 0x00000000a4e00000, 0x00000000a4f00000|  0%| F|  |TAMS 0x00000000a4e00000, 0x00000000a4e00000| Untracked 
|  35|0x00000000a4f00000, 0x00000000a4f00000, 0x00000000a5000000|  0%| F|  |TAMS 0x00000000a4f00000, 0x00000000a4f00000| Untracked 
|  36|0x00000000a5000000, 0x00000000a5000000, 0x00000000a5100000|  0%| F|  |TAMS 0x00000000a5000000, 0x00000000a5000000| Untracked 
|  37|0x00000000a5100000, 0x00000000a5100000, 0x00000000a5200000|  0%| F|  |TAMS 0x00000000a5100000, 0x00000000a5100000| Untracked 
|  38|0x00000000a5200000, 0x00000000a5200000, 0x00000000a5300000|  0%| F|  |TAMS 0x00000000a5200000, 0x00000000a5200000| Untracked 
|  39|0x00000000a5300000, 0x00000000a5300000, 0x00000000a5400000|  0%| F|  |TAMS 0x00000000a5300000, 0x00000000a5300000| Untracked 
|  40|0x00000000a5400000, 0x00000000a5400000, 0x00000000a5500000|  0%| F|  |TAMS 0x00000000a5400000, 0x00000000a5400000| Untracked 
|  41|0x00000000a5500000, 0x00000000a5500000, 0x00000000a5600000|  0%| F|  |TAMS 0x00000000a5500000, 0x00000000a5500000| Untracked 
|  42|0x00000000a5600000, 0x00000000a5600000, 0x00000000a5700000|  0%| F|  |TAMS 0x00000000a5600000, 0x00000000a5600000| Untracked 
|  43|0x00000000a5700000, 0x00000000a5700000, 0x00000000a5800000|  0%| F|  |TAMS 0x00000000a5700000, 0x00000000a5700000| Untracked 
|  44|0x00000000a5800000, 0x00000000a5800000, 0x00000000a5900000|  0%| F|  |TAMS 0x00000000a5800000, 0x00000000a5800000| Untracked 
|  45|0x00000000a5900000, 0x00000000a5900000, 0x00000000a5a00000|  0%| F|  |TAMS 0x00000000a5900000, 0x00000000a5900000| Untracked 
|  46|0x00000000a5a00000, 0x00000000a5a00000, 0x00000000a5b00000|  0%| F|  |TAMS 0x00000000a5a00000, 0x00000000a5a00000| Untracked 
|  47|0x00000000a5b00000, 0x00000000a5b00000, 0x00000000a5c00000|  0%| F|  |TAMS 0x00000000a5b00000, 0x00000000a5b00000| Untracked 
|  48|0x00000000a5c00000, 0x00000000a5c00000, 0x00000000a5d00000|  0%| F|  |TAMS 0x00000000a5c00000, 0x00000000a5c00000| Untracked 
|  49|0x00000000a5d00000, 0x00000000a5d00000, 0x00000000a5e00000|  0%| F|  |TAMS 0x00000000a5d00000, 0x00000000a5d00000| Untracked 
|  50|0x00000000a5e00000, 0x00000000a5e00000, 0x00000000a5f00000|  0%| F|  |TAMS 0x00000000a5e00000, 0x00000000a5e00000| Untracked 
|  51|0x00000000a5f00000, 0x00000000a5f00000, 0x00000000a6000000|  0%| F|  |TAMS 0x00000000a5f00000, 0x00000000a5f00000| Untracked 
|  52|0x00000000a6000000, 0x00000000a6000000, 0x00000000a6100000|  0%| F|  |TAMS 0x00000000a6000000, 0x00000000a6000000| Untracked 
|  53|0x00000000a6100000, 0x00000000a6100000, 0x00000000a6200000|  0%| F|  |TAMS 0x00000000a6100000, 0x00000000a6100000| Untracked 
|  54|0x00000000a6200000, 0x00000000a6200000, 0x00000000a6300000|  0%| F|  |TAMS 0x00000000a6200000, 0x00000000a6200000| Untracked 
|  55|0x00000000a6300000, 0x00000000a6300000, 0x00000000a6400000|  0%| F|  |TAMS 0x00000000a6300000, 0x00000000a6300000| Untracked 
|  56|0x00000000a6400000, 0x00000000a6400000, 0x00000000a6500000|  0%| F|  |TAMS 0x00000000a6400000, 0x00000000a6400000| Untracked 
|  57|0x00000000a6500000, 0x00000000a6500000, 0x00000000a6600000|  0%| F|  |TAMS 0x00000000a6500000, 0x00000000a6500000| Untracked 
|  58|0x00000000a6600000, 0x00000000a6600000, 0x00000000a6700000|  0%| F|  |TAMS 0x00000000a6600000, 0x00000000a6600000| Untracked 
|  59|0x00000000a6700000, 0x00000000a6700000, 0x00000000a6800000|  0%| F|  |TAMS 0x00000000a6700000, 0x00000000a6700000| Untracked 
|  60|0x00000000a6800000, 0x00000000a6800000, 0x00000000a6900000|  0%| F|  |TAMS 0x00000000a6800000, 0x00000000a6800000| Untracked 
|  61|0x00000000a6900000, 0x00000000a6900000, 0x00000000a6a00000|  0%| F|  |TAMS 0x00000000a6900000, 0x00000000a6900000| Untracked 
|  62|0x00000000a6a00000, 0x00000000a6a00000, 0x00000000a6b00000|  0%| F|  |TAMS 0x00000000a6a00000, 0x00000000a6a00000| Untracked 
|  63|0x00000000a6b00000, 0x00000000a6b00000, 0x00000000a6c00000|  0%| F|  |TAMS 0x00000000a6b00000, 0x00000000a6b00000| Untracked 
|  64|0x00000000a6c00000, 0x00000000a6c00000, 0x00000000a6d00000|  0%| F|  |TAMS 0x00000000a6c00000, 0x00000000a6c00000| Untracked 
|  65|0x00000000a6d00000, 0x00000000a6d64588, 0x00000000a6e00000| 39%| E|  |TAMS 0x00000000a6d00000, 0x00000000a6d00000| Complete 
|  66|0x00000000a6e00000, 0x00000000a6f00000, 0x00000000a6f00000|100%| E|CS|TAMS 0x00000000a6e00000, 0x00000000a6e00000| Complete 
|  67|0x00000000a6f00000, 0x00000000a7000000, 0x00000000a7000000|100%| E|CS|TAMS 0x00000000a6f00000, 0x00000000a6f00000| Complete 
|  68|0x00000000a7000000, 0x00000000a7100000, 0x00000000a7100000|100%| S|CS|TAMS 0x00000000a7000000, 0x00000000a7000000| Complete 
|  69|0x00000000a7100000, 0x00000000a7200000, 0x00000000a7200000|100%| S|CS|TAMS 0x00000000a7100000, 0x00000000a7100000| Complete 
|  70|0x00000000a7200000, 0x00000000a7300000, 0x00000000a7300000|100%| S|CS|TAMS 0x00000000a7200000, 0x00000000a7200000| Complete 
|  71|0x00000000a7300000, 0x00000000a7400000, 0x00000000a7400000|100%| E|CS|TAMS 0x00000000a7300000, 0x00000000a7300000| Complete 
|  72|0x00000000a7400000, 0x00000000a7500000, 0x00000000a7500000|100%| E|CS|TAMS 0x00000000a7400000, 0x00000000a7400000| Complete 
|  73|0x00000000a7500000, 0x00000000a7600000, 0x00000000a7600000|100%| E|CS|TAMS 0x00000000a7500000, 0x00000000a7500000| Complete 
|  74|0x00000000a7600000, 0x00000000a7700000, 0x00000000a7700000|100%| E|CS|TAMS 0x00000000a7600000, 0x00000000a7600000| Complete 
|  75|0x00000000a7700000, 0x00000000a7800000, 0x00000000a7800000|100%| E|CS|TAMS 0x00000000a7700000, 0x00000000a7700000| Complete 
|  76|0x00000000a7800000, 0x00000000a7900000, 0x00000000a7900000|100%| E|CS|TAMS 0x00000000a7800000, 0x00000000a7800000| Complete 
|  77|0x00000000a7900000, 0x00000000a7a00000, 0x00000000a7a00000|100%| E|CS|TAMS 0x00000000a7900000, 0x00000000a7900000| Complete 
|  78|0x00000000a7a00000, 0x00000000a7b00000, 0x00000000a7b00000|100%| E|CS|TAMS 0x00000000a7a00000, 0x00000000a7a00000| Complete 
|  79|0x00000000a7b00000, 0x00000000a7c00000, 0x00000000a7c00000|100%| E|CS|TAMS 0x00000000a7b00000, 0x00000000a7b00000| Complete 
|  80|0x00000000a7c00000, 0x00000000a7d00000, 0x00000000a7d00000|100%| E|CS|TAMS 0x00000000a7c00000, 0x00000000a7c00000| Complete 
|  81|0x00000000a7d00000, 0x00000000a7e00000, 0x00000000a7e00000|100%| E|CS|TAMS 0x00000000a7d00000, 0x00000000a7d00000| Complete 
|  82|0x00000000a7e00000, 0x00000000a7f00000, 0x00000000a7f00000|100%| E|CS|TAMS 0x00000000a7e00000, 0x00000000a7e00000| Complete 
|  83|0x00000000a7f00000, 0x00000000a8000000, 0x00000000a8000000|100%| E|CS|TAMS 0x00000000a7f00000, 0x00000000a7f00000| Complete 
|  84|0x00000000a8000000, 0x00000000a8100000, 0x00000000a8100000|100%| E|CS|TAMS 0x00000000a8000000, 0x00000000a8000000| Complete 
|  85|0x00000000a8100000, 0x00000000a8200000, 0x00000000a8200000|100%| E|CS|TAMS 0x00000000a8100000, 0x00000000a8100000| Complete 
|  86|0x00000000a8200000, 0x00000000a8300000, 0x00000000a8300000|100%| E|CS|TAMS 0x00000000a8200000, 0x00000000a8200000| Complete 
|  87|0x00000000a8300000, 0x00000000a8400000, 0x00000000a8400000|100%| E|CS|TAMS 0x00000000a8300000, 0x00000000a8300000| Complete 
|  88|0x00000000a8400000, 0x00000000a8500000, 0x00000000a8500000|100%| E|CS|TAMS 0x00000000a8400000, 0x00000000a8400000| Complete 
|  89|0x00000000a8500000, 0x00000000a8600000, 0x00000000a8600000|100%| E|CS|TAMS 0x00000000a8500000, 0x00000000a8500000| Complete 
|  90|0x00000000a8600000, 0x00000000a8700000, 0x00000000a8700000|100%| E|CS|TAMS 0x00000000a8600000, 0x00000000a8600000| Complete 
|  91|0x00000000a8700000, 0x00000000a8800000, 0x00000000a8800000|100%| E|CS|TAMS 0x00000000a8700000, 0x00000000a8700000| Complete 
|  92|0x00000000a8800000, 0x00000000a8900000, 0x00000000a8900000|100%| E|CS|TAMS 0x00000000a8800000, 0x00000000a8800000| Complete 
|  93|0x00000000a8900000, 0x00000000a8a00000, 0x00000000a8a00000|100%| E|CS|TAMS 0x00000000a8900000, 0x00000000a8900000| Complete 

Card table byte_map: [0x0000016d1f8c0000,0x0000016d1fbb0000] _byte_map_base: 0x0000016d1f3aa000

Marking Bits (Prev, Next): (CMBitMap*) 0x0000016d08a40330, (CMBitMap*) 0x0000016d08a40370
 Prev Bits: [0x0000016d1fea0000, 0x0000016d215f0000)
 Next Bits: [0x0000016d215f0000, 0x0000016d22d40000)

Polling page: 0x0000016d081c0000

Metaspace:

Usage:
  Non-class:      9.83 MB used.
      Class:      1.67 MB used.
       Both:     11.50 MB used.

Virtual space:
  Non-class space:       64.00 MB reserved,      10.00 MB ( 16%) committed,  1 nodes.
      Class space:        1.00 GB reserved,       1.81 MB ( <1%) committed,  1 nodes.
             Both:        1.06 GB reserved,      11.81 MB (  1%) committed. 

Chunk freelists:
   Non-Class:  5.80 MB
       Class:  14.17 MB
        Both:  19.97 MB

MaxMetaspaceSize: unlimited
CompressedClassSpaceSize: 1.00 GB
Initial GC threshold: 21.00 MB
Current GC threshold: 21.00 MB
CDS: on
MetaspaceReclaimPolicy: balanced
 - commit_granule_bytes: 65536.
 - commit_granule_words: 8192.
 - virtual_space_node_default_size: 8388608.
 - enlarge_chunks_in_place: 1.
 - new_chunks_are_fully_committed: 0.
 - uncommit_free_chunks: 1.
 - use_allocation_guard: 0.
 - handle_deallocations: 1.


Internal statistics:

num_allocs_failed_limit: 0.
num_arena_births: 196.
num_arena_deaths: 0.
num_vsnodes_births: 2.
num_vsnodes_deaths: 0.
num_space_committed: 189.
num_space_uncommitted: 0.
num_chunks_returned_to_freelist: 0.
num_chunks_taken_from_freelist: 560.
num_chunk_merges: 0.
num_chunk_splits: 375.
num_chunks_enlarged: 271.
num_inconsistent_stats: 0.

CodeHeap 'non-profiled nmethods': size=120000Kb used=629Kb max_used=629Kb free=119371Kb
 bounds [0x0000016d17d70000, 0x0000016d17fe0000, 0x0000016d1f2a0000]
CodeHeap 'profiled nmethods': size=120000Kb used=3323Kb max_used=3323Kb free=116676Kb
 bounds [0x0000016d102a0000, 0x0000016d105e0000, 0x0000016d177d0000]
CodeHeap 'non-nmethods': size=5760Kb used=1304Kb max_used=1383Kb free=4455Kb
 bounds [0x0000016d177d0000, 0x0000016d17a40000, 0x0000016d17d70000]
 total_blobs=2348 nmethods=1711 adapters=549
 compilation: enabled
              stopped_count=0, restarted_count=0
 full_count=0

Compilation events (20 events):
Event: 1.376 Thread 0x0000016d6c2e7c10 nmethod 1603 0x0000016d17e00e10 code [0x0000016d17e00fa0, 0x0000016d17e013f8]
Event: 1.376 Thread 0x0000016d6c2e7c10 1604       4       java.lang.System::getSecurityManager (12 bytes)
Event: 1.377 Thread 0x0000016d25739e10 nmethod 1186 0x0000016d17debb10 code [0x0000016d17dec2c0, 0x0000016d17dfb748]
Event: 1.378 Thread 0x0000016d6c2e7c10 nmethod 1604 0x0000016d17e01590 code [0x0000016d17e01700, 0x0000016d17e01778]
Event: 1.380 Thread 0x0000016d2573ddc0 1605       3       java.lang.invoke.BoundMethodHandle::rebind (14 bytes)
Event: 1.380 Thread 0x0000016d2573ddc0 nmethod 1605 0x0000016d1059fd90 code [0x0000016d1059ff80, 0x0000016d105a04e8]
Event: 1.380 Thread 0x0000016d2573ddc0 1607       3       sun.nio.fs.WindowsPathParser::nextNonSlash (24 bytes)
Event: 1.380 Thread 0x0000016d2573ddc0 nmethod 1607 0x0000016d105a0710 code [0x0000016d105a0920, 0x0000016d105a1078]
Event: 1.380 Thread 0x0000016d2573ddc0 1609       3       jdk.internal.jimage.ImageStringsReader::unmaskedHashCode (166 bytes)
Event: 1.381 Thread 0x0000016d2573ddc0 nmethod 1609 0x0000016d105a1390 code [0x0000016d105a15e0, 0x0000016d105a21d8]
Event: 1.381 Thread 0x0000016d2573ddc0 1608       3       java.lang.StringBuilder::append (10 bytes)
Event: 1.381 Thread 0x0000016d2573ddc0 nmethod 1608 0x0000016d105a2710 code [0x0000016d105a28a0, 0x0000016d105a29e8]
Event: 1.381 Thread 0x0000016d2573ddc0 1610       1       java.lang.Module::getDescriptor (5 bytes)
Event: 1.381 Thread 0x0000016d2573ddc0 nmethod 1610 0x0000016d17e01890 code [0x0000016d17e01a20, 0x0000016d17e01af8]
Event: 1.381 Thread 0x0000016d2573ddc0 1606       3       java.lang.invoke.BoundMethodHandle::tooComplex (27 bytes)
Event: 1.381 Thread 0x0000016d2573ddc0 nmethod 1606 0x0000016d105a2a90 code [0x0000016d105a2c60, 0x0000016d105a30d8]
Event: 1.383 Thread 0x0000016d2573ddc0 1611 %     3       java.util.Properties$LineReader::readLine @ 224 (584 bytes)
Event: 1.385 Thread 0x0000016d2573ddc0 nmethod 1611% 0x0000016d105a3290 code [0x0000016d105a3680, 0x0000016d105a6658]
Event: 1.385 Thread 0x0000016d6c2e7c10 1613       4       java.lang.AbstractStringBuilder::<init> (39 bytes)
Event: 1.386 Thread 0x0000016d6c2e7c10 nmethod 1613 0x0000016d17e01f90 code [0x0000016d17e02120, 0x0000016d17e02358]

GC Heap History (2 events):
Event: 0.856 GC heap before
{Heap before GC invocations=0 (full 0):
 garbage-first heap   total 96256K, used 22528K [0x00000000a2c00000, 0x0000000100000000)
  region size 1024K, 23 young (23552K), 0 survivors (0K)
 Metaspace       used 5846K, committed 6080K, reserved 1114112K
  class space    used 715K, committed 832K, reserved 1048576K
}
Event: 0.859 GC heap after
{Heap after GC invocations=1 (full 0):
 garbage-first heap   total 96256K, used 3158K [0x00000000a2c00000, 0x0000000100000000)
  region size 1024K, 3 young (3072K), 3 survivors (3072K)
 Metaspace       used 5846K, committed 6080K, reserved 1114112K
  class space    used 715K, committed 832K, reserved 1048576K
}

Deoptimization events (20 events):
Event: 1.349 Thread 0x0000016d6b7db5b0 Uncommon trap: trap_request=0xffffffc6 fr.pc=0x0000016d17dce15c relative=0x000000000000059c
Event: 1.349 Thread 0x0000016d6b7db5b0 Uncommon trap: reason=bimorphic_or_optimized_type_check action=maybe_recompile pc=0x0000016d17dce15c method=java.util.HashMap.getNode(Ljava/lang/Object;)Ljava/util/HashMap$Node; @ 63 c2
Event: 1.349 Thread 0x0000016d6b7db5b0 DEOPT PACKING pc=0x0000016d17dce15c sp=0x00000025f5cfdce0
Event: 1.349 Thread 0x0000016d6b7db5b0 DEOPT UNPACKING pc=0x0000016d178223a3 sp=0x00000025f5cfdbf8 mode 2
Event: 1.349 Thread 0x0000016d6b7db5b0 Uncommon trap: trap_request=0xffffffc6 fr.pc=0x0000016d17dce15c relative=0x000000000000059c
Event: 1.349 Thread 0x0000016d6b7db5b0 Uncommon trap: reason=bimorphic_or_optimized_type_check action=maybe_recompile pc=0x0000016d17dce15c method=java.util.HashMap.getNode(Ljava/lang/Object;)Ljava/util/HashMap$Node; @ 63 c2
Event: 1.349 Thread 0x0000016d6b7db5b0 DEOPT PACKING pc=0x0000016d17dce15c sp=0x00000025f5cfdd60
Event: 1.349 Thread 0x0000016d6b7db5b0 DEOPT UNPACKING pc=0x0000016d178223a3 sp=0x00000025f5cfdc78 mode 2
Event: 1.369 Thread 0x0000016d6b7db5b0 Uncommon trap: trap_request=0xffffffde fr.pc=0x0000016d17ddb2f4 relative=0x0000000000000534
Event: 1.369 Thread 0x0000016d6b7db5b0 Uncommon trap: reason=class_check action=maybe_recompile pc=0x0000016d17ddb2f4 method=java.io.BufferedInputStream.read1([BII)I @ 39 c2
Event: 1.369 Thread 0x0000016d6b7db5b0 DEOPT PACKING pc=0x0000016d17ddb2f4 sp=0x00000025f5cfd920
Event: 1.369 Thread 0x0000016d6b7db5b0 DEOPT UNPACKING pc=0x0000016d178223a3 sp=0x00000025f5cfd8d8 mode 2
Event: 1.383 Thread 0x0000016d6b7db5b0 Uncommon trap: trap_request=0xffffffde fr.pc=0x0000016d17ddb2f4 relative=0x0000000000000534
Event: 1.383 Thread 0x0000016d6b7db5b0 Uncommon trap: reason=class_check action=maybe_recompile pc=0x0000016d17ddb2f4 method=java.io.BufferedInputStream.read1([BII)I @ 39 c2
Event: 1.383 Thread 0x0000016d6b7db5b0 DEOPT PACKING pc=0x0000016d17ddb2f4 sp=0x00000025f5cfc480
Event: 1.383 Thread 0x0000016d6b7db5b0 DEOPT UNPACKING pc=0x0000016d178223a3 sp=0x00000025f5cfc438 mode 2
Event: 1.383 Thread 0x0000016d6b7db5b0 Uncommon trap: trap_request=0xffffffde fr.pc=0x0000016d17ddb2f4 relative=0x0000000000000534
Event: 1.383 Thread 0x0000016d6b7db5b0 Uncommon trap: reason=class_check action=maybe_recompile pc=0x0000016d17ddb2f4 method=java.io.BufferedInputStream.read1([BII)I @ 39 c2
Event: 1.383 Thread 0x0000016d6b7db5b0 DEOPT PACKING pc=0x0000016d17ddb2f4 sp=0x00000025f5cfc480
Event: 1.383 Thread 0x0000016d6b7db5b0 DEOPT UNPACKING pc=0x0000016d178223a3 sp=0x00000025f5cfc438 mode 2

Classes unloaded (0 events):
No events

Classes redefined (0 events):
No events

Internal exceptions (20 events):
Event: 0.165 Thread 0x0000016d089f3cd0 Exception <a 'java/lang/NoSuchMethodError'{0x00000000a84d3fb8}: 'void java.lang.invoke.DirectMethodHandle$Holder.invokeStatic(java.lang.Object, java.lang.Object, java.lang.Object, java.lang.Object)'> (0x00000000a84d3fb8) 
thrown [s\open\src\hotspot\share\interpreter\linkResolver.cpp, line 759]
Event: 0.191 Thread 0x0000016d089f3cd0 Exception <a 'java/lang/NoSuchMethodError'{0x00000000a83d57e0}: 'java.lang.Object java.lang.invoke.DirectMethodHandle$Holder.invokeStaticInit(java.lang.Object)'> (0x00000000a83d57e0) 
thrown [s\open\src\hotspot\share\interpreter\linkResolver.cpp, line 759]
Event: 0.194 Thread 0x0000016d089f3cd0 Exception <a 'java/lang/NoSuchMethodError'{0x00000000a83e3f10}: 'void java.lang.invoke.DirectMethodHandle$Holder.invokeStatic(java.lang.Object, java.lang.Object)'> (0x00000000a83e3f10) 
thrown [s\open\src\hotspot\share\interpreter\linkResolver.cpp, line 759]
Event: 0.575 Thread 0x0000016d089f3cd0 Exception <a 'java/lang/NoSuchMethodError'{0x00000000a7dd6448}: 'void java.lang.invoke.DirectMethodHandle$Holder.invokeSpecial(java.lang.Object, java.lang.Object, java.lang.Object)'> (0x00000000a7dd6448) 
thrown [s\open\src\hotspot\share\interpreter\linkResolver.cpp, line 759]
Event: 0.588 Thread 0x0000016d089f3cd0 Exception <a 'java/lang/NoSuchMethodError'{0x00000000a7c0f210}: 'void java.lang.invoke.DirectMethodHandle$Holder.invokeStatic(java.lang.Object, java.lang.Object, java.lang.Object)'> (0x00000000a7c0f210) 
thrown [s\open\src\hotspot\share\interpreter\linkResolver.cpp, line 759]
Event: 0.644 Thread 0x0000016d089f3cd0 Exception <a 'java/lang/NoSuchMethodError'{0x00000000a7c2bd80}: 'int java.lang.invoke.DirectMethodHandle$Holder.invokeStaticInit(java.lang.Object, java.lang.Object, java.lang.Object)'> (0x00000000a7c2bd80) 
thrown [s\open\src\hotspot\share\interpreter\linkResolver.cpp, line 759]
Event: 0.666 Thread 0x0000016d089f3cd0 Exception <a 'java/lang/NoSuchMethodError'{0x00000000a7b5fcb8}: 'java.lang.Object java.lang.invoke.DirectMethodHandle$Holder.newInvokeSpecial(java.lang.Object, java.lang.Object, int, java.lang.Object)'> (0x00000000a7b5fcb8) 
thrown [s\open\src\hotspot\share\interpreter\linkResolver.cpp, line 759]
Event: 0.667 Thread 0x0000016d089f3cd0 Exception <a 'java/lang/NoSuchMethodError'{0x00000000a7b64098}: 'java.lang.Object java.lang.invoke.DirectMethodHandle$Holder.invokeSpecial(java.lang.Object, java.lang.Object, java.lang.Object, int, java.lang.Object)'> (0x00000000a7b64098) 
thrown [s\open\src\hotspot\share\interpreter\linkResolver.cpp, line 759]
Event: 0.768 Thread 0x0000016d6b7db5b0 Exception <a 'java/lang/NoSuchMethodError'{0x00000000a7887458}: 'void java.lang.invoke.DirectMethodHandle$Holder.invokeStaticInit(java.lang.Object)'> (0x00000000a7887458) 
thrown [s\open\src\hotspot\share\interpreter\linkResolver.cpp, line 759]
Event: 0.770 Thread 0x0000016d089f3cd0 Exception <a 'java/lang/NoSuchMethodError'{0x00000000a78f0fb0}: 'java.lang.Object java.lang.invoke.DirectMethodHandle$Holder.newInvokeSpecial(java.lang.Object, java.lang.Object, java.lang.Object, java.lang.Object, java.lang.Object, java.lang.Object)'> (0x00000000a78f0fb0) 
thrown [s\open\src\hotspot\share\interpreter\linkResolver.cpp, line 759]
Event: 0.790 Thread 0x0000016d089f3cd0 Exception <a 'java/lang/NoSuchMethodError'{0x00000000a7722ab0}: 'java.lang.Object java.lang.invoke.DirectMethodHandle$Holder.newInvokeSpecial(java.lang.Object, java.lang.Object, java.lang.Object, java.lang.Object, java.lang.Object)'> (0x00000000a7722ab0) 
thrown [s\open\src\hotspot\share\interpreter\linkResolver.cpp, line 759]
Event: 0.844 Thread 0x0000016d6b7db5b0 Exception <a 'sun/nio/fs/WindowsException'{0x00000000a73b1e28}> (0x00000000a73b1e28) 
thrown [s\open\src\hotspot\share\prims\jni.cpp, line 516]
Event: 0.892 Thread 0x0000016d6b7db5b0 Exception <a 'java/lang/NoSuchMethodError'{0x00000000a86dd900}: 'java.lang.Object java.lang.invoke.DirectMethodHandle$Holder.invokeStaticInit(java.lang.Object, java.lang.Object, java.lang.Object, java.lang.Object)'> (0x00000000a86dd900) 
thrown [s\open\src\hotspot\share\interpreter\linkResolver.cpp, line 759]
Event: 0.893 Thread 0x0000016d6b7db5b0 Exception <a 'java/lang/NullPointerException'{0x00000000a86e9870}> (0x00000000a86e9870) 
thrown [s\open\src\hotspot\share\interpreter\linkResolver.cpp, line 1350]
Event: 0.923 Thread 0x0000016d6b7db5b0 Exception <a 'java/lang/ClassNotFoundException'{0x00000000a8323be0}: com/sun/glass/ui/win/themes> (0x00000000a8323be0) 
thrown [s\open\src\hotspot\share\prims\jni.cpp, line 535]
Event: 0.925 Thread 0x0000016d6b7db5b0 Exception <a 'java/lang/ClassNotFoundException'{0x00000000a832fe90}: com/sun/glass/ui/win/themes_es> (0x00000000a832fe90) 
thrown [s\open\src\hotspot\share\prims\jni.cpp, line 535]
Event: 0.925 Thread 0x0000016d6b7db5b0 Exception <a 'java/lang/ClassNotFoundException'{0x00000000a8337ef0}: com/sun/glass/ui/win/themes_es_CO> (0x00000000a8337ef0) 
thrown [s\open\src\hotspot\share\prims\jni.cpp, line 535]
Event: 0.990 Thread 0x0000016d6b7db5b0 Exception <a 'java/lang/NoSuchMethodError'{0x00000000a7e513e0}: 'void java.lang.invoke.DirectMethodHandle$Holder.invokeStaticInit(java.lang.Object, java.lang.Object)'> (0x00000000a7e513e0) 
thrown [s\open\src\hotspot\share\interpreter\linkResolver.cpp, line 759]
Event: 1.348 Thread 0x0000016d6b7db5b0 Exception <a 'java/lang/NoSuchMethodError'{0x00000000a75c9f90}: 'void java.lang.invoke.DirectMethodHandle$Holder.invokeSpecial(java.lang.Object, java.lang.Object, java.lang.Object, java.lang.Object, java.lang.Object, java.lang.Object)'> (0x00000000a75c9f90) 
thrown [s\open\src\hotspot\share\interpreter\linkResolver.cpp, line 759]
Event: 1.380 Thread 0x0000016d6b7db5b0 Exception <a 'sun/nio/fs/WindowsException'{0x00000000a73613b0}> (0x00000000a73613b0) 
thrown [s\open\src\hotspot\share\prims\jni.cpp, line 516]

VM Operations (18 events):
Event: 0.100 Executing VM operation: HandshakeAllThreads
Event: 0.100 Executing VM operation: HandshakeAllThreads done
Event: 0.161 Executing VM operation: HandshakeAllThreads
Event: 0.162 Executing VM operation: HandshakeAllThreads done
Event: 0.655 Executing VM operation: HandshakeAllThreads
Event: 0.655 Executing VM operation: HandshakeAllThreads done
Event: 0.827 Executing VM operation: ICBufferFull
Event: 0.827 Executing VM operation: ICBufferFull done
Event: 0.856 Executing VM operation: G1CollectForAllocation
Event: 0.859 Executing VM operation: G1CollectForAllocation done
Event: 0.948 Executing VM operation: HandshakeAllThreads
Event: 0.948 Executing VM operation: HandshakeAllThreads done
Event: 1.282 Executing VM operation: ICBufferFull
Event: 1.282 Executing VM operation: ICBufferFull done
Event: 1.327 Executing VM operation: HandshakeAllThreads
Event: 1.327 Executing VM operation: HandshakeAllThreads done
Event: 1.347 Executing VM operation: HandshakeAllThreads
Event: 1.347 Executing VM operation: HandshakeAllThreads done

Events (20 events):
Event: 1.371 Thread 0x0000016d6c9ef710 Thread added: 0x0000016d6c9ef710
Event: 1.375 Loaded shared library C:\Users\ISAIAS\.jssc\windows\jSSC-2.8_x86_64.dll
Event: 1.379 loading class jdk/internal/logger/LazyLoggers
Event: 1.379 loading class jdk/internal/logger/LazyLoggers done
Event: 1.379 loading class jdk/internal/logger/LazyLoggers$1
Event: 1.379 loading class jdk/internal/logger/LazyLoggers$1 done
Event: 1.379 loading class jdk/internal/logger/LazyLoggers$LazyLoggerFactories
Event: 1.379 loading class jdk/internal/logger/LazyLoggers$LazyLoggerFactories done
Event: 1.380 loading class jdk/internal/logger/LoggerFinderLoader
Event: 1.380 loading class jdk/internal/logger/LoggerFinderLoader done
Event: 1.380 loading class java/io/FilePermission$1
Event: 1.380 loading class jdk/internal/access/JavaIOFilePermissionAccess
Event: 1.380 loading class jdk/internal/access/JavaIOFilePermissionAccess done
Event: 1.380 loading class java/io/FilePermission$1 done
Event: 1.381 loading class jdk/internal/logger/LoggerFinderLoader$TemporaryLoggerFinder
Event: 1.381 loading class jdk/internal/logger/LoggerFinderLoader$TemporaryLoggerFinder done
Event: 1.384 loading class sun/util/logging/internal/LoggingProviderImpl$JULWrapper
Event: 1.384 loading class sun/util/logging/PlatformLogger$ConfigurableBridge$LoggerConfiguration
Event: 1.384 loading class sun/util/logging/PlatformLogger$ConfigurableBridge$LoggerConfiguration done
Event: 1.384 loading class sun/util/logging/internal/LoggingProviderImpl$JULWrapper done


Dynamic libraries:
0x00007ff6e4590000 - 0x00007ff6e45a0000 	C:\Program Files\Java\jdk-17\bin\java.exe
0x00007ffa7b2b0000 - 0x00007ffa7b4c6000 	C:\Windows\SYSTEM32\ntdll.dll
0x00007ffa7a6e0000 - 0x00007ffa7a7a4000 	C:\Windows\System32\KERNEL32.DLL
0x00007ffa78640000 - 0x00007ffa789e7000 	C:\Windows\System32\KERNELBASE.dll
0x00007ffa78ec0000 - 0x00007ffa78fd1000 	C:\Windows\System32\ucrtbase.dll
0x00007ffa622f0000 - 0x00007ffa6230b000 	C:\Program Files\Java\jdk-17\bin\VCRUNTIME140.dll
0x00007ffa51d20000 - 0x00007ffa51d39000 	C:\Program Files\Java\jdk-17\bin\jli.dll
0x00007ffa7a7b0000 - 0x00007ffa7a862000 	C:\Windows\System32\ADVAPI32.dll
0x00007ffa797a0000 - 0x00007ffa79847000 	C:\Windows\System32\msvcrt.dll
0x00007ffa79a10000 - 0x00007ffa79ab8000 	C:\Windows\System32\sechost.dll
0x00007ffa78d50000 - 0x00007ffa78d78000 	C:\Windows\System32\bcrypt.dll
0x00007ffa7b150000 - 0x00007ffa7b265000 	C:\Windows\System32\RPCRT4.dll
0x00007ffa7a370000 - 0x00007ffa7a51e000 	C:\Windows\System32\USER32.dll
0x00007ffa78b60000 - 0x00007ffa78b86000 	C:\Windows\System32\win32u.dll
0x00007ffa65830000 - 0x00007ffa65ac3000 	C:\Windows\WinSxS\amd64_microsoft.windows.common-controls_6595b64144ccf1df_6.0.22621.3235_none_270f74e173860f98\COMCTL32.dll
0x00007ffa7a340000 - 0x00007ffa7a369000 	C:\Windows\System32\GDI32.dll
0x00007ffa78b90000 - 0x00007ffa78ca9000 	C:\Windows\System32\gdi32full.dll
0x00007ffa78cb0000 - 0x00007ffa78d4a000 	C:\Windows\System32\msvcp_win.dll
0x00007ffa71ca0000 - 0x00007ffa71caa000 	C:\Windows\SYSTEM32\VERSION.dll
0x00007ffa7a040000 - 0x00007ffa7a071000 	C:\Windows\System32\IMM32.DLL
0x00007ffa73270000 - 0x00007ffa7327c000 	C:\Program Files\Java\jdk-17\bin\vcruntime140_1.dll
0x00007ffa4de40000 - 0x00007ffa4dece000 	C:\Program Files\Java\jdk-17\bin\msvcp140.dll
0x00007ffa01dc0000 - 0x00007ffa0299f000 	C:\Program Files\Java\jdk-17\bin\server\jvm.dll
0x00007ffa7a080000 - 0x00007ffa7a088000 	C:\Windows\System32\PSAPI.DLL
0x00007ffa75e40000 - 0x00007ffa75e74000 	C:\Windows\SYSTEM32\WINMM.dll
0x00007ffa5b620000 - 0x00007ffa5b629000 	C:\Windows\SYSTEM32\WSOCK32.dll
0x00007ffa7b0d0000 - 0x00007ffa7b141000 	C:\Windows\System32\WS2_32.dll
0x00007ffa77650000 - 0x00007ffa77668000 	C:\Windows\SYSTEM32\kernel.appcore.dll
0x00007ffa6f7f0000 - 0x00007ffa6f7fa000 	C:\Program Files\Java\jdk-17\bin\jimage.dll
0x00007ffa75c00000 - 0x00007ffa75e33000 	C:\Windows\SYSTEM32\DBGHELP.DLL
0x00007ffa79050000 - 0x00007ffa793d8000 	C:\Windows\System32\combase.dll
0x00007ffa7a250000 - 0x00007ffa7a327000 	C:\Windows\System32\OLEAUT32.dll
0x00007ffa75b70000 - 0x00007ffa75ba2000 	C:\Windows\SYSTEM32\dbgcore.DLL
0x00007ffa78d80000 - 0x00007ffa78df9000 	C:\Windows\System32\bcryptPrimitives.dll
0x00007ffa517d0000 - 0x00007ffa517f5000 	C:\Program Files\Java\jdk-17\bin\java.dll
0x00007ffa332e0000 - 0x00007ffa333b7000 	C:\Program Files\Java\jdk-17\bin\jsvml.dll
0x00007ffa7a870000 - 0x00007ffa7b0cc000 	C:\Windows\System32\SHELL32.dll
0x00007ffa764e0000 - 0x00007ffa76dd9000 	C:\Windows\SYSTEM32\windows.storage.dll
0x00007ffa763a0000 - 0x00007ffa764de000 	C:\Windows\SYSTEM32\wintypes.dll
0x00007ffa79610000 - 0x00007ffa79703000 	C:\Windows\System32\SHCORE.dll
0x00007ffa79fe0000 - 0x00007ffa7a03e000 	C:\Windows\System32\shlwapi.dll
0x00007ffa78500000 - 0x00007ffa78521000 	C:\Windows\SYSTEM32\profapi.dll
0x00007ffa51790000 - 0x00007ffa517a9000 	C:\Program Files\Java\jdk-17\bin\net.dll
0x00007ffa71ce0000 - 0x00007ffa71e16000 	C:\Windows\SYSTEM32\WINHTTP.dll
0x00007ffa77ad0000 - 0x00007ffa77b39000 	C:\Windows\system32\mswsock.dll
0x00007ffa4e3e0000 - 0x00007ffa4e3f6000 	C:\Program Files\Java\jdk-17\bin\nio.dll
0x00007ffa517b0000 - 0x00007ffa517c8000 	C:\Program Files\Java\jdk-17\bin\zip.dll
0x0000016d25d10000 - 0x0000016d25d13000 	C:\Users\ISAIAS\.openjfx\cache\17.0.11\api-ms-win-core-console-l1-1-0.dll
0x0000016d25d20000 - 0x0000016d25d23000 	C:\Users\ISAIAS\.openjfx\cache\17.0.11\api-ms-win-core-console-l1-2-0.dll
0x0000016d25d30000 - 0x0000016d25d33000 	C:\Users\ISAIAS\.openjfx\cache\17.0.11\api-ms-win-core-datetime-l1-1-0.dll
0x0000016d25d40000 - 0x0000016d25d43000 	C:\Users\ISAIAS\.openjfx\cache\17.0.11\api-ms-win-core-debug-l1-1-0.dll
0x0000016d25d50000 - 0x0000016d25d53000 	C:\Users\ISAIAS\.openjfx\cache\17.0.11\api-ms-win-core-errorhandling-l1-1-0.dll
0x0000016d25d60000 - 0x0000016d25d64000 	C:\Users\ISAIAS\.openjfx\cache\17.0.11\api-ms-win-core-file-l1-1-0.dll
0x0000016d25d70000 - 0x0000016d25d73000 	C:\Users\ISAIAS\.openjfx\cache\17.0.11\api-ms-win-core-file-l1-2-0.dll
0x0000016d25d80000 - 0x0000016d25d83000 	C:\Users\ISAIAS\.openjfx\cache\17.0.11\api-ms-win-core-file-l2-1-0.dll
0x0000016d25d90000 - 0x0000016d25d93000 	C:\Users\ISAIAS\.openjfx\cache\17.0.11\api-ms-win-core-handle-l1-1-0.dll
0x0000016d25da0000 - 0x0000016d25da3000 	C:\Users\ISAIAS\.openjfx\cache\17.0.11\api-ms-win-core-heap-l1-1-0.dll
0x0000016d25db0000 - 0x0000016d25db3000 	C:\Users\ISAIAS\.openjfx\cache\17.0.11\api-ms-win-core-interlocked-l1-1-0.dll
0x0000016d25dc0000 - 0x0000016d25dc3000 	C:\Users\ISAIAS\.openjfx\cache\17.0.11\api-ms-win-core-libraryloader-l1-1-0.dll
0x0000016d25dd0000 - 0x0000016d25dd3000 	C:\Users\ISAIAS\.openjfx\cache\17.0.11\api-ms-win-core-localization-l1-2-0.dll
0x0000016d25de0000 - 0x0000016d25de3000 	C:\Users\ISAIAS\.openjfx\cache\17.0.11\api-ms-win-core-memory-l1-1-0.dll
0x0000016d25df0000 - 0x0000016d25df3000 	C:\Users\ISAIAS\.openjfx\cache\17.0.11\api-ms-win-core-namedpipe-l1-1-0.dll
0x0000016d25e00000 - 0x0000016d25e03000 	C:\Users\ISAIAS\.openjfx\cache\17.0.11\api-ms-win-core-processenvironment-l1-1-0.dll
0x0000016d25e10000 - 0x0000016d25e13000 	C:\Users\ISAIAS\.openjfx\cache\17.0.11\api-ms-win-core-processthreads-l1-1-0.dll
0x0000016d25e20000 - 0x0000016d25e23000 	C:\Users\ISAIAS\.openjfx\cache\17.0.11\api-ms-win-core-processthreads-l1-1-1.dll
0x0000016d25e30000 - 0x0000016d25e33000 	C:\Users\ISAIAS\.openjfx\cache\17.0.11\api-ms-win-core-profile-l1-1-0.dll
0x0000016d25e40000 - 0x0000016d25e43000 	C:\Users\ISAIAS\.openjfx\cache\17.0.11\api-ms-win-core-rtlsupport-l1-1-0.dll
0x0000016d25e50000 - 0x0000016d25e53000 	C:\Users\ISAIAS\.openjfx\cache\17.0.11\api-ms-win-core-string-l1-1-0.dll
0x0000016d25e60000 - 0x0000016d25e63000 	C:\Users\ISAIAS\.openjfx\cache\17.0.11\api-ms-win-core-synch-l1-1-0.dll
0x0000016d25e70000 - 0x0000016d25e73000 	C:\Users\ISAIAS\.openjfx\cache\17.0.11\api-ms-win-core-synch-l1-2-0.dll
0x0000016d25e80000 - 0x0000016d25e83000 	C:\Users\ISAIAS\.openjfx\cache\17.0.11\api-ms-win-core-sysinfo-l1-1-0.dll
0x0000016d25e90000 - 0x0000016d25e93000 	C:\Users\ISAIAS\.openjfx\cache\17.0.11\api-ms-win-core-timezone-l1-1-0.dll
0x0000016d25ea0000 - 0x0000016d25ea3000 	C:\Users\ISAIAS\.openjfx\cache\17.0.11\api-ms-win-core-util-l1-1-0.dll
0x0000016d25eb0000 - 0x0000016d25eb3000 	C:\Users\ISAIAS\.openjfx\cache\17.0.11\api-ms-win-crt-conio-l1-1-0.dll
0x0000016d25ec0000 - 0x0000016d25ec4000 	C:\Users\ISAIAS\.openjfx\cache\17.0.11\api-ms-win-crt-convert-l1-1-0.dll
0x0000016d25ed0000 - 0x0000016d25ed3000 	C:\Users\ISAIAS\.openjfx\cache\17.0.11\api-ms-win-crt-environment-l1-1-0.dll
0x0000016d25ee0000 - 0x0000016d25ee3000 	C:\Users\ISAIAS\.openjfx\cache\17.0.11\api-ms-win-crt-filesystem-l1-1-0.dll
0x0000016d25ef0000 - 0x0000016d25ef3000 	C:\Users\ISAIAS\.openjfx\cache\17.0.11\api-ms-win-crt-heap-l1-1-0.dll
0x0000016d25f00000 - 0x0000016d25f03000 	C:\Users\ISAIAS\.openjfx\cache\17.0.11\api-ms-win-crt-locale-l1-1-0.dll
0x0000016d25f10000 - 0x0000016d25f15000 	C:\Users\ISAIAS\.openjfx\cache\17.0.11\api-ms-win-crt-math-l1-1-0.dll
0x0000016d25f20000 - 0x0000016d25f25000 	C:\Users\ISAIAS\.openjfx\cache\17.0.11\api-ms-win-crt-multibyte-l1-1-0.dll
0x0000016d25f30000 - 0x0000016d25f40000 	C:\Users\ISAIAS\.openjfx\cache\17.0.11\api-ms-win-crt-private-l1-1-0.dll
0x0000016d25f40000 - 0x0000016d25f43000 	C:\Users\ISAIAS\.openjfx\cache\17.0.11\api-ms-win-crt-process-l1-1-0.dll
0x0000016d25f50000 - 0x0000016d25f54000 	C:\Users\ISAIAS\.openjfx\cache\17.0.11\api-ms-win-crt-runtime-l1-1-0.dll
0x0000016d25f60000 - 0x0000016d25f64000 	C:\Users\ISAIAS\.openjfx\cache\17.0.11\api-ms-win-crt-stdio-l1-1-0.dll
0x0000016d25f70000 - 0x0000016d25f74000 	C:\Users\ISAIAS\.openjfx\cache\17.0.11\api-ms-win-crt-string-l1-1-0.dll
0x0000016d25f80000 - 0x0000016d25f83000 	C:\Users\ISAIAS\.openjfx\cache\17.0.11\api-ms-win-crt-time-l1-1-0.dll
0x0000016d25f90000 - 0x0000016d25f93000 	C:\Users\ISAIAS\.openjfx\cache\17.0.11\api-ms-win-crt-utility-l1-1-0.dll
0x00007ffa1f530000 - 0x00007ffa1f62c000 	C:\Users\ISAIAS\.openjfx\cache\17.0.11\ucrtbase.dll
0x00007ffa63360000 - 0x00007ffa6337b000 	C:\Users\ISAIAS\.openjfx\cache\17.0.11\vcruntime140.dll
0x00007ffa63ae0000 - 0x00007ffa63aec000 	C:\Users\ISAIAS\.openjfx\cache\17.0.11\vcruntime140_1.dll
0x00007ffa23630000 - 0x00007ffa236be000 	C:\Users\ISAIAS\.openjfx\cache\17.0.11\msvcp140.dll
0x00007ffa7a0a0000 - 0x00007ffa7a245000 	C:\Windows\System32\ole32.dll
0x00007ffa62f80000 - 0x00007ffa62f89000 	C:\Users\ISAIAS\.openjfx\cache\17.0.11\msvcp140_1.dll
0x00007ffa5fa50000 - 0x00007ffa5fa7f000 	C:\Users\ISAIAS\.openjfx\cache\17.0.11\msvcp140_2.dll
0x00007ffa51880000 - 0x00007ffa518aa000 	C:\Users\ISAIAS\.openjfx\cache\17.0.11\prism_d3d.dll
0x00007ffa02a40000 - 0x00007ffa02be9000 	C:\Windows\system32\d3d9.dll
0x00007ffa75680000 - 0x00007ffa756ab000 	C:\Windows\SYSTEM32\dwmapi.dll
0x00007ffa75500000 - 0x00007ffa75539000 	C:\Windows\SYSTEM32\dxcore.dll
0x00007ffa753f0000 - 0x00007ffa7549b000 	C:\Windows\system32\uxtheme.dll
0x00007ffa6df00000 - 0x00007ffa6e0bb000 	C:\Windows\System32\DriverStore\FileRepository\u0389834.inf_amd64_ec71e2f28388c974\B389503\aticfx64.dll
0x00007ff9d4620000 - 0x00007ff9d63f1000 	C:\Windows\System32\DriverStore\FileRepository\u0389834.inf_amd64_ec71e2f28388c974\B389503\amdxn64.dll
0x00007ffa79b20000 - 0x00007ffa79f94000 	C:\Windows\System32\SETUPAPI.dll
0x00007ffa75550000 - 0x00007ffa75648000 	C:\Windows\SYSTEM32\dxgi.dll
0x00007ffa6dc20000 - 0x00007ffa6dc55000 	C:\Windows\SYSTEM32\amdihk64.dll
0x00007ffa71be0000 - 0x00007ffa71c2a000 	C:\Windows\SYSTEM32\directxdatabasehelper.dll
0x00007ffa3e5c0000 - 0x00007ffa3e602000 	C:\Users\ISAIAS\.openjfx\cache\17.0.11\glass.dll
0x00007ffa79510000 - 0x00007ffa79609000 	C:\Windows\System32\COMDLG32.dll
0x00007ffa798b0000 - 0x00007ffa79a03000 	C:\Windows\System32\MSCTF.dll
0x00007ffa51860000 - 0x00007ffa51875000 	C:\Users\ISAIAS\.openjfx\cache\17.0.11\javafx_font.dll
0x00007ffa73b60000 - 0x00007ffa73dd4000 	C:\Windows\SYSTEM32\dwrite.dll
0x0000000071100000 - 0x0000000071125000 	C:\Users\ISAIAS\.jssc\windows\jSSC-2.8_x86_64.dll

dbghelp: loaded successfully - version: 4.0.5 - missing functions: none
symbol engine: initialized successfully - sym options: 0x614 - pdb path: .;C:\Program Files\Java\jdk-17\bin;C:\Windows\SYSTEM32;C:\Windows\WinSxS\amd64_microsoft.windows.common-controls_6595b64144ccf1df_6.0.22621.3235_none_270f74e173860f98;C:\Program Files\Java\jdk-17\bin\server;C:\Users\ISAIAS\.openjfx\cache\17.0.11;C:\Windows\System32\DriverStore\FileRepository\u0389834.inf_amd64_ec71e2f28388c974\B389503;C:\Users\ISAIAS\.jssc\windows

VM Arguments:
jvm_args: -XX:+ShowCodeDetailsInExceptionMessages --module-path=C:\Users\ISAIAS\Documents\U\2024 - 1\PROYECTO - Trotamontañas\Interfaz HMI\HexaView versions\v1.0\beta\target\classes;C:\Users\ISAIAS\.m2\repository\com\github\PanamaHitek\PanamaHitek_Arduino\2.8.2\PanamaHitek_Arduino-2.8.2.jar;C:\Users\ISAIAS\.m2\repository\org\openjfx\javafx-controls\17.0.11\javafx-controls-17.0.11-win.jar;C:\Users\ISAIAS\.m2\repository\org\openjfx\javafx-graphics\17.0.11\javafx-graphics-17.0.11-win.jar;C:\Users\ISAIAS\.m2\repository\org\openjfx\javafx-base\17.0.11\javafx-base-17.0.11-win.jar;C:\Users\ISAIAS\.m2\repository\org\openjfx\javafx-fxml\17.0.11\javafx-fxml-17.0.11-win.jar -Djdk.module.main=com.hexaview 
java_command: com.hexaview/com.hexaview.App
java_class_path (initial): C:\Users\ISAIAS\.m2\repository\org\apache\poi\poi\3.15\poi-3.15.jar;C:\Users\ISAIAS\.m2\repository\commons-codec\commons-codec\1.10\commons-codec-1.10.jar;C:\Users\ISAIAS\.m2\repository\org\apache\commons\commons-collections4\4.1\commons-collections4-4.1.jar;C:\Users\ISAIAS\.m2\repository\org\openjfx\javafx-controls\17.0.11\javafx-controls-17.0.11.jar;C:\Users\ISAIAS\.m2\repository\org\openjfx\javafx-graphics\17.0.11\javafx-graphics-17.0.11.jar;C:\Users\ISAIAS\.m2\repository\org\openjfx\javafx-base\17.0.11\javafx-base-17.0.11.jar;C:\Users\ISAIAS\.m2\repository\org\openjfx\javafx-fxml\17.0.11\javafx-fxml-17.0.11.jar
Launcher Type: SUN_STANDARD

[Global flags]
     intx CICompilerCount                          = 4                                         {product} {ergonomic}
     uint ConcGCThreads                            = 2                                         {product} {ergonomic}
     uint G1ConcRefinementThreads                  = 8                                         {product} {ergonomic}
   size_t G1HeapRegionSize                         = 1048576                                   {product} {ergonomic}
    uintx GCDrainStackTargetSize                   = 64                                        {product} {ergonomic}
   size_t InitialHeapSize                          = 98566144                                  {product} {ergonomic}
   size_t MarkStackSize                            = 4194304                                   {product} {ergonomic}
   size_t MaxHeapSize                              = 1564475392                                {product} {ergonomic}
   size_t MaxNewSize                               = 938475520                                 {product} {ergonomic}
   size_t MinHeapDeltaBytes                        = 1048576                                   {product} {ergonomic}
   size_t MinHeapSize                              = 8388608                                   {product} {ergonomic}
    uintx NonNMethodCodeHeapSize                   = 5839372                                {pd product} {ergonomic}
    uintx NonProfiledCodeHeapSize                  = 122909434                              {pd product} {ergonomic}
    uintx ProfiledCodeHeapSize                     = 122909434                              {pd product} {ergonomic}
    uintx ReservedCodeCacheSize                    = 251658240                              {pd product} {ergonomic}
     bool SegmentedCodeCache                       = true                                      {product} {ergonomic}
     bool ShowCodeDetailsInExceptionMessages       = true                                   {manageable} {command line}
   size_t SoftMaxHeapSize                          = 1564475392                             {manageable} {ergonomic}
     bool UseCompressedClassPointers               = true                           {product lp64_product} {ergonomic}
     bool UseCompressedOops                        = true                           {product lp64_product} {ergonomic}
     bool UseG1GC                                  = true                                      {product} {ergonomic}
     bool UseLargePagesIndividualAllocation        = false                                  {pd product} {ergonomic}

Logging:
Log output configuration:
 #0: stdout all=warning uptime,level,tags
 #1: stderr all=off uptime,level,tags

Environment Variables:
JAVA_HOME=C:\Program Files (x86)\graalvm-jdk-21.0.2+13.1
PATH=C:\Program Files\Common Files\Oracle\Java\javapath;C:\Program Files (x86)\graalvm-jdk-21.0.2+13.1\bin;C:\Program Files (x86)\Common Files\Oracle\Java\javapath;C:\Windows\system32;C:\Windows;C:\Windows\System32\Wbem;C:\Windows\System32\WindowsPowerShell\v1.0\;C:\Windows\System32\OpenSSH\;C:\Program Files\dotnet\;C:\Program Files (x86)\IVI Foundation\VISA\WinNT\Bin\;C:\Program Files\IVI Foundation\VISA\Win64\Bin\;C:\Program Files (x86)\IVI Foundation\IVI\Bin\;C:\Program Files\IVI Foundation\IVI\Bin\;C:\Program Files (x86)\IVI Foundation\VISA\WinNT\Bin;C:\Program Files (x86)\National Instruments\Shared\LabVIEW CLI;C:\Program Files\MATLAB\R2020a\runtime\win64;C:\Program Files\MATLAB\R2020a\bin;C:\Program Files\MATLAB\R2020a\polyspace\bin;C:\Program Files\MATLAB\R2024a\runtime\win64;C:\Program Files\MATLAB\R2024a\bin;C:\Users\ISAIAS\AppData\Local\Microsoft\WindowsApps;C:\Users\ISAIAS\AppData\Local\Programs\Microsoft VS Code\bin;C:\Users\ISAIAS\AppData\Local\Microsoft\WindowsApps;;C:\Users\ISAIAS\AppData\Local\Programs\Microsoft VS Code\bin
USERNAME=ISAIAS
LANG=en_US.UTF-8
OS=Windows_NT
PROCESSOR_IDENTIFIER=AMD64 Family 23 Model 160 Stepping 0, AuthenticAMD



---------------  S Y S T E M  ---------------

OS:
 Windows 11 , 64 bit Build 22621 (10.0.22621.3374)
OS uptime: 0 days 9:16 hours
Hyper-V role detected

CPU: total 8 (initial active 8) (8 cores per cpu, 2 threads per core) family 23 model 160 stepping 0 microcode 0x0, cx8, cmov, fxsr, ht, mmx, 3dnowpref, sse, sse2, sse3, ssse3, sse4a, sse4.1, sse4.2, popcnt, lzcnt, tsc, tscinvbit, avx, avx2, aes, clmul, bmi1, bmi2, adx, sha, fma, vzeroupper, clflush, clflushopt, hv

Memory: 4k page, system-wide physical 5965M (483M free)
TotalPageFile size 20301M (AvailPageFile size 4127M)
current process WorkingSet (physical memory assigned to process): 164M, peak: 164M
current process commit charge ("private bytes"): 281M, peak: 283M

vm_info: Java HotSpot(TM) 64-Bit Server VM (17.0.10+11-LTS-240) for windows-amd64 JRE (17.0.10+11-LTS-240), built on Dec 19 2023 21:47:25 by "mach5one" with MS VC++ 17.1 (VS2022)

END.
