#
# A fatal error has been detected by the Java Runtime Environment:
#
#  EXCEPTION_ACCESS_VIOLATION (0xc0000005) at pc=0x000000007110b5db, pid=6632, tid=10860
#
# JRE version: Java(TM) SE Runtime Environment (17.0.10+11) (build 17.0.10+11-LTS-240)
# Java VM: Java HotSpot(TM) 64-Bit Server VM (17.0.10+11-LTS-240, mixed mode, sharing, tiered, compressed oops, compressed class ptrs, g1 gc, windows-amd64)
# Problematic frame:
# C  [jSSC-2.8_x86_64.dll+0xb5db]
#
# No core dump will be written. Minidumps are not enabled by default on client versions of Windows
#
# If you would like to submit a bug report, please visit:
#   https://bugreport.java.com/bugreport/crash.jsp
# The crash happened outside the Java Virtual Machine in native code.
# See problematic frame for where to report the bug.
#

---------------  S U M M A R Y ------------

Command Line: -XX:+ShowCodeDetailsInExceptionMessages --module-path=C:\Users\ISAIAS\Documents\U\2024 - 1\PROYECTO - Trotamontañas\Interfaz HMI\HexaView versions\v1.0\beta\target\classes;C:\Users\ISAIAS\.m2\repository\com\github\PanamaHitek\PanamaHitek_Arduino\2.8.2\PanamaHitek_Arduino-2.8.2.jar;C:\Users\ISAIAS\.m2\repository\org\openjfx\javafx-controls\17.0.11\javafx-controls-17.0.11-win.jar;C:\Users\ISAIAS\.m2\repository\org\openjfx\javafx-graphics\17.0.11\javafx-graphics-17.0.11-win.jar;C:\Users\ISAIAS\.m2\repository\org\openjfx\javafx-base\17.0.11\javafx-base-17.0.11-win.jar;C:\Users\ISAIAS\.m2\repository\org\openjfx\javafx-fxml\17.0.11\javafx-fxml-17.0.11-win.jar -Djdk.module.main=com.hexaview com.hexaview/com.hexaview.App

Host: AMD Ryzen 5 7520U with Radeon Graphics         , 8 cores, 5G,  Windows 11 , 64 bit Build 22621 (10.0.22621.3374)
Time: Sat May 11 02:05:44 2024 Hora est. Pacífico, Sudamérica elapsed time: 2.689629 seconds (0d 0h 0m 2s)

---------------  T H R E A D  ---------------

Current thread (0x000002f5476095b0):  JavaThread "Thread-3" daemon [_thread_in_native, id=10860, stack(0x000000fc92400000,0x000000fc92500000)]

Stack: [0x000000fc92400000,0x000000fc92500000],  sp=0x000000fc924ff000,  free space=1020k
Native frames: (J=compiled Java code, j=interpreted, Vv=VM code, C=native code)
C  [jSSC-2.8_x86_64.dll+0xb5db]

Java frames: (J=compiled Java code, j=interpreted, Vv=VM code)
j  jssc.SerialNativeInterface.openPort(Ljava/lang/String;Z)J+0 PanamaHitek.Arduino@2.8.2
j  jssc.SerialPort.openPort()Z+65 PanamaHitek.Arduino@2.8.2
j  com.panamahitek.PanamaHitek_Arduino.arduinoRX(Ljava/lang/String;ILjssc/SerialPortEventListener;)V+58 PanamaHitek.Arduino@2.8.2
j  com.hexaview.App.lambda$0()V+13 com.hexaview
j  com.hexaview.App$$Lambda$660+0x000002f5012a7bb0.run()V+4 com.hexaview
j  java.lang.Thread.run()V+11 java.base@17.0.10
v  ~StubRoutines::call_stub

siginfo: EXCEPTION_ACCESS_VIOLATION (0xc0000005), reading address 0x000000007e66f2f5


Registers:
RAX=0x000000007e66f2f5, RBX=0x000000fc924ff070, RCX=0x00007ffa7b34f544, RDX=0x0000000000000000
RSP=0x000000fc924ff000, RBP=0x000000fc924ff180, RSI=0x000002f547609860, RDI=0x0000000000000f20
R8 =0x000000fc924feef8, R9 =0x0000000000000000, R10=0x0000000000000000, R11=0x0000000000000246
R12=0x000000fc924ff240, R13=0x000002f547a6cce0, R14=0x000000fc924ff130, R15=0x000002f5476095b0
RIP=0x000000007110b5db, EFLAGS=0x0000000000010202


Register to memory mapping:

RIP=0x000000007110b5db jSSC-2.8_x86_64.dll
RAX=0x000000007e66f2f5 is an unknown value
RBX=0x000000fc924ff070 is pointing into the stack for thread: 0x000002f5476095b0
RCX=0x00007ffa7b34f544 ntdll.dll
RDX=0x0 is NULL
RSP=0x000000fc924ff000 is pointing into the stack for thread: 0x000002f5476095b0
RBP=0x000000fc924ff180 is pointing into the stack for thread: 0x000002f5476095b0
RSI=0x000002f547609860 points into unknown readable memory: 0x00007ffa02862670 | 70 26 86 02 fa 7f 00 00
RDI=0x0000000000000f20 is an unknown value
R8 =0x000000fc924feef8 is pointing into the stack for thread: 0x000002f5476095b0
R9 =0x0 is NULL
R10=0x0 is NULL
R11=0x0000000000000246 is an unknown value
R12=0x000000fc924ff240 is pointing into the stack for thread: 0x000002f5476095b0
R13=0x000002f547a6cce0 points into unknown readable memory: 0xffffff00344d4f43 | 43 4f 4d 34 00 ff ff ff
R14=0x000000fc924ff130 is pointing into the stack for thread: 0x000002f5476095b0
R15=0x000002f5476095b0 is a thread


Top of Stack: (sp=0x000000fc924ff000)
0x000000fc924ff000:   0000000000000000 000002f547bdab60
0x000000fc924ff010:   000000007110b230 00007ffa02431f4f
0x000000fc924ff020:   000002f548252a90 0000000000000004
0x000000fc924ff030:   000002f547609860 0000000000000f20
0x000000fc924ff040:   000000fc924ff180 0000000071112590
0x000000fc924ff050:   000002f5476095b0 000000fc924ff130
0x000000fc924ff060:   000002f547a6cce0 000000fc924ff240
0x000000fc924ff070:   000002f547a6cce0 00007ffa7b2eab11
0x000000fc924ff080:   000002f547a6ccd0 000002f553ef0000
0x000000fc924ff090:   000000fc924ff180 0000000000000000
0x000000fc924ff0a0:   0000000071113500 0000000071113be8
0x000000fc924ff0b0:   000000fc924ff0e0 0000000071112641
0x000000fc924ff0c0:   000000fc924ff050 000002f547609860
0x000000fc924ff0d0:   0000000000000000 0000000000000000
0x000000fc924ff0e0:   000000fc924ff180 0000000071101595
0x000000fc924ff0f0:   000000000000001c 000000fc00000000 

Instructions: (pc=0x000000007110b5db)
0x000000007110b4db:   48 85 c0 74 bf 44 8b 03 45 85 c0 0f 84 77 ff ff
0x000000007110b4eb:   ff eb 9f 66 90 e8 8b fe ff ff 48 89 05 0c 34 01
0x000000007110b4fb:   00 eb ad 66 90 e8 7b fe ff ff 48 89 05 fc 33 01
0x000000007110b50b:   00 eb 8b e8 8d fe ff ff c7 03 01 00 00 00 e9 6f
0x000000007110b51b:   ff ff ff 66 90 55 48 89 e5 56 53 48 83 ec 20 48
0x000000007110b52b:   8b 05 d7 33 01 00 48 8b 31 48 89 cb 48 85 c0 74
0x000000007110b53b:   56 44 8b 18 45 85 db 78 42 48 8b 05 bd 33 01 00
0x000000007110b54b:   48 85 c0 74 50 44 8b 10 45 85 d2 74 1d 48 89 f1
0x000000007110b55b:   e8 d0 fd ff ff 48 8b 13 48 8d 42 40 48 8b 48 08
0x000000007110b56b:   48 8b 6a 40 48 8b 60 10 ff e1 48 8b 05 9c 33 01
0x000000007110b57b:   00 48 85 c0 74 2d 48 89 30 eb da e8 b5 fe ff ff
0x000000007110b58b:   0f 1f 44 00 00 eb b2 e8 e9 fd ff ff 48 89 05 6a
0x000000007110b59b:   33 01 00 eb 9c e8 db fd ff ff 48 89 05 5c 33 01
0x000000007110b5ab:   00 eb a2 e8 3d fd ff ff 48 89 05 5e 33 01 00 eb
0x000000007110b5bb:   c5 0f 1f 40 00 55 57 56 53 48 83 ec 28 48 8b 05
0x000000007110b5cb:   39 33 01 00 48 89 cb 48 85 c0 0f 84 c5 00 00 00
0x000000007110b5db:   8b 38 85 ff 0f 88 ab 00 00 00 48 8b 05 1c 33 01
0x000000007110b5eb:   00 48 85 c0 0f 84 bc 00 00 00 8b 30 85 f6 74 57
0x000000007110b5fb:   48 8b 05 0e 33 01 00 48 85 c0 0f 84 e5 00 00 00
0x000000007110b60b:   8b 28 48 8b 35 10 5e 01 00 ff d6 89 c7 89 e9 ff
0x000000007110b61b:   15 f4 5e 01 00 89 f9 48 89 c5 ff 15 b9 5e 01 00
0x000000007110b62b:   48 8b 05 de 32 01 00 48 89 2b 48 85 c0 74 46 48
0x000000007110b63b:   89 da 8b 08 ff 15 d7 5e 01 00 85 c0 74 27 48 83
0x000000007110b64b:   c4 28 5b 5e 5f 5d c3 48 8b 05 bf 32 01 00 48 85
0x000000007110b65b:   c0 74 64 48 8b 10 48 89 13 48 89 18 48 83 c4 28
0x000000007110b66b:   5b 5e 5f 5d c3 48 89 f2 48 83 c4 28 5b 5e 5f 5d
0x000000007110b67b:   48 ff e2 66 90 e8 8b fc ff ff 48 89 05 84 32 01
0x000000007110b68b:   00 eb ac 66 90 e8 ab fd ff ff e9 4b ff ff ff 66
0x000000007110b69b:   0f 1f 44 00 00 e8 db fc ff ff 48 89 05 5c 32 01
0x000000007110b6ab:   00 e9 2a ff ff ff e8 ca fc ff ff 48 89 05 4b 32
0x000000007110b6bb:   01 00 e9 33 ff ff ff e8 29 fc ff ff 48 89 05 4a
0x000000007110b6cb:   32 01 00 48 8b 10 48 85 c0 48 89 13 75 8b e8 12 


Stack slot to memory mapping:
stack at sp + 0 slots: 0x0 is NULL
stack at sp + 1 slots: 0x000002f547bdab60 points into unknown readable memory: 0x000002f553d65700 | 00 57 d6 53 f5 02 00 00
stack at sp + 2 slots: 0x000000007110b230 jSSC-2.8_x86_64.dll
stack at sp + 3 slots: 0x00007ffa02431f4f jvm.dll
stack at sp + 4 slots: 0x000002f548252a90 points into unknown readable memory: 0x005c002e005c005c | 5c 00 5c 00 2e 00 5c 00
stack at sp + 5 slots: 0x0000000000000004 is an unknown value
stack at sp + 6 slots: 0x000002f547609860 points into unknown readable memory: 0x00007ffa02862670 | 70 26 86 02 fa 7f 00 00
stack at sp + 7 slots: 0x0000000000000f20 is an unknown value


---------------  P R O C E S S  ---------------

Threads class SMR info:
_java_thread_list=0x000002f5476b81f0, length=19, elements={
0x000002f556003f60, 0x000002f572d3b940, 0x000002f572d3c7c0, 0x000002f572d51c20,
0x000002f572d527e0, 0x000002f572d559c0, 0x000002f572d56380, 0x000002f572d57120,
0x000002f572d57bd0, 0x000002f572d589d0, 0x000002f572dee6a0, 0x000002f577206b20,
0x000002f577759030, 0x000002f577865730, 0x000002f577884f10, 0x000002f5474bd710,
0x000002f5474e07d0, 0x000002f54760af00, 0x000002f5476095b0
}

Java Threads: ( => current thread )
  0x000002f556003f60 JavaThread "main" [_thread_blocked, id=17292, stack(0x000000fc8f800000,0x000000fc8f900000)]
  0x000002f572d3b940 JavaThread "Reference Handler" daemon [_thread_blocked, id=27216, stack(0x000000fc8ff00000,0x000000fc90000000)]
  0x000002f572d3c7c0 JavaThread "Finalizer" daemon [_thread_blocked, id=20776, stack(0x000000fc90000000,0x000000fc90100000)]
  0x000002f572d51c20 JavaThread "Signal Dispatcher" daemon [_thread_blocked, id=24936, stack(0x000000fc90100000,0x000000fc90200000)]
  0x000002f572d527e0 JavaThread "Attach Listener" daemon [_thread_blocked, id=3468, stack(0x000000fc90200000,0x000000fc90300000)]
  0x000002f572d559c0 JavaThread "Service Thread" daemon [_thread_blocked, id=24904, stack(0x000000fc90300000,0x000000fc90400000)]
  0x000002f572d56380 JavaThread "Monitor Deflation Thread" daemon [_thread_blocked, id=22788, stack(0x000000fc90400000,0x000000fc90500000)]
  0x000002f572d57120 JavaThread "C2 CompilerThread0" daemon [_thread_blocked, id=25648, stack(0x000000fc90500000,0x000000fc90600000)]
  0x000002f572d57bd0 JavaThread "C1 CompilerThread0" daemon [_thread_blocked, id=27532, stack(0x000000fc90600000,0x000000fc90700000)]
  0x000002f572d589d0 JavaThread "Sweeper thread" daemon [_thread_blocked, id=27692, stack(0x000000fc90700000,0x000000fc90800000)]
  0x000002f572dee6a0 JavaThread "Common-Cleaner" daemon [_thread_blocked, id=7592, stack(0x000000fc90800000,0x000000fc90900000)]
  0x000002f577206b20 JavaThread "Notification Thread" daemon [_thread_blocked, id=21456, stack(0x000000fc90a00000,0x000000fc90b00000)]
  0x000002f577759030 JavaThread "QuantumRenderer-0" daemon [_thread_in_native, id=18464, stack(0x000000fc90c00000,0x000000fc90d00000)]
  0x000002f577865730 JavaThread "InvokeLaterDispatcher" daemon [_thread_blocked, id=26520, stack(0x000000fc90d00000,0x000000fc90e00000)]
  0x000002f577884f10 JavaThread "JavaFX Application Thread" [_thread_blocked, id=23188, stack(0x000000fc90e00000,0x000000fc90f00000)]
  0x000002f5474bd710 JavaThread "Thread-1" daemon [_thread_in_native, id=25644, stack(0x000000fc90900000,0x000000fc90a00000)]
  0x000002f5474e07d0 JavaThread "JavaFX-Launcher" [_thread_blocked, id=11384, stack(0x000000fc91700000,0x000000fc91800000)]
  0x000002f54760af00 JavaThread "Prism Font Disposer" daemon [_thread_blocked, id=27320, stack(0x000000fc92100000,0x000000fc92200000)]
=>0x000002f5476095b0 JavaThread "Thread-3" daemon [_thread_in_native, id=10860, stack(0x000000fc92400000,0x000000fc92500000)]

Other Threads:
  0x000002f572d36d30 VMThread "VM Thread" [stack: 0x000000fc8fe00000,0x000000fc8ff00000] [id=20832]
  0x000002f5772a1810 WatcherThread [stack: 0x000000fc90b00000,0x000000fc90c00000] [id=24724]
  0x000002f55604e200 GCTaskThread "GC Thread#0" [stack: 0x000000fc8f900000,0x000000fc8fa00000] [id=292]
  0x000002f5475369d0 GCTaskThread "GC Thread#1" [stack: 0x000000fc91800000,0x000000fc91900000] [id=24372]
  0x000002f547536c90 GCTaskThread "GC Thread#2" [stack: 0x000000fc91900000,0x000000fc91a00000] [id=160]
  0x000002f547538f60 GCTaskThread "GC Thread#3" [stack: 0x000000fc91a00000,0x000000fc91b00000] [id=25812]
  0x000002f547539220 GCTaskThread "GC Thread#4" [stack: 0x000000fc91b00000,0x000000fc91c00000] [id=18588]
  0x000002f5475394e0 GCTaskThread "GC Thread#5" [stack: 0x000000fc91c00000,0x000000fc91d00000] [id=26812]
  0x000002f547d8a360 GCTaskThread "GC Thread#6" [stack: 0x000000fc92200000,0x000000fc92300000] [id=27464]
  0x000002f547a4cc90 GCTaskThread "GC Thread#7" [stack: 0x000000fc92300000,0x000000fc92400000] [id=28140]
  0x000002f55605abd0 ConcurrentGCThread "G1 Main Marker" [stack: 0x000000fc8fa00000,0x000000fc8fb00000] [id=13396]
  0x000002f55605c5f0 ConcurrentGCThread "G1 Conc#0" [stack: 0x000000fc8fb00000,0x000000fc8fc00000] [id=21528]
  0x000002f572c00090 ConcurrentGCThread "G1 Refine#0" [stack: 0x000000fc8fc00000,0x000000fc8fd00000] [id=20780]
  0x000002f572c00ac0 ConcurrentGCThread "G1 Service" [stack: 0x000000fc8fd00000,0x000000fc8fe00000] [id=22760]

Threads with active compile tasks:

VM state: not at safepoint (normal execution)

VM Mutex/Monitor currently owned by a thread: None

Heap address: 0x00000000a2c00000, size: 1492 MB, Compressed Oops mode: 32-bit

CDS archive(s) mapped at: [0x000002f500000000-0x000002f500bd0000-0x000002f500bd0000), size 12386304, SharedBaseAddress: 0x000002f500000000, ArchiveRelocationMode: 1.
Compressed class space mapped at: 0x000002f501000000-0x000002f541000000, reserved size: 1073741824
Narrow klass base: 0x000002f500000000, Narrow klass shift: 0, Narrow klass range: 0x100000000

GC Precious Log:
 CPUs: 8 total, 8 available
 Memory: 5965M
 Large Page Support: Disabled
 NUMA Support: Disabled
 Compressed Oops: Enabled (32-bit)
 Heap Region Size: 1M
 Heap Min Capacity: 8M
 Heap Initial Capacity: 94M
 Heap Max Capacity: 1492M
 Pre-touch: Disabled
 Parallel Workers: 8
 Concurrent Workers: 2
 Concurrent Refinement Workers: 8
 Periodic GC: Disabled

Heap:
 garbage-first heap   total 96256K, used 42364K [0x00000000a2c00000, 0x0000000100000000)
  region size 1024K, 21 young (21504K), 5 survivors (5120K)
 Metaspace       used 16837K, committed 17088K, reserved 1114112K
  class space    used 2628K, committed 2752K, reserved 1048576K

Heap Regions: E=young(eden), S=young(survivor), O=old, HS=humongous(starts), HC=humongous(continues), CS=collection set, F=free, OA=open archive, CA=closed archive, TAMS=top-at-mark-start (previous, next)
|   0|0x00000000a2c00000, 0x00000000a2d00000, 0x00000000a2d00000|100%| O|  |TAMS 0x00000000a2c00000, 0x00000000a2c00000| Untracked 
|   1|0x00000000a2d00000, 0x00000000a2e00000, 0x00000000a2e00000|100%|HS|  |TAMS 0x00000000a2d00000, 0x00000000a2d00000| Complete 
|   2|0x00000000a2e00000, 0x00000000a2f00000, 0x00000000a2f00000|100%|HC|  |TAMS 0x00000000a2e00000, 0x00000000a2e00000| Complete 
|   3|0x00000000a2f00000, 0x00000000a3000000, 0x00000000a3000000|100%|HC|  |TAMS 0x00000000a2f00000, 0x00000000a2f00000| Complete 
|   4|0x00000000a3000000, 0x00000000a3100000, 0x00000000a3100000|100%|HC|  |TAMS 0x00000000a3000000, 0x00000000a3000000| Complete 
|   5|0x00000000a3100000, 0x00000000a3200000, 0x00000000a3200000|100%|HC|  |TAMS 0x00000000a3100000, 0x00000000a3100000| Complete 
|   6|0x00000000a3200000, 0x00000000a3300000, 0x00000000a3300000|100%|HC|  |TAMS 0x00000000a3200000, 0x00000000a3200000| Complete 
|   7|0x00000000a3300000, 0x00000000a3400000, 0x00000000a3400000|100%|HC|  |TAMS 0x00000000a3300000, 0x00000000a3300000| Complete 
|   8|0x00000000a3400000, 0x00000000a3500000, 0x00000000a3500000|100%|HC|  |TAMS 0x00000000a3400000, 0x00000000a3400000| Complete 
|   9|0x00000000a3500000, 0x00000000a3600000, 0x00000000a3600000|100%|HC|  |TAMS 0x00000000a3500000, 0x00000000a3500000| Complete 
|  10|0x00000000a3600000, 0x00000000a3700000, 0x00000000a3700000|100%|HC|  |TAMS 0x00000000a3600000, 0x00000000a3600000| Complete 
|  11|0x00000000a3700000, 0x00000000a3800000, 0x00000000a3800000|100%|HC|  |TAMS 0x00000000a3700000, 0x00000000a3700000| Complete 
|  12|0x00000000a3800000, 0x00000000a3900000, 0x00000000a3900000|100%|HC|  |TAMS 0x00000000a3800000, 0x00000000a3800000| Complete 
|  13|0x00000000a3900000, 0x00000000a3a00000, 0x00000000a3a00000|100%|HC|  |TAMS 0x00000000a3900000, 0x00000000a3900000| Complete 
|  14|0x00000000a3a00000, 0x00000000a3b00000, 0x00000000a3b00000|100%|HC|  |TAMS 0x00000000a3a00000, 0x00000000a3a00000| Complete 
|  15|0x00000000a3b00000, 0x00000000a3c00000, 0x00000000a3c00000|100%|HC|  |TAMS 0x00000000a3b00000, 0x00000000a3b00000| Complete 
|  16|0x00000000a3c00000, 0x00000000a3d00000, 0x00000000a3d00000|100%|HC|  |TAMS 0x00000000a3c00000, 0x00000000a3c00000| Complete 
|  17|0x00000000a3d00000, 0x00000000a3e00000, 0x00000000a3e00000|100%|HC|  |TAMS 0x00000000a3d00000, 0x00000000a3d00000| Complete 
|  18|0x00000000a3e00000, 0x00000000a3f00000, 0x00000000a3f00000|100%|HC|  |TAMS 0x00000000a3e00000, 0x00000000a3e00000| Complete 
|  19|0x00000000a3f00000, 0x00000000a4000000, 0x00000000a4000000|100%| O|  |TAMS 0x00000000a3f00000, 0x00000000a3f00000| Untracked 
|  20|0x00000000a4000000, 0x00000000a4100000, 0x00000000a4100000|100%| O|  |TAMS 0x00000000a4000000, 0x00000000a4000000| Untracked 
|  21|0x00000000a4100000, 0x00000000a416d400, 0x00000000a4200000| 42%| O|  |TAMS 0x00000000a4100000, 0x00000000a4100000| Untracked 
|  22|0x00000000a4200000, 0x00000000a4200000, 0x00000000a4300000|  0%| F|  |TAMS 0x00000000a4200000, 0x00000000a4200000| Untracked 
|  23|0x00000000a4300000, 0x00000000a4300000, 0x00000000a4400000|  0%| F|  |TAMS 0x00000000a4300000, 0x00000000a4300000| Untracked 
|  24|0x00000000a4400000, 0x00000000a4400000, 0x00000000a4500000|  0%| F|  |TAMS 0x00000000a4400000, 0x00000000a4400000| Untracked 
|  25|0x00000000a4500000, 0x00000000a4500000, 0x00000000a4600000|  0%| F|  |TAMS 0x00000000a4500000, 0x00000000a4500000| Untracked 
|  26|0x00000000a4600000, 0x00000000a4600000, 0x00000000a4700000|  0%| F|  |TAMS 0x00000000a4600000, 0x00000000a4600000| Untracked 
|  27|0x00000000a4700000, 0x00000000a4700000, 0x00000000a4800000|  0%| F|  |TAMS 0x00000000a4700000, 0x00000000a4700000| Untracked 
|  28|0x00000000a4800000, 0x00000000a4800000, 0x00000000a4900000|  0%| F|  |TAMS 0x00000000a4800000, 0x00000000a4800000| Untracked 
|  29|0x00000000a4900000, 0x00000000a4900000, 0x00000000a4a00000|  0%| F|  |TAMS 0x00000000a4900000, 0x00000000a4900000| Untracked 
|  30|0x00000000a4a00000, 0x00000000a4a00000, 0x00000000a4b00000|  0%| F|  |TAMS 0x00000000a4a00000, 0x00000000a4a00000| Untracked 
|  31|0x00000000a4b00000, 0x00000000a4b00000, 0x00000000a4c00000|  0%| F|  |TAMS 0x00000000a4b00000, 0x00000000a4b00000| Untracked 
|  32|0x00000000a4c00000, 0x00000000a4c00000, 0x00000000a4d00000|  0%| F|  |TAMS 0x00000000a4c00000, 0x00000000a4c00000| Untracked 
|  33|0x00000000a4d00000, 0x00000000a4d00000, 0x00000000a4e00000|  0%| F|  |TAMS 0x00000000a4d00000, 0x00000000a4d00000| Untracked 
|  34|0x00000000a4e00000, 0x00000000a4e00000, 0x00000000a4f00000|  0%| F|  |TAMS 0x00000000a4e00000, 0x00000000a4e00000| Untracked 
|  35|0x00000000a4f00000, 0x00000000a4f00000, 0x00000000a5000000|  0%| F|  |TAMS 0x00000000a4f00000, 0x00000000a4f00000| Untracked 
|  36|0x00000000a5000000, 0x00000000a5000000, 0x00000000a5100000|  0%| F|  |TAMS 0x00000000a5000000, 0x00000000a5000000| Untracked 
|  37|0x00000000a5100000, 0x00000000a5100000, 0x00000000a5200000|  0%| F|  |TAMS 0x00000000a5100000, 0x00000000a5100000| Untracked 
|  38|0x00000000a5200000, 0x00000000a5200000, 0x00000000a5300000|  0%| F|  |TAMS 0x00000000a5200000, 0x00000000a5200000| Untracked 
|  39|0x00000000a5300000, 0x00000000a5300000, 0x00000000a5400000|  0%| F|  |TAMS 0x00000000a5300000, 0x00000000a5300000| Untracked 
|  40|0x00000000a5400000, 0x00000000a5400000, 0x00000000a5500000|  0%| F|  |TAMS 0x00000000a5400000, 0x00000000a5400000| Untracked 
|  41|0x00000000a5500000, 0x00000000a5500000, 0x00000000a5600000|  0%| F|  |TAMS 0x00000000a5500000, 0x00000000a5500000| Untracked 
|  42|0x00000000a5600000, 0x00000000a5600000, 0x00000000a5700000|  0%| F|  |TAMS 0x00000000a5600000, 0x00000000a5600000| Untracked 
|  43|0x00000000a5700000, 0x00000000a5700000, 0x00000000a5800000|  0%| F|  |TAMS 0x00000000a5700000, 0x00000000a5700000| Untracked 
|  44|0x00000000a5800000, 0x00000000a5800000, 0x00000000a5900000|  0%| F|  |TAMS 0x00000000a5800000, 0x00000000a5800000| Untracked 
|  45|0x00000000a5900000, 0x00000000a5900000, 0x00000000a5a00000|  0%| F|  |TAMS 0x00000000a5900000, 0x00000000a5900000| Untracked 
|  46|0x00000000a5a00000, 0x00000000a5a00000, 0x00000000a5b00000|  0%| F|  |TAMS 0x00000000a5a00000, 0x00000000a5a00000| Untracked 
|  47|0x00000000a5b00000, 0x00000000a5b00000, 0x00000000a5c00000|  0%| F|  |TAMS 0x00000000a5b00000, 0x00000000a5b00000| Untracked 
|  48|0x00000000a5c00000, 0x00000000a5c00000, 0x00000000a5d00000|  0%| F|  |TAMS 0x00000000a5c00000, 0x00000000a5c00000| Untracked 
|  49|0x00000000a5d00000, 0x00000000a5d00000, 0x00000000a5e00000|  0%| F|  |TAMS 0x00000000a5d00000, 0x00000000a5d00000| Untracked 
|  50|0x00000000a5e00000, 0x00000000a5e00000, 0x00000000a5f00000|  0%| F|  |TAMS 0x00000000a5e00000, 0x00000000a5e00000| Untracked 
|  51|0x00000000a5f00000, 0x00000000a5f00000, 0x00000000a6000000|  0%| F|  |TAMS 0x00000000a5f00000, 0x00000000a5f00000| Untracked 
|  52|0x00000000a6000000, 0x00000000a6000000, 0x00000000a6100000|  0%| F|  |TAMS 0x00000000a6000000, 0x00000000a6000000| Untracked 
|  53|0x00000000a6100000, 0x00000000a6100000, 0x00000000a6200000|  0%| F|  |TAMS 0x00000000a6100000, 0x00000000a6100000| Untracked 
|  54|0x00000000a6200000, 0x00000000a62f1d70, 0x00000000a6300000| 94%| S|CS|TAMS 0x00000000a6200000, 0x00000000a6200000| Complete 
|  55|0x00000000a6300000, 0x00000000a6400000, 0x00000000a6400000|100%| S|CS|TAMS 0x00000000a6300000, 0x00000000a6300000| Complete 
|  56|0x00000000a6400000, 0x00000000a6500000, 0x00000000a6500000|100%| S|CS|TAMS 0x00000000a6400000, 0x00000000a6400000| Complete 
|  57|0x00000000a6500000, 0x00000000a6600000, 0x00000000a6600000|100%| S|CS|TAMS 0x00000000a6500000, 0x00000000a6500000| Complete 
|  58|0x00000000a6600000, 0x00000000a6700000, 0x00000000a6700000|100%| S|CS|TAMS 0x00000000a6600000, 0x00000000a6600000| Complete 
|  59|0x00000000a6700000, 0x00000000a6700000, 0x00000000a6800000|  0%| F|  |TAMS 0x00000000a6700000, 0x00000000a6700000| Untracked 
|  60|0x00000000a6800000, 0x00000000a6800000, 0x00000000a6900000|  0%| F|  |TAMS 0x00000000a6800000, 0x00000000a6800000| Untracked 
|  61|0x00000000a6900000, 0x00000000a6900000, 0x00000000a6a00000|  0%| F|  |TAMS 0x00000000a6900000, 0x00000000a6900000| Untracked 
|  62|0x00000000a6a00000, 0x00000000a6a00000, 0x00000000a6b00000|  0%| F|  |TAMS 0x00000000a6a00000, 0x00000000a6a00000| Untracked 
|  63|0x00000000a6b00000, 0x00000000a6b00000, 0x00000000a6c00000|  0%| F|  |TAMS 0x00000000a6b00000, 0x00000000a6b00000| Untracked 
|  64|0x00000000a6c00000, 0x00000000a6c00000, 0x00000000a6d00000|  0%| F|  |TAMS 0x00000000a6c00000, 0x00000000a6c00000| Untracked 
|  65|0x00000000a6d00000, 0x00000000a6d00000, 0x00000000a6e00000|  0%| F|  |TAMS 0x00000000a6d00000, 0x00000000a6d00000| Untracked 
|  66|0x00000000a6e00000, 0x00000000a6e00000, 0x00000000a6f00000|  0%| F|  |TAMS 0x00000000a6e00000, 0x00000000a6e00000| Untracked 
|  67|0x00000000a6f00000, 0x00000000a6f00000, 0x00000000a7000000|  0%| F|  |TAMS 0x00000000a6f00000, 0x00000000a6f00000| Untracked 
|  68|0x00000000a7000000, 0x00000000a7000000, 0x00000000a7100000|  0%| F|  |TAMS 0x00000000a7000000, 0x00000000a7000000| Untracked 
|  69|0x00000000a7100000, 0x00000000a7100000, 0x00000000a7200000|  0%| F|  |TAMS 0x00000000a7100000, 0x00000000a7100000| Untracked 
|  70|0x00000000a7200000, 0x00000000a7200000, 0x00000000a7300000|  0%| F|  |TAMS 0x00000000a7200000, 0x00000000a7200000| Untracked 
|  71|0x00000000a7300000, 0x00000000a7300000, 0x00000000a7400000|  0%| F|  |TAMS 0x00000000a7300000, 0x00000000a7300000| Untracked 
|  72|0x00000000a7400000, 0x00000000a7400000, 0x00000000a7500000|  0%| F|  |TAMS 0x00000000a7400000, 0x00000000a7400000| Untracked 
|  73|0x00000000a7500000, 0x00000000a7500000, 0x00000000a7600000|  0%| F|  |TAMS 0x00000000a7500000, 0x00000000a7500000| Untracked 
|  74|0x00000000a7600000, 0x00000000a7600000, 0x00000000a7700000|  0%| F|  |TAMS 0x00000000a7600000, 0x00000000a7600000| Untracked 
|  75|0x00000000a7700000, 0x00000000a7700000, 0x00000000a7800000|  0%| F|  |TAMS 0x00000000a7700000, 0x00000000a7700000| Untracked 
|  76|0x00000000a7800000, 0x00000000a7800000, 0x00000000a7900000|  0%| F|  |TAMS 0x00000000a7800000, 0x00000000a7800000| Untracked 
|  77|0x00000000a7900000, 0x00000000a7900000, 0x00000000a7a00000|  0%| F|  |TAMS 0x00000000a7900000, 0x00000000a7900000| Untracked 
|  78|0x00000000a7a00000, 0x00000000a7a68430, 0x00000000a7b00000| 40%| E|  |TAMS 0x00000000a7a00000, 0x00000000a7a00000| Complete 
|  79|0x00000000a7b00000, 0x00000000a7c00000, 0x00000000a7c00000|100%| E|CS|TAMS 0x00000000a7b00000, 0x00000000a7b00000| Complete 
|  80|0x00000000a7c00000, 0x00000000a7d00000, 0x00000000a7d00000|100%| E|CS|TAMS 0x00000000a7c00000, 0x00000000a7c00000| Complete 
|  81|0x00000000a7d00000, 0x00000000a7e00000, 0x00000000a7e00000|100%| E|CS|TAMS 0x00000000a7d00000, 0x00000000a7d00000| Complete 
|  82|0x00000000a7e00000, 0x00000000a7f00000, 0x00000000a7f00000|100%| E|CS|TAMS 0x00000000a7e00000, 0x00000000a7e00000| Complete 
|  83|0x00000000a7f00000, 0x00000000a8000000, 0x00000000a8000000|100%| E|CS|TAMS 0x00000000a7f00000, 0x00000000a7f00000| Complete 
|  84|0x00000000a8000000, 0x00000000a8100000, 0x00000000a8100000|100%| E|CS|TAMS 0x00000000a8000000, 0x00000000a8000000| Complete 
|  85|0x00000000a8100000, 0x00000000a8200000, 0x00000000a8200000|100%| E|CS|TAMS 0x00000000a8100000, 0x00000000a8100000| Complete 
|  86|0x00000000a8200000, 0x00000000a8300000, 0x00000000a8300000|100%| E|CS|TAMS 0x00000000a8200000, 0x00000000a8200000| Complete 
|  87|0x00000000a8300000, 0x00000000a8400000, 0x00000000a8400000|100%| E|CS|TAMS 0x00000000a8300000, 0x00000000a8300000| Complete 
|  88|0x00000000a8400000, 0x00000000a8500000, 0x00000000a8500000|100%| E|CS|TAMS 0x00000000a8400000, 0x00000000a8400000| Complete 
|  89|0x00000000a8500000, 0x00000000a8600000, 0x00000000a8600000|100%| E|CS|TAMS 0x00000000a8500000, 0x00000000a8500000| Complete 
|  90|0x00000000a8600000, 0x00000000a8700000, 0x00000000a8700000|100%| E|CS|TAMS 0x00000000a8600000, 0x00000000a8600000| Complete 
|  91|0x00000000a8700000, 0x00000000a8800000, 0x00000000a8800000|100%| E|CS|TAMS 0x00000000a8700000, 0x00000000a8700000| Complete 
|  92|0x00000000a8800000, 0x00000000a8900000, 0x00000000a8900000|100%| E|CS|TAMS 0x00000000a8800000, 0x00000000a8800000| Complete 
|  93|0x00000000a8900000, 0x00000000a8a00000, 0x00000000a8a00000|100%| E|CS|TAMS 0x00000000a8900000, 0x00000000a8900000| Complete 

Card table byte_map: [0x000002f56ced0000,0x000002f56d1c0000] _byte_map_base: 0x000002f56c9ba000

Marking Bits (Prev, Next): (CMBitMap*) 0x000002f55604e820, (CMBitMap*) 0x000002f55604e860
 Prev Bits: [0x000002f56d4b0000, 0x000002f56ec00000)
 Next Bits: [0x000002f56ec00000, 0x000002f570350000)

Polling page: 0x000002f5557d0000

Metaspace:

Usage:
  Non-class:     13.88 MB used.
      Class:      2.57 MB used.
       Both:     16.44 MB used.

Virtual space:
  Non-class space:       64.00 MB reserved,      14.00 MB ( 22%) committed,  1 nodes.
      Class space:        1.00 GB reserved,       2.69 MB ( <1%) committed,  1 nodes.
             Both:        1.06 GB reserved,      16.69 MB (  2%) committed. 

Chunk freelists:
   Non-Class:  1.75 MB
       Class:  13.29 MB
        Both:  15.04 MB

MaxMetaspaceSize: unlimited
CompressedClassSpaceSize: 1.00 GB
Initial GC threshold: 21.00 MB
Current GC threshold: 21.00 MB
CDS: on
MetaspaceReclaimPolicy: balanced
 - commit_granule_bytes: 65536.
 - commit_granule_words: 8192.
 - virtual_space_node_default_size: 8388608.
 - enlarge_chunks_in_place: 1.
 - new_chunks_are_fully_committed: 0.
 - uncommit_free_chunks: 1.
 - use_allocation_guard: 0.
 - handle_deallocations: 1.


Internal statistics:

num_allocs_failed_limit: 0.
num_arena_births: 224.
num_arena_deaths: 0.
num_vsnodes_births: 2.
num_vsnodes_deaths: 0.
num_space_committed: 267.
num_space_uncommitted: 0.
num_chunks_returned_to_freelist: 0.
num_chunks_taken_from_freelist: 779.
num_chunk_merges: 0.
num_chunk_splits: 537.
num_chunks_enlarged: 413.
num_inconsistent_stats: 0.

CodeHeap 'non-profiled nmethods': size=120000Kb used=879Kb max_used=879Kb free=119120Kb
 bounds [0x000002f565380000, 0x000002f5655f0000, 0x000002f56c8b0000]
CodeHeap 'profiled nmethods': size=120000Kb used=5314Kb max_used=5314Kb free=114685Kb
 bounds [0x000002f55d8b0000, 0x000002f55ddf0000, 0x000002f564de0000]
CodeHeap 'non-nmethods': size=5760Kb used=1405Kb max_used=1427Kb free=4354Kb
 bounds [0x000002f564de0000, 0x000002f565050000, 0x000002f565380000]
 total_blobs=3238 nmethods=2472 adapters=678
 compilation: enabled
              stopped_count=0, restarted_count=0
 full_count=0

Compilation events (20 events):
Event: 2.626 Thread 0x000002f572d57bd0 2350       1       com.sun.javafx.font.PrismMetrics::getDescent (5 bytes)
Event: 2.626 Thread 0x000002f572d57bd0 nmethod 2350 0x000002f56544ef90 code [0x000002f56544f120, 0x000002f56544f1f8]
Event: 2.626 Thread 0x000002f572d57bd0 2351       1       com.sun.javafx.font.PrismMetrics::getLineGap (5 bytes)
Event: 2.627 Thread 0x000002f572d57bd0 nmethod 2351 0x000002f56544f290 code [0x000002f56544f420, 0x000002f56544f4f8]
Event: 2.627 Thread 0x000002f572d57bd0 2352       1       com.sun.javafx.text.TextRun::setWidth (6 bytes)
Event: 2.627 Thread 0x000002f572d57bd0 nmethod 2352 0x000002f56544f590 code [0x000002f56544f720, 0x000002f56544f7f8]
Event: 2.627 Thread 0x000002f572d57bd0 2353       1       com.sun.javafx.text.TextRun::getDescent (5 bytes)
Event: 2.627 Thread 0x000002f572d57bd0 nmethod 2353 0x000002f56544f890 code [0x000002f56544fa20, 0x000002f56544faf8]
Event: 2.627 Thread 0x000002f572d57bd0 2354       1       com.sun.javafx.text.TextRun::getLeading (5 bytes)
Event: 2.627 Thread 0x000002f572d57bd0 nmethod 2354 0x000002f56544fb90 code [0x000002f56544fd20, 0x000002f56544fdf8]
Event: 2.627 Thread 0x000002f572d57bd0 2355       1       com.sun.javafx.text.TextLine::getStart (5 bytes)
Event: 2.627 Thread 0x000002f572d57bd0 nmethod 2355 0x000002f56544fe90 code [0x000002f565450020, 0x000002f5654500f8]
Event: 2.627 Thread 0x000002f572d57bd0 2356       1       com.sun.javafx.geom.RectBounds::setMinX (6 bytes)
Event: 2.627 Thread 0x000002f572d57bd0 nmethod 2356 0x000002f565450190 code [0x000002f565450320, 0x000002f5654503f8]
Event: 2.627 Thread 0x000002f572d57bd0 2357       1       com.sun.javafx.geom.RectBounds::setMaxX (6 bytes)
Event: 2.627 Thread 0x000002f572d57bd0 nmethod 2357 0x000002f565450490 code [0x000002f565450620, 0x000002f5654506f8]
Event: 2.627 Thread 0x000002f572d57bd0 2358       1       com.sun.javafx.text.TextRun::setLine (6 bytes)
Event: 2.627 Thread 0x000002f572d57bd0 nmethod 2358 0x000002f565450790 code [0x000002f565450920, 0x000002f565450a38]
Event: 2.627 Thread 0x000002f572d57bd0 2359       1       com.sun.javafx.text.TextLine::getLeading (5 bytes)
Event: 2.627 Thread 0x000002f572d57bd0 nmethod 2359 0x000002f565450a90 code [0x000002f565450c20, 0x000002f565450cf8]

GC Heap History (4 events):
Event: 0.859 GC heap before
{Heap before GC invocations=0 (full 0):
 garbage-first heap   total 96256K, used 23552K [0x00000000a2c00000, 0x0000000100000000)
  region size 1024K, 23 young (23552K), 0 survivors (0K)
 Metaspace       used 5519K, committed 5696K, reserved 1114112K
  class space    used 679K, committed 768K, reserved 1048576K
}
Event: 0.862 GC heap after
{Heap after GC invocations=1 (full 0):
 garbage-first heap   total 96256K, used 3161K [0x00000000a2c00000, 0x0000000100000000)
  region size 1024K, 3 young (3072K), 3 survivors (3072K)
 Metaspace       used 5519K, committed 5696K, reserved 1114112K
  class space    used 679K, committed 768K, reserved 1048576K
}
Event: 2.093 GC heap before
{Heap before GC invocations=1 (full 0):
 garbage-first heap   total 96256K, used 54361K [0x00000000a2c00000, 0x0000000100000000)
  region size 1024K, 35 young (35840K), 3 survivors (3072K)
 Metaspace       used 13503K, committed 13760K, reserved 1114112K
  class space    used 1988K, committed 2112K, reserved 1048576K
}
Event: 2.099 GC heap after
{Heap after GC invocations=2 (full 0):
 garbage-first heap   total 96256K, used 27004K [0x00000000a2c00000, 0x0000000100000000)
  region size 1024K, 5 young (5120K), 5 survivors (5120K)
 Metaspace       used 13503K, committed 13760K, reserved 1114112K
  class space    used 1988K, committed 2112K, reserved 1048576K
}

Deoptimization events (20 events):
Event: 1.795 Thread 0x000002f577884f10 DEOPT PACKING pc=0x000002f5653dbe30 sp=0x000000fc90efd8d0
Event: 1.795 Thread 0x000002f577884f10 DEOPT UNPACKING pc=0x000002f564e323a3 sp=0x000000fc90efd7e8 mode 2
Event: 1.976 Thread 0x000002f577884f10 Uncommon trap: trap_request=0xffffffde fr.pc=0x000002f565395a24 relative=0x00000000000001a4
Event: 1.976 Thread 0x000002f577884f10 Uncommon trap: reason=class_check action=maybe_recompile pc=0x000002f565395a24 method=java.lang.String.equals(Ljava/lang/Object;)Z @ 8 c2
Event: 1.976 Thread 0x000002f577884f10 DEOPT PACKING pc=0x000002f565395a24 sp=0x000000fc90efd8f0
Event: 1.976 Thread 0x000002f577884f10 DEOPT UNPACKING pc=0x000002f564e323a3 sp=0x000000fc90efd898 mode 2
Event: 1.976 Thread 0x000002f577884f10 Uncommon trap: trap_request=0xffffffde fr.pc=0x000002f565395a24 relative=0x00000000000001a4
Event: 1.976 Thread 0x000002f577884f10 Uncommon trap: reason=class_check action=maybe_recompile pc=0x000002f565395a24 method=java.lang.String.equals(Ljava/lang/Object;)Z @ 8 c2
Event: 1.976 Thread 0x000002f577884f10 DEOPT PACKING pc=0x000002f565395a24 sp=0x000000fc90efd800
Event: 1.976 Thread 0x000002f577884f10 DEOPT UNPACKING pc=0x000002f564e323a3 sp=0x000000fc90efd7a8 mode 2
Event: 1.976 Thread 0x000002f577884f10 Uncommon trap: trap_request=0xffffffde fr.pc=0x000002f565395a24 relative=0x00000000000001a4
Event: 1.976 Thread 0x000002f577884f10 Uncommon trap: reason=class_check action=maybe_recompile pc=0x000002f565395a24 method=java.lang.String.equals(Ljava/lang/Object;)Z @ 8 c2
Event: 1.976 Thread 0x000002f577884f10 DEOPT PACKING pc=0x000002f565395a24 sp=0x000000fc90efd800
Event: 1.976 Thread 0x000002f577884f10 DEOPT UNPACKING pc=0x000002f564e323a3 sp=0x000000fc90efd7a8 mode 2
Event: 1.977 Thread 0x000002f577884f10 Uncommon trap: trap_request=0xffffffde fr.pc=0x000002f565395a24 relative=0x00000000000001a4
Event: 1.977 Thread 0x000002f577884f10 Uncommon trap: reason=class_check action=maybe_recompile pc=0x000002f565395a24 method=java.lang.String.equals(Ljava/lang/Object;)Z @ 8 c2
Event: 1.978 Thread 0x000002f577884f10 DEOPT PACKING pc=0x000002f565395a24 sp=0x000000fc90efd740
Event: 1.978 Thread 0x000002f577884f10 DEOPT UNPACKING pc=0x000002f564e323a3 sp=0x000000fc90efd6e8 mode 2
Event: 2.127 Thread 0x000002f577884f10 DEOPT PACKING pc=0x000002f55db009d6 sp=0x000000fc90efbb30
Event: 2.127 Thread 0x000002f577884f10 DEOPT UNPACKING pc=0x000002f564e32b43 sp=0x000000fc90efafd0 mode 0

Classes unloaded (0 events):
No events

Classes redefined (0 events):
No events

Internal exceptions (20 events):
Event: 0.965 Thread 0x000002f577884f10 Exception <a 'java/lang/ClassNotFoundException'{0x00000000a83263f0}: com/sun/glass/ui/win/themes_es> (0x00000000a83263f0) 
thrown [s\open\src\hotspot\share\prims\jni.cpp, line 535]
Event: 0.966 Thread 0x000002f577884f10 Exception <a 'java/lang/ClassNotFoundException'{0x00000000a832e450}: com/sun/glass/ui/win/themes_es_CO> (0x00000000a832e450) 
thrown [s\open\src\hotspot\share\prims\jni.cpp, line 535]
Event: 1.088 Thread 0x000002f577884f10 Exception <a 'java/lang/NoSuchMethodError'{0x00000000a7e476d0}: 'void java.lang.invoke.DirectMethodHandle$Holder.invokeStaticInit(java.lang.Object, java.lang.Object)'> (0x00000000a7e476d0) 
thrown [s\open\src\hotspot\share\interpreter\linkResolver.cpp, line 759]
Event: 1.674 Thread 0x000002f577884f10 Exception <a 'java/lang/NoSuchMethodError'{0x00000000a7574ff8}: 'void java.lang.invoke.DirectMethodHandle$Holder.invokeSpecial(java.lang.Object, java.lang.Object, java.lang.Object, java.lang.Object, java.lang.Object, java.lang.Object)'> (0x00000000a7574ff8) 
thrown [s\open\src\hotspot\share\interpreter\linkResolver.cpp, line 759]
Event: 1.710 Thread 0x000002f577884f10 Exception <a 'sun/nio/fs/WindowsException'{0x00000000a74e88a0}> (0x00000000a74e88a0) 
thrown [s\open\src\hotspot\share\prims\jni.cpp, line 516]
Event: 1.722 Thread 0x000002f577884f10 Exception <a 'java/io/FileNotFoundException'{0x00000000a7316c40}> (0x00000000a7316c40) 
thrown [s\open\src\hotspot\share\prims\jni.cpp, line 516]
Event: 1.783 Thread 0x000002f577884f10 Exception <a 'sun/nio/fs/WindowsException'{0x00000000a6e39cf0}> (0x00000000a6e39cf0) 
thrown [s\open\src\hotspot\share\prims\jni.cpp, line 516]
Event: 1.789 Thread 0x000002f577884f10 Exception <a 'java/lang/ClassNotFoundException'{0x00000000a6e4b8f0}: sun/util/logging/resources/spi/loggingProvider> (0x00000000a6e4b8f0) 
thrown [s\open\src\hotspot\share\classfile\systemDictionary.cpp, line 256]
Event: 1.794 Thread 0x000002f577884f10 Implicit null exception at 0x000002f5653dd30d to 0x000002f5653dd70c
Event: 1.795 Thread 0x000002f577884f10 Implicit null exception at 0x000002f5653dba0a to 0x000002f5653dbe10
Event: 1.805 Thread 0x000002f577884f10 Exception <a 'java/io/FileNotFoundException'{0x00000000a6eb3e48}> (0x00000000a6eb3e48) 
thrown [s\open\src\hotspot\share\prims\jni.cpp, line 516]
Event: 1.812 Thread 0x000002f577884f10 Exception <a 'java/io/FileNotFoundException'{0x00000000a6ee4fc0}> (0x00000000a6ee4fc0) 
thrown [s\open\src\hotspot\share\prims\jni.cpp, line 516]
Event: 2.023 Thread 0x000002f577884f10 Exception <a 'java/lang/NoSuchMethodError'{0x00000000a69dc498}: 'java.lang.Object java.lang.invoke.DirectMethodHandle$Holder.invokeInterface(java.lang.Object, java.lang.Object, java.lang.Object)'> (0x00000000a69dc498) 
thrown [s\open\src\hotspot\share\interpreter\linkResolver.cpp, line 759]
Event: 2.024 Thread 0x000002f577884f10 Exception <a 'java/lang/IncompatibleClassChangeError'{0x00000000a69dfe20}: Found class java.lang.Object, but interface was expected> (0x00000000a69dfe20) 
thrown [s\open\src\hotspot\share\interpreter\linkResolver.cpp, line 826]
Event: 2.115 Thread 0x000002f577884f10 Exception <a 'java/lang/NoSuchMethodError'{0x00000000a89d8238}: 'void java.lang.invoke.DirectMethodHandle$Holder.invokeSpecialIFC(java.lang.Object, java.lang.Object, java.lang.Object, java.lang.Object)'> (0x00000000a89d8238) 
thrown [s\open\src\hotspot\share\interpreter\linkResolver.cpp, line 759]
Event: 2.127 Thread 0x000002f577884f10 Exception <a 'java/lang/ClassNotFoundException'{0x00000000a88272a8}: com/sun/javafx/scene/control/skin/resources/controls> (0x00000000a88272a8) 
thrown [s\open\src\hotspot\share\prims\jni.cpp, line 535]
Event: 2.128 Thread 0x000002f577884f10 Exception <a 'java/lang/ClassNotFoundException'{0x00000000a8835258}: com/sun/javafx/scene/control/skin/resources/controls_es> (0x00000000a8835258) 
thrown [s\open\src\hotspot\share\prims\jni.cpp, line 535]
Event: 2.129 Thread 0x000002f577884f10 Exception <a 'java/lang/ClassNotFoundException'{0x00000000a8842ec8}: com/sun/javafx/scene/control/skin/resources/controls_es_CO> (0x00000000a8842ec8) 
thrown [s\open\src\hotspot\share\prims\jni.cpp, line 535]
Event: 2.175 Thread 0x000002f577884f10 Exception <a 'java/lang/NoSuchMethodError'{0x00000000a87bac48}: 'int java.lang.invoke.DirectMethodHandle$Holder.invokeSpecial(java.lang.Object, java.lang.Object, int)'> (0x00000000a87bac48) 
thrown [s\open\src\hotspot\share\interpreter\linkResolver.cpp, line 759]
Event: 2.603 Thread 0x000002f577884f10 Exception <a 'java/lang/NoSuchMethodError'{0x00000000a7d26c00}: 'java.lang.Object java.lang.invoke.DirectMethodHandle$Holder.newInvokeSpecial(java.lang.Object, java.lang.Object, int)'> (0x00000000a7d26c00) 
thrown [s\open\src\hotspot\share\interpreter\linkResolver.cpp, line 759]

VM Operations (20 events):
Event: 1.649 Executing VM operation: HandshakeAllThreads
Event: 1.649 Executing VM operation: HandshakeAllThreads done
Event: 1.672 Executing VM operation: HandshakeAllThreads
Event: 1.672 Executing VM operation: HandshakeAllThreads done
Event: 2.079 Executing VM operation: ICBufferFull
Event: 2.079 Executing VM operation: ICBufferFull done
Event: 2.093 Executing VM operation: G1CollectForAllocation
Event: 2.100 Executing VM operation: G1CollectForAllocation done
Event: 2.105 Executing VM operation: HandshakeAllThreads
Event: 2.105 Executing VM operation: HandshakeAllThreads done
Event: 2.272 Executing VM operation: HandshakeAllThreads
Event: 2.272 Executing VM operation: HandshakeAllThreads done
Event: 2.363 Executing VM operation: HandshakeAllThreads
Event: 2.363 Executing VM operation: HandshakeAllThreads done
Event: 2.365 Executing VM operation: HandshakeAllThreads
Event: 2.365 Executing VM operation: HandshakeAllThreads done
Event: 2.480 Executing VM operation: HandshakeAllThreads
Event: 2.480 Executing VM operation: HandshakeAllThreads done
Event: 2.558 Executing VM operation: ICBufferFull
Event: 2.558 Executing VM operation: ICBufferFull done

Events (20 events):
Event: 2.514 loading class jdk/internal/icu/impl/Trie2$ValueMapper done
Event: 2.514 loading class jdk/internal/icu/impl/Trie2$1 done
Event: 2.514 loading class jdk/internal/icu/impl/Trie2$UTrie2Header
Event: 2.514 loading class jdk/internal/icu/impl/Trie2$UTrie2Header done
Event: 2.516 loading class jdk/internal/icu/text/UTF16
Event: 2.517 loading class jdk/internal/icu/text/UTF16 done
Event: 2.517 loading class jdk/internal/icu/text/BidiLine
Event: 2.517 loading class jdk/internal/icu/text/BidiLine done
Event: 2.561 loading class jdk/internal/math/FDBigInteger
Event: 2.561 loading class jdk/internal/math/FDBigInteger done
Event: 2.592 loading class java/util/ComparableTimSort
Event: 2.592 loading class java/util/ComparableTimSort done
Event: 2.622 loading class java/util/WeakHashMap$EntrySet
Event: 2.622 loading class java/util/WeakHashMap$EntrySet done
Event: 2.622 loading class java/util/WeakHashMap$EntryIterator
Event: 2.622 loading class java/util/WeakHashMap$EntryIterator done
Event: 2.634 loading class java/util/ConcurrentModificationException
Event: 2.634 loading class java/util/ConcurrentModificationException done
Event: 2.637 Thread 0x000002f5476095b0 Thread added: 0x000002f5476095b0
Event: 2.652 Loaded shared library C:\Users\ISAIAS\.jssc\windows\jSSC-2.8_x86_64.dll


Dynamic libraries:
0x00007ff6e4590000 - 0x00007ff6e45a0000 	C:\Program Files\Java\jdk-17\bin\java.exe
0x00007ffa7b2b0000 - 0x00007ffa7b4c6000 	C:\Windows\SYSTEM32\ntdll.dll
0x00007ffa7a6e0000 - 0x00007ffa7a7a4000 	C:\Windows\System32\KERNEL32.DLL
0x00007ffa78640000 - 0x00007ffa789e7000 	C:\Windows\System32\KERNELBASE.dll
0x00007ffa78ec0000 - 0x00007ffa78fd1000 	C:\Windows\System32\ucrtbase.dll
0x00007ffa622f0000 - 0x00007ffa6230b000 	C:\Program Files\Java\jdk-17\bin\VCRUNTIME140.dll
0x00007ffa51d20000 - 0x00007ffa51d39000 	C:\Program Files\Java\jdk-17\bin\jli.dll
0x00007ffa7a7b0000 - 0x00007ffa7a862000 	C:\Windows\System32\ADVAPI32.dll
0x00007ffa797a0000 - 0x00007ffa79847000 	C:\Windows\System32\msvcrt.dll
0x00007ffa79a10000 - 0x00007ffa79ab8000 	C:\Windows\System32\sechost.dll
0x00007ffa78d50000 - 0x00007ffa78d78000 	C:\Windows\System32\bcrypt.dll
0x00007ffa7b150000 - 0x00007ffa7b265000 	C:\Windows\System32\RPCRT4.dll
0x00007ffa7a370000 - 0x00007ffa7a51e000 	C:\Windows\System32\USER32.dll
0x00007ffa78b60000 - 0x00007ffa78b86000 	C:\Windows\System32\win32u.dll
0x00007ffa65830000 - 0x00007ffa65ac3000 	C:\Windows\WinSxS\amd64_microsoft.windows.common-controls_6595b64144ccf1df_6.0.22621.3235_none_270f74e173860f98\COMCTL32.dll
0x00007ffa7a340000 - 0x00007ffa7a369000 	C:\Windows\System32\GDI32.dll
0x00007ffa78b90000 - 0x00007ffa78ca9000 	C:\Windows\System32\gdi32full.dll
0x00007ffa78cb0000 - 0x00007ffa78d4a000 	C:\Windows\System32\msvcp_win.dll
0x00007ffa71ca0000 - 0x00007ffa71caa000 	C:\Windows\SYSTEM32\VERSION.dll
0x00007ffa7a040000 - 0x00007ffa7a071000 	C:\Windows\System32\IMM32.DLL
0x00007ffa73270000 - 0x00007ffa7327c000 	C:\Program Files\Java\jdk-17\bin\vcruntime140_1.dll
0x00007ffa4de40000 - 0x00007ffa4dece000 	C:\Program Files\Java\jdk-17\bin\msvcp140.dll
0x00007ffa01dc0000 - 0x00007ffa0299f000 	C:\Program Files\Java\jdk-17\bin\server\jvm.dll
0x00007ffa7a080000 - 0x00007ffa7a088000 	C:\Windows\System32\PSAPI.DLL
0x00007ffa75e40000 - 0x00007ffa75e74000 	C:\Windows\SYSTEM32\WINMM.dll
0x00007ffa5b620000 - 0x00007ffa5b629000 	C:\Windows\SYSTEM32\WSOCK32.dll
0x00007ffa7b0d0000 - 0x00007ffa7b141000 	C:\Windows\System32\WS2_32.dll
0x00007ffa77650000 - 0x00007ffa77668000 	C:\Windows\SYSTEM32\kernel.appcore.dll
0x00007ffa6f7f0000 - 0x00007ffa6f7fa000 	C:\Program Files\Java\jdk-17\bin\jimage.dll
0x00007ffa75c00000 - 0x00007ffa75e33000 	C:\Windows\SYSTEM32\DBGHELP.DLL
0x00007ffa79050000 - 0x00007ffa793d8000 	C:\Windows\System32\combase.dll
0x00007ffa7a250000 - 0x00007ffa7a327000 	C:\Windows\System32\OLEAUT32.dll
0x00007ffa75b70000 - 0x00007ffa75ba2000 	C:\Windows\SYSTEM32\dbgcore.DLL
0x00007ffa78d80000 - 0x00007ffa78df9000 	C:\Windows\System32\bcryptPrimitives.dll
0x00007ffa517d0000 - 0x00007ffa517f5000 	C:\Program Files\Java\jdk-17\bin\java.dll
0x00007ffa332e0000 - 0x00007ffa333b7000 	C:\Program Files\Java\jdk-17\bin\jsvml.dll
0x00007ffa7a870000 - 0x00007ffa7b0cc000 	C:\Windows\System32\SHELL32.dll
0x00007ffa764e0000 - 0x00007ffa76dd9000 	C:\Windows\SYSTEM32\windows.storage.dll
0x00007ffa763a0000 - 0x00007ffa764de000 	C:\Windows\SYSTEM32\wintypes.dll
0x00007ffa79610000 - 0x00007ffa79703000 	C:\Windows\System32\SHCORE.dll
0x00007ffa79fe0000 - 0x00007ffa7a03e000 	C:\Windows\System32\shlwapi.dll
0x00007ffa78500000 - 0x00007ffa78521000 	C:\Windows\SYSTEM32\profapi.dll
0x00007ffa51790000 - 0x00007ffa517a9000 	C:\Program Files\Java\jdk-17\bin\net.dll
0x00007ffa71ce0000 - 0x00007ffa71e16000 	C:\Windows\SYSTEM32\WINHTTP.dll
0x00007ffa77ad0000 - 0x00007ffa77b39000 	C:\Windows\system32\mswsock.dll
0x00007ffa4e3e0000 - 0x00007ffa4e3f6000 	C:\Program Files\Java\jdk-17\bin\nio.dll
0x00007ffa517b0000 - 0x00007ffa517c8000 	C:\Program Files\Java\jdk-17\bin\zip.dll
0x000002f572f30000 - 0x000002f572f33000 	C:\Users\ISAIAS\.openjfx\cache\17.0.11\api-ms-win-core-console-l1-1-0.dll
0x000002f572f40000 - 0x000002f572f43000 	C:\Users\ISAIAS\.openjfx\cache\17.0.11\api-ms-win-core-console-l1-2-0.dll
0x000002f572f50000 - 0x000002f572f53000 	C:\Users\ISAIAS\.openjfx\cache\17.0.11\api-ms-win-core-datetime-l1-1-0.dll
0x000002f572f60000 - 0x000002f572f63000 	C:\Users\ISAIAS\.openjfx\cache\17.0.11\api-ms-win-core-debug-l1-1-0.dll
0x000002f572f70000 - 0x000002f572f73000 	C:\Users\ISAIAS\.openjfx\cache\17.0.11\api-ms-win-core-errorhandling-l1-1-0.dll
0x000002f572f80000 - 0x000002f572f84000 	C:\Users\ISAIAS\.openjfx\cache\17.0.11\api-ms-win-core-file-l1-1-0.dll
0x000002f572f90000 - 0x000002f572f93000 	C:\Users\ISAIAS\.openjfx\cache\17.0.11\api-ms-win-core-file-l1-2-0.dll
0x000002f572fa0000 - 0x000002f572fa3000 	C:\Users\ISAIAS\.openjfx\cache\17.0.11\api-ms-win-core-file-l2-1-0.dll
0x000002f572fb0000 - 0x000002f572fb3000 	C:\Users\ISAIAS\.openjfx\cache\17.0.11\api-ms-win-core-handle-l1-1-0.dll
0x000002f572fc0000 - 0x000002f572fc3000 	C:\Users\ISAIAS\.openjfx\cache\17.0.11\api-ms-win-core-heap-l1-1-0.dll
0x000002f572fd0000 - 0x000002f572fd3000 	C:\Users\ISAIAS\.openjfx\cache\17.0.11\api-ms-win-core-interlocked-l1-1-0.dll
0x000002f572fe0000 - 0x000002f572fe3000 	C:\Users\ISAIAS\.openjfx\cache\17.0.11\api-ms-win-core-libraryloader-l1-1-0.dll
0x000002f572ff0000 - 0x000002f572ff3000 	C:\Users\ISAIAS\.openjfx\cache\17.0.11\api-ms-win-core-localization-l1-2-0.dll
0x000002f577c00000 - 0x000002f577c03000 	C:\Users\ISAIAS\.openjfx\cache\17.0.11\api-ms-win-core-memory-l1-1-0.dll
0x000002f577c10000 - 0x000002f577c13000 	C:\Users\ISAIAS\.openjfx\cache\17.0.11\api-ms-win-core-namedpipe-l1-1-0.dll
0x000002f577c20000 - 0x000002f577c23000 	C:\Users\ISAIAS\.openjfx\cache\17.0.11\api-ms-win-core-processenvironment-l1-1-0.dll
0x000002f577c30000 - 0x000002f577c33000 	C:\Users\ISAIAS\.openjfx\cache\17.0.11\api-ms-win-core-processthreads-l1-1-0.dll
0x000002f577c40000 - 0x000002f577c43000 	C:\Users\ISAIAS\.openjfx\cache\17.0.11\api-ms-win-core-processthreads-l1-1-1.dll
0x000002f577c50000 - 0x000002f577c53000 	C:\Users\ISAIAS\.openjfx\cache\17.0.11\api-ms-win-core-profile-l1-1-0.dll
0x000002f577c60000 - 0x000002f577c63000 	C:\Users\ISAIAS\.openjfx\cache\17.0.11\api-ms-win-core-rtlsupport-l1-1-0.dll
0x000002f577c70000 - 0x000002f577c73000 	C:\Users\ISAIAS\.openjfx\cache\17.0.11\api-ms-win-core-string-l1-1-0.dll
0x000002f577c80000 - 0x000002f577c83000 	C:\Users\ISAIAS\.openjfx\cache\17.0.11\api-ms-win-core-synch-l1-1-0.dll
0x000002f577c90000 - 0x000002f577c93000 	C:\Users\ISAIAS\.openjfx\cache\17.0.11\api-ms-win-core-synch-l1-2-0.dll
0x000002f577ca0000 - 0x000002f577ca3000 	C:\Users\ISAIAS\.openjfx\cache\17.0.11\api-ms-win-core-sysinfo-l1-1-0.dll
0x000002f577cb0000 - 0x000002f577cb3000 	C:\Users\ISAIAS\.openjfx\cache\17.0.11\api-ms-win-core-timezone-l1-1-0.dll
0x000002f577cc0000 - 0x000002f577cc3000 	C:\Users\ISAIAS\.openjfx\cache\17.0.11\api-ms-win-core-util-l1-1-0.dll
0x000002f577cd0000 - 0x000002f577cd3000 	C:\Users\ISAIAS\.openjfx\cache\17.0.11\api-ms-win-crt-conio-l1-1-0.dll
0x000002f577ce0000 - 0x000002f577ce4000 	C:\Users\ISAIAS\.openjfx\cache\17.0.11\api-ms-win-crt-convert-l1-1-0.dll
0x000002f577cf0000 - 0x000002f577cf3000 	C:\Users\ISAIAS\.openjfx\cache\17.0.11\api-ms-win-crt-environment-l1-1-0.dll
0x000002f577d00000 - 0x000002f577d03000 	C:\Users\ISAIAS\.openjfx\cache\17.0.11\api-ms-win-crt-filesystem-l1-1-0.dll
0x000002f577d10000 - 0x000002f577d13000 	C:\Users\ISAIAS\.openjfx\cache\17.0.11\api-ms-win-crt-heap-l1-1-0.dll
0x000002f577d20000 - 0x000002f577d23000 	C:\Users\ISAIAS\.openjfx\cache\17.0.11\api-ms-win-crt-locale-l1-1-0.dll
0x000002f577d30000 - 0x000002f577d35000 	C:\Users\ISAIAS\.openjfx\cache\17.0.11\api-ms-win-crt-math-l1-1-0.dll
0x000002f577d40000 - 0x000002f577d45000 	C:\Users\ISAIAS\.openjfx\cache\17.0.11\api-ms-win-crt-multibyte-l1-1-0.dll
0x000002f577d50000 - 0x000002f577d60000 	C:\Users\ISAIAS\.openjfx\cache\17.0.11\api-ms-win-crt-private-l1-1-0.dll
0x000002f577d60000 - 0x000002f577d63000 	C:\Users\ISAIAS\.openjfx\cache\17.0.11\api-ms-win-crt-process-l1-1-0.dll
0x000002f577d70000 - 0x000002f577d74000 	C:\Users\ISAIAS\.openjfx\cache\17.0.11\api-ms-win-crt-runtime-l1-1-0.dll
0x000002f577d80000 - 0x000002f577d84000 	C:\Users\ISAIAS\.openjfx\cache\17.0.11\api-ms-win-crt-stdio-l1-1-0.dll
0x000002f577d90000 - 0x000002f577d94000 	C:\Users\ISAIAS\.openjfx\cache\17.0.11\api-ms-win-crt-string-l1-1-0.dll
0x000002f577da0000 - 0x000002f577da3000 	C:\Users\ISAIAS\.openjfx\cache\17.0.11\api-ms-win-crt-time-l1-1-0.dll
0x000002f577db0000 - 0x000002f577db3000 	C:\Users\ISAIAS\.openjfx\cache\17.0.11\api-ms-win-crt-utility-l1-1-0.dll
0x00007ffa26990000 - 0x00007ffa26a8c000 	C:\Users\ISAIAS\.openjfx\cache\17.0.11\ucrtbase.dll
0x00007ffa69770000 - 0x00007ffa6978b000 	C:\Users\ISAIAS\.openjfx\cache\17.0.11\vcruntime140.dll
0x00007ffa6f7e0000 - 0x00007ffa6f7ec000 	C:\Users\ISAIAS\.openjfx\cache\17.0.11\vcruntime140_1.dll
0x00007ffa274e0000 - 0x00007ffa2756e000 	C:\Users\ISAIAS\.openjfx\cache\17.0.11\msvcp140.dll
0x00007ffa7a0a0000 - 0x00007ffa7a245000 	C:\Windows\System32\ole32.dll
0x00007ffa69710000 - 0x00007ffa69719000 	C:\Users\ISAIAS\.openjfx\cache\17.0.11\msvcp140_1.dll
0x00007ffa5fbb0000 - 0x00007ffa5fbdf000 	C:\Users\ISAIAS\.openjfx\cache\17.0.11\msvcp140_2.dll
0x00007ffa5faa0000 - 0x00007ffa5faca000 	C:\Users\ISAIAS\.openjfx\cache\17.0.11\prism_d3d.dll
0x00007ffa02a40000 - 0x00007ffa02be9000 	C:\Windows\system32\d3d9.dll
0x00007ffa75680000 - 0x00007ffa756ab000 	C:\Windows\SYSTEM32\dwmapi.dll
0x00007ffa75500000 - 0x00007ffa75539000 	C:\Windows\SYSTEM32\dxcore.dll
0x00007ffa753f0000 - 0x00007ffa7549b000 	C:\Windows\system32\uxtheme.dll
0x00007ffa6df00000 - 0x00007ffa6e0bb000 	C:\Windows\System32\DriverStore\FileRepository\u0389834.inf_amd64_ec71e2f28388c974\B389503\aticfx64.dll
0x00007ff9dc340000 - 0x00007ff9de111000 	C:\Windows\System32\DriverStore\FileRepository\u0389834.inf_amd64_ec71e2f28388c974\B389503\amdxn64.dll
0x00007ffa79b20000 - 0x00007ffa79f94000 	C:\Windows\System32\SETUPAPI.dll
0x00007ffa75550000 - 0x00007ffa75648000 	C:\Windows\SYSTEM32\dxgi.dll
0x00007ffa6dc20000 - 0x00007ffa6dc55000 	C:\Windows\SYSTEM32\amdihk64.dll
0x00007ffa71be0000 - 0x00007ffa71c2a000 	C:\Windows\SYSTEM32\directxdatabasehelper.dll
0x00007ffa5fa50000 - 0x00007ffa5fa92000 	C:\Users\ISAIAS\.openjfx\cache\17.0.11\glass.dll
0x00007ffa79510000 - 0x00007ffa79609000 	C:\Windows\System32\COMDLG32.dll
0x00007ffa798b0000 - 0x00007ffa79a03000 	C:\Windows\System32\MSCTF.dll
0x00007ffa63360000 - 0x00007ffa63375000 	C:\Users\ISAIAS\.openjfx\cache\17.0.11\javafx_font.dll
0x00007ffa73b60000 - 0x00007ffa73dd4000 	C:\Windows\SYSTEM32\dwrite.dll
0x00007ffa793e0000 - 0x00007ffa79490000 	C:\Windows\System32\clbcatq.dll
0x00007ffa73360000 - 0x00007ffa73510000 	C:\Windows\SYSTEM32\WindowsCodecs.dll
0x00007ffa4d1b0000 - 0x00007ffa4d20e000 	C:\Windows\system32\dataexchange.dll
0x00007ffa6f2a0000 - 0x00007ffa6f52e000 	C:\Windows\system32\twinapi.appcore.dll
0x00007ffa4ed30000 - 0x00007ffa4ed62000 	C:\Program Files\Common Files\Microsoft Shared\Ink\rtscom.dll
0x00007ffa6dc80000 - 0x00007ffa6ddca000 	C:\Windows\SYSTEM32\textinputframework.dll
0x00007ffa74b50000 - 0x00007ffa74c84000 	C:\Windows\SYSTEM32\CoreMessaging.dll
0x00007ffa71280000 - 0x00007ffa715ec000 	C:\Windows\SYSTEM32\CoreUIComponents.dll
0x00007ffa77df0000 - 0x00007ffa77dfc000 	C:\Windows\SYSTEM32\CRYPTBASE.DLL
0x00007ffa65e50000 - 0x00007ffa65e9b000 	C:\Windows\system32\ApplicationTargetedFeatureDatabase.dll
0x0000000071100000 - 0x0000000071125000 	C:\Users\ISAIAS\.jssc\windows\jSSC-2.8_x86_64.dll

dbghelp: loaded successfully - version: 4.0.5 - missing functions: none
symbol engine: initialized successfully - sym options: 0x614 - pdb path: .;C:\Program Files\Java\jdk-17\bin;C:\Windows\SYSTEM32;C:\Windows\WinSxS\amd64_microsoft.windows.common-controls_6595b64144ccf1df_6.0.22621.3235_none_270f74e173860f98;C:\Program Files\Java\jdk-17\bin\server;C:\Users\ISAIAS\.openjfx\cache\17.0.11;C:\Windows\System32\DriverStore\FileRepository\u0389834.inf_amd64_ec71e2f28388c974\B389503;C:\Program Files\Common Files\Microsoft Shared\Ink;C:\Users\ISAIAS\.jssc\windows

VM Arguments:
jvm_args: -XX:+ShowCodeDetailsInExceptionMessages --module-path=C:\Users\ISAIAS\Documents\U\2024 - 1\PROYECTO - Trotamontañas\Interfaz HMI\HexaView versions\v1.0\beta\target\classes;C:\Users\ISAIAS\.m2\repository\com\github\PanamaHitek\PanamaHitek_Arduino\2.8.2\PanamaHitek_Arduino-2.8.2.jar;C:\Users\ISAIAS\.m2\repository\org\openjfx\javafx-controls\17.0.11\javafx-controls-17.0.11-win.jar;C:\Users\ISAIAS\.m2\repository\org\openjfx\javafx-graphics\17.0.11\javafx-graphics-17.0.11-win.jar;C:\Users\ISAIAS\.m2\repository\org\openjfx\javafx-base\17.0.11\javafx-base-17.0.11-win.jar;C:\Users\ISAIAS\.m2\repository\org\openjfx\javafx-fxml\17.0.11\javafx-fxml-17.0.11-win.jar -Djdk.module.main=com.hexaview 
java_command: com.hexaview/com.hexaview.App
java_class_path (initial): C:\Users\ISAIAS\.m2\repository\org\processing\core\3.3.7\core-3.3.7.jar;C:\Users\ISAIAS\.m2\repository\org\apache\poi\poi\3.15\poi-3.15.jar;C:\Users\ISAIAS\.m2\repository\commons-codec\commons-codec\1.10\commons-codec-1.10.jar;C:\Users\ISAIAS\.m2\repository\org\apache\commons\commons-collections4\4.1\commons-collections4-4.1.jar;C:\Users\ISAIAS\.m2\repository\org\openjfx\javafx-controls\17.0.11\javafx-controls-17.0.11.jar;C:\Users\ISAIAS\.m2\repository\org\openjfx\javafx-graphics\17.0.11\javafx-graphics-17.0.11.jar;C:\Users\ISAIAS\.m2\repository\org\openjfx\javafx-base\17.0.11\javafx-base-17.0.11.jar;C:\Users\ISAIAS\.m2\repository\org\openjfx\javafx-fxml\17.0.11\javafx-fxml-17.0.11.jar
Launcher Type: SUN_STANDARD

[Global flags]
     intx CICompilerCount                          = 4                                         {product} {ergonomic}
     uint ConcGCThreads                            = 2                                         {product} {ergonomic}
     uint G1ConcRefinementThreads                  = 8                                         {product} {ergonomic}
   size_t G1HeapRegionSize                         = 1048576                                   {product} {ergonomic}
    uintx GCDrainStackTargetSize                   = 64                                        {product} {ergonomic}
   size_t InitialHeapSize                          = 98566144                                  {product} {ergonomic}
   size_t MarkStackSize                            = 4194304                                   {product} {ergonomic}
   size_t MaxHeapSize                              = 1564475392                                {product} {ergonomic}
   size_t MaxNewSize                               = 938475520                                 {product} {ergonomic}
   size_t MinHeapDeltaBytes                        = 1048576                                   {product} {ergonomic}
   size_t MinHeapSize                              = 8388608                                   {product} {ergonomic}
    uintx NonNMethodCodeHeapSize                   = 5839372                                {pd product} {ergonomic}
    uintx NonProfiledCodeHeapSize                  = 122909434                              {pd product} {ergonomic}
    uintx ProfiledCodeHeapSize                     = 122909434                              {pd product} {ergonomic}
    uintx ReservedCodeCacheSize                    = 251658240                              {pd product} {ergonomic}
     bool SegmentedCodeCache                       = true                                      {product} {ergonomic}
     bool ShowCodeDetailsInExceptionMessages       = true                                   {manageable} {command line}
   size_t SoftMaxHeapSize                          = 1564475392                             {manageable} {ergonomic}
     bool UseCompressedClassPointers               = true                           {product lp64_product} {ergonomic}
     bool UseCompressedOops                        = true                           {product lp64_product} {ergonomic}
     bool UseG1GC                                  = true                                      {product} {ergonomic}
     bool UseLargePagesIndividualAllocation        = false                                  {pd product} {ergonomic}

Logging:
Log output configuration:
 #0: stdout all=warning uptime,level,tags
 #1: stderr all=off uptime,level,tags

Environment Variables:
JAVA_HOME=C:\Program Files (x86)\graalvm-jdk-21.0.2+13.1
PATH=C:\Program Files\Common Files\Oracle\Java\javapath;C:\Program Files (x86)\graalvm-jdk-21.0.2+13.1\bin;C:\Program Files (x86)\Common Files\Oracle\Java\javapath;C:\Windows\system32;C:\Windows;C:\Windows\System32\Wbem;C:\Windows\System32\WindowsPowerShell\v1.0\;C:\Windows\System32\OpenSSH\;C:\Program Files\dotnet\;C:\Program Files (x86)\IVI Foundation\VISA\WinNT\Bin\;C:\Program Files\IVI Foundation\VISA\Win64\Bin\;C:\Program Files (x86)\IVI Foundation\IVI\Bin\;C:\Program Files\IVI Foundation\IVI\Bin\;C:\Program Files (x86)\IVI Foundation\VISA\WinNT\Bin;C:\Program Files (x86)\National Instruments\Shared\LabVIEW CLI;C:\Program Files\MATLAB\R2020a\runtime\win64;C:\Program Files\MATLAB\R2020a\bin;C:\Program Files\MATLAB\R2020a\polyspace\bin;C:\Program Files\MATLAB\R2024a\runtime\win64;C:\Program Files\MATLAB\R2024a\bin;C:\Users\ISAIAS\AppData\Local\Microsoft\WindowsApps;C:\Users\ISAIAS\AppData\Local\Programs\Microsoft VS Code\bin;C:\Users\ISAIAS\AppData\Local\Microsoft\WindowsApps;;C:\Users\ISAIAS\AppData\Local\Programs\Microsoft VS Code\bin
USERNAME=ISAIAS
LANG=en_US.UTF-8
OS=Windows_NT
PROCESSOR_IDENTIFIER=AMD64 Family 23 Model 160 Stepping 0, AuthenticAMD



---------------  S Y S T E M  ---------------

OS:
 Windows 11 , 64 bit Build 22621 (10.0.22621.3374)
OS uptime: 0 days 16:38 hours
Hyper-V role detected

CPU: total 8 (initial active 8) (8 cores per cpu, 2 threads per core) family 23 model 160 stepping 0 microcode 0x0, cx8, cmov, fxsr, ht, mmx, 3dnowpref, sse, sse2, sse3, ssse3, sse4a, sse4.1, sse4.2, popcnt, lzcnt, tsc, tscinvbit, avx, avx2, aes, clmul, bmi1, bmi2, adx, sha, fma, vzeroupper, clflush, clflushopt, hv

Memory: 4k page, system-wide physical 5965M (288M free)
TotalPageFile size 20301M (AvailPageFile size 3396M)
current process WorkingSet (physical memory assigned to process): 196M, peak: 196M
current process commit charge ("private bytes"): 311M, peak: 311M

vm_info: Java HotSpot(TM) 64-Bit Server VM (17.0.10+11-LTS-240) for windows-amd64 JRE (17.0.10+11-LTS-240), built on Dec 19 2023 21:47:25 by "mach5one" with MS VC++ 17.1 (VS2022)

END.
