#
# A fatal error has been detected by the Java Runtime Environment:
#
#  EXCEPTION_ACCESS_VIOLATION (0xc0000005) at pc=0x000000007110b5db, pid=17712, tid=28392
#
# JRE version: Java(TM) SE Runtime Environment (17.0.10+11) (build 17.0.10+11-LTS-240)
# Java VM: Java HotSpot(TM) 64-Bit Server VM (17.0.10+11-LTS-240, mixed mode, sharing, tiered, compressed oops, compressed class ptrs, g1 gc, windows-amd64)
# Problematic frame:
# C  [jSSC-2.8_x86_64.dll+0xb5db]
#
# No core dump will be written. Minidumps are not enabled by default on client versions of Windows
#
# If you would like to submit a bug report, please visit:
#   https://bugreport.java.com/bugreport/crash.jsp
# The crash happened outside the Java Virtual Machine in native code.
# See problematic frame for where to report the bug.
#

---------------  S U M M A R Y ------------

Command Line: -XX:+ShowCodeDetailsInExceptionMessages --module-path=C:\Users\ISAIAS\Documents\U\2024 - 1\PROYECTO - Trotamontañas\Interfaz HMI\HexaView versions\v1.0\beta\target\classes;C:\Users\ISAIAS\.m2\repository\com\github\PanamaHitek\PanamaHitek_Arduino\2.8.2\PanamaHitek_Arduino-2.8.2.jar;C:\Users\ISAIAS\.m2\repository\org\openjfx\javafx-controls\17.0.11\javafx-controls-17.0.11-win.jar;C:\Users\ISAIAS\.m2\repository\org\openjfx\javafx-graphics\17.0.11\javafx-graphics-17.0.11-win.jar;C:\Users\ISAIAS\.m2\repository\org\openjfx\javafx-base\17.0.11\javafx-base-17.0.11-win.jar;C:\Users\ISAIAS\.m2\repository\org\openjfx\javafx-fxml\17.0.11\javafx-fxml-17.0.11-win.jar -Djdk.module.main=com.hexaview com.hexaview/com.hexaview.App

Host: AMD Ryzen 5 7520U with Radeon Graphics         , 8 cores, 5G,  Windows 11 , 64 bit Build 22621 (10.0.22621.3374)
Time: Sat May 11 01:59:34 2024 Hora est. Pacífico, Sudamérica elapsed time: 2.593512 seconds (0d 0h 0m 2s)

---------------  T H R E A D  ---------------

Current thread (0x0000020507c0f7f0):  JavaThread "Thread-3" daemon [_thread_in_native, id=28392, stack(0x000000bc0e500000,0x000000bc0e600000)]

Stack: [0x000000bc0e500000,0x000000bc0e600000],  sp=0x000000bc0e5ff190,  free space=1020k
Native frames: (J=compiled Java code, j=interpreted, Vv=VM code, C=native code)
C  [jSSC-2.8_x86_64.dll+0xb5db]

Java frames: (J=compiled Java code, j=interpreted, Vv=VM code)
j  jssc.SerialNativeInterface.openPort(Ljava/lang/String;Z)J+0 PanamaHitek.Arduino@2.8.2
j  jssc.SerialPort.openPort()Z+65 PanamaHitek.Arduino@2.8.2
j  com.panamahitek.PanamaHitek_Arduino.arduinoRX(Ljava/lang/String;ILjssc/SerialPortEventListener;)V+58 PanamaHitek.Arduino@2.8.2
j  com.hexaview.App.lambda$0()V+13 com.hexaview
j  com.hexaview.App$$Lambda$660+0x00000205332a7bb0.run()V+4 com.hexaview
j  java.lang.Thread.run()V+11 java.base@17.0.10
v  ~StubRoutines::call_stub

siginfo: EXCEPTION_ACCESS_VIOLATION (0xc0000005), reading address 0x000000007e4bf3e5


Registers:
RAX=0x000000007e4bf3e5, RBX=0x000000bc0e5ff200, RCX=0x00007ffa7b34f544, RDX=0x0000000000000000
RSP=0x000000bc0e5ff190, RBP=0x000000bc0e5ff310, RSI=0x0000020507c0faa0, RDI=0x0000000000000e6c
R8 =0x000000bc0e5ff088, R9 =0x0000000000000000, R10=0x0000000000000000, R11=0x0000000000000246
R12=0x000000bc0e5ff3d0, R13=0x00000205070a66d0, R14=0x000000bc0e5ff2c0, R15=0x0000020507c0f7f0
RIP=0x000000007110b5db, EFLAGS=0x0000000000010202


Register to memory mapping:

RIP=0x000000007110b5db jSSC-2.8_x86_64.dll
RAX=0x000000007e4bf3e5 is an unknown value
RBX=0x000000bc0e5ff200 is pointing into the stack for thread: 0x0000020507c0f7f0
RCX=0x00007ffa7b34f544 ntdll.dll
RDX=0x0 is NULL
RSP=0x000000bc0e5ff190 is pointing into the stack for thread: 0x0000020507c0f7f0
RBP=0x000000bc0e5ff310 is pointing into the stack for thread: 0x0000020507c0f7f0
RSI=0x0000020507c0faa0 points into unknown readable memory: 0x00007ffa02862670 | 70 26 86 02 fa 7f 00 00
RDI=0x0000000000000e6c is an unknown value
R8 =0x000000bc0e5ff088 is pointing into the stack for thread: 0x0000020507c0f7f0
R9 =0x0 is NULL
R10=0x0 is NULL
R11=0x0000000000000246 is an unknown value
R12=0x000000bc0e5ff3d0 is pointing into the stack for thread: 0x0000020507c0f7f0
R13=0x00000205070a66d0 points into unknown readable memory: 0x0000000800000000 | 00 00 00 00 08 00 00 00
R14=0x000000bc0e5ff2c0 is pointing into the stack for thread: 0x0000020507c0f7f0
R15=0x0000020507c0f7f0 is a thread


Top of Stack: (sp=0x000000bc0e5ff190)
0x000000bc0e5ff190:   0000000000000000 00000205070e25a0
0x000000bc0e5ff1a0:   000000007110b230 00007ffa02431f4f
0x000000bc0e5ff1b0:   00000205069378a0 0000000000000004
0x000000bc0e5ff1c0:   0000020507c0faa0 0000000000000e6c
0x000000bc0e5ff1d0:   000000bc0e5ff310 0000000071112590
0x000000bc0e5ff1e0:   0000020507c0f7f0 000000bc0e5ff2c0
0x000000bc0e5ff1f0:   00000205070a66d0 000000bc0e5ff3d0
0x000000bc0e5ff200:   00000205070a66d0 00007ffa7b2eab11
0x000000bc0e5ff210:   00000205070a66c0 0000020512c80000
0x000000bc0e5ff220:   000000bc0e5ff310 0000000000000000
0x000000bc0e5ff230:   0000000071113500 0000000071113be8
0x000000bc0e5ff240:   000000bc0e5ff270 0000000071112641
0x000000bc0e5ff250:   000000bc0e5ff1e0 0000020507c0faa0
0x000000bc0e5ff260:   0000000000000000 0000000000000000
0x000000bc0e5ff270:   000000bc0e5ff310 0000000071101595
0x000000bc0e5ff280:   000000000000001c 000000bc00000000 

Instructions: (pc=0x000000007110b5db)
0x000000007110b4db:   48 85 c0 74 bf 44 8b 03 45 85 c0 0f 84 77 ff ff
0x000000007110b4eb:   ff eb 9f 66 90 e8 8b fe ff ff 48 89 05 0c 34 01
0x000000007110b4fb:   00 eb ad 66 90 e8 7b fe ff ff 48 89 05 fc 33 01
0x000000007110b50b:   00 eb 8b e8 8d fe ff ff c7 03 01 00 00 00 e9 6f
0x000000007110b51b:   ff ff ff 66 90 55 48 89 e5 56 53 48 83 ec 20 48
0x000000007110b52b:   8b 05 d7 33 01 00 48 8b 31 48 89 cb 48 85 c0 74
0x000000007110b53b:   56 44 8b 18 45 85 db 78 42 48 8b 05 bd 33 01 00
0x000000007110b54b:   48 85 c0 74 50 44 8b 10 45 85 d2 74 1d 48 89 f1
0x000000007110b55b:   e8 d0 fd ff ff 48 8b 13 48 8d 42 40 48 8b 48 08
0x000000007110b56b:   48 8b 6a 40 48 8b 60 10 ff e1 48 8b 05 9c 33 01
0x000000007110b57b:   00 48 85 c0 74 2d 48 89 30 eb da e8 b5 fe ff ff
0x000000007110b58b:   0f 1f 44 00 00 eb b2 e8 e9 fd ff ff 48 89 05 6a
0x000000007110b59b:   33 01 00 eb 9c e8 db fd ff ff 48 89 05 5c 33 01
0x000000007110b5ab:   00 eb a2 e8 3d fd ff ff 48 89 05 5e 33 01 00 eb
0x000000007110b5bb:   c5 0f 1f 40 00 55 57 56 53 48 83 ec 28 48 8b 05
0x000000007110b5cb:   39 33 01 00 48 89 cb 48 85 c0 0f 84 c5 00 00 00
0x000000007110b5db:   8b 38 85 ff 0f 88 ab 00 00 00 48 8b 05 1c 33 01
0x000000007110b5eb:   00 48 85 c0 0f 84 bc 00 00 00 8b 30 85 f6 74 57
0x000000007110b5fb:   48 8b 05 0e 33 01 00 48 85 c0 0f 84 e5 00 00 00
0x000000007110b60b:   8b 28 48 8b 35 10 5e 01 00 ff d6 89 c7 89 e9 ff
0x000000007110b61b:   15 f4 5e 01 00 89 f9 48 89 c5 ff 15 b9 5e 01 00
0x000000007110b62b:   48 8b 05 de 32 01 00 48 89 2b 48 85 c0 74 46 48
0x000000007110b63b:   89 da 8b 08 ff 15 d7 5e 01 00 85 c0 74 27 48 83
0x000000007110b64b:   c4 28 5b 5e 5f 5d c3 48 8b 05 bf 32 01 00 48 85
0x000000007110b65b:   c0 74 64 48 8b 10 48 89 13 48 89 18 48 83 c4 28
0x000000007110b66b:   5b 5e 5f 5d c3 48 89 f2 48 83 c4 28 5b 5e 5f 5d
0x000000007110b67b:   48 ff e2 66 90 e8 8b fc ff ff 48 89 05 84 32 01
0x000000007110b68b:   00 eb ac 66 90 e8 ab fd ff ff e9 4b ff ff ff 66
0x000000007110b69b:   0f 1f 44 00 00 e8 db fc ff ff 48 89 05 5c 32 01
0x000000007110b6ab:   00 e9 2a ff ff ff e8 ca fc ff ff 48 89 05 4b 32
0x000000007110b6bb:   01 00 e9 33 ff ff ff e8 29 fc ff ff 48 89 05 4a
0x000000007110b6cb:   32 01 00 48 8b 10 48 85 c0 48 89 13 75 8b e8 12 


Stack slot to memory mapping:
stack at sp + 0 slots: 0x0 is NULL
stack at sp + 1 slots: 0x00000205070e25a0 points into unknown readable memory: 0x0000020512bc15c0 | c0 15 bc 12 05 02 00 00
stack at sp + 2 slots: 0x000000007110b230 jSSC-2.8_x86_64.dll
stack at sp + 3 slots: 0x00007ffa02431f4f jvm.dll
stack at sp + 4 slots: 0x00000205069378a0 points into unknown readable memory: 0x00007ffa32ab7630 | 30 76 ab 32 fa 7f 00 00
stack at sp + 5 slots: 0x0000000000000004 is an unknown value
stack at sp + 6 slots: 0x0000020507c0faa0 points into unknown readable memory: 0x00007ffa02862670 | 70 26 86 02 fa 7f 00 00
stack at sp + 7 slots: 0x0000000000000e6c is an unknown value


---------------  P R O C E S S  ---------------

Threads class SMR info:
_java_thread_list=0x0000020506a6bf20, length=20, elements={
0x0000020514e84f50, 0x0000020531ba3d10, 0x0000020531ba4b90, 0x0000020531bb8b20,
0x0000020531bb96e0, 0x0000020531bbc1b0, 0x0000020531bbcb70, 0x0000020531bbd910,
0x0000020531bcbce0, 0x0000020531bd2700, 0x0000020577043d60, 0x00000205771ce240,
0x00000205776c0110, 0x0000020577859840, 0x000002057783a910, 0x0000020506460db0,
0x0000020506461290, 0x0000020507c0d480, 0x0000020507c0f7f0, 0x0000020507c10720
}

Java Threads: ( => current thread )
  0x0000020514e84f50 JavaThread "main" [_thread_blocked, id=22272, stack(0x000000bc0b900000,0x000000bc0ba00000)]
  0x0000020531ba3d10 JavaThread "Reference Handler" daemon [_thread_blocked, id=7332, stack(0x000000bc0c000000,0x000000bc0c100000)]
  0x0000020531ba4b90 JavaThread "Finalizer" daemon [_thread_blocked, id=3500, stack(0x000000bc0c100000,0x000000bc0c200000)]
  0x0000020531bb8b20 JavaThread "Signal Dispatcher" daemon [_thread_blocked, id=25320, stack(0x000000bc0c200000,0x000000bc0c300000)]
  0x0000020531bb96e0 JavaThread "Attach Listener" daemon [_thread_blocked, id=4612, stack(0x000000bc0c300000,0x000000bc0c400000)]
  0x0000020531bbc1b0 JavaThread "Service Thread" daemon [_thread_blocked, id=28220, stack(0x000000bc0c400000,0x000000bc0c500000)]
  0x0000020531bbcb70 JavaThread "Monitor Deflation Thread" daemon [_thread_blocked, id=27676, stack(0x000000bc0c500000,0x000000bc0c600000)]
  0x0000020531bbd910 JavaThread "C2 CompilerThread0" daemon [_thread_in_native, id=28016, stack(0x000000bc0c600000,0x000000bc0c700000)]
  0x0000020531bcbce0 JavaThread "C1 CompilerThread0" daemon [_thread_blocked, id=21748, stack(0x000000bc0c700000,0x000000bc0c800000)]
  0x0000020531bd2700 JavaThread "Sweeper thread" daemon [_thread_blocked, id=22664, stack(0x000000bc0c800000,0x000000bc0c900000)]
  0x0000020577043d60 JavaThread "Common-Cleaner" daemon [_thread_blocked, id=27540, stack(0x000000bc0c900000,0x000000bc0ca00000)]
  0x00000205771ce240 JavaThread "Notification Thread" daemon [_thread_blocked, id=23504, stack(0x000000bc0ca00000,0x000000bc0cb00000)]
  0x00000205776c0110 JavaThread "QuantumRenderer-0" daemon [_thread_in_Java, id=26072, stack(0x000000bc0cc00000,0x000000bc0cd00000)]
  0x0000020577859840 JavaThread "InvokeLaterDispatcher" daemon [_thread_blocked, id=26732, stack(0x000000bc0cd00000,0x000000bc0ce00000)]
  0x000002057783a910 JavaThread "JavaFX Application Thread" [_thread_in_native, id=3532, stack(0x000000bc0ce00000,0x000000bc0cf00000)]
  0x0000020506460db0 JavaThread "Thread-1" daemon [_thread_in_native, id=10256, stack(0x000000bc0d700000,0x000000bc0d800000)]
  0x0000020506461290 JavaThread "JavaFX-Launcher" [_thread_blocked, id=9352, stack(0x000000bc0d800000,0x000000bc0d900000)]
  0x0000020507c0d480 JavaThread "Prism Font Disposer" daemon [_thread_blocked, id=14820, stack(0x000000bc0e200000,0x000000bc0e300000)]
=>0x0000020507c0f7f0 JavaThread "Thread-3" daemon [_thread_in_native, id=28392, stack(0x000000bc0e500000,0x000000bc0e600000)]
  0x0000020507c10720 JavaThread "Cleaner-0" daemon [_thread_blocked, id=18356, stack(0x000000bc0e100000,0x000000bc0e200000)]

Other Threads:
  0x0000020531b9c4e0 VMThread "VM Thread" [stack: 0x000000bc0bf00000,0x000000bc0c000000] [id=26848]
  0x0000020514ee71f0 WatcherThread [stack: 0x000000bc0cb00000,0x000000bc0cc00000] [id=15876]
  0x0000020514ecfb90 GCTaskThread "GC Thread#0" [stack: 0x000000bc0ba00000,0x000000bc0bb00000] [id=28288]
  0x00000205064f11d0 GCTaskThread "GC Thread#1" [stack: 0x000000bc0d900000,0x000000bc0da00000] [id=28492]
  0x00000205064f1490 GCTaskThread "GC Thread#2" [stack: 0x000000bc0da00000,0x000000bc0db00000] [id=24112]
  0x00000205064f1750 GCTaskThread "GC Thread#3" [stack: 0x000000bc0db00000,0x000000bc0dc00000] [id=26608]
  0x00000205064f1a10 GCTaskThread "GC Thread#4" [stack: 0x000000bc0dc00000,0x000000bc0dd00000] [id=28452]
  0x00000205064f1cd0 GCTaskThread "GC Thread#5" [stack: 0x000000bc0dd00000,0x000000bc0de00000] [id=24768]
  0x00000205072efaf0 GCTaskThread "GC Thread#6" [stack: 0x000000bc0e300000,0x000000bc0e400000] [id=26576]
  0x0000020506e76dd0 GCTaskThread "GC Thread#7" [stack: 0x000000bc0e400000,0x000000bc0e500000] [id=12640]
  0x0000020514edcd70 ConcurrentGCThread "G1 Main Marker" [stack: 0x000000bc0bb00000,0x000000bc0bc00000] [id=25520]
  0x0000020514eddf90 ConcurrentGCThread "G1 Conc#0" [stack: 0x000000bc0bc00000,0x000000bc0bd00000] [id=3820]
  0x0000020531a60090 ConcurrentGCThread "G1 Refine#0" [stack: 0x000000bc0bd00000,0x000000bc0be00000] [id=25116]
  0x0000020531a60ac0 ConcurrentGCThread "G1 Service" [stack: 0x000000bc0be00000,0x000000bc0bf00000] [id=25620]

Threads with active compile tasks:
C2 CompilerThread0     2697 1887       4       javafx.css.CompoundSelector::applies (144 bytes)

VM state: not at safepoint (normal execution)

VM Mutex/Monitor currently owned by a thread: None

Heap address: 0x00000000a2c00000, size: 1492 MB, Compressed Oops mode: 32-bit

CDS archive(s) mapped at: [0x0000020532000000-0x0000020532bd0000-0x0000020532bd0000), size 12386304, SharedBaseAddress: 0x0000020532000000, ArchiveRelocationMode: 1.
Compressed class space mapped at: 0x0000020533000000-0x0000020573000000, reserved size: 1073741824
Narrow klass base: 0x0000020532000000, Narrow klass shift: 0, Narrow klass range: 0x100000000

GC Precious Log:
 CPUs: 8 total, 8 available
 Memory: 5965M
 Large Page Support: Disabled
 NUMA Support: Disabled
 Compressed Oops: Enabled (32-bit)
 Heap Region Size: 1M
 Heap Min Capacity: 8M
 Heap Initial Capacity: 94M
 Heap Max Capacity: 1492M
 Pre-touch: Disabled
 Parallel Workers: 8
 Concurrent Workers: 2
 Concurrent Refinement Workers: 8
 Periodic GC: Disabled

Heap:
 garbage-first heap   total 96256K, used 46090K [0x00000000a2c00000, 0x0000000100000000)
  region size 1024K, 23 young (23552K), 5 survivors (5120K)
 Metaspace       used 17258K, committed 17536K, reserved 1114112K
  class space    used 2677K, committed 2816K, reserved 1048576K

Heap Regions: E=young(eden), S=young(survivor), O=old, HS=humongous(starts), HC=humongous(continues), CS=collection set, F=free, OA=open archive, CA=closed archive, TAMS=top-at-mark-start (previous, next)
|   0|0x00000000a2c00000, 0x00000000a2d00000, 0x00000000a2d00000|100%| O|  |TAMS 0x00000000a2c00000, 0x00000000a2c00000| Untracked 
|   1|0x00000000a2d00000, 0x00000000a2e00000, 0x00000000a2e00000|100%|HS|  |TAMS 0x00000000a2d00000, 0x00000000a2d00000| Complete 
|   2|0x00000000a2e00000, 0x00000000a2f00000, 0x00000000a2f00000|100%|HC|  |TAMS 0x00000000a2e00000, 0x00000000a2e00000| Complete 
|   3|0x00000000a2f00000, 0x00000000a3000000, 0x00000000a3000000|100%|HC|  |TAMS 0x00000000a2f00000, 0x00000000a2f00000| Complete 
|   4|0x00000000a3000000, 0x00000000a3100000, 0x00000000a3100000|100%|HC|  |TAMS 0x00000000a3000000, 0x00000000a3000000| Complete 
|   5|0x00000000a3100000, 0x00000000a3200000, 0x00000000a3200000|100%|HC|  |TAMS 0x00000000a3100000, 0x00000000a3100000| Complete 
|   6|0x00000000a3200000, 0x00000000a3300000, 0x00000000a3300000|100%|HC|  |TAMS 0x00000000a3200000, 0x00000000a3200000| Complete 
|   7|0x00000000a3300000, 0x00000000a3400000, 0x00000000a3400000|100%|HC|  |TAMS 0x00000000a3300000, 0x00000000a3300000| Complete 
|   8|0x00000000a3400000, 0x00000000a3500000, 0x00000000a3500000|100%|HC|  |TAMS 0x00000000a3400000, 0x00000000a3400000| Complete 
|   9|0x00000000a3500000, 0x00000000a3600000, 0x00000000a3600000|100%|HC|  |TAMS 0x00000000a3500000, 0x00000000a3500000| Complete 
|  10|0x00000000a3600000, 0x00000000a3700000, 0x00000000a3700000|100%|HC|  |TAMS 0x00000000a3600000, 0x00000000a3600000| Complete 
|  11|0x00000000a3700000, 0x00000000a3800000, 0x00000000a3800000|100%|HC|  |TAMS 0x00000000a3700000, 0x00000000a3700000| Complete 
|  12|0x00000000a3800000, 0x00000000a3900000, 0x00000000a3900000|100%|HC|  |TAMS 0x00000000a3800000, 0x00000000a3800000| Complete 
|  13|0x00000000a3900000, 0x00000000a3a00000, 0x00000000a3a00000|100%|HC|  |TAMS 0x00000000a3900000, 0x00000000a3900000| Complete 
|  14|0x00000000a3a00000, 0x00000000a3b00000, 0x00000000a3b00000|100%|HC|  |TAMS 0x00000000a3a00000, 0x00000000a3a00000| Complete 
|  15|0x00000000a3b00000, 0x00000000a3c00000, 0x00000000a3c00000|100%|HC|  |TAMS 0x00000000a3b00000, 0x00000000a3b00000| Complete 
|  16|0x00000000a3c00000, 0x00000000a3d00000, 0x00000000a3d00000|100%|HC|  |TAMS 0x00000000a3c00000, 0x00000000a3c00000| Complete 
|  17|0x00000000a3d00000, 0x00000000a3e00000, 0x00000000a3e00000|100%|HC|  |TAMS 0x00000000a3d00000, 0x00000000a3d00000| Complete 
|  18|0x00000000a3e00000, 0x00000000a3f00000, 0x00000000a3f00000|100%|HC|  |TAMS 0x00000000a3e00000, 0x00000000a3e00000| Complete 
|  19|0x00000000a3f00000, 0x00000000a4000000, 0x00000000a4000000|100%| O|  |TAMS 0x00000000a3f00000, 0x00000000a3f00000| Untracked 
|  20|0x00000000a4000000, 0x00000000a4100000, 0x00000000a4100000|100%| O|  |TAMS 0x00000000a4000000, 0x00000000a4000000| Untracked 
|  21|0x00000000a4100000, 0x00000000a413ea00, 0x00000000a4200000| 24%| O|  |TAMS 0x00000000a4100000, 0x00000000a4100000| Untracked 
|  22|0x00000000a4200000, 0x00000000a4300000, 0x00000000a4300000|100%|HS|  |TAMS 0x00000000a4200000, 0x00000000a4200000| Complete 
|  23|0x00000000a4300000, 0x00000000a4400000, 0x00000000a4400000|100%|HC|  |TAMS 0x00000000a4300000, 0x00000000a4300000| Complete 
|  24|0x00000000a4400000, 0x00000000a4400000, 0x00000000a4500000|  0%| F|  |TAMS 0x00000000a4400000, 0x00000000a4400000| Untracked 
|  25|0x00000000a4500000, 0x00000000a4500000, 0x00000000a4600000|  0%| F|  |TAMS 0x00000000a4500000, 0x00000000a4500000| Untracked 
|  26|0x00000000a4600000, 0x00000000a4600000, 0x00000000a4700000|  0%| F|  |TAMS 0x00000000a4600000, 0x00000000a4600000| Untracked 
|  27|0x00000000a4700000, 0x00000000a4700000, 0x00000000a4800000|  0%| F|  |TAMS 0x00000000a4700000, 0x00000000a4700000| Untracked 
|  28|0x00000000a4800000, 0x00000000a4800000, 0x00000000a4900000|  0%| F|  |TAMS 0x00000000a4800000, 0x00000000a4800000| Untracked 
|  29|0x00000000a4900000, 0x00000000a4900000, 0x00000000a4a00000|  0%| F|  |TAMS 0x00000000a4900000, 0x00000000a4900000| Untracked 
|  30|0x00000000a4a00000, 0x00000000a4a00000, 0x00000000a4b00000|  0%| F|  |TAMS 0x00000000a4a00000, 0x00000000a4a00000| Untracked 
|  31|0x00000000a4b00000, 0x00000000a4b00000, 0x00000000a4c00000|  0%| F|  |TAMS 0x00000000a4b00000, 0x00000000a4b00000| Untracked 
|  32|0x00000000a4c00000, 0x00000000a4c00000, 0x00000000a4d00000|  0%| F|  |TAMS 0x00000000a4c00000, 0x00000000a4c00000| Untracked 
|  33|0x00000000a4d00000, 0x00000000a4d00000, 0x00000000a4e00000|  0%| F|  |TAMS 0x00000000a4d00000, 0x00000000a4d00000| Untracked 
|  34|0x00000000a4e00000, 0x00000000a4e00000, 0x00000000a4f00000|  0%| F|  |TAMS 0x00000000a4e00000, 0x00000000a4e00000| Untracked 
|  35|0x00000000a4f00000, 0x00000000a4f00000, 0x00000000a5000000|  0%| F|  |TAMS 0x00000000a4f00000, 0x00000000a4f00000| Untracked 
|  36|0x00000000a5000000, 0x00000000a5000000, 0x00000000a5100000|  0%| F|  |TAMS 0x00000000a5000000, 0x00000000a5000000| Untracked 
|  37|0x00000000a5100000, 0x00000000a5100000, 0x00000000a5200000|  0%| F|  |TAMS 0x00000000a5100000, 0x00000000a5100000| Untracked 
|  38|0x00000000a5200000, 0x00000000a5200000, 0x00000000a5300000|  0%| F|  |TAMS 0x00000000a5200000, 0x00000000a5200000| Untracked 
|  39|0x00000000a5300000, 0x00000000a5300000, 0x00000000a5400000|  0%| F|  |TAMS 0x00000000a5300000, 0x00000000a5300000| Untracked 
|  40|0x00000000a5400000, 0x00000000a5400000, 0x00000000a5500000|  0%| F|  |TAMS 0x00000000a5400000, 0x00000000a5400000| Untracked 
|  41|0x00000000a5500000, 0x00000000a5500000, 0x00000000a5600000|  0%| F|  |TAMS 0x00000000a5500000, 0x00000000a5500000| Untracked 
|  42|0x00000000a5600000, 0x00000000a5600000, 0x00000000a5700000|  0%| F|  |TAMS 0x00000000a5600000, 0x00000000a5600000| Untracked 
|  43|0x00000000a5700000, 0x00000000a5700000, 0x00000000a5800000|  0%| F|  |TAMS 0x00000000a5700000, 0x00000000a5700000| Untracked 
|  44|0x00000000a5800000, 0x00000000a5800000, 0x00000000a5900000|  0%| F|  |TAMS 0x00000000a5800000, 0x00000000a5800000| Untracked 
|  45|0x00000000a5900000, 0x00000000a5900000, 0x00000000a5a00000|  0%| F|  |TAMS 0x00000000a5900000, 0x00000000a5900000| Untracked 
|  46|0x00000000a5a00000, 0x00000000a5a00000, 0x00000000a5b00000|  0%| F|  |TAMS 0x00000000a5a00000, 0x00000000a5a00000| Untracked 
|  47|0x00000000a5b00000, 0x00000000a5b00000, 0x00000000a5c00000|  0%| F|  |TAMS 0x00000000a5b00000, 0x00000000a5b00000| Untracked 
|  48|0x00000000a5c00000, 0x00000000a5c00000, 0x00000000a5d00000|  0%| F|  |TAMS 0x00000000a5c00000, 0x00000000a5c00000| Untracked 
|  49|0x00000000a5d00000, 0x00000000a5d00000, 0x00000000a5e00000|  0%| F|  |TAMS 0x00000000a5d00000, 0x00000000a5d00000| Untracked 
|  50|0x00000000a5e00000, 0x00000000a5e00000, 0x00000000a5f00000|  0%| F|  |TAMS 0x00000000a5e00000, 0x00000000a5e00000| Untracked 
|  51|0x00000000a5f00000, 0x00000000a5f00000, 0x00000000a6000000|  0%| F|  |TAMS 0x00000000a5f00000, 0x00000000a5f00000| Untracked 
|  52|0x00000000a6000000, 0x00000000a6000000, 0x00000000a6100000|  0%| F|  |TAMS 0x00000000a6000000, 0x00000000a6000000| Untracked 
|  53|0x00000000a6100000, 0x00000000a6100000, 0x00000000a6200000|  0%| F|  |TAMS 0x00000000a6100000, 0x00000000a6100000| Untracked 
|  54|0x00000000a6200000, 0x00000000a6200000, 0x00000000a6300000|  0%| F|  |TAMS 0x00000000a6200000, 0x00000000a6200000| Untracked 
|  55|0x00000000a6300000, 0x00000000a63c41f8, 0x00000000a6400000| 76%| S|CS|TAMS 0x00000000a6300000, 0x00000000a6300000| Complete 
|  56|0x00000000a6400000, 0x00000000a6500000, 0x00000000a6500000|100%| S|CS|TAMS 0x00000000a6400000, 0x00000000a6400000| Complete 
|  57|0x00000000a6500000, 0x00000000a6600000, 0x00000000a6600000|100%| S|CS|TAMS 0x00000000a6500000, 0x00000000a6500000| Complete 
|  58|0x00000000a6600000, 0x00000000a6700000, 0x00000000a6700000|100%| S|CS|TAMS 0x00000000a6600000, 0x00000000a6600000| Complete 
|  59|0x00000000a6700000, 0x00000000a6800000, 0x00000000a6800000|100%| S|CS|TAMS 0x00000000a6700000, 0x00000000a6700000| Complete 
|  60|0x00000000a6800000, 0x00000000a6800000, 0x00000000a6900000|  0%| F|  |TAMS 0x00000000a6800000, 0x00000000a6800000| Untracked 
|  61|0x00000000a6900000, 0x00000000a6900000, 0x00000000a6a00000|  0%| F|  |TAMS 0x00000000a6900000, 0x00000000a6900000| Untracked 
|  62|0x00000000a6a00000, 0x00000000a6a00000, 0x00000000a6b00000|  0%| F|  |TAMS 0x00000000a6a00000, 0x00000000a6a00000| Untracked 
|  63|0x00000000a6b00000, 0x00000000a6b00000, 0x00000000a6c00000|  0%| F|  |TAMS 0x00000000a6b00000, 0x00000000a6b00000| Untracked 
|  64|0x00000000a6c00000, 0x00000000a6c00000, 0x00000000a6d00000|  0%| F|  |TAMS 0x00000000a6c00000, 0x00000000a6c00000| Untracked 
|  65|0x00000000a6d00000, 0x00000000a6d00000, 0x00000000a6e00000|  0%| F|  |TAMS 0x00000000a6d00000, 0x00000000a6d00000| Untracked 
|  66|0x00000000a6e00000, 0x00000000a6e00000, 0x00000000a6f00000|  0%| F|  |TAMS 0x00000000a6e00000, 0x00000000a6e00000| Untracked 
|  67|0x00000000a6f00000, 0x00000000a6f00000, 0x00000000a7000000|  0%| F|  |TAMS 0x00000000a6f00000, 0x00000000a6f00000| Untracked 
|  68|0x00000000a7000000, 0x00000000a7000000, 0x00000000a7100000|  0%| F|  |TAMS 0x00000000a7000000, 0x00000000a7000000| Untracked 
|  69|0x00000000a7100000, 0x00000000a7100000, 0x00000000a7200000|  0%| F|  |TAMS 0x00000000a7100000, 0x00000000a7100000| Untracked 
|  70|0x00000000a7200000, 0x00000000a7200000, 0x00000000a7300000|  0%| F|  |TAMS 0x00000000a7200000, 0x00000000a7200000| Untracked 
|  71|0x00000000a7300000, 0x00000000a7300000, 0x00000000a7400000|  0%| F|  |TAMS 0x00000000a7300000, 0x00000000a7300000| Untracked 
|  72|0x00000000a7400000, 0x00000000a7400000, 0x00000000a7500000|  0%| F|  |TAMS 0x00000000a7400000, 0x00000000a7400000| Untracked 
|  73|0x00000000a7500000, 0x00000000a7500000, 0x00000000a7600000|  0%| F|  |TAMS 0x00000000a7500000, 0x00000000a7500000| Untracked 
|  74|0x00000000a7600000, 0x00000000a7600000, 0x00000000a7700000|  0%| F|  |TAMS 0x00000000a7600000, 0x00000000a7600000| Untracked 
|  75|0x00000000a7700000, 0x00000000a7700000, 0x00000000a7800000|  0%| F|  |TAMS 0x00000000a7700000, 0x00000000a7700000| Untracked 
|  76|0x00000000a7800000, 0x00000000a7900000, 0x00000000a7900000|100%| E|  |TAMS 0x00000000a7800000, 0x00000000a7800000| Complete 
|  77|0x00000000a7900000, 0x00000000a7a00000, 0x00000000a7a00000|100%| E|CS|TAMS 0x00000000a7900000, 0x00000000a7900000| Complete 
|  78|0x00000000a7a00000, 0x00000000a7b00000, 0x00000000a7b00000|100%| E|CS|TAMS 0x00000000a7a00000, 0x00000000a7a00000| Complete 
|  79|0x00000000a7b00000, 0x00000000a7c00000, 0x00000000a7c00000|100%| E|CS|TAMS 0x00000000a7b00000, 0x00000000a7b00000| Complete 
|  80|0x00000000a7c00000, 0x00000000a7d00000, 0x00000000a7d00000|100%| E|CS|TAMS 0x00000000a7c00000, 0x00000000a7c00000| Complete 
|  81|0x00000000a7d00000, 0x00000000a7e00000, 0x00000000a7e00000|100%| E|CS|TAMS 0x00000000a7d00000, 0x00000000a7d00000| Complete 
|  82|0x00000000a7e00000, 0x00000000a7f00000, 0x00000000a7f00000|100%| E|CS|TAMS 0x00000000a7e00000, 0x00000000a7e00000| Complete 
|  83|0x00000000a7f00000, 0x00000000a8000000, 0x00000000a8000000|100%| E|CS|TAMS 0x00000000a7f00000, 0x00000000a7f00000| Complete 
|  84|0x00000000a8000000, 0x00000000a8100000, 0x00000000a8100000|100%| E|CS|TAMS 0x00000000a8000000, 0x00000000a8000000| Complete 
|  85|0x00000000a8100000, 0x00000000a8200000, 0x00000000a8200000|100%| E|CS|TAMS 0x00000000a8100000, 0x00000000a8100000| Complete 
|  86|0x00000000a8200000, 0x00000000a8300000, 0x00000000a8300000|100%| E|CS|TAMS 0x00000000a8200000, 0x00000000a8200000| Complete 
|  87|0x00000000a8300000, 0x00000000a8400000, 0x00000000a8400000|100%| E|CS|TAMS 0x00000000a8300000, 0x00000000a8300000| Complete 
|  88|0x00000000a8400000, 0x00000000a8500000, 0x00000000a8500000|100%| E|CS|TAMS 0x00000000a8400000, 0x00000000a8400000| Complete 
|  89|0x00000000a8500000, 0x00000000a8600000, 0x00000000a8600000|100%| E|CS|TAMS 0x00000000a8500000, 0x00000000a8500000| Complete 
|  90|0x00000000a8600000, 0x00000000a8700000, 0x00000000a8700000|100%| E|CS|TAMS 0x00000000a8600000, 0x00000000a8600000| Complete 
|  91|0x00000000a8700000, 0x00000000a8800000, 0x00000000a8800000|100%| E|CS|TAMS 0x00000000a8700000, 0x00000000a8700000| Complete 
|  92|0x00000000a8800000, 0x00000000a8900000, 0x00000000a8900000|100%| E|CS|TAMS 0x00000000a8800000, 0x00000000a8800000| Complete 
|  93|0x00000000a8900000, 0x00000000a8a00000, 0x00000000a8a00000|100%| E|CS|TAMS 0x00000000a8900000, 0x00000000a8900000| Complete 

Card table byte_map: [0x000002052bd50000,0x000002052c040000] _byte_map_base: 0x000002052b83a000

Marking Bits (Prev, Next): (CMBitMap*) 0x0000020514ed01b0, (CMBitMap*) 0x0000020514ed01f0
 Prev Bits: [0x000002052c330000, 0x000002052da80000)
 Next Bits: [0x000002052da80000, 0x000002052f1d0000)

Polling page: 0x0000020512e80000

Metaspace:

Usage:
  Non-class:     14.25 MB used.
      Class:      2.62 MB used.
       Both:     16.87 MB used.

Virtual space:
  Non-class space:       64.00 MB reserved,      14.38 MB ( 22%) committed,  1 nodes.
      Class space:        1.00 GB reserved,       2.75 MB ( <1%) committed,  1 nodes.
             Both:        1.06 GB reserved,      17.12 MB (  2%) committed. 

Chunk freelists:
   Non-Class:  1.44 MB
       Class:  13.23 MB
        Both:  14.67 MB

MaxMetaspaceSize: unlimited
CompressedClassSpaceSize: 1.00 GB
Initial GC threshold: 21.00 MB
Current GC threshold: 21.00 MB
CDS: on
MetaspaceReclaimPolicy: balanced
 - commit_granule_bytes: 65536.
 - commit_granule_words: 8192.
 - virtual_space_node_default_size: 8388608.
 - enlarge_chunks_in_place: 1.
 - new_chunks_are_fully_committed: 0.
 - uncommit_free_chunks: 1.
 - use_allocation_guard: 0.
 - handle_deallocations: 1.


Internal statistics:

num_allocs_failed_limit: 0.
num_arena_births: 234.
num_arena_deaths: 0.
num_vsnodes_births: 2.
num_vsnodes_deaths: 0.
num_space_committed: 274.
num_space_uncommitted: 0.
num_chunks_returned_to_freelist: 0.
num_chunks_taken_from_freelist: 812.
num_chunk_merges: 0.
num_chunk_splits: 555.
num_chunks_enlarged: 426.
num_inconsistent_stats: 0.

CodeHeap 'non-profiled nmethods': size=120000Kb used=753Kb max_used=753Kb free=119246Kb
 bounds [0x0000020524200000, 0x0000020524470000, 0x000002052b730000]
CodeHeap 'profiled nmethods': size=120000Kb used=4854Kb max_used=4854Kb free=115145Kb
 bounds [0x000002051c730000, 0x000002051cbf0000, 0x0000020523c60000]
CodeHeap 'non-nmethods': size=5760Kb used=1430Kb max_used=1481Kb free=4329Kb
 bounds [0x0000020523c60000, 0x0000020523ed0000, 0x0000020524200000]
 total_blobs=3260 nmethods=2466 adapters=706
 compilation: enabled
              stopped_count=0, restarted_count=0
 full_count=0

Compilation events (20 events):
Event: 2.524 Thread 0x0000020531bcbce0 2344       3       java.util.RegularEnumSet::add (40 bytes)
Event: 2.524 Thread 0x0000020531bcbce0 nmethod 2344 0x000002051cbc1d10 code [0x000002051cbc1ec0, 0x000002051cbc20a8]
Event: 2.524 Thread 0x0000020531bcbce0 2346       3       javafx.collections.ListChangeBuilder::commit (516 bytes)
Event: 2.526 Thread 0x0000020531bcbce0 nmethod 2346 0x000002051cbc2190 code [0x000002051cbc2680, 0x000002051cbc58b8]
Event: 2.526 Thread 0x0000020531bcbce0 2345       3       java.util.EnumSet::typeCheck (59 bytes)
Event: 2.527 Thread 0x0000020531bcbce0 nmethod 2345 0x000002051cbc6590 code [0x000002051cbc6840, 0x000002051cbc7338]
Event: 2.527 Thread 0x0000020531bcbce0 2342       2       javafx.scene.Node::doNotifyLayoutBoundsChanged (47 bytes)
Event: 2.527 Thread 0x0000020531bcbce0 nmethod 2342 0x000002051cbc7710 code [0x000002051cbc7900, 0x000002051cbc7c68]
Event: 2.528 Thread 0x0000020531bcbce0 2347       2       javafx.beans.property.DoublePropertyBase::<init> (25 bytes)
Event: 2.528 Thread 0x0000020531bcbce0 nmethod 2347 0x000002051cbc7e90 code [0x000002051cbc8020, 0x000002051cbc8198]
Event: 2.528 Thread 0x0000020531bcbce0 2348       2       javafx.scene.control.SkinBase::snapSizeX (9 bytes)
Event: 2.528 Thread 0x0000020531bcbce0 nmethod 2348 0x000002051cbc8210 code [0x000002051cbc8400, 0x000002051cbc8658]
Event: 2.528 Thread 0x0000020531bcbce0 2337       1       com.sun.javafx.geom.RectBounds::setMinX (6 bytes)
Event: 2.528 Thread 0x0000020531bcbce0 nmethod 2337 0x00000205242b3590 code [0x00000205242b3720, 0x00000205242b37f8]
Event: 2.528 Thread 0x0000020531bcbce0 2338       1       com.sun.javafx.geom.RectBounds::setMaxX (6 bytes)
Event: 2.528 Thread 0x0000020531bcbce0 nmethod 2338 0x00000205242b3890 code [0x00000205242b3a20, 0x00000205242b3af8]
Event: 2.528 Thread 0x0000020531bcbce0 2339       1       com.sun.javafx.text.TextRun::setLine (6 bytes)
Event: 2.528 Thread 0x0000020531bcbce0 nmethod 2339 0x00000205242b3b90 code [0x00000205242b3d20, 0x00000205242b3e38]
Event: 2.528 Thread 0x0000020531bcbce0 2340       1       com.sun.javafx.text.TextLine::getLeading (5 bytes)
Event: 2.528 Thread 0x0000020531bcbce0 nmethod 2340 0x00000205242b3e90 code [0x00000205242b4020, 0x00000205242b40f8]

GC Heap History (4 events):
Event: 1.071 GC heap before
{Heap before GC invocations=0 (full 0):
 garbage-first heap   total 96256K, used 23552K [0x00000000a2c00000, 0x0000000100000000)
  region size 1024K, 23 young (23552K), 0 survivors (0K)
 Metaspace       used 5574K, committed 5824K, reserved 1114112K
  class space    used 689K, committed 832K, reserved 1048576K
}
Event: 1.076 GC heap after
{Heap after GC invocations=1 (full 0):
 garbage-first heap   total 96256K, used 3371K [0x00000000a2c00000, 0x0000000100000000)
  region size 1024K, 3 young (3072K), 3 survivors (3072K)
 Metaspace       used 5574K, committed 5824K, reserved 1114112K
  class space    used 689K, committed 832K, reserved 1048576K
}
Event: 2.182 GC heap before
{Heap before GC invocations=1 (full 0):
 garbage-first heap   total 96256K, used 53547K [0x00000000a2c00000, 0x0000000100000000)
  region size 1024K, 34 young (34816K), 3 survivors (3072K)
 Metaspace       used 13185K, committed 13376K, reserved 1114112K
  class space    used 1935K, committed 2048K, reserved 1048576K
}
Event: 2.188 GC heap after
{Heap after GC invocations=2 (full 0):
 garbage-first heap   total 96256K, used 26634K [0x00000000a2c00000, 0x0000000100000000)
  region size 1024K, 5 young (5120K), 5 survivors (5120K)
 Metaspace       used 13185K, committed 13376K, reserved 1114112K
  class space    used 1935K, committed 2048K, reserved 1048576K
}

Deoptimization events (20 events):
Event: 1.937 Thread 0x000002057783a910 DEOPT PACKING pc=0x000002051c93e356 sp=0x000000bc0cefd090
Event: 1.937 Thread 0x000002057783a910 DEOPT UNPACKING pc=0x0000020523cb2b43 sp=0x000000bc0cefc518 mode 0
Event: 2.086 Thread 0x000002057783a910 Uncommon trap: trap_request=0xffffffde fr.pc=0x000002052421d8a4 relative=0x00000000000001a4
Event: 2.086 Thread 0x000002057783a910 Uncommon trap: reason=class_check action=maybe_recompile pc=0x000002052421d8a4 method=java.lang.String.equals(Ljava/lang/Object;)Z @ 8 c2
Event: 2.086 Thread 0x000002057783a910 DEOPT PACKING pc=0x000002052421d8a4 sp=0x000000bc0cefdd00
Event: 2.086 Thread 0x000002057783a910 DEOPT UNPACKING pc=0x0000020523cb23a3 sp=0x000000bc0cefdca8 mode 2
Event: 2.086 Thread 0x000002057783a910 Uncommon trap: trap_request=0xffffffde fr.pc=0x000002052421d8a4 relative=0x00000000000001a4
Event: 2.086 Thread 0x000002057783a910 Uncommon trap: reason=class_check action=maybe_recompile pc=0x000002052421d8a4 method=java.lang.String.equals(Ljava/lang/Object;)Z @ 8 c2
Event: 2.086 Thread 0x000002057783a910 DEOPT PACKING pc=0x000002052421d8a4 sp=0x000000bc0cefdc10
Event: 2.086 Thread 0x000002057783a910 DEOPT UNPACKING pc=0x0000020523cb23a3 sp=0x000000bc0cefdbb8 mode 2
Event: 2.086 Thread 0x000002057783a910 Uncommon trap: trap_request=0xffffffde fr.pc=0x000002052421d8a4 relative=0x00000000000001a4
Event: 2.086 Thread 0x000002057783a910 Uncommon trap: reason=class_check action=maybe_recompile pc=0x000002052421d8a4 method=java.lang.String.equals(Ljava/lang/Object;)Z @ 8 c2
Event: 2.086 Thread 0x000002057783a910 DEOPT PACKING pc=0x000002052421d8a4 sp=0x000000bc0cefdc10
Event: 2.086 Thread 0x000002057783a910 DEOPT UNPACKING pc=0x0000020523cb23a3 sp=0x000000bc0cefdbb8 mode 2
Event: 2.088 Thread 0x000002057783a910 Uncommon trap: trap_request=0xffffffde fr.pc=0x000002052421d8a4 relative=0x00000000000001a4
Event: 2.088 Thread 0x000002057783a910 Uncommon trap: reason=class_check action=maybe_recompile pc=0x000002052421d8a4 method=java.lang.String.equals(Ljava/lang/Object;)Z @ 8 c2
Event: 2.088 Thread 0x000002057783a910 DEOPT PACKING pc=0x000002052421d8a4 sp=0x000000bc0cefdb50
Event: 2.088 Thread 0x000002057783a910 DEOPT UNPACKING pc=0x0000020523cb23a3 sp=0x000000bc0cefdaf8 mode 2
Event: 2.247 Thread 0x000002057783a910 DEOPT PACKING pc=0x000002051c93e356 sp=0x000000bc0cefc020
Event: 2.247 Thread 0x000002057783a910 DEOPT UNPACKING pc=0x0000020523cb2b43 sp=0x000000bc0cefb4a8 mode 0

Classes unloaded (0 events):
No events

Classes redefined (0 events):
No events

Internal exceptions (20 events):
Event: 1.208 Thread 0x000002057783a910 Exception <a 'java/lang/ClassNotFoundException'{0x00000000a83280f8}: com/sun/glass/ui/win/themes_es_CO> (0x00000000a83280f8) 
thrown [s\open\src\hotspot\share\prims\jni.cpp, line 535]
Event: 1.317 Thread 0x000002057783a910 Exception <a 'java/lang/NoSuchMethodError'{0x00000000a7e42288}: 'void java.lang.invoke.DirectMethodHandle$Holder.invokeStaticInit(java.lang.Object, java.lang.Object)'> (0x00000000a7e42288) 
thrown [s\open\src\hotspot\share\interpreter\linkResolver.cpp, line 759]
Event: 1.802 Thread 0x000002057783a910 Exception <a 'java/lang/NoSuchMethodError'{0x00000000a75b79b0}: 'void java.lang.invoke.DirectMethodHandle$Holder.invokeSpecial(java.lang.Object, java.lang.Object, java.lang.Object, java.lang.Object, java.lang.Object, java.lang.Object)'> (0x00000000a75b79b0) 
thrown [s\open\src\hotspot\share\interpreter\linkResolver.cpp, line 759]
Event: 1.841 Thread 0x000002057783a910 Exception <a 'sun/nio/fs/WindowsException'{0x00000000a7329e80}> (0x00000000a7329e80) 
thrown [s\open\src\hotspot\share\prims\jni.cpp, line 516]
Event: 1.850 Thread 0x000002057783a910 Exception <a 'java/io/FileNotFoundException'{0x00000000a73579a8}> (0x00000000a73579a8) 
thrown [s\open\src\hotspot\share\prims\jni.cpp, line 516]
Event: 1.912 Thread 0x000002057783a910 Exception <a 'sun/nio/fs/WindowsException'{0x00000000a6e79da0}> (0x00000000a6e79da0) 
thrown [s\open\src\hotspot\share\prims\jni.cpp, line 516]
Event: 1.919 Thread 0x000002057783a910 Exception <a 'java/lang/ClassNotFoundException'{0x00000000a6e8b9a0}: sun/util/logging/resources/spi/loggingProvider> (0x00000000a6e8b9a0) 
thrown [s\open\src\hotspot\share\classfile\systemDictionary.cpp, line 256]
Event: 1.924 Thread 0x000002057783a910 Implicit null exception at 0x000002052425980d to 0x0000020524259c0c
Event: 1.924 Thread 0x000002057783a910 Implicit null exception at 0x000002052423c858 to 0x000002052423c8ee
Event: 1.925 Thread 0x000002057783a910 Implicit null exception at 0x000002052425748a to 0x0000020524257890
Event: 1.936 Thread 0x000002057783a910 Exception <a 'java/io/FileNotFoundException'{0x00000000a6ef4480}> (0x00000000a6ef4480) 
thrown [s\open\src\hotspot\share\prims\jni.cpp, line 516]
Event: 1.943 Thread 0x000002057783a910 Exception <a 'java/io/FileNotFoundException'{0x00000000a6d24848}> (0x00000000a6d24848) 
thrown [s\open\src\hotspot\share\prims\jni.cpp, line 516]
Event: 2.149 Thread 0x000002057783a910 Exception <a 'java/lang/NoSuchMethodError'{0x00000000a6821be8}: 'java.lang.Object java.lang.invoke.DirectMethodHandle$Holder.invokeInterface(java.lang.Object, java.lang.Object, java.lang.Object)'> (0x00000000a6821be8) 
thrown [s\open\src\hotspot\share\interpreter\linkResolver.cpp, line 759]
Event: 2.149 Thread 0x000002057783a910 Exception <a 'java/lang/IncompatibleClassChangeError'{0x00000000a6825570}: Found class java.lang.Object, but interface was expected> (0x00000000a6825570) 
thrown [s\open\src\hotspot\share\interpreter\linkResolver.cpp, line 826]
Event: 2.237 Thread 0x000002057783a910 Exception <a 'java/lang/NoSuchMethodError'{0x00000000a871eed0}: 'void java.lang.invoke.DirectMethodHandle$Holder.invokeSpecialIFC(java.lang.Object, java.lang.Object, java.lang.Object, java.lang.Object)'> (0x00000000a871eed0) 
thrown [s\open\src\hotspot\share\interpreter\linkResolver.cpp, line 759]
Event: 2.245 Thread 0x000002057783a910 Exception <a 'java/lang/ClassNotFoundException'{0x00000000a876d7d8}: com/sun/javafx/scene/control/skin/resources/controls> (0x00000000a876d7d8) 
thrown [s\open\src\hotspot\share\prims\jni.cpp, line 535]
Event: 2.246 Thread 0x000002057783a910 Exception <a 'java/lang/ClassNotFoundException'{0x00000000a877b788}: com/sun/javafx/scene/control/skin/resources/controls_es> (0x00000000a877b788) 
thrown [s\open\src\hotspot\share\prims\jni.cpp, line 535]
Event: 2.248 Thread 0x000002057783a910 Exception <a 'java/lang/ClassNotFoundException'{0x00000000a8789a00}: com/sun/javafx/scene/control/skin/resources/controls_es_CO> (0x00000000a8789a00) 
thrown [s\open\src\hotspot\share\prims\jni.cpp, line 535]
Event: 2.291 Thread 0x000002057783a910 Exception <a 'java/lang/NoSuchMethodError'{0x00000000a8501748}: 'int java.lang.invoke.DirectMethodHandle$Holder.invokeSpecial(java.lang.Object, java.lang.Object, int)'> (0x00000000a8501748) 
thrown [s\open\src\hotspot\share\interpreter\linkResolver.cpp, line 759]
Event: 2.531 Thread 0x000002057783a910 Exception <a 'java/lang/NoSuchMethodError'{0x00000000a7c65dd8}: 'java.lang.Object java.lang.invoke.DirectMethodHandle$Holder.newInvokeSpecial(java.lang.Object, java.lang.Object, int)'> (0x00000000a7c65dd8) 
thrown [s\open\src\hotspot\share\interpreter\linkResolver.cpp, line 759]

VM Operations (20 events):
Event: 1.710 Executing VM operation: ICBufferFull
Event: 1.711 Executing VM operation: ICBufferFull done
Event: 1.770 Executing VM operation: HandshakeAllThreads
Event: 1.770 Executing VM operation: HandshakeAllThreads done
Event: 1.801 Executing VM operation: HandshakeAllThreads
Event: 1.801 Executing VM operation: HandshakeAllThreads done
Event: 2.182 Executing VM operation: G1CollectForAllocation
Event: 2.188 Executing VM operation: G1CollectForAllocation done
Event: 2.227 Executing VM operation: HandshakeAllThreads
Event: 2.227 Executing VM operation: HandshakeAllThreads done
Event: 2.374 Executing VM operation: HandshakeAllThreads
Event: 2.374 Executing VM operation: HandshakeAllThreads done
Event: 2.417 Executing VM operation: HandshakeAllThreads
Event: 2.417 Executing VM operation: HandshakeAllThreads done
Event: 2.417 Executing VM operation: HandshakeAllThreads
Event: 2.417 Executing VM operation: HandshakeAllThreads done
Event: 2.469 Executing VM operation: HandshakeAllThreads
Event: 2.469 Executing VM operation: HandshakeAllThreads done
Event: 2.495 Executing VM operation: ICBufferFull
Event: 2.495 Executing VM operation: ICBufferFull done

Events (20 events):
Event: 2.478 loading class jdk/internal/icu/impl/Trie2$ValueMapper done
Event: 2.478 loading class jdk/internal/icu/impl/Trie2$1 done
Event: 2.478 loading class jdk/internal/icu/impl/Trie2$UTrie2Header
Event: 2.478 loading class jdk/internal/icu/impl/Trie2$UTrie2Header done
Event: 2.481 loading class jdk/internal/icu/text/UTF16
Event: 2.481 loading class jdk/internal/icu/text/UTF16 done
Event: 2.481 loading class jdk/internal/icu/text/BidiLine
Event: 2.481 loading class jdk/internal/icu/text/BidiLine done
Event: 2.507 loading class jdk/internal/math/FDBigInteger
Event: 2.507 loading class jdk/internal/math/FDBigInteger done
Event: 2.525 loading class java/util/ComparableTimSort
Event: 2.525 loading class java/util/ComparableTimSort done
Event: 2.538 loading class java/util/WeakHashMap$EntrySet
Event: 2.538 loading class java/util/WeakHashMap$EntrySet done
Event: 2.538 loading class java/util/WeakHashMap$EntryIterator
Event: 2.538 loading class java/util/WeakHashMap$EntryIterator done
Event: 2.549 loading class java/util/ConcurrentModificationException
Event: 2.549 loading class java/util/ConcurrentModificationException done
Event: 2.553 Thread 0x0000020507c0f7f0 Thread added: 0x0000020507c0f7f0
Event: 2.560 Loaded shared library C:\Users\ISAIAS\.jssc\windows\jSSC-2.8_x86_64.dll


Dynamic libraries:
0x00007ff6e4590000 - 0x00007ff6e45a0000 	C:\Program Files\Java\jdk-17\bin\java.exe
0x00007ffa7b2b0000 - 0x00007ffa7b4c6000 	C:\Windows\SYSTEM32\ntdll.dll
0x00007ffa7a6e0000 - 0x00007ffa7a7a4000 	C:\Windows\System32\KERNEL32.DLL
0x00007ffa78640000 - 0x00007ffa789e7000 	C:\Windows\System32\KERNELBASE.dll
0x00007ffa78ec0000 - 0x00007ffa78fd1000 	C:\Windows\System32\ucrtbase.dll
0x00007ffa51d20000 - 0x00007ffa51d39000 	C:\Program Files\Java\jdk-17\bin\jli.dll
0x00007ffa622f0000 - 0x00007ffa6230b000 	C:\Program Files\Java\jdk-17\bin\VCRUNTIME140.dll
0x00007ffa7a7b0000 - 0x00007ffa7a862000 	C:\Windows\System32\ADVAPI32.dll
0x00007ffa797a0000 - 0x00007ffa79847000 	C:\Windows\System32\msvcrt.dll
0x00007ffa79a10000 - 0x00007ffa79ab8000 	C:\Windows\System32\sechost.dll
0x00007ffa78d50000 - 0x00007ffa78d78000 	C:\Windows\System32\bcrypt.dll
0x00007ffa7b150000 - 0x00007ffa7b265000 	C:\Windows\System32\RPCRT4.dll
0x00007ffa7a370000 - 0x00007ffa7a51e000 	C:\Windows\System32\USER32.dll
0x00007ffa78b60000 - 0x00007ffa78b86000 	C:\Windows\System32\win32u.dll
0x00007ffa65830000 - 0x00007ffa65ac3000 	C:\Windows\WinSxS\amd64_microsoft.windows.common-controls_6595b64144ccf1df_6.0.22621.3235_none_270f74e173860f98\COMCTL32.dll
0x00007ffa7a340000 - 0x00007ffa7a369000 	C:\Windows\System32\GDI32.dll
0x00007ffa78b90000 - 0x00007ffa78ca9000 	C:\Windows\System32\gdi32full.dll
0x00007ffa78cb0000 - 0x00007ffa78d4a000 	C:\Windows\System32\msvcp_win.dll
0x00007ffa71ca0000 - 0x00007ffa71caa000 	C:\Windows\SYSTEM32\VERSION.dll
0x00007ffa7a040000 - 0x00007ffa7a071000 	C:\Windows\System32\IMM32.DLL
0x00007ffa73270000 - 0x00007ffa7327c000 	C:\Program Files\Java\jdk-17\bin\vcruntime140_1.dll
0x00007ffa4de40000 - 0x00007ffa4dece000 	C:\Program Files\Java\jdk-17\bin\msvcp140.dll
0x00007ffa01dc0000 - 0x00007ffa0299f000 	C:\Program Files\Java\jdk-17\bin\server\jvm.dll
0x00007ffa7a080000 - 0x00007ffa7a088000 	C:\Windows\System32\PSAPI.DLL
0x00007ffa5b620000 - 0x00007ffa5b629000 	C:\Windows\SYSTEM32\WSOCK32.dll
0x00007ffa7b0d0000 - 0x00007ffa7b141000 	C:\Windows\System32\WS2_32.dll
0x00007ffa75e40000 - 0x00007ffa75e74000 	C:\Windows\SYSTEM32\WINMM.dll
0x00007ffa77650000 - 0x00007ffa77668000 	C:\Windows\SYSTEM32\kernel.appcore.dll
0x00007ffa6f7f0000 - 0x00007ffa6f7fa000 	C:\Program Files\Java\jdk-17\bin\jimage.dll
0x00007ffa75c00000 - 0x00007ffa75e33000 	C:\Windows\SYSTEM32\DBGHELP.DLL
0x00007ffa79050000 - 0x00007ffa793d8000 	C:\Windows\System32\combase.dll
0x00007ffa7a250000 - 0x00007ffa7a327000 	C:\Windows\System32\OLEAUT32.dll
0x00007ffa75b70000 - 0x00007ffa75ba2000 	C:\Windows\SYSTEM32\dbgcore.DLL
0x00007ffa78d80000 - 0x00007ffa78df9000 	C:\Windows\System32\bcryptPrimitives.dll
0x00007ffa517d0000 - 0x00007ffa517f5000 	C:\Program Files\Java\jdk-17\bin\java.dll
0x00007ffa332e0000 - 0x00007ffa333b7000 	C:\Program Files\Java\jdk-17\bin\jsvml.dll
0x00007ffa7a870000 - 0x00007ffa7b0cc000 	C:\Windows\System32\SHELL32.dll
0x00007ffa764e0000 - 0x00007ffa76dd9000 	C:\Windows\SYSTEM32\windows.storage.dll
0x00007ffa763a0000 - 0x00007ffa764de000 	C:\Windows\SYSTEM32\wintypes.dll
0x00007ffa79610000 - 0x00007ffa79703000 	C:\Windows\System32\SHCORE.dll
0x00007ffa79fe0000 - 0x00007ffa7a03e000 	C:\Windows\System32\shlwapi.dll
0x00007ffa78500000 - 0x00007ffa78521000 	C:\Windows\SYSTEM32\profapi.dll
0x00007ffa51790000 - 0x00007ffa517a9000 	C:\Program Files\Java\jdk-17\bin\net.dll
0x00007ffa71ce0000 - 0x00007ffa71e16000 	C:\Windows\SYSTEM32\WINHTTP.dll
0x00007ffa77ad0000 - 0x00007ffa77b39000 	C:\Windows\system32\mswsock.dll
0x00007ffa4e3e0000 - 0x00007ffa4e3f6000 	C:\Program Files\Java\jdk-17\bin\nio.dll
0x00007ffa517b0000 - 0x00007ffa517c8000 	C:\Program Files\Java\jdk-17\bin\zip.dll
0x0000020514e40000 - 0x0000020514e43000 	C:\Users\ISAIAS\.openjfx\cache\17.0.11\api-ms-win-core-console-l1-1-0.dll
0x0000020531d80000 - 0x0000020531d83000 	C:\Users\ISAIAS\.openjfx\cache\17.0.11\api-ms-win-core-console-l1-2-0.dll
0x0000020531d90000 - 0x0000020531d93000 	C:\Users\ISAIAS\.openjfx\cache\17.0.11\api-ms-win-core-datetime-l1-1-0.dll
0x0000020531da0000 - 0x0000020531da3000 	C:\Users\ISAIAS\.openjfx\cache\17.0.11\api-ms-win-core-debug-l1-1-0.dll
0x0000020531db0000 - 0x0000020531db3000 	C:\Users\ISAIAS\.openjfx\cache\17.0.11\api-ms-win-core-errorhandling-l1-1-0.dll
0x0000020531dc0000 - 0x0000020531dc4000 	C:\Users\ISAIAS\.openjfx\cache\17.0.11\api-ms-win-core-file-l1-1-0.dll
0x0000020531dd0000 - 0x0000020531dd3000 	C:\Users\ISAIAS\.openjfx\cache\17.0.11\api-ms-win-core-file-l1-2-0.dll
0x0000020531de0000 - 0x0000020531de3000 	C:\Users\ISAIAS\.openjfx\cache\17.0.11\api-ms-win-core-file-l2-1-0.dll
0x0000020531df0000 - 0x0000020531df3000 	C:\Users\ISAIAS\.openjfx\cache\17.0.11\api-ms-win-core-handle-l1-1-0.dll
0x0000020531e00000 - 0x0000020531e03000 	C:\Users\ISAIAS\.openjfx\cache\17.0.11\api-ms-win-core-heap-l1-1-0.dll
0x0000020531e10000 - 0x0000020531e13000 	C:\Users\ISAIAS\.openjfx\cache\17.0.11\api-ms-win-core-interlocked-l1-1-0.dll
0x0000020531e20000 - 0x0000020531e23000 	C:\Users\ISAIAS\.openjfx\cache\17.0.11\api-ms-win-core-libraryloader-l1-1-0.dll
0x0000020531e30000 - 0x0000020531e33000 	C:\Users\ISAIAS\.openjfx\cache\17.0.11\api-ms-win-core-localization-l1-2-0.dll
0x0000020531e40000 - 0x0000020531e43000 	C:\Users\ISAIAS\.openjfx\cache\17.0.11\api-ms-win-core-memory-l1-1-0.dll
0x0000020531e50000 - 0x0000020531e53000 	C:\Users\ISAIAS\.openjfx\cache\17.0.11\api-ms-win-core-namedpipe-l1-1-0.dll
0x0000020531e60000 - 0x0000020531e63000 	C:\Users\ISAIAS\.openjfx\cache\17.0.11\api-ms-win-core-processenvironment-l1-1-0.dll
0x0000020531e70000 - 0x0000020531e73000 	C:\Users\ISAIAS\.openjfx\cache\17.0.11\api-ms-win-core-processthreads-l1-1-0.dll
0x0000020531e80000 - 0x0000020531e83000 	C:\Users\ISAIAS\.openjfx\cache\17.0.11\api-ms-win-core-processthreads-l1-1-1.dll
0x0000020531e90000 - 0x0000020531e93000 	C:\Users\ISAIAS\.openjfx\cache\17.0.11\api-ms-win-core-profile-l1-1-0.dll
0x0000020531ea0000 - 0x0000020531ea3000 	C:\Users\ISAIAS\.openjfx\cache\17.0.11\api-ms-win-core-rtlsupport-l1-1-0.dll
0x0000020531eb0000 - 0x0000020531eb3000 	C:\Users\ISAIAS\.openjfx\cache\17.0.11\api-ms-win-core-string-l1-1-0.dll
0x0000020531ec0000 - 0x0000020531ec3000 	C:\Users\ISAIAS\.openjfx\cache\17.0.11\api-ms-win-core-synch-l1-1-0.dll
0x0000020531ed0000 - 0x0000020531ed3000 	C:\Users\ISAIAS\.openjfx\cache\17.0.11\api-ms-win-core-synch-l1-2-0.dll
0x0000020531ee0000 - 0x0000020531ee3000 	C:\Users\ISAIAS\.openjfx\cache\17.0.11\api-ms-win-core-sysinfo-l1-1-0.dll
0x0000020531ef0000 - 0x0000020531ef3000 	C:\Users\ISAIAS\.openjfx\cache\17.0.11\api-ms-win-core-timezone-l1-1-0.dll
0x0000020531f00000 - 0x0000020531f03000 	C:\Users\ISAIAS\.openjfx\cache\17.0.11\api-ms-win-core-util-l1-1-0.dll
0x0000020531f10000 - 0x0000020531f13000 	C:\Users\ISAIAS\.openjfx\cache\17.0.11\api-ms-win-crt-conio-l1-1-0.dll
0x0000020531f20000 - 0x0000020531f24000 	C:\Users\ISAIAS\.openjfx\cache\17.0.11\api-ms-win-crt-convert-l1-1-0.dll
0x0000020531f30000 - 0x0000020531f33000 	C:\Users\ISAIAS\.openjfx\cache\17.0.11\api-ms-win-crt-environment-l1-1-0.dll
0x0000020531f40000 - 0x0000020531f43000 	C:\Users\ISAIAS\.openjfx\cache\17.0.11\api-ms-win-crt-filesystem-l1-1-0.dll
0x0000020531f50000 - 0x0000020531f53000 	C:\Users\ISAIAS\.openjfx\cache\17.0.11\api-ms-win-crt-heap-l1-1-0.dll
0x0000020531f60000 - 0x0000020531f63000 	C:\Users\ISAIAS\.openjfx\cache\17.0.11\api-ms-win-crt-locale-l1-1-0.dll
0x0000020531f70000 - 0x0000020531f75000 	C:\Users\ISAIAS\.openjfx\cache\17.0.11\api-ms-win-crt-math-l1-1-0.dll
0x0000020531f80000 - 0x0000020531f85000 	C:\Users\ISAIAS\.openjfx\cache\17.0.11\api-ms-win-crt-multibyte-l1-1-0.dll
0x0000020531f90000 - 0x0000020531fa0000 	C:\Users\ISAIAS\.openjfx\cache\17.0.11\api-ms-win-crt-private-l1-1-0.dll
0x0000020531fa0000 - 0x0000020531fa3000 	C:\Users\ISAIAS\.openjfx\cache\17.0.11\api-ms-win-crt-process-l1-1-0.dll
0x0000020531fb0000 - 0x0000020531fb4000 	C:\Users\ISAIAS\.openjfx\cache\17.0.11\api-ms-win-crt-runtime-l1-1-0.dll
0x0000020531fc0000 - 0x0000020531fc4000 	C:\Users\ISAIAS\.openjfx\cache\17.0.11\api-ms-win-crt-stdio-l1-1-0.dll
0x0000020531fd0000 - 0x0000020531fd4000 	C:\Users\ISAIAS\.openjfx\cache\17.0.11\api-ms-win-crt-string-l1-1-0.dll
0x0000020531fe0000 - 0x0000020531fe3000 	C:\Users\ISAIAS\.openjfx\cache\17.0.11\api-ms-win-crt-time-l1-1-0.dll
0x0000020531ff0000 - 0x0000020531ff3000 	C:\Users\ISAIAS\.openjfx\cache\17.0.11\api-ms-win-crt-utility-l1-1-0.dll
0x00007ffa26990000 - 0x00007ffa26a8c000 	C:\Users\ISAIAS\.openjfx\cache\17.0.11\ucrtbase.dll
0x00007ffa63360000 - 0x00007ffa6337b000 	C:\Users\ISAIAS\.openjfx\cache\17.0.11\vcruntime140.dll
0x00007ffa71f20000 - 0x00007ffa71f2c000 	C:\Users\ISAIAS\.openjfx\cache\17.0.11\vcruntime140_1.dll
0x00007ffa31cf0000 - 0x00007ffa31d7e000 	C:\Users\ISAIAS\.openjfx\cache\17.0.11\msvcp140.dll
0x00007ffa7a0a0000 - 0x00007ffa7a245000 	C:\Windows\System32\ole32.dll
0x00007ffa6f7e0000 - 0x00007ffa6f7e9000 	C:\Users\ISAIAS\.openjfx\cache\17.0.11\msvcp140_1.dll
0x00007ffa5fbb0000 - 0x00007ffa5fbdf000 	C:\Users\ISAIAS\.openjfx\cache\17.0.11\msvcp140_2.dll
0x00007ffa5fa50000 - 0x00007ffa5fa7a000 	C:\Users\ISAIAS\.openjfx\cache\17.0.11\prism_d3d.dll
0x00007ffa02a40000 - 0x00007ffa02be9000 	C:\Windows\system32\d3d9.dll
0x00007ffa75680000 - 0x00007ffa756ab000 	C:\Windows\SYSTEM32\dwmapi.dll
0x00007ffa75500000 - 0x00007ffa75539000 	C:\Windows\SYSTEM32\dxcore.dll
0x00007ffa753f0000 - 0x00007ffa7549b000 	C:\Windows\system32\uxtheme.dll
0x00007ffa6df00000 - 0x00007ffa6e0bb000 	C:\Windows\System32\DriverStore\FileRepository\u0389834.inf_amd64_ec71e2f28388c974\B389503\aticfx64.dll
0x00007ff9dc340000 - 0x00007ff9de111000 	C:\Windows\System32\DriverStore\FileRepository\u0389834.inf_amd64_ec71e2f28388c974\B389503\amdxn64.dll
0x00007ffa79b20000 - 0x00007ffa79f94000 	C:\Windows\System32\SETUPAPI.dll
0x00007ffa75550000 - 0x00007ffa75648000 	C:\Windows\SYSTEM32\dxgi.dll
0x00007ffa6dc20000 - 0x00007ffa6dc55000 	C:\Windows\SYSTEM32\amdihk64.dll
0x00007ffa71be0000 - 0x00007ffa71c2a000 	C:\Windows\SYSTEM32\directxdatabasehelper.dll
0x00007ffa32a90000 - 0x00007ffa32ad2000 	C:\Users\ISAIAS\.openjfx\cache\17.0.11\glass.dll
0x00007ffa79510000 - 0x00007ffa79609000 	C:\Windows\System32\COMDLG32.dll
0x00007ffa798b0000 - 0x00007ffa79a03000 	C:\Windows\System32\MSCTF.dll
0x00007ffa4dcf0000 - 0x00007ffa4dd05000 	C:\Users\ISAIAS\.openjfx\cache\17.0.11\javafx_font.dll
0x00007ffa73b60000 - 0x00007ffa73dd4000 	C:\Windows\SYSTEM32\dwrite.dll
0x00007ffa793e0000 - 0x00007ffa79490000 	C:\Windows\System32\clbcatq.dll
0x00007ffa73360000 - 0x00007ffa73510000 	C:\Windows\SYSTEM32\WindowsCodecs.dll
0x00007ffa4d1b0000 - 0x00007ffa4d20e000 	C:\Windows\system32\dataexchange.dll
0x00007ffa6f2a0000 - 0x00007ffa6f52e000 	C:\Windows\system32\twinapi.appcore.dll
0x00007ffa332a0000 - 0x00007ffa332d2000 	C:\Program Files\Common Files\Microsoft Shared\Ink\rtscom.dll
0x00007ffa6dc80000 - 0x00007ffa6ddca000 	C:\Windows\SYSTEM32\textinputframework.dll
0x00007ffa74b50000 - 0x00007ffa74c84000 	C:\Windows\SYSTEM32\CoreMessaging.dll
0x00007ffa71280000 - 0x00007ffa715ec000 	C:\Windows\SYSTEM32\CoreUIComponents.dll
0x00007ffa77df0000 - 0x00007ffa77dfc000 	C:\Windows\SYSTEM32\CRYPTBASE.DLL
0x00007ffa65e50000 - 0x00007ffa65e9b000 	C:\Windows\system32\ApplicationTargetedFeatureDatabase.dll
0x0000000071100000 - 0x0000000071125000 	C:\Users\ISAIAS\.jssc\windows\jSSC-2.8_x86_64.dll

dbghelp: loaded successfully - version: 4.0.5 - missing functions: none
symbol engine: initialized successfully - sym options: 0x614 - pdb path: .;C:\Program Files\Java\jdk-17\bin;C:\Windows\SYSTEM32;C:\Windows\WinSxS\amd64_microsoft.windows.common-controls_6595b64144ccf1df_6.0.22621.3235_none_270f74e173860f98;C:\Program Files\Java\jdk-17\bin\server;C:\Users\ISAIAS\.openjfx\cache\17.0.11;C:\Windows\System32\DriverStore\FileRepository\u0389834.inf_amd64_ec71e2f28388c974\B389503;C:\Program Files\Common Files\Microsoft Shared\Ink;C:\Users\ISAIAS\.jssc\windows

VM Arguments:
jvm_args: -XX:+ShowCodeDetailsInExceptionMessages --module-path=C:\Users\ISAIAS\Documents\U\2024 - 1\PROYECTO - Trotamontañas\Interfaz HMI\HexaView versions\v1.0\beta\target\classes;C:\Users\ISAIAS\.m2\repository\com\github\PanamaHitek\PanamaHitek_Arduino\2.8.2\PanamaHitek_Arduino-2.8.2.jar;C:\Users\ISAIAS\.m2\repository\org\openjfx\javafx-controls\17.0.11\javafx-controls-17.0.11-win.jar;C:\Users\ISAIAS\.m2\repository\org\openjfx\javafx-graphics\17.0.11\javafx-graphics-17.0.11-win.jar;C:\Users\ISAIAS\.m2\repository\org\openjfx\javafx-base\17.0.11\javafx-base-17.0.11-win.jar;C:\Users\ISAIAS\.m2\repository\org\openjfx\javafx-fxml\17.0.11\javafx-fxml-17.0.11-win.jar -Djdk.module.main=com.hexaview 
java_command: com.hexaview/com.hexaview.App
java_class_path (initial): C:\Users\ISAIAS\.m2\repository\org\processing\core\3.3.7\core-3.3.7.jar;C:\Users\ISAIAS\.m2\repository\org\apache\poi\poi\3.15\poi-3.15.jar;C:\Users\ISAIAS\.m2\repository\commons-codec\commons-codec\1.10\commons-codec-1.10.jar;C:\Users\ISAIAS\.m2\repository\org\apache\commons\commons-collections4\4.1\commons-collections4-4.1.jar;C:\Users\ISAIAS\.m2\repository\org\openjfx\javafx-controls\17.0.11\javafx-controls-17.0.11.jar;C:\Users\ISAIAS\.m2\repository\org\openjfx\javafx-graphics\17.0.11\javafx-graphics-17.0.11.jar;C:\Users\ISAIAS\.m2\repository\org\openjfx\javafx-base\17.0.11\javafx-base-17.0.11.jar;C:\Users\ISAIAS\.m2\repository\org\openjfx\javafx-fxml\17.0.11\javafx-fxml-17.0.11.jar
Launcher Type: SUN_STANDARD

[Global flags]
     intx CICompilerCount                          = 4                                         {product} {ergonomic}
     uint ConcGCThreads                            = 2                                         {product} {ergonomic}
     uint G1ConcRefinementThreads                  = 8                                         {product} {ergonomic}
   size_t G1HeapRegionSize                         = 1048576                                   {product} {ergonomic}
    uintx GCDrainStackTargetSize                   = 64                                        {product} {ergonomic}
   size_t InitialHeapSize                          = 98566144                                  {product} {ergonomic}
   size_t MarkStackSize                            = 4194304                                   {product} {ergonomic}
   size_t MaxHeapSize                              = 1564475392                                {product} {ergonomic}
   size_t MaxNewSize                               = 938475520                                 {product} {ergonomic}
   size_t MinHeapDeltaBytes                        = 1048576                                   {product} {ergonomic}
   size_t MinHeapSize                              = 8388608                                   {product} {ergonomic}
    uintx NonNMethodCodeHeapSize                   = 5839372                                {pd product} {ergonomic}
    uintx NonProfiledCodeHeapSize                  = 122909434                              {pd product} {ergonomic}
    uintx ProfiledCodeHeapSize                     = 122909434                              {pd product} {ergonomic}
    uintx ReservedCodeCacheSize                    = 251658240                              {pd product} {ergonomic}
     bool SegmentedCodeCache                       = true                                      {product} {ergonomic}
     bool ShowCodeDetailsInExceptionMessages       = true                                   {manageable} {command line}
   size_t SoftMaxHeapSize                          = 1564475392                             {manageable} {ergonomic}
     bool UseCompressedClassPointers               = true                           {product lp64_product} {ergonomic}
     bool UseCompressedOops                        = true                           {product lp64_product} {ergonomic}
     bool UseG1GC                                  = true                                      {product} {ergonomic}
     bool UseLargePagesIndividualAllocation        = false                                  {pd product} {ergonomic}

Logging:
Log output configuration:
 #0: stdout all=warning uptime,level,tags
 #1: stderr all=off uptime,level,tags

Environment Variables:
JAVA_HOME=C:\Program Files (x86)\graalvm-jdk-21.0.2+13.1
PATH=C:\Program Files\Common Files\Oracle\Java\javapath;C:\Program Files (x86)\graalvm-jdk-21.0.2+13.1\bin;C:\Program Files (x86)\Common Files\Oracle\Java\javapath;C:\Windows\system32;C:\Windows;C:\Windows\System32\Wbem;C:\Windows\System32\WindowsPowerShell\v1.0\;C:\Windows\System32\OpenSSH\;C:\Program Files\dotnet\;C:\Program Files (x86)\IVI Foundation\VISA\WinNT\Bin\;C:\Program Files\IVI Foundation\VISA\Win64\Bin\;C:\Program Files (x86)\IVI Foundation\IVI\Bin\;C:\Program Files\IVI Foundation\IVI\Bin\;C:\Program Files (x86)\IVI Foundation\VISA\WinNT\Bin;C:\Program Files (x86)\National Instruments\Shared\LabVIEW CLI;C:\Program Files\MATLAB\R2020a\runtime\win64;C:\Program Files\MATLAB\R2020a\bin;C:\Program Files\MATLAB\R2020a\polyspace\bin;C:\Program Files\MATLAB\R2024a\runtime\win64;C:\Program Files\MATLAB\R2024a\bin;C:\Users\ISAIAS\AppData\Local\Microsoft\WindowsApps;C:\Users\ISAIAS\AppData\Local\Programs\Microsoft VS Code\bin;C:\Users\ISAIAS\AppData\Local\Microsoft\WindowsApps;;C:\Users\ISAIAS\AppData\Local\Programs\Microsoft VS Code\bin
USERNAME=ISAIAS
LANG=en_US.UTF-8
OS=Windows_NT
PROCESSOR_IDENTIFIER=AMD64 Family 23 Model 160 Stepping 0, AuthenticAMD



---------------  S Y S T E M  ---------------

OS:
 Windows 11 , 64 bit Build 22621 (10.0.22621.3374)
OS uptime: 0 days 16:32 hours
Hyper-V role detected

CPU: total 8 (initial active 8) (8 cores per cpu, 2 threads per core) family 23 model 160 stepping 0 microcode 0x0, cx8, cmov, fxsr, ht, mmx, 3dnowpref, sse, sse2, sse3, ssse3, sse4a, sse4.1, sse4.2, popcnt, lzcnt, tsc, tscinvbit, avx, avx2, aes, clmul, bmi1, bmi2, adx, sha, fma, vzeroupper, clflush, clflushopt, hv

Memory: 4k page, system-wide physical 5965M (238M free)
TotalPageFile size 20301M (AvailPageFile size 3400M)
current process WorkingSet (physical memory assigned to process): 196M, peak: 200M
current process commit charge ("private bytes"): 313M, peak: 316M

vm_info: Java HotSpot(TM) 64-Bit Server VM (17.0.10+11-LTS-240) for windows-amd64 JRE (17.0.10+11-LTS-240), built on Dec 19 2023 21:47:25 by "mach5one" with MS VC++ 17.1 (VS2022)

END.
