#
# A fatal error has been detected by the Java Runtime Environment:
#
#  EXCEPTION_ACCESS_VIOLATION (0xc0000005) at pc=0x000000007110b5db, pid=3420, tid=26484
#
# JRE version: Java(TM) SE Runtime Environment (17.0.10+11) (build 17.0.10+11-LTS-240)
# Java VM: Java HotSpot(TM) 64-Bit Server VM (17.0.10+11-LTS-240, mixed mode, sharing, tiered, compressed oops, compressed class ptrs, g1 gc, windows-amd64)
# Problematic frame:
# C  [jSSC-2.8_x86_64.dll+0xb5db]
#
# No core dump will be written. Minidumps are not enabled by default on client versions of Windows
#
# If you would like to submit a bug report, please visit:
#   https://bugreport.java.com/bugreport/crash.jsp
# The crash happened outside the Java Virtual Machine in native code.
# See problematic frame for where to report the bug.
#

---------------  S U M M A R Y ------------

Command Line: -XX:+ShowCodeDetailsInExceptionMessages --module-path=C:\Users\ISAIAS\Documents\U\2024 - 1\PROYECTO - Trotamontañas\Interfaz HMI\HexaView versions\v1.0\beta\target\classes;C:\Users\ISAIAS\.m2\repository\com\github\PanamaHitek\PanamaHitek_Arduino\3.0.0\PanamaHitek_Arduino-3.0.0.jar;C:\Users\ISAIAS\.m2\repository\org\openjfx\javafx-controls\17.0.11\javafx-controls-17.0.11-win.jar;C:\Users\ISAIAS\.m2\repository\org\openjfx\javafx-graphics\17.0.11\javafx-graphics-17.0.11-win.jar;C:\Users\ISAIAS\.m2\repository\org\openjfx\javafx-base\17.0.11\javafx-base-17.0.11-win.jar;C:\Users\ISAIAS\.m2\repository\org\openjfx\javafx-fxml\17.0.11\javafx-fxml-17.0.11-win.jar -Djdk.module.main=com.hexaview com.hexaview/com.hexaview.App

Host: AMD Ryzen 5 7520U with Radeon Graphics         , 8 cores, 5G,  Windows 11 , 64 bit Build 22621 (10.0.22621.3374)
Time: Sun May 12 20:52:37 2024 Hora est. Pacífico, Sudamérica elapsed time: 1.597117 seconds (0d 0h 0m 1s)

---------------  T H R E A D  ---------------

Current thread (0x0000015f46b12300):  JavaThread "Thread-3" [_thread_in_native, id=26484, stack(0x0000003dc7300000,0x0000003dc7400000)]

Stack: [0x0000003dc7300000,0x0000003dc7400000],  sp=0x0000003dc73fef60,  free space=1019k
Native frames: (J=compiled Java code, j=interpreted, Vv=VM code, C=native code)
C  [jSSC-2.8_x86_64.dll+0xb5db]

Java frames: (J=compiled Java code, j=interpreted, Vv=VM code)
j  jssc.SerialNativeInterface.openPort(Ljava/lang/String;Z)J+0 PanamaHitek.Arduino@3.0.0
j  jssc.SerialPort.openPort()Z+65 PanamaHitek.Arduino@3.0.0
j  com.panamahitek.PanamaHitek_Arduino.arduinoRX(Ljava/lang/String;ILjssc/SerialPortEventListener;)V+58 PanamaHitek.Arduino@3.0.0
j  com.hexaview.DefaultController.lambda$0()V+25 com.hexaview
j  com.hexaview.DefaultController$$Lambda$194+0x0000015f011b8ef0.run()V+4 com.hexaview
j  java.lang.Thread.run()V+11 java.base@17.0.10
v  ~StubRoutines::call_stub

siginfo: EXCEPTION_ACCESS_VIOLATION (0xc0000005), reading address 0x000000004d87497f


Registers:
RAX=0x000000004d87497f, RBX=0x0000003dc73fefd0, RCX=0x00007ffa19d0f544, RDX=0x0000000000000000
RSP=0x0000003dc73fef60, RBP=0x0000003dc73ff0e0, RSI=0x0000015f46b125b0, RDI=0x0000000000000ecc
R8 =0x0000003dc73fee58, R9 =0x0000000000000000, R10=0x0000000000000000, R11=0x0000000000000246
R12=0x0000003dc73ff1a0, R13=0x0000015f47177d30, R14=0x0000003dc73ff090, R15=0x0000015f46b12300
RIP=0x000000007110b5db, EFLAGS=0x0000000000010202


Register to memory mapping:

RIP=0x000000007110b5db jSSC-2.8_x86_64.dll
RAX=0x000000004d87497f is an unknown value
RBX=0x0000003dc73fefd0 is pointing into the stack for thread: 0x0000015f46b12300
RCX=0x00007ffa19d0f544 ntdll.dll
RDX=0x0 is NULL
RSP=0x0000003dc73fef60 is pointing into the stack for thread: 0x0000015f46b12300
RBP=0x0000003dc73ff0e0 is pointing into the stack for thread: 0x0000015f46b12300
RSI=0x0000015f46b125b0 points into unknown readable memory: 0x00007ff957232670 | 70 26 23 57 f9 7f 00 00
RDI=0x0000000000000ecc is an unknown value
R8 =0x0000003dc73fee58 is pointing into the stack for thread: 0x0000015f46b12300
R9 =0x0 is NULL
R10=0x0 is NULL
R11=0x0000000000000246 is an unknown value
R12=0x0000003dc73ff1a0 is pointing into the stack for thread: 0x0000015f46b12300
R13=0x0000015f47177d30 points into unknown readable memory: 0x0000000800000000 | 00 00 00 00 08 00 00 00
R14=0x0000003dc73ff090 is pointing into the stack for thread: 0x0000015f46b12300
R15=0x0000015f46b12300 is a thread


Top of Stack: (sp=0x0000003dc73fef60)
0x0000003dc73fef60:   0000000000000000 0000015f46b59a00
0x0000003dc73fef70:   000000007110b230 00007ff956e01f4f
0x0000003dc73fef80:   0000015f47088240 0000000000000004
0x0000003dc73fef90:   0000015f46b125b0 0000000000000ecc
0x0000003dc73fefa0:   0000003dc73ff0e0 0000000071112590
0x0000003dc73fefb0:   0000015f46b12300 0000003dc73ff090
0x0000003dc73fefc0:   0000015f47177d30 0000003dc73ff1a0
0x0000003dc73fefd0:   0000015f47177d30 00007ffa19caab11
0x0000003dc73fefe0:   0000015f47177d20 0000015f5c780000
0x0000003dc73feff0:   0000003dc73ff0e0 0000000000000000
0x0000003dc73ff000:   0000000071113500 0000000071113be8
0x0000003dc73ff010:   0000003dc73ff040 0000000071112641
0x0000003dc73ff020:   0000003dc73fefb0 0000015f46b125b0
0x0000003dc73ff030:   0000000000000000 0000000000000000
0x0000003dc73ff040:   0000003dc73ff0e0 0000000071101595
0x0000003dc73ff050:   000000000000001c 0000003d00000000 

Instructions: (pc=0x000000007110b5db)
0x000000007110b4db:   48 85 c0 74 bf 44 8b 03 45 85 c0 0f 84 77 ff ff
0x000000007110b4eb:   ff eb 9f 66 90 e8 8b fe ff ff 48 89 05 0c 34 01
0x000000007110b4fb:   00 eb ad 66 90 e8 7b fe ff ff 48 89 05 fc 33 01
0x000000007110b50b:   00 eb 8b e8 8d fe ff ff c7 03 01 00 00 00 e9 6f
0x000000007110b51b:   ff ff ff 66 90 55 48 89 e5 56 53 48 83 ec 20 48
0x000000007110b52b:   8b 05 d7 33 01 00 48 8b 31 48 89 cb 48 85 c0 74
0x000000007110b53b:   56 44 8b 18 45 85 db 78 42 48 8b 05 bd 33 01 00
0x000000007110b54b:   48 85 c0 74 50 44 8b 10 45 85 d2 74 1d 48 89 f1
0x000000007110b55b:   e8 d0 fd ff ff 48 8b 13 48 8d 42 40 48 8b 48 08
0x000000007110b56b:   48 8b 6a 40 48 8b 60 10 ff e1 48 8b 05 9c 33 01
0x000000007110b57b:   00 48 85 c0 74 2d 48 89 30 eb da e8 b5 fe ff ff
0x000000007110b58b:   0f 1f 44 00 00 eb b2 e8 e9 fd ff ff 48 89 05 6a
0x000000007110b59b:   33 01 00 eb 9c e8 db fd ff ff 48 89 05 5c 33 01
0x000000007110b5ab:   00 eb a2 e8 3d fd ff ff 48 89 05 5e 33 01 00 eb
0x000000007110b5bb:   c5 0f 1f 40 00 55 57 56 53 48 83 ec 28 48 8b 05
0x000000007110b5cb:   39 33 01 00 48 89 cb 48 85 c0 0f 84 c5 00 00 00
0x000000007110b5db:   8b 38 85 ff 0f 88 ab 00 00 00 48 8b 05 1c 33 01
0x000000007110b5eb:   00 48 85 c0 0f 84 bc 00 00 00 8b 30 85 f6 74 57
0x000000007110b5fb:   48 8b 05 0e 33 01 00 48 85 c0 0f 84 e5 00 00 00
0x000000007110b60b:   8b 28 48 8b 35 10 5e 01 00 ff d6 89 c7 89 e9 ff
0x000000007110b61b:   15 f4 5e 01 00 89 f9 48 89 c5 ff 15 b9 5e 01 00
0x000000007110b62b:   48 8b 05 de 32 01 00 48 89 2b 48 85 c0 74 46 48
0x000000007110b63b:   89 da 8b 08 ff 15 d7 5e 01 00 85 c0 74 27 48 83
0x000000007110b64b:   c4 28 5b 5e 5f 5d c3 48 8b 05 bf 32 01 00 48 85
0x000000007110b65b:   c0 74 64 48 8b 10 48 89 13 48 89 18 48 83 c4 28
0x000000007110b66b:   5b 5e 5f 5d c3 48 89 f2 48 83 c4 28 5b 5e 5f 5d
0x000000007110b67b:   48 ff e2 66 90 e8 8b fc ff ff 48 89 05 84 32 01
0x000000007110b68b:   00 eb ac 66 90 e8 ab fd ff ff e9 4b ff ff ff 66
0x000000007110b69b:   0f 1f 44 00 00 e8 db fc ff ff 48 89 05 5c 32 01
0x000000007110b6ab:   00 e9 2a ff ff ff e8 ca fc ff ff 48 89 05 4b 32
0x000000007110b6bb:   01 00 e9 33 ff ff ff e8 29 fc ff ff 48 89 05 4a
0x000000007110b6cb:   32 01 00 48 8b 10 48 85 c0 48 89 13 75 8b e8 12 


Stack slot to memory mapping:
stack at sp + 0 slots: 0x0 is NULL
stack at sp + 1 slots: 0x0000015f46b59a00 points into unknown readable memory: 0x0000015f5c881440 | 40 14 88 5c 5f 01 00 00
stack at sp + 2 slots: 0x000000007110b230 jSSC-2.8_x86_64.dll
stack at sp + 3 slots: 0x00007ff956e01f4f jvm.dll
stack at sp + 4 slots: 0x0000015f47088240 points into unknown readable memory: 0x005c002e005c005c | 5c 00 5c 00 2e 00 5c 00
stack at sp + 5 slots: 0x0000000000000004 is an unknown value
stack at sp + 6 slots: 0x0000015f46b125b0 points into unknown readable memory: 0x00007ff957232670 | 70 26 23 57 f9 7f 00 00
stack at sp + 7 slots: 0x0000000000000ecc is an unknown value


---------------  P R O C E S S  ---------------

Threads class SMR info:
_java_thread_list=0x0000015f46b947c0, length=19, elements={
0x0000015f5ca63a60, 0x0000015f7b703560, 0x0000015f7b7043e0, 0x0000015f7b718ab0,
0x0000015f7b719670, 0x0000015f7b71c040, 0x0000015f7b71ca00, 0x0000015f7b7298c0,
0x0000015f7b72c380, 0x0000015f7b73f960, 0x0000015f451af410, 0x0000015f4569fe50,
0x0000015f45b0fc00, 0x0000015f45d2bd60, 0x0000015f45d115f0, 0x0000015f4695bac0,
0x0000015f469786f0, 0x0000015f45ccc100, 0x0000015f46b12300
}

Java Threads: ( => current thread )
  0x0000015f5ca63a60 JavaThread "main" [_thread_blocked, id=24836, stack(0x0000003dc4d00000,0x0000003dc4e00000)]
  0x0000015f7b703560 JavaThread "Reference Handler" daemon [_thread_blocked, id=22380, stack(0x0000003dc5400000,0x0000003dc5500000)]
  0x0000015f7b7043e0 JavaThread "Finalizer" daemon [_thread_blocked, id=24772, stack(0x0000003dc5500000,0x0000003dc5600000)]
  0x0000015f7b718ab0 JavaThread "Signal Dispatcher" daemon [_thread_blocked, id=12340, stack(0x0000003dc5600000,0x0000003dc5700000)]
  0x0000015f7b719670 JavaThread "Attach Listener" daemon [_thread_blocked, id=21412, stack(0x0000003dc5700000,0x0000003dc5800000)]
  0x0000015f7b71c040 JavaThread "Service Thread" daemon [_thread_blocked, id=9104, stack(0x0000003dc5800000,0x0000003dc5900000)]
  0x0000015f7b71ca00 JavaThread "Monitor Deflation Thread" daemon [_thread_blocked, id=23348, stack(0x0000003dc5900000,0x0000003dc5a00000)]
  0x0000015f7b7298c0 JavaThread "C2 CompilerThread0" daemon [_thread_blocked, id=20496, stack(0x0000003dc5a00000,0x0000003dc5b00000)]
  0x0000015f7b72c380 JavaThread "C1 CompilerThread0" daemon [_thread_blocked, id=9088, stack(0x0000003dc5b00000,0x0000003dc5c00000)]
  0x0000015f7b73f960 JavaThread "Sweeper thread" daemon [_thread_blocked, id=21780, stack(0x0000003dc5c00000,0x0000003dc5d00000)]
  0x0000015f451af410 JavaThread "Common-Cleaner" daemon [_thread_blocked, id=19884, stack(0x0000003dc5d00000,0x0000003dc5e00000)]
  0x0000015f4569fe50 JavaThread "Notification Thread" daemon [_thread_blocked, id=13472, stack(0x0000003dc5f00000,0x0000003dc6000000)]
  0x0000015f45b0fc00 JavaThread "QuantumRenderer-0" daemon [_thread_blocked, id=15064, stack(0x0000003dc5e00000,0x0000003dc5f00000)]
  0x0000015f45d2bd60 JavaThread "InvokeLaterDispatcher" daemon [_thread_blocked, id=24412, stack(0x0000003dc6100000,0x0000003dc6200000)]
  0x0000015f45d115f0 JavaThread "JavaFX Application Thread" [_thread_in_vm, id=14592, stack(0x0000003dc6200000,0x0000003dc6300000)]
  0x0000015f4695bac0 JavaThread "Thread-1" daemon [_thread_in_native, id=26172, stack(0x0000003dc6b00000,0x0000003dc6c00000)]
  0x0000015f469786f0 JavaThread "JavaFX-Launcher" [_thread_blocked, id=18768, stack(0x0000003dc6c00000,0x0000003dc6d00000)]
  0x0000015f45ccc100 JavaThread "C2 CompilerThread1" daemon [_thread_blocked, id=25276, stack(0x0000003dc7200000,0x0000003dc7300000)]
=>0x0000015f46b12300 JavaThread "Thread-3" [_thread_in_native, id=26484, stack(0x0000003dc7300000,0x0000003dc7400000)]

Other Threads:
  0x0000015f7b6fe950 VMThread "VM Thread" [stack: 0x0000003dc5300000,0x0000003dc5400000] [id=25064]
  0x0000015f5cacac50 WatcherThread [stack: 0x0000003dc6000000,0x0000003dc6100000] [id=24012]
  0x0000015f5caafa20 GCTaskThread "GC Thread#0" [stack: 0x0000003dc4e00000,0x0000003dc4f00000] [id=6172]
  0x0000015f469a85e0 GCTaskThread "GC Thread#1" [stack: 0x0000003dc6d00000,0x0000003dc6e00000] [id=22180]
  0x0000015f469a88a0 GCTaskThread "GC Thread#2" [stack: 0x0000003dc6e00000,0x0000003dc6f00000] [id=19988]
  0x0000015f46a172e0 GCTaskThread "GC Thread#3" [stack: 0x0000003dc6f00000,0x0000003dc7000000] [id=20140]
  0x0000015f46a175a0 GCTaskThread "GC Thread#4" [stack: 0x0000003dc7000000,0x0000003dc7100000] [id=22432]
  0x0000015f469d9df0 GCTaskThread "GC Thread#5" [stack: 0x0000003dc7100000,0x0000003dc7200000] [id=26368]
  0x0000015f5cabc3f0 ConcurrentGCThread "G1 Main Marker" [stack: 0x0000003dc4f00000,0x0000003dc5000000] [id=2348]
  0x0000015f5cabce00 ConcurrentGCThread "G1 Conc#0" [stack: 0x0000003dc5000000,0x0000003dc5100000] [id=18280]
  0x0000015f5cb29db0 ConcurrentGCThread "G1 Refine#0" [stack: 0x0000003dc5100000,0x0000003dc5200000] [id=20764]
  0x0000015f5cb2a7e0 ConcurrentGCThread "G1 Service" [stack: 0x0000003dc5200000,0x0000003dc5300000] [id=26168]

Threads with active compile tasks:

VM state: not at safepoint (normal execution)

VM Mutex/Monitor currently owned by a thread: None

Heap address: 0x00000000a2c00000, size: 1492 MB, Compressed Oops mode: 32-bit

CDS archive(s) mapped at: [0x0000015f00000000-0x0000015f00bd0000-0x0000015f00bd0000), size 12386304, SharedBaseAddress: 0x0000015f00000000, ArchiveRelocationMode: 1.
Compressed class space mapped at: 0x0000015f01000000-0x0000015f41000000, reserved size: 1073741824
Narrow klass base: 0x0000015f00000000, Narrow klass shift: 0, Narrow klass range: 0x100000000

GC Precious Log:
 CPUs: 8 total, 8 available
 Memory: 5965M
 Large Page Support: Disabled
 NUMA Support: Disabled
 Compressed Oops: Enabled (32-bit)
 Heap Region Size: 1M
 Heap Min Capacity: 8M
 Heap Initial Capacity: 94M
 Heap Max Capacity: 1492M
 Pre-touch: Disabled
 Parallel Workers: 8
 Concurrent Workers: 2
 Concurrent Refinement Workers: 8
 Periodic GC: Disabled

Heap:
 garbage-first heap   total 96256K, used 49598K [0x00000000a2c00000, 0x0000000100000000)
  region size 1024K, 30 young (30720K), 3 survivors (3072K)
 Metaspace       used 11725K, committed 11968K, reserved 1114112K
  class space    used 1719K, committed 1856K, reserved 1048576K

Heap Regions: E=young(eden), S=young(survivor), O=old, HS=humongous(starts), HC=humongous(continues), CS=collection set, F=free, OA=open archive, CA=closed archive, TAMS=top-at-mark-start (previous, next)
|   0|0x00000000a2c00000, 0x00000000a2d00000, 0x00000000a2d00000|100%|HS|  |TAMS 0x00000000a2c00000, 0x00000000a2c00000| Complete 
|   1|0x00000000a2d00000, 0x00000000a2d6fa00, 0x00000000a2e00000| 43%| O|  |TAMS 0x00000000a2d00000, 0x00000000a2d00000| Untracked 
|   2|0x00000000a2e00000, 0x00000000a2f00000, 0x00000000a2f00000|100%|HS|  |TAMS 0x00000000a2e00000, 0x00000000a2e00000| Complete 
|   3|0x00000000a2f00000, 0x00000000a3000000, 0x00000000a3000000|100%|HC|  |TAMS 0x00000000a2f00000, 0x00000000a2f00000| Complete 
|   4|0x00000000a3000000, 0x00000000a3100000, 0x00000000a3100000|100%|HC|  |TAMS 0x00000000a3000000, 0x00000000a3000000| Complete 
|   5|0x00000000a3100000, 0x00000000a3200000, 0x00000000a3200000|100%|HC|  |TAMS 0x00000000a3100000, 0x00000000a3100000| Complete 
|   6|0x00000000a3200000, 0x00000000a3300000, 0x00000000a3300000|100%|HC|  |TAMS 0x00000000a3200000, 0x00000000a3200000| Complete 
|   7|0x00000000a3300000, 0x00000000a3400000, 0x00000000a3400000|100%|HC|  |TAMS 0x00000000a3300000, 0x00000000a3300000| Complete 
|   8|0x00000000a3400000, 0x00000000a3500000, 0x00000000a3500000|100%|HC|  |TAMS 0x00000000a3400000, 0x00000000a3400000| Complete 
|   9|0x00000000a3500000, 0x00000000a3600000, 0x00000000a3600000|100%|HC|  |TAMS 0x00000000a3500000, 0x00000000a3500000| Complete 
|  10|0x00000000a3600000, 0x00000000a3700000, 0x00000000a3700000|100%|HC|  |TAMS 0x00000000a3600000, 0x00000000a3600000| Complete 
|  11|0x00000000a3700000, 0x00000000a3800000, 0x00000000a3800000|100%|HC|  |TAMS 0x00000000a3700000, 0x00000000a3700000| Complete 
|  12|0x00000000a3800000, 0x00000000a3900000, 0x00000000a3900000|100%|HC|  |TAMS 0x00000000a3800000, 0x00000000a3800000| Complete 
|  13|0x00000000a3900000, 0x00000000a3a00000, 0x00000000a3a00000|100%|HC|  |TAMS 0x00000000a3900000, 0x00000000a3900000| Complete 
|  14|0x00000000a3a00000, 0x00000000a3b00000, 0x00000000a3b00000|100%|HC|  |TAMS 0x00000000a3a00000, 0x00000000a3a00000| Complete 
|  15|0x00000000a3b00000, 0x00000000a3c00000, 0x00000000a3c00000|100%|HC|  |TAMS 0x00000000a3b00000, 0x00000000a3b00000| Complete 
|  16|0x00000000a3c00000, 0x00000000a3d00000, 0x00000000a3d00000|100%|HC|  |TAMS 0x00000000a3c00000, 0x00000000a3c00000| Complete 
|  17|0x00000000a3d00000, 0x00000000a3e00000, 0x00000000a3e00000|100%|HC|  |TAMS 0x00000000a3d00000, 0x00000000a3d00000| Complete 
|  18|0x00000000a3e00000, 0x00000000a3f00000, 0x00000000a3f00000|100%|HC|  |TAMS 0x00000000a3e00000, 0x00000000a3e00000| Complete 
|  19|0x00000000a3f00000, 0x00000000a4000000, 0x00000000a4000000|100%|HC|  |TAMS 0x00000000a3f00000, 0x00000000a3f00000| Complete 
|  20|0x00000000a4000000, 0x00000000a4000000, 0x00000000a4100000|  0%| F|  |TAMS 0x00000000a4000000, 0x00000000a4000000| Untracked 
|  21|0x00000000a4100000, 0x00000000a4100000, 0x00000000a4200000|  0%| F|  |TAMS 0x00000000a4100000, 0x00000000a4100000| Untracked 
|  22|0x00000000a4200000, 0x00000000a4200000, 0x00000000a4300000|  0%| F|  |TAMS 0x00000000a4200000, 0x00000000a4200000| Untracked 
|  23|0x00000000a4300000, 0x00000000a4300000, 0x00000000a4400000|  0%| F|  |TAMS 0x00000000a4300000, 0x00000000a4300000| Untracked 
|  24|0x00000000a4400000, 0x00000000a4400000, 0x00000000a4500000|  0%| F|  |TAMS 0x00000000a4400000, 0x00000000a4400000| Untracked 
|  25|0x00000000a4500000, 0x00000000a4500000, 0x00000000a4600000|  0%| F|  |TAMS 0x00000000a4500000, 0x00000000a4500000| Untracked 
|  26|0x00000000a4600000, 0x00000000a4600000, 0x00000000a4700000|  0%| F|  |TAMS 0x00000000a4600000, 0x00000000a4600000| Untracked 
|  27|0x00000000a4700000, 0x00000000a4700000, 0x00000000a4800000|  0%| F|  |TAMS 0x00000000a4700000, 0x00000000a4700000| Untracked 
|  28|0x00000000a4800000, 0x00000000a4800000, 0x00000000a4900000|  0%| F|  |TAMS 0x00000000a4800000, 0x00000000a4800000| Untracked 
|  29|0x00000000a4900000, 0x00000000a4900000, 0x00000000a4a00000|  0%| F|  |TAMS 0x00000000a4900000, 0x00000000a4900000| Untracked 
|  30|0x00000000a4a00000, 0x00000000a4a00000, 0x00000000a4b00000|  0%| F|  |TAMS 0x00000000a4a00000, 0x00000000a4a00000| Untracked 
|  31|0x00000000a4b00000, 0x00000000a4b00000, 0x00000000a4c00000|  0%| F|  |TAMS 0x00000000a4b00000, 0x00000000a4b00000| Untracked 
|  32|0x00000000a4c00000, 0x00000000a4c00000, 0x00000000a4d00000|  0%| F|  |TAMS 0x00000000a4c00000, 0x00000000a4c00000| Untracked 
|  33|0x00000000a4d00000, 0x00000000a4d00000, 0x00000000a4e00000|  0%| F|  |TAMS 0x00000000a4d00000, 0x00000000a4d00000| Untracked 
|  34|0x00000000a4e00000, 0x00000000a4e00000, 0x00000000a4f00000|  0%| F|  |TAMS 0x00000000a4e00000, 0x00000000a4e00000| Untracked 
|  35|0x00000000a4f00000, 0x00000000a4f00000, 0x00000000a5000000|  0%| F|  |TAMS 0x00000000a4f00000, 0x00000000a4f00000| Untracked 
|  36|0x00000000a5000000, 0x00000000a5000000, 0x00000000a5100000|  0%| F|  |TAMS 0x00000000a5000000, 0x00000000a5000000| Untracked 
|  37|0x00000000a5100000, 0x00000000a5100000, 0x00000000a5200000|  0%| F|  |TAMS 0x00000000a5100000, 0x00000000a5100000| Untracked 
|  38|0x00000000a5200000, 0x00000000a5200000, 0x00000000a5300000|  0%| F|  |TAMS 0x00000000a5200000, 0x00000000a5200000| Untracked 
|  39|0x00000000a5300000, 0x00000000a5300000, 0x00000000a5400000|  0%| F|  |TAMS 0x00000000a5300000, 0x00000000a5300000| Untracked 
|  40|0x00000000a5400000, 0x00000000a5400000, 0x00000000a5500000|  0%| F|  |TAMS 0x00000000a5400000, 0x00000000a5400000| Untracked 
|  41|0x00000000a5500000, 0x00000000a5500000, 0x00000000a5600000|  0%| F|  |TAMS 0x00000000a5500000, 0x00000000a5500000| Untracked 
|  42|0x00000000a5600000, 0x00000000a5600000, 0x00000000a5700000|  0%| F|  |TAMS 0x00000000a5600000, 0x00000000a5600000| Untracked 
|  43|0x00000000a5700000, 0x00000000a5700000, 0x00000000a5800000|  0%| F|  |TAMS 0x00000000a5700000, 0x00000000a5700000| Untracked 
|  44|0x00000000a5800000, 0x00000000a5800000, 0x00000000a5900000|  0%| F|  |TAMS 0x00000000a5800000, 0x00000000a5800000| Untracked 
|  45|0x00000000a5900000, 0x00000000a5900000, 0x00000000a5a00000|  0%| F|  |TAMS 0x00000000a5900000, 0x00000000a5900000| Untracked 
|  46|0x00000000a5a00000, 0x00000000a5a00000, 0x00000000a5b00000|  0%| F|  |TAMS 0x00000000a5a00000, 0x00000000a5a00000| Untracked 
|  47|0x00000000a5b00000, 0x00000000a5b00000, 0x00000000a5c00000|  0%| F|  |TAMS 0x00000000a5b00000, 0x00000000a5b00000| Untracked 
|  48|0x00000000a5c00000, 0x00000000a5c00000, 0x00000000a5d00000|  0%| F|  |TAMS 0x00000000a5c00000, 0x00000000a5c00000| Untracked 
|  49|0x00000000a5d00000, 0x00000000a5d00000, 0x00000000a5e00000|  0%| F|  |TAMS 0x00000000a5d00000, 0x00000000a5d00000| Untracked 
|  50|0x00000000a5e00000, 0x00000000a5e00000, 0x00000000a5f00000|  0%| F|  |TAMS 0x00000000a5e00000, 0x00000000a5e00000| Untracked 
|  51|0x00000000a5f00000, 0x00000000a5f00000, 0x00000000a6000000|  0%| F|  |TAMS 0x00000000a5f00000, 0x00000000a5f00000| Untracked 
|  52|0x00000000a6000000, 0x00000000a6000000, 0x00000000a6100000|  0%| F|  |TAMS 0x00000000a6000000, 0x00000000a6000000| Untracked 
|  53|0x00000000a6100000, 0x00000000a6100000, 0x00000000a6200000|  0%| F|  |TAMS 0x00000000a6100000, 0x00000000a6100000| Untracked 
|  54|0x00000000a6200000, 0x00000000a6200000, 0x00000000a6300000|  0%| F|  |TAMS 0x00000000a6200000, 0x00000000a6200000| Untracked 
|  55|0x00000000a6300000, 0x00000000a6300000, 0x00000000a6400000|  0%| F|  |TAMS 0x00000000a6300000, 0x00000000a6300000| Untracked 
|  56|0x00000000a6400000, 0x00000000a6400000, 0x00000000a6500000|  0%| F|  |TAMS 0x00000000a6400000, 0x00000000a6400000| Untracked 
|  57|0x00000000a6500000, 0x00000000a6500000, 0x00000000a6600000|  0%| F|  |TAMS 0x00000000a6500000, 0x00000000a6500000| Untracked 
|  58|0x00000000a6600000, 0x00000000a6600000, 0x00000000a6700000|  0%| F|  |TAMS 0x00000000a6600000, 0x00000000a6600000| Untracked 
|  59|0x00000000a6700000, 0x00000000a6700000, 0x00000000a6800000|  0%| F|  |TAMS 0x00000000a6700000, 0x00000000a6700000| Untracked 
|  60|0x00000000a6800000, 0x00000000a6800000, 0x00000000a6900000|  0%| F|  |TAMS 0x00000000a6800000, 0x00000000a6800000| Untracked 
|  61|0x00000000a6900000, 0x00000000a6900000, 0x00000000a6a00000|  0%| F|  |TAMS 0x00000000a6900000, 0x00000000a6900000| Untracked 
|  62|0x00000000a6a00000, 0x00000000a6a00000, 0x00000000a6b00000|  0%| F|  |TAMS 0x00000000a6a00000, 0x00000000a6a00000| Untracked 
|  63|0x00000000a6b00000, 0x00000000a6b00000, 0x00000000a6c00000|  0%| F|  |TAMS 0x00000000a6b00000, 0x00000000a6b00000| Untracked 
|  64|0x00000000a6c00000, 0x00000000a6c680f8, 0x00000000a6d00000| 40%| E|  |TAMS 0x00000000a6c00000, 0x00000000a6c00000| Complete 
|  65|0x00000000a6d00000, 0x00000000a6e00000, 0x00000000a6e00000|100%| E|CS|TAMS 0x00000000a6d00000, 0x00000000a6d00000| Complete 
|  66|0x00000000a6e00000, 0x00000000a6f00000, 0x00000000a6f00000|100%| E|CS|TAMS 0x00000000a6e00000, 0x00000000a6e00000| Complete 
|  67|0x00000000a6f00000, 0x00000000a7000000, 0x00000000a7000000|100%| E|CS|TAMS 0x00000000a6f00000, 0x00000000a6f00000| Complete 
|  68|0x00000000a7000000, 0x00000000a7100000, 0x00000000a7100000|100%| S|CS|TAMS 0x00000000a7000000, 0x00000000a7000000| Complete 
|  69|0x00000000a7100000, 0x00000000a7200000, 0x00000000a7200000|100%| S|CS|TAMS 0x00000000a7100000, 0x00000000a7100000| Complete 
|  70|0x00000000a7200000, 0x00000000a7300000, 0x00000000a7300000|100%| S|CS|TAMS 0x00000000a7200000, 0x00000000a7200000| Complete 
|  71|0x00000000a7300000, 0x00000000a7400000, 0x00000000a7400000|100%| E|CS|TAMS 0x00000000a7300000, 0x00000000a7300000| Complete 
|  72|0x00000000a7400000, 0x00000000a7500000, 0x00000000a7500000|100%| E|CS|TAMS 0x00000000a7400000, 0x00000000a7400000| Complete 
|  73|0x00000000a7500000, 0x00000000a7600000, 0x00000000a7600000|100%| E|CS|TAMS 0x00000000a7500000, 0x00000000a7500000| Complete 
|  74|0x00000000a7600000, 0x00000000a7700000, 0x00000000a7700000|100%| E|CS|TAMS 0x00000000a7600000, 0x00000000a7600000| Complete 
|  75|0x00000000a7700000, 0x00000000a7800000, 0x00000000a7800000|100%| E|CS|TAMS 0x00000000a7700000, 0x00000000a7700000| Complete 
|  76|0x00000000a7800000, 0x00000000a7900000, 0x00000000a7900000|100%| E|CS|TAMS 0x00000000a7800000, 0x00000000a7800000| Complete 
|  77|0x00000000a7900000, 0x00000000a7a00000, 0x00000000a7a00000|100%| E|CS|TAMS 0x00000000a7900000, 0x00000000a7900000| Complete 
|  78|0x00000000a7a00000, 0x00000000a7b00000, 0x00000000a7b00000|100%| E|CS|TAMS 0x00000000a7a00000, 0x00000000a7a00000| Complete 
|  79|0x00000000a7b00000, 0x00000000a7c00000, 0x00000000a7c00000|100%| E|CS|TAMS 0x00000000a7b00000, 0x00000000a7b00000| Complete 
|  80|0x00000000a7c00000, 0x00000000a7d00000, 0x00000000a7d00000|100%| E|CS|TAMS 0x00000000a7c00000, 0x00000000a7c00000| Complete 
|  81|0x00000000a7d00000, 0x00000000a7e00000, 0x00000000a7e00000|100%| E|CS|TAMS 0x00000000a7d00000, 0x00000000a7d00000| Complete 
|  82|0x00000000a7e00000, 0x00000000a7f00000, 0x00000000a7f00000|100%| E|CS|TAMS 0x00000000a7e00000, 0x00000000a7e00000| Complete 
|  83|0x00000000a7f00000, 0x00000000a8000000, 0x00000000a8000000|100%| E|CS|TAMS 0x00000000a7f00000, 0x00000000a7f00000| Complete 
|  84|0x00000000a8000000, 0x00000000a8100000, 0x00000000a8100000|100%| E|CS|TAMS 0x00000000a8000000, 0x00000000a8000000| Complete 
|  85|0x00000000a8100000, 0x00000000a8200000, 0x00000000a8200000|100%| E|CS|TAMS 0x00000000a8100000, 0x00000000a8100000| Complete 
|  86|0x00000000a8200000, 0x00000000a8300000, 0x00000000a8300000|100%| E|CS|TAMS 0x00000000a8200000, 0x00000000a8200000| Complete 
|  87|0x00000000a8300000, 0x00000000a8400000, 0x00000000a8400000|100%| E|CS|TAMS 0x00000000a8300000, 0x00000000a8300000| Complete 
|  88|0x00000000a8400000, 0x00000000a8500000, 0x00000000a8500000|100%| E|CS|TAMS 0x00000000a8400000, 0x00000000a8400000| Complete 
|  89|0x00000000a8500000, 0x00000000a8600000, 0x00000000a8600000|100%| E|CS|TAMS 0x00000000a8500000, 0x00000000a8500000| Complete 
|  90|0x00000000a8600000, 0x00000000a8700000, 0x00000000a8700000|100%| E|CS|TAMS 0x00000000a8600000, 0x00000000a8600000| Complete 
|  91|0x00000000a8700000, 0x00000000a8800000, 0x00000000a8800000|100%| E|CS|TAMS 0x00000000a8700000, 0x00000000a8700000| Complete 
|  92|0x00000000a8800000, 0x00000000a8900000, 0x00000000a8900000|100%| E|CS|TAMS 0x00000000a8800000, 0x00000000a8800000| Complete 
|  93|0x00000000a8900000, 0x00000000a8a00000, 0x00000000a8a00000|100%| E|CS|TAMS 0x00000000a8900000, 0x00000000a8900000| Complete 

Card table byte_map: [0x0000015f75840000,0x0000015f75b30000] _byte_map_base: 0x0000015f7532a000

Marking Bits (Prev, Next): (CMBitMap*) 0x0000015f5cab0040, (CMBitMap*) 0x0000015f5cab0080
 Prev Bits: [0x0000015f75e20000, 0x0000015f77570000)
 Next Bits: [0x0000015f77570000, 0x0000015f78cc0000)

Polling page: 0x0000015f5cb30000

Metaspace:

Usage:
  Non-class:      9.79 MB used.
      Class:      1.68 MB used.
       Both:     11.47 MB used.

Virtual space:
  Non-class space:       64.00 MB reserved,       9.94 MB ( 16%) committed,  1 nodes.
      Class space:        1.00 GB reserved,       1.81 MB ( <1%) committed,  1 nodes.
             Both:        1.06 GB reserved,      11.75 MB (  1%) committed. 

Chunk freelists:
   Non-Class:  5.61 MB
       Class:  14.11 MB
        Both:  19.72 MB

MaxMetaspaceSize: unlimited
CompressedClassSpaceSize: 1.00 GB
Initial GC threshold: 21.00 MB
Current GC threshold: 21.00 MB
CDS: on
MetaspaceReclaimPolicy: balanced
 - commit_granule_bytes: 65536.
 - commit_granule_words: 8192.
 - virtual_space_node_default_size: 8388608.
 - enlarge_chunks_in_place: 1.
 - new_chunks_are_fully_committed: 0.
 - uncommit_free_chunks: 1.
 - use_allocation_guard: 0.
 - handle_deallocations: 1.


Internal statistics:

num_allocs_failed_limit: 0.
num_arena_births: 196.
num_arena_deaths: 0.
num_vsnodes_births: 2.
num_vsnodes_deaths: 0.
num_space_committed: 188.
num_space_uncommitted: 0.
num_chunks_returned_to_freelist: 0.
num_chunks_taken_from_freelist: 572.
num_chunk_merges: 0.
num_chunk_splits: 387.
num_chunks_enlarged: 278.
num_inconsistent_stats: 0.

CodeHeap 'non-profiled nmethods': size=120000Kb used=657Kb max_used=657Kb free=119342Kb
 bounds [0x0000015f6d5c0000, 0x0000015f6d830000, 0x0000015f74af0000]
CodeHeap 'profiled nmethods': size=120000Kb used=3386Kb max_used=3386Kb free=116613Kb
 bounds [0x0000015f65af0000, 0x0000015f65e40000, 0x0000015f6d020000]
CodeHeap 'non-nmethods': size=5760Kb used=1295Kb max_used=1352Kb free=4464Kb
 bounds [0x0000015f6d020000, 0x0000015f6d290000, 0x0000015f6d5c0000]
 total_blobs=2337 nmethods=1709 adapters=540
 compilation: enabled
              stopped_count=0, restarted_count=0
 full_count=0

Compilation events (20 events):
Event: 1.563 Thread 0x0000015f7b72c380 1571       3       com.sun.javafx.geom.RectBounds::<init> (14 bytes)
Event: 1.563 Thread 0x0000015f7b72c380 nmethod 1571 0x0000015f65df8990 code [0x0000015f65df8b40, 0x0000015f65df8d78]
Event: 1.563 Thread 0x0000015f7b72c380 1572       3       com.sun.javafx.geom.RectBounds::setBounds (22 bytes)
Event: 1.563 Thread 0x0000015f7b72c380 nmethod 1572 0x0000015f65df8e90 code [0x0000015f65df9020, 0x0000015f65df9138]
Event: 1.563 Thread 0x0000015f7b72c380 1573       3       java.lang.CharacterData::of (136 bytes)
Event: 1.563 Thread 0x0000015f7b72c380 nmethod 1573 0x0000015f65df9210 code [0x0000015f65df9440, 0x0000015f65df9d38]
Event: 1.563 Thread 0x0000015f7b72c380 1575       3       javafx.fxml.FXMLLoader::processCharacters (20 bytes)
Event: 1.563 Thread 0x0000015f7b72c380 nmethod 1575 0x0000015f65df9f90 code [0x0000015f65dfa140, 0x0000015f65dfa418]
Event: 1.563 Thread 0x0000015f7b72c380 1576       3       javax.xml.stream.util.StreamReaderDelegate::isWhiteSpace (10 bytes)
Event: 1.563 Thread 0x0000015f7b72c380 nmethod 1576 0x0000015f65dfa510 code [0x0000015f65dfa6c0, 0x0000015f65dfa888]
Event: 1.563 Thread 0x0000015f7b72c380 1574       3       com.sun.javafx.binding.ExpressionHelper::addListener (45 bytes)
Event: 1.564 Thread 0x0000015f7b72c380 nmethod 1574 0x0000015f65dfa990 code [0x0000015f65dfaba0, 0x0000015f65dfb288]
Event: 1.566 Thread 0x0000015f7b72c380 1577       3       java.nio.charset.CoderResult::isUnderflow (13 bytes)
Event: 1.566 Thread 0x0000015f7b72c380 nmethod 1577 0x0000015f65dfb490 code [0x0000015f65dfb620, 0x0000015f65dfb798]
Event: 1.567 Thread 0x0000015f7b72c380 1578       3       sun.nio.cs.SingleByte$Encoder::encode (32 bytes)
Event: 1.567 Thread 0x0000015f7b72c380 nmethod 1578 0x0000015f65dfb810 code [0x0000015f65dfb9c0, 0x0000015f65dfbb98]
Event: 1.568 Thread 0x0000015f7b72c380 1579       3       java.nio.CharBuffer::arrayOffset (35 bytes)
Event: 1.568 Thread 0x0000015f7b72c380 nmethod 1579 0x0000015f65dfbd10 code [0x0000015f65dfbee0, 0x0000015f65dfc1b8]
Event: 1.569 Thread 0x0000015f45ccc100 1580       4       java.lang.AbstractStringBuilder::<init> (39 bytes)
Event: 1.571 Thread 0x0000015f45ccc100 nmethod 1580 0x0000015f6d65b410 code [0x0000015f6d65b5a0, 0x0000015f6d65b7d8]

GC Heap History (2 events):
Event: 0.930 GC heap before
{Heap before GC invocations=0 (full 0):
 garbage-first heap   total 96256K, used 23552K [0x00000000a2c00000, 0x0000000100000000)
  region size 1024K, 23 young (23552K), 0 survivors (0K)
 Metaspace       used 5129K, committed 5248K, reserved 1114112K
  class space    used 639K, committed 704K, reserved 1048576K
}
Event: 0.933 GC heap after
{Heap after GC invocations=1 (full 0):
 garbage-first heap   total 96256K, used 4542K [0x00000000a2c00000, 0x0000000100000000)
  region size 1024K, 3 young (3072K), 3 survivors (3072K)
 Metaspace       used 5129K, committed 5248K, reserved 1114112K
  class space    used 639K, committed 704K, reserved 1048576K
}

Deoptimization events (20 events):
Event: 1.482 Thread 0x0000015f45d115f0 Uncommon trap: trap_request=0xffffff6e fr.pc=0x0000015f6d63e9c0 relative=0x0000000000000420
Event: 1.482 Thread 0x0000015f45d115f0 Uncommon trap: reason=loop_limit_check action=maybe_recompile pc=0x0000015f6d63e9c0 method=com.sun.javafx.image.impl.ByteBgra$ToByteBgraPreConv.doConvert([BII[BIIII)V @ 21 c2
Event: 1.482 Thread 0x0000015f45d115f0 DEOPT PACKING pc=0x0000015f6d63e9c0 sp=0x0000003dc62fda20
Event: 1.482 Thread 0x0000015f45d115f0 DEOPT UNPACKING pc=0x0000015f6d0723a3 sp=0x0000003dc62fd9b8 mode 2
Event: 1.509 Thread 0x0000015f45d115f0 Uncommon trap: trap_request=0xffffffc6 fr.pc=0x0000015f6d623150 relative=0x0000000000000410
Event: 1.509 Thread 0x0000015f45d115f0 Uncommon trap: reason=bimorphic_or_optimized_type_check action=maybe_recompile pc=0x0000015f6d623150 method=java.util.HashMap.getNode(Ljava/lang/Object;)Ljava/util/HashMap$Node; @ 128 c2
Event: 1.509 Thread 0x0000015f45d115f0 DEOPT PACKING pc=0x0000015f6d623150 sp=0x0000003dc62fd840
Event: 1.509 Thread 0x0000015f45d115f0 DEOPT UNPACKING pc=0x0000015f6d0723a3 sp=0x0000003dc62fd7b8 mode 2
Event: 1.510 Thread 0x0000015f45d115f0 Uncommon trap: trap_request=0xffffffc6 fr.pc=0x0000015f6d623150 relative=0x0000000000000410
Event: 1.510 Thread 0x0000015f45d115f0 Uncommon trap: reason=bimorphic_or_optimized_type_check action=maybe_recompile pc=0x0000015f6d623150 method=java.util.HashMap.getNode(Ljava/lang/Object;)Ljava/util/HashMap$Node; @ 128 c2
Event: 1.510 Thread 0x0000015f45d115f0 DEOPT PACKING pc=0x0000015f6d623150 sp=0x0000003dc62fd9c0
Event: 1.510 Thread 0x0000015f45d115f0 DEOPT UNPACKING pc=0x0000015f6d0723a3 sp=0x0000003dc62fd938 mode 2
Event: 1.543 Thread 0x0000015f45d115f0 Uncommon trap: trap_request=0xffffff45 fr.pc=0x0000015f6d5ce948 relative=0x0000000000000048
Event: 1.543 Thread 0x0000015f45d115f0 Uncommon trap: reason=unstable_if action=reinterpret pc=0x0000015f6d5ce948 method=java.lang.CharacterData.of(I)Ljava/lang/CharacterData; @ 4 c2
Event: 1.543 Thread 0x0000015f45d115f0 DEOPT PACKING pc=0x0000015f6d5ce948 sp=0x0000003dc62fcf20
Event: 1.543 Thread 0x0000015f45d115f0 DEOPT UNPACKING pc=0x0000015f6d0723a3 sp=0x0000003dc62fcec0 mode 2
Event: 1.563 Thread 0x0000015f45d115f0 Uncommon trap: trap_request=0xffffffde fr.pc=0x0000015f6d6314f0 relative=0x0000000000000530
Event: 1.563 Thread 0x0000015f45d115f0 Uncommon trap: reason=class_check action=maybe_recompile pc=0x0000015f6d6314f0 method=java.io.BufferedInputStream.read1([BII)I @ 39 c2
Event: 1.563 Thread 0x0000015f45d115f0 DEOPT PACKING pc=0x0000015f6d6314f0 sp=0x0000003dc62fdbc0
Event: 1.563 Thread 0x0000015f45d115f0 DEOPT UNPACKING pc=0x0000015f6d0723a3 sp=0x0000003dc62fdb78 mode 2

Classes unloaded (0 events):
No events

Classes redefined (0 events):
No events

Internal exceptions (20 events):
Event: 0.160 Thread 0x0000015f5ca63a60 Exception <a 'java/lang/IncompatibleClassChangeError'{0x00000000a84d58b0}: Found class java.lang.Object, but interface was expected> (0x00000000a84d58b0) 
thrown [s\open\src\hotspot\share\interpreter\linkResolver.cpp, line 826]
Event: 0.161 Thread 0x0000015f5ca63a60 Exception <a 'java/lang/NoSuchMethodError'{0x00000000a84d8678}: 'void java.lang.invoke.DirectMethodHandle$Holder.invokeStatic(java.lang.Object, java.lang.Object, java.lang.Object, java.lang.Object)'> (0x00000000a84d8678) 
thrown [s\open\src\hotspot\share\interpreter\linkResolver.cpp, line 759]
Event: 0.182 Thread 0x0000015f5ca63a60 Exception <a 'java/lang/NoSuchMethodError'{0x00000000a83da068}: 'java.lang.Object java.lang.invoke.DirectMethodHandle$Holder.invokeStaticInit(java.lang.Object)'> (0x00000000a83da068) 
thrown [s\open\src\hotspot\share\interpreter\linkResolver.cpp, line 759]
Event: 0.185 Thread 0x0000015f5ca63a60 Exception <a 'java/lang/NoSuchMethodError'{0x00000000a83e8798}: 'void java.lang.invoke.DirectMethodHandle$Holder.invokeStatic(java.lang.Object, java.lang.Object)'> (0x00000000a83e8798) 
thrown [s\open\src\hotspot\share\interpreter\linkResolver.cpp, line 759]
Event: 0.604 Thread 0x0000015f5ca63a60 Exception <a 'java/lang/NoSuchMethodError'{0x00000000a7dd9f28}: 'void java.lang.invoke.DirectMethodHandle$Holder.invokeSpecial(java.lang.Object, java.lang.Object, java.lang.Object)'> (0x00000000a7dd9f28) 
thrown [s\open\src\hotspot\share\interpreter\linkResolver.cpp, line 759]
Event: 0.629 Thread 0x0000015f5ca63a60 Exception <a 'java/lang/NoSuchMethodError'{0x00000000a7c11730}: 'void java.lang.invoke.DirectMethodHandle$Holder.invokeStatic(java.lang.Object, java.lang.Object, java.lang.Object)'> (0x00000000a7c11730) 
thrown [s\open\src\hotspot\share\interpreter\linkResolver.cpp, line 759]
Event: 0.691 Thread 0x0000015f5ca63a60 Exception <a 'java/lang/NoSuchMethodError'{0x00000000a7c2e2a0}: 'int java.lang.invoke.DirectMethodHandle$Holder.invokeStaticInit(java.lang.Object, java.lang.Object, java.lang.Object)'> (0x00000000a7c2e2a0) 
thrown [s\open\src\hotspot\share\interpreter\linkResolver.cpp, line 759]
Event: 0.715 Thread 0x0000015f5ca63a60 Exception <a 'java/lang/NoSuchMethodError'{0x00000000a7b63860}: 'java.lang.Object java.lang.invoke.DirectMethodHandle$Holder.newInvokeSpecial(java.lang.Object, java.lang.Object, int, java.lang.Object)'> (0x00000000a7b63860) 
thrown [s\open\src\hotspot\share\interpreter\linkResolver.cpp, line 759]
Event: 0.715 Thread 0x0000015f5ca63a60 Exception <a 'java/lang/NoSuchMethodError'{0x00000000a7b67c40}: 'java.lang.Object java.lang.invoke.DirectMethodHandle$Holder.invokeSpecial(java.lang.Object, java.lang.Object, java.lang.Object, int, java.lang.Object)'> (0x00000000a7b67c40) 
thrown [s\open\src\hotspot\share\interpreter\linkResolver.cpp, line 759]
Event: 0.826 Thread 0x0000015f45d115f0 Exception <a 'java/lang/NoSuchMethodError'{0x00000000a78889f0}: 'void java.lang.invoke.DirectMethodHandle$Holder.invokeStaticInit(java.lang.Object)'> (0x00000000a78889f0) 
thrown [s\open\src\hotspot\share\interpreter\linkResolver.cpp, line 759]
Event: 0.829 Thread 0x0000015f5ca63a60 Exception <a 'java/lang/NoSuchMethodError'{0x00000000a78f4148}: 'java.lang.Object java.lang.invoke.DirectMethodHandle$Holder.newInvokeSpecial(java.lang.Object, java.lang.Object, java.lang.Object, java.lang.Object, java.lang.Object, java.lang.Object)'> (0x00000000a78f4148) 
thrown [s\open\src\hotspot\share\interpreter\linkResolver.cpp, line 759]
Event: 0.854 Thread 0x0000015f5ca63a60 Exception <a 'java/lang/NoSuchMethodError'{0x00000000a7726868}: 'java.lang.Object java.lang.invoke.DirectMethodHandle$Holder.newInvokeSpecial(java.lang.Object, java.lang.Object, java.lang.Object, java.lang.Object, java.lang.Object)'> (0x00000000a7726868) 
thrown [s\open\src\hotspot\share\interpreter\linkResolver.cpp, line 759]
Event: 0.951 Thread 0x0000015f45d115f0 Exception <a 'sun/nio/fs/WindowsException'{0x00000000a895c0a0}> (0x00000000a895c0a0) 
thrown [s\open\src\hotspot\share\prims\jni.cpp, line 516]
Event: 1.025 Thread 0x0000015f45d115f0 Exception <a 'java/lang/NoSuchMethodError'{0x00000000a8536730}: 'java.lang.Object java.lang.invoke.DirectMethodHandle$Holder.invokeStaticInit(java.lang.Object, java.lang.Object, java.lang.Object, java.lang.Object)'> (0x00000000a8536730) 
thrown [s\open\src\hotspot\share\interpreter\linkResolver.cpp, line 759]
Event: 1.027 Thread 0x0000015f45d115f0 Exception <a 'java/lang/NullPointerException'{0x00000000a8542408}> (0x00000000a8542408) 
thrown [s\open\src\hotspot\share\interpreter\linkResolver.cpp, line 1350]
Event: 1.063 Thread 0x0000015f45d115f0 Exception <a 'java/lang/ClassNotFoundException'{0x00000000a8379560}: com/sun/glass/ui/win/themes> (0x00000000a8379560) 
thrown [s\open\src\hotspot\share\prims\jni.cpp, line 535]
Event: 1.064 Thread 0x0000015f45d115f0 Exception <a 'java/lang/ClassNotFoundException'{0x00000000a8385810}: com/sun/glass/ui/win/themes_es> (0x00000000a8385810) 
thrown [s\open\src\hotspot\share\prims\jni.cpp, line 535]
Event: 1.064 Thread 0x0000015f45d115f0 Exception <a 'java/lang/ClassNotFoundException'{0x00000000a838d870}: com/sun/glass/ui/win/themes_es_CO> (0x00000000a838d870) 
thrown [s\open\src\hotspot\share\prims\jni.cpp, line 535]
Event: 1.138 Thread 0x0000015f45d115f0 Exception <a 'java/lang/NoSuchMethodError'{0x00000000a7ea7fb0}: 'void java.lang.invoke.DirectMethodHandle$Holder.invokeStaticInit(java.lang.Object, java.lang.Object)'> (0x00000000a7ea7fb0) 
thrown [s\open\src\hotspot\share\interpreter\linkResolver.cpp, line 759]
Event: 1.544 Thread 0x0000015f45d115f0 Exception <a 'java/lang/NoSuchMethodError'{0x00000000a75d8798}: 'void java.lang.invoke.DirectMethodHandle$Holder.invokeSpecial(java.lang.Object, java.lang.Object, java.lang.Object, java.lang.Object, java.lang.Object, java.lang.Object)'> (0x00000000a75d8798) 
thrown [s\open\src\hotspot\share\interpreter\linkResolver.cpp, line 759]

VM Operations (16 events):
Event: 0.112 Executing VM operation: HandshakeAllThreads
Event: 0.112 Executing VM operation: HandshakeAllThreads done
Event: 0.159 Executing VM operation: HandshakeAllThreads
Event: 0.159 Executing VM operation: HandshakeAllThreads done
Event: 0.701 Executing VM operation: HandshakeAllThreads
Event: 0.701 Executing VM operation: HandshakeAllThreads done
Event: 0.929 Executing VM operation: G1CollectForAllocation
Event: 0.933 Executing VM operation: G1CollectForAllocation done
Event: 1.091 Executing VM operation: HandshakeAllThreads
Event: 1.091 Executing VM operation: HandshakeAllThreads done
Event: 1.357 Executing VM operation: ICBufferFull
Event: 1.357 Executing VM operation: ICBufferFull done
Event: 1.516 Executing VM operation: HandshakeAllThreads
Event: 1.516 Executing VM operation: HandshakeAllThreads done
Event: 1.543 Executing VM operation: HandshakeAllThreads
Event: 1.543 Executing VM operation: HandshakeAllThreads done

Events (20 events):
Event: 1.529 loading class java/text/ParseException done
Event: 1.536 loading class sun/util/resources/LocaleData$CommonResourceBundleProvider
Event: 1.536 loading class sun/util/resources/LocaleData$LocaleDataResourceBundleProvider
Event: 1.536 loading class java/util/spi/ResourceBundleProvider
Event: 1.536 loading class java/util/spi/ResourceBundleProvider done
Event: 1.536 loading class sun/util/resources/LocaleData$LocaleDataResourceBundleProvider done
Event: 1.536 loading class sun/util/resources/LocaleData$CommonResourceBundleProvider done
Event: 1.537 loading class java/util/ArrayList$SubList$1
Event: 1.537 loading class java/util/ArrayList$SubList$1 done
Event: 1.538 loading class sun/util/resources/Bundles$2
Event: 1.538 loading class sun/util/resources/Bundles$2 done
Event: 1.558 loading class java/lang/invoke/MethodHandle$1
Event: 1.558 loading class java/lang/invoke/MethodHandle$1 done
Event: 1.563 loading class com/sun/org/apache/xerces/internal/impl/io/MalformedByteSequenceException
Event: 1.563 loading class java/io/CharConversionException
Event: 1.563 loading class java/io/CharConversionException done
Event: 1.563 loading class com/sun/org/apache/xerces/internal/impl/io/MalformedByteSequenceException done
Event: 1.565 Thread 0x0000015f46b12300 Thread added: 0x0000015f46b12300
Event: 1.576 Loaded shared library C:\Users\ISAIAS\.jssc\windows\jSSC-2.8_x86_64.dll
Event: 1.577 loading class jdk/internal/logger/LazyLoggers


Dynamic libraries:
0x00007ff76eff0000 - 0x00007ff76f000000 	C:\Program Files\Java\jdk-17\bin\java.exe
0x00007ffa19c70000 - 0x00007ffa19e86000 	C:\Windows\SYSTEM32\ntdll.dll
0x00007ffa188a0000 - 0x00007ffa18964000 	C:\Windows\System32\KERNEL32.DLL
0x00007ffa172c0000 - 0x00007ffa17667000 	C:\Windows\System32\KERNELBASE.dll
0x00007ffa16f90000 - 0x00007ffa170a1000 	C:\Windows\System32\ucrtbase.dll
0x00007ffa03dd0000 - 0x00007ffa03deb000 	C:\Program Files\Java\jdk-17\bin\VCRUNTIME140.dll
0x00007ff9e6610000 - 0x00007ff9e6629000 	C:\Program Files\Java\jdk-17\bin\jli.dll
0x00007ffa19b50000 - 0x00007ffa19c02000 	C:\Windows\System32\ADVAPI32.dll
0x00007ffa194f0000 - 0x00007ffa19597000 	C:\Windows\System32\msvcrt.dll
0x00007ffa19aa0000 - 0x00007ffa19b48000 	C:\Windows\System32\sechost.dll
0x00007ffa17130000 - 0x00007ffa17158000 	C:\Windows\System32\bcrypt.dll
0x00007ffa18990000 - 0x00007ffa18aa5000 	C:\Windows\System32\RPCRT4.dll
0x00007ffa198f0000 - 0x00007ffa19a9e000 	C:\Windows\System32\USER32.dll
0x00007ffa17160000 - 0x00007ffa17186000 	C:\Windows\System32\win32u.dll
0x00007ffa162f0000 - 0x00007ffa16583000 	C:\Windows\WinSxS\amd64_microsoft.windows.common-controls_6595b64144ccf1df_6.0.22621.3235_none_270f74e173860f98\COMCTL32.dll
0x00007ffa194c0000 - 0x00007ffa194e9000 	C:\Windows\System32\GDI32.dll
0x00007ffa17670000 - 0x00007ffa17789000 	C:\Windows\System32\gdi32full.dll
0x00007ffa17790000 - 0x00007ffa1782a000 	C:\Windows\System32\msvcp_win.dll
0x00007ffa15790000 - 0x00007ffa1579a000 	C:\Windows\SYSTEM32\VERSION.dll
0x00007ffa17e80000 - 0x00007ffa17eb1000 	C:\Windows\System32\IMM32.DLL
0x00007ffa0fc20000 - 0x00007ffa0fc2c000 	C:\Program Files\Java\jdk-17\bin\vcruntime140_1.dll
0x00007ff9c1260000 - 0x00007ff9c12ee000 	C:\Program Files\Java\jdk-17\bin\msvcp140.dll
0x00007ff956790000 - 0x00007ff95736f000 	C:\Program Files\Java\jdk-17\bin\server\jvm.dll
0x00007ffa18ab0000 - 0x00007ffa18ab8000 	C:\Windows\System32\PSAPI.DLL
0x00007ffa138f0000 - 0x00007ffa13924000 	C:\Windows\SYSTEM32\WINMM.dll
0x00007ff9f8730000 - 0x00007ff9f8739000 	C:\Windows\SYSTEM32\WSOCK32.dll
0x00007ffa196c0000 - 0x00007ffa19731000 	C:\Windows\System32\WS2_32.dll
0x00007ffa15070000 - 0x00007ffa15088000 	C:\Windows\SYSTEM32\kernel.appcore.dll
0x00007ffa0c930000 - 0x00007ffa0c93a000 	C:\Program Files\Java\jdk-17\bin\jimage.dll
0x00007ffa16900000 - 0x00007ffa16b33000 	C:\Windows\SYSTEM32\DBGHELP.DLL
0x00007ffa18270000 - 0x00007ffa185f8000 	C:\Windows\System32\combase.dll
0x00007ffa17fd0000 - 0x00007ffa180a7000 	C:\Windows\System32\OLEAUT32.dll
0x00007ffa167a0000 - 0x00007ffa167d2000 	C:\Windows\SYSTEM32\dbgcore.DLL
0x00007ffa170b0000 - 0x00007ffa17129000 	C:\Windows\System32\bcryptPrimitives.dll
0x00007ff9d4ce0000 - 0x00007ff9d4d05000 	C:\Program Files\Java\jdk-17\bin\java.dll
0x00007ff9c1180000 - 0x00007ff9c1257000 	C:\Program Files\Java\jdk-17\bin\jsvml.dll
0x00007ffa18ac0000 - 0x00007ffa1931c000 	C:\Windows\System32\SHELL32.dll
0x00007ffa13f80000 - 0x00007ffa14879000 	C:\Windows\SYSTEM32\windows.storage.dll
0x00007ffa13e40000 - 0x00007ffa13f7e000 	C:\Windows\SYSTEM32\wintypes.dll
0x00007ffa19320000 - 0x00007ffa19413000 	C:\Windows\System32\SHCORE.dll
0x00007ffa19650000 - 0x00007ffa196ae000 	C:\Windows\System32\shlwapi.dll
0x00007ffa16ec0000 - 0x00007ffa16ee1000 	C:\Windows\SYSTEM32\profapi.dll
0x00007ff9e12d0000 - 0x00007ff9e12e9000 	C:\Program Files\Java\jdk-17\bin\net.dll
0x00007ffa0e9a0000 - 0x00007ffa0ead6000 	C:\Windows\SYSTEM32\WINHTTP.dll
0x00007ffa15480000 - 0x00007ffa154e9000 	C:\Windows\system32\mswsock.dll
0x00007ff9e0bb0000 - 0x00007ff9e0bc6000 	C:\Program Files\Java\jdk-17\bin\nio.dll
0x00007ff9e5f30000 - 0x00007ff9e5f48000 	C:\Program Files\Java\jdk-17\bin\zip.dll
0x0000015f45d70000 - 0x0000015f45d73000 	C:\Users\ISAIAS\.openjfx\cache\17.0.11\api-ms-win-core-console-l1-1-0.dll
0x0000015f45d80000 - 0x0000015f45d83000 	C:\Users\ISAIAS\.openjfx\cache\17.0.11\api-ms-win-core-console-l1-2-0.dll
0x0000015f45d90000 - 0x0000015f45d93000 	C:\Users\ISAIAS\.openjfx\cache\17.0.11\api-ms-win-core-datetime-l1-1-0.dll
0x0000015f45da0000 - 0x0000015f45da3000 	C:\Users\ISAIAS\.openjfx\cache\17.0.11\api-ms-win-core-debug-l1-1-0.dll
0x0000015f45db0000 - 0x0000015f45db3000 	C:\Users\ISAIAS\.openjfx\cache\17.0.11\api-ms-win-core-errorhandling-l1-1-0.dll
0x0000015f45dc0000 - 0x0000015f45dc4000 	C:\Users\ISAIAS\.openjfx\cache\17.0.11\api-ms-win-core-file-l1-1-0.dll
0x0000015f45dd0000 - 0x0000015f45dd3000 	C:\Users\ISAIAS\.openjfx\cache\17.0.11\api-ms-win-core-file-l1-2-0.dll
0x0000015f45de0000 - 0x0000015f45de3000 	C:\Users\ISAIAS\.openjfx\cache\17.0.11\api-ms-win-core-file-l2-1-0.dll
0x0000015f45df0000 - 0x0000015f45df3000 	C:\Users\ISAIAS\.openjfx\cache\17.0.11\api-ms-win-core-handle-l1-1-0.dll
0x0000015f45e00000 - 0x0000015f45e03000 	C:\Users\ISAIAS\.openjfx\cache\17.0.11\api-ms-win-core-heap-l1-1-0.dll
0x0000015f45e10000 - 0x0000015f45e13000 	C:\Users\ISAIAS\.openjfx\cache\17.0.11\api-ms-win-core-interlocked-l1-1-0.dll
0x0000015f45e20000 - 0x0000015f45e23000 	C:\Users\ISAIAS\.openjfx\cache\17.0.11\api-ms-win-core-libraryloader-l1-1-0.dll
0x0000015f45e30000 - 0x0000015f45e33000 	C:\Users\ISAIAS\.openjfx\cache\17.0.11\api-ms-win-core-localization-l1-2-0.dll
0x0000015f45e40000 - 0x0000015f45e43000 	C:\Users\ISAIAS\.openjfx\cache\17.0.11\api-ms-win-core-memory-l1-1-0.dll
0x0000015f45e50000 - 0x0000015f45e53000 	C:\Users\ISAIAS\.openjfx\cache\17.0.11\api-ms-win-core-namedpipe-l1-1-0.dll
0x0000015f45e60000 - 0x0000015f45e63000 	C:\Users\ISAIAS\.openjfx\cache\17.0.11\api-ms-win-core-processenvironment-l1-1-0.dll
0x0000015f45e70000 - 0x0000015f45e73000 	C:\Users\ISAIAS\.openjfx\cache\17.0.11\api-ms-win-core-processthreads-l1-1-0.dll
0x0000015f45e80000 - 0x0000015f45e83000 	C:\Users\ISAIAS\.openjfx\cache\17.0.11\api-ms-win-core-processthreads-l1-1-1.dll
0x0000015f45e90000 - 0x0000015f45e93000 	C:\Users\ISAIAS\.openjfx\cache\17.0.11\api-ms-win-core-profile-l1-1-0.dll
0x0000015f45ea0000 - 0x0000015f45ea3000 	C:\Users\ISAIAS\.openjfx\cache\17.0.11\api-ms-win-core-rtlsupport-l1-1-0.dll
0x0000015f45eb0000 - 0x0000015f45eb3000 	C:\Users\ISAIAS\.openjfx\cache\17.0.11\api-ms-win-core-string-l1-1-0.dll
0x0000015f45ec0000 - 0x0000015f45ec3000 	C:\Users\ISAIAS\.openjfx\cache\17.0.11\api-ms-win-core-synch-l1-1-0.dll
0x0000015f45ed0000 - 0x0000015f45ed3000 	C:\Users\ISAIAS\.openjfx\cache\17.0.11\api-ms-win-core-synch-l1-2-0.dll
0x0000015f45ee0000 - 0x0000015f45ee3000 	C:\Users\ISAIAS\.openjfx\cache\17.0.11\api-ms-win-core-sysinfo-l1-1-0.dll
0x0000015f45ef0000 - 0x0000015f45ef3000 	C:\Users\ISAIAS\.openjfx\cache\17.0.11\api-ms-win-core-timezone-l1-1-0.dll
0x0000015f45f00000 - 0x0000015f45f03000 	C:\Users\ISAIAS\.openjfx\cache\17.0.11\api-ms-win-core-util-l1-1-0.dll
0x0000015f45f10000 - 0x0000015f45f13000 	C:\Users\ISAIAS\.openjfx\cache\17.0.11\api-ms-win-crt-conio-l1-1-0.dll
0x0000015f45f20000 - 0x0000015f45f24000 	C:\Users\ISAIAS\.openjfx\cache\17.0.11\api-ms-win-crt-convert-l1-1-0.dll
0x0000015f45f30000 - 0x0000015f45f33000 	C:\Users\ISAIAS\.openjfx\cache\17.0.11\api-ms-win-crt-environment-l1-1-0.dll
0x0000015f45f40000 - 0x0000015f45f43000 	C:\Users\ISAIAS\.openjfx\cache\17.0.11\api-ms-win-crt-filesystem-l1-1-0.dll
0x0000015f45f50000 - 0x0000015f45f53000 	C:\Users\ISAIAS\.openjfx\cache\17.0.11\api-ms-win-crt-heap-l1-1-0.dll
0x0000015f45f60000 - 0x0000015f45f63000 	C:\Users\ISAIAS\.openjfx\cache\17.0.11\api-ms-win-crt-locale-l1-1-0.dll
0x0000015f45f70000 - 0x0000015f45f75000 	C:\Users\ISAIAS\.openjfx\cache\17.0.11\api-ms-win-crt-math-l1-1-0.dll
0x0000015f45f80000 - 0x0000015f45f85000 	C:\Users\ISAIAS\.openjfx\cache\17.0.11\api-ms-win-crt-multibyte-l1-1-0.dll
0x0000015f45f90000 - 0x0000015f45fa0000 	C:\Users\ISAIAS\.openjfx\cache\17.0.11\api-ms-win-crt-private-l1-1-0.dll
0x0000015f45fa0000 - 0x0000015f45fa3000 	C:\Users\ISAIAS\.openjfx\cache\17.0.11\api-ms-win-crt-process-l1-1-0.dll
0x0000015f45fb0000 - 0x0000015f45fb4000 	C:\Users\ISAIAS\.openjfx\cache\17.0.11\api-ms-win-crt-runtime-l1-1-0.dll
0x0000015f45fc0000 - 0x0000015f45fc4000 	C:\Users\ISAIAS\.openjfx\cache\17.0.11\api-ms-win-crt-stdio-l1-1-0.dll
0x0000015f45fd0000 - 0x0000015f45fd4000 	C:\Users\ISAIAS\.openjfx\cache\17.0.11\api-ms-win-crt-string-l1-1-0.dll
0x0000015f45fe0000 - 0x0000015f45fe3000 	C:\Users\ISAIAS\.openjfx\cache\17.0.11\api-ms-win-crt-time-l1-1-0.dll
0x0000015f45ff0000 - 0x0000015f45ff3000 	C:\Users\ISAIAS\.openjfx\cache\17.0.11\api-ms-win-crt-utility-l1-1-0.dll
0x00007ff976690000 - 0x00007ff97678c000 	C:\Users\ISAIAS\.openjfx\cache\17.0.11\ucrtbase.dll
0x00007ff9eda30000 - 0x00007ff9eda4b000 	C:\Users\ISAIAS\.openjfx\cache\17.0.11\vcruntime140.dll
0x00007ffa0ba80000 - 0x00007ffa0ba8c000 	C:\Users\ISAIAS\.openjfx\cache\17.0.11\vcruntime140_1.dll
0x00007ff9c1300000 - 0x00007ff9c138e000 	C:\Users\ISAIAS\.openjfx\cache\17.0.11\msvcp140.dll
0x00007ffa19740000 - 0x00007ffa198e5000 	C:\Windows\System32\ole32.dll
0x00007ffa038c0000 - 0x00007ffa038c9000 	C:\Users\ISAIAS\.openjfx\cache\17.0.11\msvcp140_1.dll
0x00007ff9eda00000 - 0x00007ff9eda2f000 	C:\Users\ISAIAS\.openjfx\cache\17.0.11\msvcp140_2.dll
0x00007ff9e9cd0000 - 0x00007ff9e9cfa000 	C:\Users\ISAIAS\.openjfx\cache\17.0.11\prism_d3d.dll
0x00007ff999a50000 - 0x00007ff999bf9000 	C:\Windows\system32\d3d9.dll
0x00007ffa13490000 - 0x00007ffa134bb000 	C:\Windows\SYSTEM32\dwmapi.dll
0x00007ffa13320000 - 0x00007ffa13359000 	C:\Windows\SYSTEM32\dxcore.dll
0x00007ffa131e0000 - 0x00007ffa1328b000 	C:\Windows\system32\uxtheme.dll
0x00007ffa0c3c0000 - 0x00007ffa0c57b000 	C:\Windows\System32\DriverStore\FileRepository\u0389834.inf_amd64_ec71e2f28388c974\B389503\aticfx64.dll
0x00007ff949aa0000 - 0x00007ff94b871000 	C:\Windows\System32\DriverStore\FileRepository\u0389834.inf_amd64_ec71e2f28388c974\B389503\amdxn64.dll
0x00007ffa179a0000 - 0x00007ffa17e14000 	C:\Windows\System32\SETUPAPI.dll
0x00007ffa13360000 - 0x00007ffa13458000 	C:\Windows\SYSTEM32\dxgi.dll
0x00007ffa0bd90000 - 0x00007ffa0bdc5000 	C:\Windows\SYSTEM32\amdihk64.dll
0x00007ffa10850000 - 0x00007ffa1089a000 	C:\Windows\SYSTEM32\directxdatabasehelper.dll
0x00007ff9e25c0000 - 0x00007ff9e2602000 	C:\Users\ISAIAS\.openjfx\cache\17.0.11\glass.dll
0x00007ffa17ed0000 - 0x00007ffa17fc9000 	C:\Windows\System32\COMDLG32.dll
0x00007ffa18600000 - 0x00007ffa18753000 	C:\Windows\System32\MSCTF.dll
0x00007ff9e2480000 - 0x00007ff9e2495000 	C:\Users\ISAIAS\.openjfx\cache\17.0.11\javafx_font.dll
0x00007ffa11c40000 - 0x00007ffa11eb4000 	C:\Windows\SYSTEM32\dwrite.dll
0x0000000071100000 - 0x0000000071125000 	C:\Users\ISAIAS\.jssc\windows\jSSC-2.8_x86_64.dll

dbghelp: loaded successfully - version: 4.0.5 - missing functions: none
symbol engine: initialized successfully - sym options: 0x614 - pdb path: .;C:\Program Files\Java\jdk-17\bin;C:\Windows\SYSTEM32;C:\Windows\WinSxS\amd64_microsoft.windows.common-controls_6595b64144ccf1df_6.0.22621.3235_none_270f74e173860f98;C:\Program Files\Java\jdk-17\bin\server;C:\Users\ISAIAS\.openjfx\cache\17.0.11;C:\Windows\System32\DriverStore\FileRepository\u0389834.inf_amd64_ec71e2f28388c974\B389503;C:\Users\ISAIAS\.jssc\windows

VM Arguments:
jvm_args: -XX:+ShowCodeDetailsInExceptionMessages --module-path=C:\Users\ISAIAS\Documents\U\2024 - 1\PROYECTO - Trotamontañas\Interfaz HMI\HexaView versions\v1.0\beta\target\classes;C:\Users\ISAIAS\.m2\repository\com\github\PanamaHitek\PanamaHitek_Arduino\3.0.0\PanamaHitek_Arduino-3.0.0.jar;C:\Users\ISAIAS\.m2\repository\org\openjfx\javafx-controls\17.0.11\javafx-controls-17.0.11-win.jar;C:\Users\ISAIAS\.m2\repository\org\openjfx\javafx-graphics\17.0.11\javafx-graphics-17.0.11-win.jar;C:\Users\ISAIAS\.m2\repository\org\openjfx\javafx-base\17.0.11\javafx-base-17.0.11-win.jar;C:\Users\ISAIAS\.m2\repository\org\openjfx\javafx-fxml\17.0.11\javafx-fxml-17.0.11-win.jar -Djdk.module.main=com.hexaview 
java_command: com.hexaview/com.hexaview.App
java_class_path (initial): C:\Users\ISAIAS\.m2\repository\org\processing\core\3.3.7\core-3.3.7.jar;C:\Users\ISAIAS\.m2\repository\org\apache\poi\poi-ooxml\3.17\poi-ooxml-3.17.jar;C:\Users\ISAIAS\.m2\repository\org\apache\poi\poi\3.17\poi-3.17.jar;C:\Users\ISAIAS\.m2\repository\commons-codec\commons-codec\1.10\commons-codec-1.10.jar;C:\Users\ISAIAS\.m2\repository\org\apache\commons\commons-collections4\4.1\commons-collections4-4.1.jar;C:\Users\ISAIAS\.m2\repository\org\apache\poi\poi-ooxml-schemas\3.17\poi-ooxml-schemas-3.17.jar;C:\Users\ISAIAS\.m2\repository\org\apache\xmlbeans\xmlbeans\2.6.0\xmlbeans-2.6.0.jar;C:\Users\ISAIAS\.m2\repository\stax\stax-api\1.0.1\stax-api-1.0.1.jar;C:\Users\ISAIAS\.m2\repository\com\github\virtuald\curvesapi\1.04\curvesapi-1.04.jar;C:\Users\ISAIAS\.m2\repository\org\jfree\jfreechart\1.0.19\jfreechart-1.0.19.jar;C:\Users\ISAIAS\.m2\repository\org\jfree\jcommon\1.0.23\jcommon-1.0.23.jar;C:\Users\ISAIAS\.m2\repository\org\openjfx\javafx-controls\17.0.11\javafx-controls-17.0.11.jar;C:\Users\ISAIAS\.m2\repository\org\openjfx\javafx-graphics\17.0.11\javafx-graphics-17.0.11.jar;C:\Users\ISAIAS\.m2\repository\org\openjfx\javafx-base\17.0.11\javafx-base-17.0.11.jar;C:\Users\ISAIAS\.m2\repository\org\openjfx\javafx-fxml\17.0.11\javafx-fxml-17.0.11.jar
Launcher Type: SUN_STANDARD

[Global flags]
     intx CICompilerCount                          = 4                                         {product} {ergonomic}
     uint ConcGCThreads                            = 2                                         {product} {ergonomic}
     uint G1ConcRefinementThreads                  = 8                                         {product} {ergonomic}
   size_t G1HeapRegionSize                         = 1048576                                   {product} {ergonomic}
    uintx GCDrainStackTargetSize                   = 64                                        {product} {ergonomic}
   size_t InitialHeapSize                          = 98566144                                  {product} {ergonomic}
   size_t MarkStackSize                            = 4194304                                   {product} {ergonomic}
   size_t MaxHeapSize                              = 1564475392                                {product} {ergonomic}
   size_t MaxNewSize                               = 938475520                                 {product} {ergonomic}
   size_t MinHeapDeltaBytes                        = 1048576                                   {product} {ergonomic}
   size_t MinHeapSize                              = 8388608                                   {product} {ergonomic}
    uintx NonNMethodCodeHeapSize                   = 5839372                                {pd product} {ergonomic}
    uintx NonProfiledCodeHeapSize                  = 122909434                              {pd product} {ergonomic}
    uintx ProfiledCodeHeapSize                     = 122909434                              {pd product} {ergonomic}
    uintx ReservedCodeCacheSize                    = 251658240                              {pd product} {ergonomic}
     bool SegmentedCodeCache                       = true                                      {product} {ergonomic}
     bool ShowCodeDetailsInExceptionMessages       = true                                   {manageable} {command line}
   size_t SoftMaxHeapSize                          = 1564475392                             {manageable} {ergonomic}
     bool UseCompressedClassPointers               = true                           {product lp64_product} {ergonomic}
     bool UseCompressedOops                        = true                           {product lp64_product} {ergonomic}
     bool UseG1GC                                  = true                                      {product} {ergonomic}
     bool UseLargePagesIndividualAllocation        = false                                  {pd product} {ergonomic}

Logging:
Log output configuration:
 #0: stdout all=warning uptime,level,tags
 #1: stderr all=off uptime,level,tags

Environment Variables:
JAVA_HOME=C:\Program Files (x86)\graalvm-jdk-21.0.2+13.1
PATH=C:\Program Files\Common Files\Oracle\Java\javapath;C:\Program Files (x86)\graalvm-jdk-21.0.2+13.1\bin;C:\Program Files (x86)\Common Files\Oracle\Java\javapath;C:\Windows\system32;C:\Windows;C:\Windows\System32\Wbem;C:\Windows\System32\WindowsPowerShell\v1.0\;C:\Windows\System32\OpenSSH\;C:\Program Files\dotnet\;C:\Program Files (x86)\IVI Foundation\VISA\WinNT\Bin\;C:\Program Files\IVI Foundation\VISA\Win64\Bin\;C:\Program Files (x86)\IVI Foundation\IVI\Bin\;C:\Program Files\IVI Foundation\IVI\Bin\;C:\Program Files (x86)\IVI Foundation\VISA\WinNT\Bin;C:\Program Files (x86)\National Instruments\Shared\LabVIEW CLI;C:\Program Files\MATLAB\R2020a\runtime\win64;C:\Program Files\MATLAB\R2020a\bin;C:\Program Files\MATLAB\R2020a\polyspace\bin;C:\Program Files\MATLAB\R2024a\runtime\win64;C:\Program Files\MATLAB\R2024a\bin;C:\Users\ISAIAS\AppData\Local\Microsoft\WindowsApps;C:\Users\ISAIAS\AppData\Local\Programs\Microsoft VS Code\bin;C:\Users\ISAIAS\AppData\Local\Microsoft\WindowsApps;;C:\Users\ISAIAS\AppData\Local\Programs\Microsoft VS Code\bin
USERNAME=ISAIAS
LANG=en_US.UTF-8
OS=Windows_NT
PROCESSOR_IDENTIFIER=AMD64 Family 23 Model 160 Stepping 0, AuthenticAMD



---------------  S Y S T E M  ---------------

OS:
 Windows 11 , 64 bit Build 22621 (10.0.22621.3374)
OS uptime: 0 days 8:35 hours
Hyper-V role detected

CPU: total 8 (initial active 8) (8 cores per cpu, 2 threads per core) family 23 model 160 stepping 0 microcode 0x0, cx8, cmov, fxsr, ht, mmx, 3dnowpref, sse, sse2, sse3, ssse3, sse4a, sse4.1, sse4.2, popcnt, lzcnt, tsc, tscinvbit, avx, avx2, aes, clmul, bmi1, bmi2, adx, sha, fma, vzeroupper, clflush, clflushopt, hv

Memory: 4k page, system-wide physical 5965M (450M free)
TotalPageFile size 21158M (AvailPageFile size 4033M)
current process WorkingSet (physical memory assigned to process): 164M, peak: 164M
current process commit charge ("private bytes"): 278M, peak: 281M

vm_info: Java HotSpot(TM) 64-Bit Server VM (17.0.10+11-LTS-240) for windows-amd64 JRE (17.0.10+11-LTS-240), built on Dec 19 2023 21:47:25 by "mach5one" with MS VC++ 17.1 (VS2022)

END.
