#
# A fatal error has been detected by the Java Runtime Environment:
#
#  EXCEPTION_ACCESS_VIOLATION (0xc0000005) at pc=0x000000007110b5db, pid=2744, tid=5248
#
# JRE version: Java(TM) SE Runtime Environment (17.0.10+11) (build 17.0.10+11-LTS-240)
# Java VM: Java HotSpot(TM) 64-Bit Server VM (17.0.10+11-LTS-240, mixed mode, sharing, tiered, compressed oops, compressed class ptrs, g1 gc, windows-amd64)
# Problematic frame:
# C  [jSSC-2.8_x86_64.dll+0xb5db]
#
# No core dump will be written. Minidumps are not enabled by default on client versions of Windows
#
# If you would like to submit a bug report, please visit:
#   https://bugreport.java.com/bugreport/crash.jsp
# The crash happened outside the Java Virtual Machine in native code.
# See problematic frame for where to report the bug.
#

---------------  S U M M A R Y ------------

Command Line: -XX:+ShowCodeDetailsInExceptionMessages --module-path=C:\Users\ISAIAS\Documents\U\2024 - 1\PROYECTO - Trotamontañas\Interfaz HMI\HexaView versions\v1.0\beta\target\classes;C:\Users\ISAIAS\.m2\repository\com\github\PanamaHitek\PanamaHitek_Arduino\3.0.0\PanamaHitek_Arduino-3.0.0.jar;C:\Users\ISAIAS\.m2\repository\org\openjfx\javafx-controls\17.0.11\javafx-controls-17.0.11-win.jar;C:\Users\ISAIAS\.m2\repository\org\openjfx\javafx-graphics\17.0.11\javafx-graphics-17.0.11-win.jar;C:\Users\ISAIAS\.m2\repository\org\openjfx\javafx-base\17.0.11\javafx-base-17.0.11-win.jar;C:\Users\ISAIAS\.m2\repository\org\openjfx\javafx-fxml\17.0.11\javafx-fxml-17.0.11-win.jar -Djdk.module.main=com.hexaview com.hexaview/com.hexaview.App

Host: AMD Ryzen 5 7520U with Radeon Graphics         , 8 cores, 5G,  Windows 11 , 64 bit Build 22621 (10.0.22621.3374)
Time: Sun May 12 20:49:33 2024 Hora est. Pacífico, Sudamérica elapsed time: 1.571105 seconds (0d 0h 0m 1s)

---------------  T H R E A D  ---------------

Current thread (0x0000029a6f7507f0):  JavaThread "Thread-3" [_thread_in_native, id=5248, stack(0x000000a564f00000,0x000000a565000000)]

Stack: [0x000000a564f00000,0x000000a565000000],  sp=0x000000a564fff340,  free space=1020k
Native frames: (J=compiled Java code, j=interpreted, Vv=VM code, C=native code)
C  [jSSC-2.8_x86_64.dll+0xb5db]

Java frames: (J=compiled Java code, j=interpreted, Vv=VM code)
j  jssc.SerialNativeInterface.openPort(Ljava/lang/String;Z)J+0 PanamaHitek.Arduino@3.0.0
j  jssc.SerialPort.openPort()Z+65 PanamaHitek.Arduino@3.0.0
j  com.panamahitek.PanamaHitek_Arduino.arduinoRX(Ljava/lang/String;ILjssc/SerialPortEventListener;)V+58 PanamaHitek.Arduino@3.0.0
j  com.hexaview.DefaultController.lambda$0()V+13 com.hexaview
j  com.hexaview.DefaultController$$Lambda$194+0x0000029a1b1b8608.run()V+4 com.hexaview
j  java.lang.Thread.run()V+11 java.base@17.0.10
v  ~StubRoutines::call_stub

siginfo: EXCEPTION_ACCESS_VIOLATION (0xc0000005), reading address 0x00000000667d4afa


Registers:
RAX=0x00000000667d4afa, RBX=0x000000a564fff3b0, RCX=0x00007ffa19d0f544, RDX=0x0000000000000000
RSP=0x000000a564fff340, RBP=0x000000a564fff4c0, RSI=0x0000029a6f750aa0, RDI=0x0000000000000e9c
R8 =0x000000a564fff238, R9 =0x0000000000000000, R10=0x0000000000000000, R11=0x0000000000000246
R12=0x000000a564fff580, R13=0x0000029a6dbd10e0, R14=0x000000a564fff470, R15=0x0000029a6f7507f0
RIP=0x000000007110b5db, EFLAGS=0x0000000000010206


Register to memory mapping:

RIP=0x000000007110b5db jSSC-2.8_x86_64.dll
RAX=0x00000000667d4afa is an unknown value
RBX=0x000000a564fff3b0 is pointing into the stack for thread: 0x0000029a6f7507f0
RCX=0x00007ffa19d0f544 ntdll.dll
RDX=0x0 is NULL
RSP=0x000000a564fff340 is pointing into the stack for thread: 0x0000029a6f7507f0
RBP=0x000000a564fff4c0 is pointing into the stack for thread: 0x0000029a6f7507f0
RSI=0x0000029a6f750aa0 points into unknown readable memory: 0x00007ff957232670 | 70 26 23 57 f9 7f 00 00
RDI=0x0000000000000e9c is an unknown value
R8 =0x000000a564fff238 is pointing into the stack for thread: 0x0000029a6f7507f0
R9 =0x0 is NULL
R10=0x0 is NULL
R11=0x0000000000000246 is an unknown value
R12=0x000000a564fff580 is pointing into the stack for thread: 0x0000029a6f7507f0
R13=0x0000029a6dbd10e0 points into unknown readable memory: 0x0074786500746567 | 67 65 74 00 65 78 74 00
R14=0x000000a564fff470 is pointing into the stack for thread: 0x0000029a6f7507f0
R15=0x0000029a6f7507f0 is a thread


Top of Stack: (sp=0x000000a564fff340)
0x000000a564fff340:   0000000000000000 0000029a6d365c30
0x000000a564fff350:   000000007110b230 00007ff956e01f4f
0x000000a564fff360:   0000029a6f59feb0 0000000000000004
0x000000a564fff370:   0000029a6f750aa0 0000000000000e9c
0x000000a564fff380:   000000a564fff4c0 0000000071112590
0x000000a564fff390:   0000029a6f7507f0 000000a564fff470
0x000000a564fff3a0:   0000029a6dbd10e0 000000a564fff580
0x000000a564fff3b0:   0000029a6dbd10e0 00007ffa19caab11
0x000000a564fff3c0:   0000029a6dbd10d0 0000029a7af10000
0x000000a564fff3d0:   000000a564fff4c0 0000000000000000
0x000000a564fff3e0:   0000000071113500 0000000071113be8
0x000000a564fff3f0:   000000a564fff420 0000000071112641
0x000000a564fff400:   000000a564fff390 0000029a6f750aa0
0x000000a564fff410:   0000000000000000 0000000000000000
0x000000a564fff420:   000000a564fff4c0 0000000071101595
0x000000a564fff430:   000000000000001c 000000a500000000 

Instructions: (pc=0x000000007110b5db)
0x000000007110b4db:   48 85 c0 74 bf 44 8b 03 45 85 c0 0f 84 77 ff ff
0x000000007110b4eb:   ff eb 9f 66 90 e8 8b fe ff ff 48 89 05 0c 34 01
0x000000007110b4fb:   00 eb ad 66 90 e8 7b fe ff ff 48 89 05 fc 33 01
0x000000007110b50b:   00 eb 8b e8 8d fe ff ff c7 03 01 00 00 00 e9 6f
0x000000007110b51b:   ff ff ff 66 90 55 48 89 e5 56 53 48 83 ec 20 48
0x000000007110b52b:   8b 05 d7 33 01 00 48 8b 31 48 89 cb 48 85 c0 74
0x000000007110b53b:   56 44 8b 18 45 85 db 78 42 48 8b 05 bd 33 01 00
0x000000007110b54b:   48 85 c0 74 50 44 8b 10 45 85 d2 74 1d 48 89 f1
0x000000007110b55b:   e8 d0 fd ff ff 48 8b 13 48 8d 42 40 48 8b 48 08
0x000000007110b56b:   48 8b 6a 40 48 8b 60 10 ff e1 48 8b 05 9c 33 01
0x000000007110b57b:   00 48 85 c0 74 2d 48 89 30 eb da e8 b5 fe ff ff
0x000000007110b58b:   0f 1f 44 00 00 eb b2 e8 e9 fd ff ff 48 89 05 6a
0x000000007110b59b:   33 01 00 eb 9c e8 db fd ff ff 48 89 05 5c 33 01
0x000000007110b5ab:   00 eb a2 e8 3d fd ff ff 48 89 05 5e 33 01 00 eb
0x000000007110b5bb:   c5 0f 1f 40 00 55 57 56 53 48 83 ec 28 48 8b 05
0x000000007110b5cb:   39 33 01 00 48 89 cb 48 85 c0 0f 84 c5 00 00 00
0x000000007110b5db:   8b 38 85 ff 0f 88 ab 00 00 00 48 8b 05 1c 33 01
0x000000007110b5eb:   00 48 85 c0 0f 84 bc 00 00 00 8b 30 85 f6 74 57
0x000000007110b5fb:   48 8b 05 0e 33 01 00 48 85 c0 0f 84 e5 00 00 00
0x000000007110b60b:   8b 28 48 8b 35 10 5e 01 00 ff d6 89 c7 89 e9 ff
0x000000007110b61b:   15 f4 5e 01 00 89 f9 48 89 c5 ff 15 b9 5e 01 00
0x000000007110b62b:   48 8b 05 de 32 01 00 48 89 2b 48 85 c0 74 46 48
0x000000007110b63b:   89 da 8b 08 ff 15 d7 5e 01 00 85 c0 74 27 48 83
0x000000007110b64b:   c4 28 5b 5e 5f 5d c3 48 8b 05 bf 32 01 00 48 85
0x000000007110b65b:   c0 74 64 48 8b 10 48 89 13 48 89 18 48 83 c4 28
0x000000007110b66b:   5b 5e 5f 5d c3 48 89 f2 48 83 c4 28 5b 5e 5f 5d
0x000000007110b67b:   48 ff e2 66 90 e8 8b fc ff ff 48 89 05 84 32 01
0x000000007110b68b:   00 eb ac 66 90 e8 ab fd ff ff e9 4b ff ff ff 66
0x000000007110b69b:   0f 1f 44 00 00 e8 db fc ff ff 48 89 05 5c 32 01
0x000000007110b6ab:   00 e9 2a ff ff ff e8 ca fc ff ff 48 89 05 4b 32
0x000000007110b6bb:   01 00 e9 33 ff ff ff e8 29 fc ff ff 48 89 05 4a
0x000000007110b6cb:   32 01 00 48 8b 10 48 85 c0 48 89 13 75 8b e8 12 


Stack slot to memory mapping:
stack at sp + 0 slots: 0x0 is NULL
stack at sp + 1 slots: 0x0000029a6d365c30 points into unknown readable memory: 0x0000029a7ada1380 | 80 13 da 7a 9a 02 00 00
stack at sp + 2 slots: 0x000000007110b230 jSSC-2.8_x86_64.dll
stack at sp + 3 slots: 0x00007ff956e01f4f jvm.dll
stack at sp + 4 slots: 0x0000029a6f59feb0 points into unknown readable memory: 0x005c002e005c005c | 5c 00 5c 00 2e 00 5c 00
stack at sp + 5 slots: 0x0000000000000004 is an unknown value
stack at sp + 6 slots: 0x0000029a6f750aa0 points into unknown readable memory: 0x00007ff957232670 | 70 26 23 57 f9 7f 00 00
stack at sp + 7 slots: 0x0000000000000e9c is an unknown value


---------------  P R O C E S S  ---------------

Threads class SMR info:
_java_thread_list=0x0000029a6d9976a0, length=18, elements={
0x0000029a7d0a4560, 0x0000029a7fea4d90, 0x0000029a7fea5b20, 0x0000029a7febae90,
0x0000029a7febb960, 0x0000029a7febe240, 0x0000029a7febeb10, 0x0000029a7febf7c0,
0x0000029a7fed2ef0, 0x0000029a7fee8c00, 0x0000029a5f176730, 0x0000029a5f2255e0,
0x0000029a5f86c9a0, 0x0000029a5fa70060, 0x0000029a5fa2ade0, 0x0000029a5fa7bce0,
0x0000029a5fa7c800, 0x0000029a6f7507f0
}

Java Threads: ( => current thread )
  0x0000029a7d0a4560 JavaThread "main" [_thread_blocked, id=22080, stack(0x000000a562a00000,0x000000a562b00000)]
  0x0000029a7fea4d90 JavaThread "Reference Handler" daemon [_thread_blocked, id=25604, stack(0x000000a563100000,0x000000a563200000)]
  0x0000029a7fea5b20 JavaThread "Finalizer" daemon [_thread_blocked, id=24572, stack(0x000000a563200000,0x000000a563300000)]
  0x0000029a7febae90 JavaThread "Signal Dispatcher" daemon [_thread_blocked, id=24712, stack(0x000000a563300000,0x000000a563400000)]
  0x0000029a7febb960 JavaThread "Attach Listener" daemon [_thread_blocked, id=19912, stack(0x000000a563400000,0x000000a563500000)]
  0x0000029a7febe240 JavaThread "Service Thread" daemon [_thread_blocked, id=25704, stack(0x000000a563500000,0x000000a563600000)]
  0x0000029a7febeb10 JavaThread "Monitor Deflation Thread" daemon [_thread_blocked, id=21328, stack(0x000000a563600000,0x000000a563700000)]
  0x0000029a7febf7c0 JavaThread "C2 CompilerThread0" daemon [_thread_blocked, id=12672, stack(0x000000a563700000,0x000000a563800000)]
  0x0000029a7fed2ef0 JavaThread "C1 CompilerThread0" daemon [_thread_blocked, id=12168, stack(0x000000a563800000,0x000000a563900000)]
  0x0000029a7fee8c00 JavaThread "Sweeper thread" daemon [_thread_blocked, id=26120, stack(0x000000a563900000,0x000000a563a00000)]
  0x0000029a5f176730 JavaThread "Common-Cleaner" daemon [_thread_blocked, id=15368, stack(0x000000a563a00000,0x000000a563b00000)]
  0x0000029a5f2255e0 JavaThread "Notification Thread" daemon [_thread_blocked, id=288, stack(0x000000a563c00000,0x000000a563d00000)]
  0x0000029a5f86c9a0 JavaThread "QuantumRenderer-0" daemon [_thread_blocked, id=21288, stack(0x000000a563e00000,0x000000a563f00000)]
  0x0000029a5fa70060 JavaThread "InvokeLaterDispatcher" daemon [_thread_blocked, id=2600, stack(0x000000a563b00000,0x000000a563c00000)]
  0x0000029a5fa2ade0 JavaThread "JavaFX Application Thread" [_thread_in_vm, id=26544, stack(0x000000a563f00000,0x000000a564000000)]
  0x0000029a5fa7bce0 JavaThread "Thread-1" daemon [_thread_in_native, id=8916, stack(0x000000a564800000,0x000000a564900000)]
  0x0000029a5fa7c800 JavaThread "JavaFX-Launcher" [_thread_blocked, id=22000, stack(0x000000a564900000,0x000000a564a00000)]
=>0x0000029a6f7507f0 JavaThread "Thread-3" [_thread_in_native, id=5248, stack(0x000000a564f00000,0x000000a565000000)]

Other Threads:
  0x0000029a7fea06d0 VMThread "VM Thread" [stack: 0x000000a563000000,0x000000a563100000] [id=11704]
  0x0000029a7d107bf0 WatcherThread [stack: 0x000000a563d00000,0x000000a563e00000] [id=20524]
  0x0000029a7d0ef640 GCTaskThread "GC Thread#0" [stack: 0x000000a562b00000,0x000000a562c00000] [id=23424]
  0x0000029a6d1766f0 GCTaskThread "GC Thread#1" [stack: 0x000000a564a00000,0x000000a564b00000] [id=15212]
  0x0000029a6d1769b0 GCTaskThread "GC Thread#2" [stack: 0x000000a564b00000,0x000000a564c00000] [id=26472]
  0x0000029a6d176c70 GCTaskThread "GC Thread#3" [stack: 0x000000a564c00000,0x000000a564d00000] [id=25248]
  0x0000029a6d215570 GCTaskThread "GC Thread#4" [stack: 0x000000a564d00000,0x000000a564e00000] [id=1224]
  0x0000029a6d215c40 GCTaskThread "GC Thread#5" [stack: 0x000000a564e00000,0x000000a564f00000] [id=21040]
  0x0000029a7d0fc820 ConcurrentGCThread "G1 Main Marker" [stack: 0x000000a562c00000,0x000000a562d00000] [id=16832]
  0x0000029a7d0fd230 ConcurrentGCThread "G1 Conc#0" [stack: 0x000000a562d00000,0x000000a562e00000] [id=3160]
  0x0000029a7d166090 ConcurrentGCThread "G1 Refine#0" [stack: 0x000000a562e00000,0x000000a562f00000] [id=20564]
  0x0000029a7d1679e0 ConcurrentGCThread "G1 Service" [stack: 0x000000a562f00000,0x000000a563000000] [id=2928]

Threads with active compile tasks:
C2 CompilerThread0     1766 1681       4       jdk.internal.org.objectweb.asm.Symbol::<init> (38 bytes)

VM state: not at safepoint (normal execution)

VM Mutex/Monitor currently owned by a thread: None

Heap address: 0x00000000a2c00000, size: 1492 MB, Compressed Oops mode: 32-bit

CDS archive(s) mapped at: [0x0000029a1a000000-0x0000029a1abd0000-0x0000029a1abd0000), size 12386304, SharedBaseAddress: 0x0000029a1a000000, ArchiveRelocationMode: 1.
Compressed class space mapped at: 0x0000029a1b000000-0x0000029a5b000000, reserved size: 1073741824
Narrow klass base: 0x0000029a1a000000, Narrow klass shift: 0, Narrow klass range: 0x100000000

GC Precious Log:
 CPUs: 8 total, 8 available
 Memory: 5965M
 Large Page Support: Disabled
 NUMA Support: Disabled
 Compressed Oops: Enabled (32-bit)
 Heap Region Size: 1M
 Heap Min Capacity: 8M
 Heap Initial Capacity: 94M
 Heap Max Capacity: 1492M
 Pre-touch: Disabled
 Parallel Workers: 8
 Concurrent Workers: 2
 Concurrent Refinement Workers: 8
 Periodic GC: Disabled

Heap:
 garbage-first heap   total 96256K, used 49636K [0x00000000a2c00000, 0x0000000100000000)
  region size 1024K, 30 young (30720K), 3 survivors (3072K)
 Metaspace       used 11764K, committed 12032K, reserved 1114112K
  class space    used 1724K, committed 1856K, reserved 1048576K

Heap Regions: E=young(eden), S=young(survivor), O=old, HS=humongous(starts), HC=humongous(continues), CS=collection set, F=free, OA=open archive, CA=closed archive, TAMS=top-at-mark-start (previous, next)
|   0|0x00000000a2c00000, 0x00000000a2d00000, 0x00000000a2d00000|100%|HS|  |TAMS 0x00000000a2c00000, 0x00000000a2c00000| Complete 
|   1|0x00000000a2d00000, 0x00000000a2d79000, 0x00000000a2e00000| 47%| O|  |TAMS 0x00000000a2d00000, 0x00000000a2d00000| Untracked 
|   2|0x00000000a2e00000, 0x00000000a2f00000, 0x00000000a2f00000|100%|HS|  |TAMS 0x00000000a2e00000, 0x00000000a2e00000| Complete 
|   3|0x00000000a2f00000, 0x00000000a3000000, 0x00000000a3000000|100%|HC|  |TAMS 0x00000000a2f00000, 0x00000000a2f00000| Complete 
|   4|0x00000000a3000000, 0x00000000a3100000, 0x00000000a3100000|100%|HC|  |TAMS 0x00000000a3000000, 0x00000000a3000000| Complete 
|   5|0x00000000a3100000, 0x00000000a3200000, 0x00000000a3200000|100%|HC|  |TAMS 0x00000000a3100000, 0x00000000a3100000| Complete 
|   6|0x00000000a3200000, 0x00000000a3300000, 0x00000000a3300000|100%|HC|  |TAMS 0x00000000a3200000, 0x00000000a3200000| Complete 
|   7|0x00000000a3300000, 0x00000000a3400000, 0x00000000a3400000|100%|HC|  |TAMS 0x00000000a3300000, 0x00000000a3300000| Complete 
|   8|0x00000000a3400000, 0x00000000a3500000, 0x00000000a3500000|100%|HC|  |TAMS 0x00000000a3400000, 0x00000000a3400000| Complete 
|   9|0x00000000a3500000, 0x00000000a3600000, 0x00000000a3600000|100%|HC|  |TAMS 0x00000000a3500000, 0x00000000a3500000| Complete 
|  10|0x00000000a3600000, 0x00000000a3700000, 0x00000000a3700000|100%|HC|  |TAMS 0x00000000a3600000, 0x00000000a3600000| Complete 
|  11|0x00000000a3700000, 0x00000000a3800000, 0x00000000a3800000|100%|HC|  |TAMS 0x00000000a3700000, 0x00000000a3700000| Complete 
|  12|0x00000000a3800000, 0x00000000a3900000, 0x00000000a3900000|100%|HC|  |TAMS 0x00000000a3800000, 0x00000000a3800000| Complete 
|  13|0x00000000a3900000, 0x00000000a3a00000, 0x00000000a3a00000|100%|HC|  |TAMS 0x00000000a3900000, 0x00000000a3900000| Complete 
|  14|0x00000000a3a00000, 0x00000000a3b00000, 0x00000000a3b00000|100%|HC|  |TAMS 0x00000000a3a00000, 0x00000000a3a00000| Complete 
|  15|0x00000000a3b00000, 0x00000000a3c00000, 0x00000000a3c00000|100%|HC|  |TAMS 0x00000000a3b00000, 0x00000000a3b00000| Complete 
|  16|0x00000000a3c00000, 0x00000000a3d00000, 0x00000000a3d00000|100%|HC|  |TAMS 0x00000000a3c00000, 0x00000000a3c00000| Complete 
|  17|0x00000000a3d00000, 0x00000000a3e00000, 0x00000000a3e00000|100%|HC|  |TAMS 0x00000000a3d00000, 0x00000000a3d00000| Complete 
|  18|0x00000000a3e00000, 0x00000000a3f00000, 0x00000000a3f00000|100%|HC|  |TAMS 0x00000000a3e00000, 0x00000000a3e00000| Complete 
|  19|0x00000000a3f00000, 0x00000000a4000000, 0x00000000a4000000|100%|HC|  |TAMS 0x00000000a3f00000, 0x00000000a3f00000| Complete 
|  20|0x00000000a4000000, 0x00000000a4000000, 0x00000000a4100000|  0%| F|  |TAMS 0x00000000a4000000, 0x00000000a4000000| Untracked 
|  21|0x00000000a4100000, 0x00000000a4100000, 0x00000000a4200000|  0%| F|  |TAMS 0x00000000a4100000, 0x00000000a4100000| Untracked 
|  22|0x00000000a4200000, 0x00000000a4200000, 0x00000000a4300000|  0%| F|  |TAMS 0x00000000a4200000, 0x00000000a4200000| Untracked 
|  23|0x00000000a4300000, 0x00000000a4300000, 0x00000000a4400000|  0%| F|  |TAMS 0x00000000a4300000, 0x00000000a4300000| Untracked 
|  24|0x00000000a4400000, 0x00000000a4400000, 0x00000000a4500000|  0%| F|  |TAMS 0x00000000a4400000, 0x00000000a4400000| Untracked 
|  25|0x00000000a4500000, 0x00000000a4500000, 0x00000000a4600000|  0%| F|  |TAMS 0x00000000a4500000, 0x00000000a4500000| Untracked 
|  26|0x00000000a4600000, 0x00000000a4600000, 0x00000000a4700000|  0%| F|  |TAMS 0x00000000a4600000, 0x00000000a4600000| Untracked 
|  27|0x00000000a4700000, 0x00000000a4700000, 0x00000000a4800000|  0%| F|  |TAMS 0x00000000a4700000, 0x00000000a4700000| Untracked 
|  28|0x00000000a4800000, 0x00000000a4800000, 0x00000000a4900000|  0%| F|  |TAMS 0x00000000a4800000, 0x00000000a4800000| Untracked 
|  29|0x00000000a4900000, 0x00000000a4900000, 0x00000000a4a00000|  0%| F|  |TAMS 0x00000000a4900000, 0x00000000a4900000| Untracked 
|  30|0x00000000a4a00000, 0x00000000a4a00000, 0x00000000a4b00000|  0%| F|  |TAMS 0x00000000a4a00000, 0x00000000a4a00000| Untracked 
|  31|0x00000000a4b00000, 0x00000000a4b00000, 0x00000000a4c00000|  0%| F|  |TAMS 0x00000000a4b00000, 0x00000000a4b00000| Untracked 
|  32|0x00000000a4c00000, 0x00000000a4c00000, 0x00000000a4d00000|  0%| F|  |TAMS 0x00000000a4c00000, 0x00000000a4c00000| Untracked 
|  33|0x00000000a4d00000, 0x00000000a4d00000, 0x00000000a4e00000|  0%| F|  |TAMS 0x00000000a4d00000, 0x00000000a4d00000| Untracked 
|  34|0x00000000a4e00000, 0x00000000a4e00000, 0x00000000a4f00000|  0%| F|  |TAMS 0x00000000a4e00000, 0x00000000a4e00000| Untracked 
|  35|0x00000000a4f00000, 0x00000000a4f00000, 0x00000000a5000000|  0%| F|  |TAMS 0x00000000a4f00000, 0x00000000a4f00000| Untracked 
|  36|0x00000000a5000000, 0x00000000a5000000, 0x00000000a5100000|  0%| F|  |TAMS 0x00000000a5000000, 0x00000000a5000000| Untracked 
|  37|0x00000000a5100000, 0x00000000a5100000, 0x00000000a5200000|  0%| F|  |TAMS 0x00000000a5100000, 0x00000000a5100000| Untracked 
|  38|0x00000000a5200000, 0x00000000a5200000, 0x00000000a5300000|  0%| F|  |TAMS 0x00000000a5200000, 0x00000000a5200000| Untracked 
|  39|0x00000000a5300000, 0x00000000a5300000, 0x00000000a5400000|  0%| F|  |TAMS 0x00000000a5300000, 0x00000000a5300000| Untracked 
|  40|0x00000000a5400000, 0x00000000a5400000, 0x00000000a5500000|  0%| F|  |TAMS 0x00000000a5400000, 0x00000000a5400000| Untracked 
|  41|0x00000000a5500000, 0x00000000a5500000, 0x00000000a5600000|  0%| F|  |TAMS 0x00000000a5500000, 0x00000000a5500000| Untracked 
|  42|0x00000000a5600000, 0x00000000a5600000, 0x00000000a5700000|  0%| F|  |TAMS 0x00000000a5600000, 0x00000000a5600000| Untracked 
|  43|0x00000000a5700000, 0x00000000a5700000, 0x00000000a5800000|  0%| F|  |TAMS 0x00000000a5700000, 0x00000000a5700000| Untracked 
|  44|0x00000000a5800000, 0x00000000a5800000, 0x00000000a5900000|  0%| F|  |TAMS 0x00000000a5800000, 0x00000000a5800000| Untracked 
|  45|0x00000000a5900000, 0x00000000a5900000, 0x00000000a5a00000|  0%| F|  |TAMS 0x00000000a5900000, 0x00000000a5900000| Untracked 
|  46|0x00000000a5a00000, 0x00000000a5a00000, 0x00000000a5b00000|  0%| F|  |TAMS 0x00000000a5a00000, 0x00000000a5a00000| Untracked 
|  47|0x00000000a5b00000, 0x00000000a5b00000, 0x00000000a5c00000|  0%| F|  |TAMS 0x00000000a5b00000, 0x00000000a5b00000| Untracked 
|  48|0x00000000a5c00000, 0x00000000a5c00000, 0x00000000a5d00000|  0%| F|  |TAMS 0x00000000a5c00000, 0x00000000a5c00000| Untracked 
|  49|0x00000000a5d00000, 0x00000000a5d00000, 0x00000000a5e00000|  0%| F|  |TAMS 0x00000000a5d00000, 0x00000000a5d00000| Untracked 
|  50|0x00000000a5e00000, 0x00000000a5e00000, 0x00000000a5f00000|  0%| F|  |TAMS 0x00000000a5e00000, 0x00000000a5e00000| Untracked 
|  51|0x00000000a5f00000, 0x00000000a5f00000, 0x00000000a6000000|  0%| F|  |TAMS 0x00000000a5f00000, 0x00000000a5f00000| Untracked 
|  52|0x00000000a6000000, 0x00000000a6000000, 0x00000000a6100000|  0%| F|  |TAMS 0x00000000a6000000, 0x00000000a6000000| Untracked 
|  53|0x00000000a6100000, 0x00000000a6100000, 0x00000000a6200000|  0%| F|  |TAMS 0x00000000a6100000, 0x00000000a6100000| Untracked 
|  54|0x00000000a6200000, 0x00000000a6200000, 0x00000000a6300000|  0%| F|  |TAMS 0x00000000a6200000, 0x00000000a6200000| Untracked 
|  55|0x00000000a6300000, 0x00000000a6300000, 0x00000000a6400000|  0%| F|  |TAMS 0x00000000a6300000, 0x00000000a6300000| Untracked 
|  56|0x00000000a6400000, 0x00000000a6400000, 0x00000000a6500000|  0%| F|  |TAMS 0x00000000a6400000, 0x00000000a6400000| Untracked 
|  57|0x00000000a6500000, 0x00000000a6500000, 0x00000000a6600000|  0%| F|  |TAMS 0x00000000a6500000, 0x00000000a6500000| Untracked 
|  58|0x00000000a6600000, 0x00000000a6600000, 0x00000000a6700000|  0%| F|  |TAMS 0x00000000a6600000, 0x00000000a6600000| Untracked 
|  59|0x00000000a6700000, 0x00000000a6700000, 0x00000000a6800000|  0%| F|  |TAMS 0x00000000a6700000, 0x00000000a6700000| Untracked 
|  60|0x00000000a6800000, 0x00000000a6800000, 0x00000000a6900000|  0%| F|  |TAMS 0x00000000a6800000, 0x00000000a6800000| Untracked 
|  61|0x00000000a6900000, 0x00000000a6900000, 0x00000000a6a00000|  0%| F|  |TAMS 0x00000000a6900000, 0x00000000a6900000| Untracked 
|  62|0x00000000a6a00000, 0x00000000a6a00000, 0x00000000a6b00000|  0%| F|  |TAMS 0x00000000a6a00000, 0x00000000a6a00000| Untracked 
|  63|0x00000000a6b00000, 0x00000000a6b00000, 0x00000000a6c00000|  0%| F|  |TAMS 0x00000000a6b00000, 0x00000000a6b00000| Untracked 
|  64|0x00000000a6c00000, 0x00000000a6c6a0f0, 0x00000000a6d00000| 41%| E|  |TAMS 0x00000000a6c00000, 0x00000000a6c00000| Complete 
|  65|0x00000000a6d00000, 0x00000000a6e00000, 0x00000000a6e00000|100%| E|CS|TAMS 0x00000000a6d00000, 0x00000000a6d00000| Complete 
|  66|0x00000000a6e00000, 0x00000000a6f00000, 0x00000000a6f00000|100%| E|CS|TAMS 0x00000000a6e00000, 0x00000000a6e00000| Complete 
|  67|0x00000000a6f00000, 0x00000000a7000000, 0x00000000a7000000|100%| E|CS|TAMS 0x00000000a6f00000, 0x00000000a6f00000| Complete 
|  68|0x00000000a7000000, 0x00000000a7100000, 0x00000000a7100000|100%| S|CS|TAMS 0x00000000a7000000, 0x00000000a7000000| Complete 
|  69|0x00000000a7100000, 0x00000000a7200000, 0x00000000a7200000|100%| S|CS|TAMS 0x00000000a7100000, 0x00000000a7100000| Complete 
|  70|0x00000000a7200000, 0x00000000a7300000, 0x00000000a7300000|100%| S|CS|TAMS 0x00000000a7200000, 0x00000000a7200000| Complete 
|  71|0x00000000a7300000, 0x00000000a7400000, 0x00000000a7400000|100%| E|CS|TAMS 0x00000000a7300000, 0x00000000a7300000| Complete 
|  72|0x00000000a7400000, 0x00000000a7500000, 0x00000000a7500000|100%| E|CS|TAMS 0x00000000a7400000, 0x00000000a7400000| Complete 
|  73|0x00000000a7500000, 0x00000000a7600000, 0x00000000a7600000|100%| E|CS|TAMS 0x00000000a7500000, 0x00000000a7500000| Complete 
|  74|0x00000000a7600000, 0x00000000a7700000, 0x00000000a7700000|100%| E|CS|TAMS 0x00000000a7600000, 0x00000000a7600000| Complete 
|  75|0x00000000a7700000, 0x00000000a7800000, 0x00000000a7800000|100%| E|CS|TAMS 0x00000000a7700000, 0x00000000a7700000| Complete 
|  76|0x00000000a7800000, 0x00000000a7900000, 0x00000000a7900000|100%| E|CS|TAMS 0x00000000a7800000, 0x00000000a7800000| Complete 
|  77|0x00000000a7900000, 0x00000000a7a00000, 0x00000000a7a00000|100%| E|CS|TAMS 0x00000000a7900000, 0x00000000a7900000| Complete 
|  78|0x00000000a7a00000, 0x00000000a7b00000, 0x00000000a7b00000|100%| E|CS|TAMS 0x00000000a7a00000, 0x00000000a7a00000| Complete 
|  79|0x00000000a7b00000, 0x00000000a7c00000, 0x00000000a7c00000|100%| E|CS|TAMS 0x00000000a7b00000, 0x00000000a7b00000| Complete 
|  80|0x00000000a7c00000, 0x00000000a7d00000, 0x00000000a7d00000|100%| E|CS|TAMS 0x00000000a7c00000, 0x00000000a7c00000| Complete 
|  81|0x00000000a7d00000, 0x00000000a7e00000, 0x00000000a7e00000|100%| E|CS|TAMS 0x00000000a7d00000, 0x00000000a7d00000| Complete 
|  82|0x00000000a7e00000, 0x00000000a7f00000, 0x00000000a7f00000|100%| E|CS|TAMS 0x00000000a7e00000, 0x00000000a7e00000| Complete 
|  83|0x00000000a7f00000, 0x00000000a8000000, 0x00000000a8000000|100%| E|CS|TAMS 0x00000000a7f00000, 0x00000000a7f00000| Complete 
|  84|0x00000000a8000000, 0x00000000a8100000, 0x00000000a8100000|100%| E|CS|TAMS 0x00000000a8000000, 0x00000000a8000000| Complete 
|  85|0x00000000a8100000, 0x00000000a8200000, 0x00000000a8200000|100%| E|CS|TAMS 0x00000000a8100000, 0x00000000a8100000| Complete 
|  86|0x00000000a8200000, 0x00000000a8300000, 0x00000000a8300000|100%| E|CS|TAMS 0x00000000a8200000, 0x00000000a8200000| Complete 
|  87|0x00000000a8300000, 0x00000000a8400000, 0x00000000a8400000|100%| E|CS|TAMS 0x00000000a8300000, 0x00000000a8300000| Complete 
|  88|0x00000000a8400000, 0x00000000a8500000, 0x00000000a8500000|100%| E|CS|TAMS 0x00000000a8400000, 0x00000000a8400000| Complete 
|  89|0x00000000a8500000, 0x00000000a8600000, 0x00000000a8600000|100%| E|CS|TAMS 0x00000000a8500000, 0x00000000a8500000| Complete 
|  90|0x00000000a8600000, 0x00000000a8700000, 0x00000000a8700000|100%| E|CS|TAMS 0x00000000a8600000, 0x00000000a8600000| Complete 
|  91|0x00000000a8700000, 0x00000000a8800000, 0x00000000a8800000|100%| E|CS|TAMS 0x00000000a8700000, 0x00000000a8700000| Complete 
|  92|0x00000000a8800000, 0x00000000a8900000, 0x00000000a8900000|100%| E|CS|TAMS 0x00000000a8800000, 0x00000000a8800000| Complete 
|  93|0x00000000a8900000, 0x00000000a8a00000, 0x00000000a8a00000|100%| E|CS|TAMS 0x00000000a8900000, 0x00000000a8900000| Complete 

Card table byte_map: [0x0000029a7d790000,0x0000029a7da80000] _byte_map_base: 0x0000029a7d27a000

Marking Bits (Prev, Next): (CMBitMap*) 0x0000029a7d0efc60, (CMBitMap*) 0x0000029a7d0efca0
 Prev Bits: [0x0000029a7dd70000, 0x0000029a7f4c0000)
 Next Bits: [0x0000029a167e0000, 0x0000029a17f30000)

Polling page: 0x0000029a7b060000

Metaspace:

Usage:
  Non-class:      9.82 MB used.
      Class:      1.69 MB used.
       Both:     11.50 MB used.

Virtual space:
  Non-class space:       64.00 MB reserved,       9.94 MB ( 16%) committed,  1 nodes.
      Class space:        1.00 GB reserved,       1.81 MB ( <1%) committed,  1 nodes.
             Both:        1.06 GB reserved,      11.75 MB (  1%) committed. 

Chunk freelists:
   Non-Class:  5.59 MB
       Class:  14.11 MB
        Both:  19.70 MB

MaxMetaspaceSize: unlimited
CompressedClassSpaceSize: 1.00 GB
Initial GC threshold: 21.00 MB
Current GC threshold: 21.00 MB
CDS: on
MetaspaceReclaimPolicy: balanced
 - commit_granule_bytes: 65536.
 - commit_granule_words: 8192.
 - virtual_space_node_default_size: 8388608.
 - enlarge_chunks_in_place: 1.
 - new_chunks_are_fully_committed: 0.
 - uncommit_free_chunks: 1.
 - use_allocation_guard: 0.
 - handle_deallocations: 1.


Internal statistics:

num_allocs_failed_limit: 0.
num_arena_births: 196.
num_arena_deaths: 0.
num_vsnodes_births: 2.
num_vsnodes_deaths: 0.
num_space_committed: 188.
num_space_uncommitted: 0.
num_chunks_returned_to_freelist: 0.
num_chunks_taken_from_freelist: 566.
num_chunk_merges: 0.
num_chunk_splits: 385.
num_chunks_enlarged: 281.
num_inconsistent_stats: 0.

CodeHeap 'non-profiled nmethods': size=120000Kb used=543Kb max_used=543Kb free=119456Kb
 bounds [0x0000029a0f2b0000, 0x0000029a0f520000, 0x0000029a167e0000]
CodeHeap 'profiled nmethods': size=120000Kb used=3401Kb max_used=3401Kb free=116598Kb
 bounds [0x0000029a077e0000, 0x0000029a07b40000, 0x0000029a0ed10000]
CodeHeap 'non-nmethods': size=5760Kb used=1301Kb max_used=1372Kb free=4459Kb
 bounds [0x0000029a0ed10000, 0x0000029a0ef80000, 0x0000029a0f2b0000]
 total_blobs=2315 nmethods=1683 adapters=544
 compilation: enabled
              stopped_count=0, restarted_count=0
 full_count=0

Compilation events (20 events):
Event: 1.519 Thread 0x0000029a7fed2ef0 1539       3       java.lang.invoke.LambdaForm$NamedFunction::member (26 bytes)
Event: 1.519 Thread 0x0000029a7fed2ef0 nmethod 1539 0x0000029a07ae3d90 code [0x0000029a07ae3f20, 0x0000029a07ae4038]
Event: 1.519 Thread 0x0000029a7fed2ef0 1540       3       java.lang.invoke.InvokerBytecodeGenerator::isStaticallyInvocable (165 bytes)
Event: 1.520 Thread 0x0000029a7fed2ef0 nmethod 1540 0x0000029a07ae4110 code [0x0000029a07ae4540, 0x0000029a07ae6208]
Event: 1.520 Thread 0x0000029a7fed2ef0 1541       3       java.lang.invoke.MemberName::isPrivate (8 bytes)
Event: 1.520 Thread 0x0000029a7fed2ef0 nmethod 1541 0x0000029a07ae6990 code [0x0000029a07ae6b20, 0x0000029a07ae6cf8]
Event: 1.520 Thread 0x0000029a7fed2ef0 1542       3       java.lang.invoke.InvokerBytecodeGenerator::emitStaticInvoke (258 bytes)
Event: 1.521 Thread 0x0000029a7fed2ef0 nmethod 1542 0x0000029a07ae6d90 code [0x0000029a07ae70a0, 0x0000029a07ae8028]
Event: 1.522 Thread 0x0000029a7fed2ef0 1544       3       java.lang.Boolean::valueOf (14 bytes)
Event: 1.523 Thread 0x0000029a7fed2ef0 nmethod 1544 0x0000029a07ae8610 code [0x0000029a07ae87a0, 0x0000029a07ae8918]
Event: 1.524 Thread 0x0000029a7fed2ef0 1545       3       javafx.scene.Node::isManaged (19 bytes)
Event: 1.524 Thread 0x0000029a7fed2ef0 nmethod 1545 0x0000029a07ae8990 code [0x0000029a07ae8b40, 0x0000029a07ae8ec8]
Event: 1.524 Thread 0x0000029a7fed2ef0 1546       3       com.sun.javafx.geom.RectBounds::<init> (14 bytes)
Event: 1.524 Thread 0x0000029a7fed2ef0 nmethod 1546 0x0000029a07ae9010 code [0x0000029a07ae91c0, 0x0000029a07ae93f8]
Event: 1.524 Thread 0x0000029a7fed2ef0 1547       3       com.sun.javafx.geom.RectBounds::setBounds (22 bytes)
Event: 1.524 Thread 0x0000029a7fed2ef0 nmethod 1547 0x0000029a07ae9510 code [0x0000029a07ae96a0, 0x0000029a07ae97b8]
Event: 1.524 Thread 0x0000029a7fed2ef0 1548       3       com.sun.javafx.binding.ExpressionHelper::addListener (45 bytes)
Event: 1.525 Thread 0x0000029a7fed2ef0 nmethod 1548 0x0000029a07ae9890 code [0x0000029a07ae9aa0, 0x0000029a07aea188]
Event: 1.525 Thread 0x0000029a7fed2ef0 1549       3       javax.xml.stream.util.StreamReaderDelegate::isWhiteSpace (10 bytes)
Event: 1.525 Thread 0x0000029a7fed2ef0 nmethod 1549 0x0000029a07aea390 code [0x0000029a07aea540, 0x0000029a07aea708]

GC Heap History (2 events):
Event: 0.925 GC heap before
{Heap before GC invocations=0 (full 0):
 garbage-first heap   total 96256K, used 23552K [0x00000000a2c00000, 0x0000000100000000)
  region size 1024K, 23 young (23552K), 0 survivors (0K)
 Metaspace       used 5128K, committed 5248K, reserved 1114112K
  class space    used 639K, committed 704K, reserved 1048576K
}
Event: 0.928 GC heap after
{Heap after GC invocations=1 (full 0):
 garbage-first heap   total 96256K, used 4580K [0x00000000a2c00000, 0x0000000100000000)
  region size 1024K, 3 young (3072K), 3 survivors (3072K)
 Metaspace       used 5128K, committed 5248K, reserved 1114112K
  class space    used 639K, committed 704K, reserved 1048576K
}

Deoptimization events (20 events):
Event: 1.471 Thread 0x0000029a5fa2ade0 Uncommon trap: trap_request=0xffffffc6 fr.pc=0x0000029a0f3096d0 relative=0x0000000000000410
Event: 1.471 Thread 0x0000029a5fa2ade0 Uncommon trap: reason=bimorphic_or_optimized_type_check action=maybe_recompile pc=0x0000029a0f3096d0 method=java.util.HashMap.getNode(Ljava/lang/Object;)Ljava/util/HashMap$Node; @ 128 c2
Event: 1.471 Thread 0x0000029a5fa2ade0 DEOPT PACKING pc=0x0000029a0f3096d0 sp=0x000000a563ffdb10
Event: 1.471 Thread 0x0000029a5fa2ade0 DEOPT UNPACKING pc=0x0000029a0ed623a3 sp=0x000000a563ffda88 mode 2
Event: 1.471 Thread 0x0000029a5fa2ade0 Uncommon trap: trap_request=0xffffffc6 fr.pc=0x0000029a0f3096d0 relative=0x0000000000000410
Event: 1.471 Thread 0x0000029a5fa2ade0 Uncommon trap: reason=bimorphic_or_optimized_type_check action=maybe_recompile pc=0x0000029a0f3096d0 method=java.util.HashMap.getNode(Ljava/lang/Object;)Ljava/util/HashMap$Node; @ 128 c2
Event: 1.471 Thread 0x0000029a5fa2ade0 DEOPT PACKING pc=0x0000029a0f3096d0 sp=0x000000a563ffdb10
Event: 1.471 Thread 0x0000029a5fa2ade0 DEOPT UNPACKING pc=0x0000029a0ed623a3 sp=0x000000a563ffda88 mode 2
Event: 1.471 Thread 0x0000029a5fa2ade0 Uncommon trap: trap_request=0xffffffc6 fr.pc=0x0000029a0f3096d0 relative=0x0000000000000410
Event: 1.471 Thread 0x0000029a5fa2ade0 Uncommon trap: reason=bimorphic_or_optimized_type_check action=maybe_recompile pc=0x0000029a0f3096d0 method=java.util.HashMap.getNode(Ljava/lang/Object;)Ljava/util/HashMap$Node; @ 128 c2
Event: 1.471 Thread 0x0000029a5fa2ade0 DEOPT PACKING pc=0x0000029a0f3096d0 sp=0x000000a563ffdb10
Event: 1.471 Thread 0x0000029a5fa2ade0 DEOPT UNPACKING pc=0x0000029a0ed623a3 sp=0x000000a563ffda88 mode 2
Event: 1.472 Thread 0x0000029a5fa2ade0 Uncommon trap: trap_request=0xffffffc6 fr.pc=0x0000029a0f3096d0 relative=0x0000000000000410
Event: 1.472 Thread 0x0000029a5fa2ade0 Uncommon trap: reason=bimorphic_or_optimized_type_check action=maybe_recompile pc=0x0000029a0f3096d0 method=java.util.HashMap.getNode(Ljava/lang/Object;)Ljava/util/HashMap$Node; @ 128 c2
Event: 1.472 Thread 0x0000029a5fa2ade0 DEOPT PACKING pc=0x0000029a0f3096d0 sp=0x000000a563ffdc50
Event: 1.472 Thread 0x0000029a5fa2ade0 DEOPT UNPACKING pc=0x0000029a0ed623a3 sp=0x000000a563ffdbc8 mode 2
Event: 1.501 Thread 0x0000029a5fa2ade0 Uncommon trap: trap_request=0xffffff45 fr.pc=0x0000029a0f2be7c8 relative=0x0000000000000048
Event: 1.501 Thread 0x0000029a5fa2ade0 Uncommon trap: reason=unstable_if action=reinterpret pc=0x0000029a0f2be7c8 method=java.lang.CharacterData.of(I)Ljava/lang/CharacterData; @ 4 c2
Event: 1.501 Thread 0x0000029a5fa2ade0 DEOPT PACKING pc=0x0000029a0f2be7c8 sp=0x000000a563ffd1a0
Event: 1.501 Thread 0x0000029a5fa2ade0 DEOPT UNPACKING pc=0x0000029a0ed623a3 sp=0x000000a563ffd140 mode 2

Classes unloaded (0 events):
No events

Classes redefined (0 events):
No events

Internal exceptions (20 events):
Event: 0.254 Thread 0x0000029a7d0a4560 Exception <a 'java/lang/IncompatibleClassChangeError'{0x00000000a84d5548}: Found class java.lang.Object, but interface was expected> (0x00000000a84d5548) 
thrown [s\open\src\hotspot\share\interpreter\linkResolver.cpp, line 826]
Event: 0.255 Thread 0x0000029a7d0a4560 Exception <a 'java/lang/NoSuchMethodError'{0x00000000a84d8310}: 'void java.lang.invoke.DirectMethodHandle$Holder.invokeStatic(java.lang.Object, java.lang.Object, java.lang.Object, java.lang.Object)'> (0x00000000a84d8310) 
thrown [s\open\src\hotspot\share\interpreter\linkResolver.cpp, line 759]
Event: 0.284 Thread 0x0000029a7d0a4560 Exception <a 'java/lang/NoSuchMethodError'{0x00000000a83da4b8}: 'java.lang.Object java.lang.invoke.DirectMethodHandle$Holder.invokeStaticInit(java.lang.Object)'> (0x00000000a83da4b8) 
thrown [s\open\src\hotspot\share\interpreter\linkResolver.cpp, line 759]
Event: 0.288 Thread 0x0000029a7d0a4560 Exception <a 'java/lang/NoSuchMethodError'{0x00000000a83e8be8}: 'void java.lang.invoke.DirectMethodHandle$Holder.invokeStatic(java.lang.Object, java.lang.Object)'> (0x00000000a83e8be8) 
thrown [s\open\src\hotspot\share\interpreter\linkResolver.cpp, line 759]
Event: 0.641 Thread 0x0000029a7d0a4560 Exception <a 'java/lang/NoSuchMethodError'{0x00000000a7dd9118}: 'void java.lang.invoke.DirectMethodHandle$Holder.invokeSpecial(java.lang.Object, java.lang.Object, java.lang.Object)'> (0x00000000a7dd9118) 
thrown [s\open\src\hotspot\share\interpreter\linkResolver.cpp, line 759]
Event: 0.658 Thread 0x0000029a7d0a4560 Exception <a 'java/lang/NoSuchMethodError'{0x00000000a7c10c60}: 'void java.lang.invoke.DirectMethodHandle$Holder.invokeStatic(java.lang.Object, java.lang.Object, java.lang.Object)'> (0x00000000a7c10c60) 
thrown [s\open\src\hotspot\share\interpreter\linkResolver.cpp, line 759]
Event: 0.711 Thread 0x0000029a7d0a4560 Exception <a 'java/lang/NoSuchMethodError'{0x00000000a7c2d7d0}: 'int java.lang.invoke.DirectMethodHandle$Holder.invokeStaticInit(java.lang.Object, java.lang.Object, java.lang.Object)'> (0x00000000a7c2d7d0) 
thrown [s\open\src\hotspot\share\interpreter\linkResolver.cpp, line 759]
Event: 0.739 Thread 0x0000029a7d0a4560 Exception <a 'java/lang/NoSuchMethodError'{0x00000000a7b61930}: 'java.lang.Object java.lang.invoke.DirectMethodHandle$Holder.newInvokeSpecial(java.lang.Object, java.lang.Object, int, java.lang.Object)'> (0x00000000a7b61930) 
thrown [s\open\src\hotspot\share\interpreter\linkResolver.cpp, line 759]
Event: 0.739 Thread 0x0000029a7d0a4560 Exception <a 'java/lang/NoSuchMethodError'{0x00000000a7b65d10}: 'java.lang.Object java.lang.invoke.DirectMethodHandle$Holder.invokeSpecial(java.lang.Object, java.lang.Object, java.lang.Object, int, java.lang.Object)'> (0x00000000a7b65d10) 
thrown [s\open\src\hotspot\share\interpreter\linkResolver.cpp, line 759]
Event: 0.839 Thread 0x0000029a5fa2ade0 Exception <a 'java/lang/NoSuchMethodError'{0x00000000a7887458}: 'void java.lang.invoke.DirectMethodHandle$Holder.invokeStaticInit(java.lang.Object)'> (0x00000000a7887458) 
thrown [s\open\src\hotspot\share\interpreter\linkResolver.cpp, line 759]
Event: 0.842 Thread 0x0000029a7d0a4560 Exception <a 'java/lang/NoSuchMethodError'{0x00000000a78f3190}: 'java.lang.Object java.lang.invoke.DirectMethodHandle$Holder.newInvokeSpecial(java.lang.Object, java.lang.Object, java.lang.Object, java.lang.Object, java.lang.Object, java.lang.Object)'> (0x00000000a78f3190) 
thrown [s\open\src\hotspot\share\interpreter\linkResolver.cpp, line 759]
Event: 0.866 Thread 0x0000029a7d0a4560 Exception <a 'java/lang/NoSuchMethodError'{0x00000000a77247a8}: 'java.lang.Object java.lang.invoke.DirectMethodHandle$Holder.newInvokeSpecial(java.lang.Object, java.lang.Object, java.lang.Object, java.lang.Object, java.lang.Object)'> (0x00000000a77247a8) 
thrown [s\open\src\hotspot\share\interpreter\linkResolver.cpp, line 759]
Event: 0.941 Thread 0x0000029a5fa2ade0 Exception <a 'sun/nio/fs/WindowsException'{0x00000000a895c0a0}> (0x00000000a895c0a0) 
thrown [s\open\src\hotspot\share\prims\jni.cpp, line 516]
Event: 0.983 Thread 0x0000029a5fa2ade0 Exception <a 'java/lang/NoSuchMethodError'{0x00000000a853c7c0}: 'java.lang.Object java.lang.invoke.DirectMethodHandle$Holder.invokeStaticInit(java.lang.Object, java.lang.Object, java.lang.Object, java.lang.Object)'> (0x00000000a853c7c0) 
thrown [s\open\src\hotspot\share\interpreter\linkResolver.cpp, line 759]
Event: 0.984 Thread 0x0000029a5fa2ade0 Exception <a 'java/lang/NullPointerException'{0x00000000a8548498}> (0x00000000a8548498) 
thrown [s\open\src\hotspot\share\interpreter\linkResolver.cpp, line 1350]
Event: 1.018 Thread 0x0000029a5fa2ade0 Exception <a 'java/lang/ClassNotFoundException'{0x00000000a837fe28}: com/sun/glass/ui/win/themes> (0x00000000a837fe28) 
thrown [s\open\src\hotspot\share\prims\jni.cpp, line 535]
Event: 1.019 Thread 0x0000029a5fa2ade0 Exception <a 'java/lang/ClassNotFoundException'{0x00000000a838c0d8}: com/sun/glass/ui/win/themes_es> (0x00000000a838c0d8) 
thrown [s\open\src\hotspot\share\prims\jni.cpp, line 535]
Event: 1.019 Thread 0x0000029a5fa2ade0 Exception <a 'java/lang/ClassNotFoundException'{0x00000000a8394138}: com/sun/glass/ui/win/themes_es_CO> (0x00000000a8394138) 
thrown [s\open\src\hotspot\share\prims\jni.cpp, line 535]
Event: 1.090 Thread 0x0000029a5fa2ade0 Exception <a 'java/lang/NoSuchMethodError'{0x00000000a7eace58}: 'void java.lang.invoke.DirectMethodHandle$Holder.invokeStaticInit(java.lang.Object, java.lang.Object)'> (0x00000000a7eace58) 
thrown [s\open\src\hotspot\share\interpreter\linkResolver.cpp, line 759]
Event: 1.503 Thread 0x0000029a5fa2ade0 Exception <a 'java/lang/NoSuchMethodError'{0x00000000a75d8798}: 'void java.lang.invoke.DirectMethodHandle$Holder.invokeSpecial(java.lang.Object, java.lang.Object, java.lang.Object, java.lang.Object, java.lang.Object, java.lang.Object)'> (0x00000000a75d8798) 
thrown [s\open\src\hotspot\share\interpreter\linkResolver.cpp, line 759]

VM Operations (16 events):
Event: 0.183 Executing VM operation: HandshakeAllThreads
Event: 0.183 Executing VM operation: HandshakeAllThreads done
Event: 0.251 Executing VM operation: HandshakeAllThreads
Event: 0.251 Executing VM operation: HandshakeAllThreads done
Event: 0.727 Executing VM operation: HandshakeAllThreads
Event: 0.727 Executing VM operation: HandshakeAllThreads done
Event: 0.925 Executing VM operation: G1CollectForAllocation
Event: 0.928 Executing VM operation: G1CollectForAllocation done
Event: 1.046 Executing VM operation: HandshakeAllThreads
Event: 1.046 Executing VM operation: HandshakeAllThreads done
Event: 1.469 Executing VM operation: ICBufferFull
Event: 1.470 Executing VM operation: ICBufferFull done
Event: 1.477 Executing VM operation: HandshakeAllThreads
Event: 1.478 Executing VM operation: HandshakeAllThreads done
Event: 1.502 Executing VM operation: HandshakeAllThreads
Event: 1.502 Executing VM operation: HandshakeAllThreads done

Events (20 events):
Event: 1.489 loading class java/text/ParseException
Event: 1.490 loading class java/text/ParseException done
Event: 1.495 loading class sun/util/resources/LocaleData$CommonResourceBundleProvider
Event: 1.495 loading class sun/util/resources/LocaleData$LocaleDataResourceBundleProvider
Event: 1.495 loading class java/util/spi/ResourceBundleProvider
Event: 1.496 loading class java/util/spi/ResourceBundleProvider done
Event: 1.496 loading class sun/util/resources/LocaleData$LocaleDataResourceBundleProvider done
Event: 1.496 loading class sun/util/resources/LocaleData$CommonResourceBundleProvider done
Event: 1.496 loading class java/util/ArrayList$SubList$1
Event: 1.496 loading class java/util/ArrayList$SubList$1 done
Event: 1.497 loading class sun/util/resources/Bundles$2
Event: 1.497 loading class sun/util/resources/Bundles$2 done
Event: 1.517 loading class java/lang/invoke/MethodHandle$1
Event: 1.517 loading class java/lang/invoke/MethodHandle$1 done
Event: 1.525 loading class com/sun/org/apache/xerces/internal/impl/io/MalformedByteSequenceException
Event: 1.525 loading class java/io/CharConversionException
Event: 1.525 loading class java/io/CharConversionException done
Event: 1.525 loading class com/sun/org/apache/xerces/internal/impl/io/MalformedByteSequenceException done
Event: 1.526 Thread 0x0000029a6f7507f0 Thread added: 0x0000029a6f7507f0
Event: 1.533 Loaded shared library C:\Users\ISAIAS\.jssc\windows\jSSC-2.8_x86_64.dll


Dynamic libraries:
0x00007ff76eff0000 - 0x00007ff76f000000 	C:\Program Files\Java\jdk-17\bin\java.exe
0x00007ffa19c70000 - 0x00007ffa19e86000 	C:\Windows\SYSTEM32\ntdll.dll
0x00007ffa188a0000 - 0x00007ffa18964000 	C:\Windows\System32\KERNEL32.DLL
0x00007ffa172c0000 - 0x00007ffa17667000 	C:\Windows\System32\KERNELBASE.dll
0x00007ffa16f90000 - 0x00007ffa170a1000 	C:\Windows\System32\ucrtbase.dll
0x00007ffa03dd0000 - 0x00007ffa03deb000 	C:\Program Files\Java\jdk-17\bin\VCRUNTIME140.dll
0x00007ff9e6610000 - 0x00007ff9e6629000 	C:\Program Files\Java\jdk-17\bin\jli.dll
0x00007ffa19b50000 - 0x00007ffa19c02000 	C:\Windows\System32\ADVAPI32.dll
0x00007ffa194f0000 - 0x00007ffa19597000 	C:\Windows\System32\msvcrt.dll
0x00007ffa19aa0000 - 0x00007ffa19b48000 	C:\Windows\System32\sechost.dll
0x00007ffa17130000 - 0x00007ffa17158000 	C:\Windows\System32\bcrypt.dll
0x00007ffa18990000 - 0x00007ffa18aa5000 	C:\Windows\System32\RPCRT4.dll
0x00007ffa198f0000 - 0x00007ffa19a9e000 	C:\Windows\System32\USER32.dll
0x00007ffa17160000 - 0x00007ffa17186000 	C:\Windows\System32\win32u.dll
0x00007ffa194c0000 - 0x00007ffa194e9000 	C:\Windows\System32\GDI32.dll
0x00007ffa17670000 - 0x00007ffa17789000 	C:\Windows\System32\gdi32full.dll
0x00007ffa17790000 - 0x00007ffa1782a000 	C:\Windows\System32\msvcp_win.dll
0x00007ffa162f0000 - 0x00007ffa16583000 	C:\Windows\WinSxS\amd64_microsoft.windows.common-controls_6595b64144ccf1df_6.0.22621.3235_none_270f74e173860f98\COMCTL32.dll
0x00007ffa15790000 - 0x00007ffa1579a000 	C:\Windows\SYSTEM32\VERSION.dll
0x00007ffa17e80000 - 0x00007ffa17eb1000 	C:\Windows\System32\IMM32.DLL
0x00007ffa0fc20000 - 0x00007ffa0fc2c000 	C:\Program Files\Java\jdk-17\bin\vcruntime140_1.dll
0x00007ff9c1260000 - 0x00007ff9c12ee000 	C:\Program Files\Java\jdk-17\bin\msvcp140.dll
0x00007ff956790000 - 0x00007ff95736f000 	C:\Program Files\Java\jdk-17\bin\server\jvm.dll
0x00007ffa18ab0000 - 0x00007ffa18ab8000 	C:\Windows\System32\PSAPI.DLL
0x00007ffa138f0000 - 0x00007ffa13924000 	C:\Windows\SYSTEM32\WINMM.dll
0x00007ff9f8730000 - 0x00007ff9f8739000 	C:\Windows\SYSTEM32\WSOCK32.dll
0x00007ffa196c0000 - 0x00007ffa19731000 	C:\Windows\System32\WS2_32.dll
0x00007ffa15070000 - 0x00007ffa15088000 	C:\Windows\SYSTEM32\kernel.appcore.dll
0x00007ffa0c930000 - 0x00007ffa0c93a000 	C:\Program Files\Java\jdk-17\bin\jimage.dll
0x00007ffa16900000 - 0x00007ffa16b33000 	C:\Windows\SYSTEM32\DBGHELP.DLL
0x00007ffa18270000 - 0x00007ffa185f8000 	C:\Windows\System32\combase.dll
0x00007ffa17fd0000 - 0x00007ffa180a7000 	C:\Windows\System32\OLEAUT32.dll
0x00007ffa167a0000 - 0x00007ffa167d2000 	C:\Windows\SYSTEM32\dbgcore.DLL
0x00007ffa170b0000 - 0x00007ffa17129000 	C:\Windows\System32\bcryptPrimitives.dll
0x00007ff9d4ce0000 - 0x00007ff9d4d05000 	C:\Program Files\Java\jdk-17\bin\java.dll
0x00007ff9c1180000 - 0x00007ff9c1257000 	C:\Program Files\Java\jdk-17\bin\jsvml.dll
0x00007ffa18ac0000 - 0x00007ffa1931c000 	C:\Windows\System32\SHELL32.dll
0x00007ffa13f80000 - 0x00007ffa14879000 	C:\Windows\SYSTEM32\windows.storage.dll
0x00007ffa13e40000 - 0x00007ffa13f7e000 	C:\Windows\SYSTEM32\wintypes.dll
0x00007ffa19320000 - 0x00007ffa19413000 	C:\Windows\System32\SHCORE.dll
0x00007ffa19650000 - 0x00007ffa196ae000 	C:\Windows\System32\shlwapi.dll
0x00007ffa16ec0000 - 0x00007ffa16ee1000 	C:\Windows\SYSTEM32\profapi.dll
0x00007ff9e12d0000 - 0x00007ff9e12e9000 	C:\Program Files\Java\jdk-17\bin\net.dll
0x00007ffa0e9a0000 - 0x00007ffa0ead6000 	C:\Windows\SYSTEM32\WINHTTP.dll
0x00007ffa15480000 - 0x00007ffa154e9000 	C:\Windows\system32\mswsock.dll
0x00007ff9e0bb0000 - 0x00007ff9e0bc6000 	C:\Program Files\Java\jdk-17\bin\nio.dll
0x00007ff9e5f30000 - 0x00007ff9e5f48000 	C:\Program Files\Java\jdk-17\bin\zip.dll
0x0000029a19f70000 - 0x0000029a19f73000 	C:\Users\ISAIAS\.openjfx\cache\17.0.11\api-ms-win-core-console-l1-1-0.dll
0x0000029a19f80000 - 0x0000029a19f83000 	C:\Users\ISAIAS\.openjfx\cache\17.0.11\api-ms-win-core-console-l1-2-0.dll
0x0000029a19f90000 - 0x0000029a19f93000 	C:\Users\ISAIAS\.openjfx\cache\17.0.11\api-ms-win-core-datetime-l1-1-0.dll
0x0000029a19fa0000 - 0x0000029a19fa3000 	C:\Users\ISAIAS\.openjfx\cache\17.0.11\api-ms-win-core-debug-l1-1-0.dll
0x0000029a19fb0000 - 0x0000029a19fb3000 	C:\Users\ISAIAS\.openjfx\cache\17.0.11\api-ms-win-core-errorhandling-l1-1-0.dll
0x0000029a19fc0000 - 0x0000029a19fc4000 	C:\Users\ISAIAS\.openjfx\cache\17.0.11\api-ms-win-core-file-l1-1-0.dll
0x0000029a19fd0000 - 0x0000029a19fd3000 	C:\Users\ISAIAS\.openjfx\cache\17.0.11\api-ms-win-core-file-l1-2-0.dll
0x0000029a19fe0000 - 0x0000029a19fe3000 	C:\Users\ISAIAS\.openjfx\cache\17.0.11\api-ms-win-core-file-l2-1-0.dll
0x0000029a19ff0000 - 0x0000029a19ff3000 	C:\Users\ISAIAS\.openjfx\cache\17.0.11\api-ms-win-core-handle-l1-1-0.dll
0x0000029a5fd30000 - 0x0000029a5fd33000 	C:\Users\ISAIAS\.openjfx\cache\17.0.11\api-ms-win-core-heap-l1-1-0.dll
0x0000029a5fd40000 - 0x0000029a5fd43000 	C:\Users\ISAIAS\.openjfx\cache\17.0.11\api-ms-win-core-interlocked-l1-1-0.dll
0x0000029a5fd50000 - 0x0000029a5fd53000 	C:\Users\ISAIAS\.openjfx\cache\17.0.11\api-ms-win-core-libraryloader-l1-1-0.dll
0x0000029a5fd60000 - 0x0000029a5fd63000 	C:\Users\ISAIAS\.openjfx\cache\17.0.11\api-ms-win-core-localization-l1-2-0.dll
0x0000029a5fd70000 - 0x0000029a5fd73000 	C:\Users\ISAIAS\.openjfx\cache\17.0.11\api-ms-win-core-memory-l1-1-0.dll
0x0000029a5fd80000 - 0x0000029a5fd83000 	C:\Users\ISAIAS\.openjfx\cache\17.0.11\api-ms-win-core-namedpipe-l1-1-0.dll
0x0000029a5fd90000 - 0x0000029a5fd93000 	C:\Users\ISAIAS\.openjfx\cache\17.0.11\api-ms-win-core-processenvironment-l1-1-0.dll
0x0000029a5fda0000 - 0x0000029a5fda3000 	C:\Users\ISAIAS\.openjfx\cache\17.0.11\api-ms-win-core-processthreads-l1-1-0.dll
0x0000029a5fdb0000 - 0x0000029a5fdb3000 	C:\Users\ISAIAS\.openjfx\cache\17.0.11\api-ms-win-core-processthreads-l1-1-1.dll
0x0000029a5fdc0000 - 0x0000029a5fdc3000 	C:\Users\ISAIAS\.openjfx\cache\17.0.11\api-ms-win-core-profile-l1-1-0.dll
0x0000029a5fdd0000 - 0x0000029a5fdd3000 	C:\Users\ISAIAS\.openjfx\cache\17.0.11\api-ms-win-core-rtlsupport-l1-1-0.dll
0x0000029a5fde0000 - 0x0000029a5fde3000 	C:\Users\ISAIAS\.openjfx\cache\17.0.11\api-ms-win-core-string-l1-1-0.dll
0x0000029a5fdf0000 - 0x0000029a5fdf3000 	C:\Users\ISAIAS\.openjfx\cache\17.0.11\api-ms-win-core-synch-l1-1-0.dll
0x0000029a5fe00000 - 0x0000029a5fe03000 	C:\Users\ISAIAS\.openjfx\cache\17.0.11\api-ms-win-core-synch-l1-2-0.dll
0x0000029a5fe10000 - 0x0000029a5fe13000 	C:\Users\ISAIAS\.openjfx\cache\17.0.11\api-ms-win-core-sysinfo-l1-1-0.dll
0x0000029a5fe20000 - 0x0000029a5fe23000 	C:\Users\ISAIAS\.openjfx\cache\17.0.11\api-ms-win-core-timezone-l1-1-0.dll
0x0000029a5fe30000 - 0x0000029a5fe33000 	C:\Users\ISAIAS\.openjfx\cache\17.0.11\api-ms-win-core-util-l1-1-0.dll
0x0000029a5fe40000 - 0x0000029a5fe43000 	C:\Users\ISAIAS\.openjfx\cache\17.0.11\api-ms-win-crt-conio-l1-1-0.dll
0x0000029a5fe50000 - 0x0000029a5fe54000 	C:\Users\ISAIAS\.openjfx\cache\17.0.11\api-ms-win-crt-convert-l1-1-0.dll
0x0000029a5fe60000 - 0x0000029a5fe63000 	C:\Users\ISAIAS\.openjfx\cache\17.0.11\api-ms-win-crt-environment-l1-1-0.dll
0x0000029a5fe70000 - 0x0000029a5fe73000 	C:\Users\ISAIAS\.openjfx\cache\17.0.11\api-ms-win-crt-filesystem-l1-1-0.dll
0x0000029a5fe80000 - 0x0000029a5fe83000 	C:\Users\ISAIAS\.openjfx\cache\17.0.11\api-ms-win-crt-heap-l1-1-0.dll
0x0000029a5fe90000 - 0x0000029a5fe93000 	C:\Users\ISAIAS\.openjfx\cache\17.0.11\api-ms-win-crt-locale-l1-1-0.dll
0x0000029a5fea0000 - 0x0000029a5fea5000 	C:\Users\ISAIAS\.openjfx\cache\17.0.11\api-ms-win-crt-math-l1-1-0.dll
0x0000029a5feb0000 - 0x0000029a5feb5000 	C:\Users\ISAIAS\.openjfx\cache\17.0.11\api-ms-win-crt-multibyte-l1-1-0.dll
0x0000029a5fec0000 - 0x0000029a5fed0000 	C:\Users\ISAIAS\.openjfx\cache\17.0.11\api-ms-win-crt-private-l1-1-0.dll
0x0000029a5fed0000 - 0x0000029a5fed3000 	C:\Users\ISAIAS\.openjfx\cache\17.0.11\api-ms-win-crt-process-l1-1-0.dll
0x0000029a5fee0000 - 0x0000029a5fee4000 	C:\Users\ISAIAS\.openjfx\cache\17.0.11\api-ms-win-crt-runtime-l1-1-0.dll
0x0000029a5fef0000 - 0x0000029a5fef4000 	C:\Users\ISAIAS\.openjfx\cache\17.0.11\api-ms-win-crt-stdio-l1-1-0.dll
0x0000029a5ff00000 - 0x0000029a5ff04000 	C:\Users\ISAIAS\.openjfx\cache\17.0.11\api-ms-win-crt-string-l1-1-0.dll
0x0000029a5ff10000 - 0x0000029a5ff13000 	C:\Users\ISAIAS\.openjfx\cache\17.0.11\api-ms-win-crt-time-l1-1-0.dll
0x0000029a5ff20000 - 0x0000029a5ff23000 	C:\Users\ISAIAS\.openjfx\cache\17.0.11\api-ms-win-crt-utility-l1-1-0.dll
0x00007ff9e2510000 - 0x00007ff9e260c000 	C:\Users\ISAIAS\.openjfx\cache\17.0.11\ucrtbase.dll
0x00007ff9eda30000 - 0x00007ff9eda4b000 	C:\Users\ISAIAS\.openjfx\cache\17.0.11\vcruntime140.dll
0x00007ffa0d900000 - 0x00007ffa0d90c000 	C:\Users\ISAIAS\.openjfx\cache\17.0.11\vcruntime140_1.dll
0x00007ff9e2480000 - 0x00007ff9e250e000 	C:\Users\ISAIAS\.openjfx\cache\17.0.11\msvcp140.dll
0x00007ffa19740000 - 0x00007ffa198e5000 	C:\Windows\System32\ole32.dll
0x00007ffa0ba80000 - 0x00007ffa0ba89000 	C:\Users\ISAIAS\.openjfx\cache\17.0.11\msvcp140_1.dll
0x00007ff9eda00000 - 0x00007ff9eda2f000 	C:\Users\ISAIAS\.openjfx\cache\17.0.11\msvcp140_2.dll
0x00007ff9e9cd0000 - 0x00007ff9e9cfa000 	C:\Users\ISAIAS\.openjfx\cache\17.0.11\prism_d3d.dll
0x00007ff999a50000 - 0x00007ff999bf9000 	C:\Windows\system32\d3d9.dll
0x00007ffa13490000 - 0x00007ffa134bb000 	C:\Windows\SYSTEM32\dwmapi.dll
0x00007ffa13320000 - 0x00007ffa13359000 	C:\Windows\SYSTEM32\dxcore.dll
0x00007ffa131e0000 - 0x00007ffa1328b000 	C:\Windows\system32\uxtheme.dll
0x00007ffa0c3c0000 - 0x00007ffa0c57b000 	C:\Windows\System32\DriverStore\FileRepository\u0389834.inf_amd64_ec71e2f28388c974\B389503\aticfx64.dll
0x00007ff949aa0000 - 0x00007ff94b871000 	C:\Windows\System32\DriverStore\FileRepository\u0389834.inf_amd64_ec71e2f28388c974\B389503\amdxn64.dll
0x00007ffa179a0000 - 0x00007ffa17e14000 	C:\Windows\System32\SETUPAPI.dll
0x00007ffa13360000 - 0x00007ffa13458000 	C:\Windows\SYSTEM32\dxgi.dll
0x00007ffa0bd90000 - 0x00007ffa0bdc5000 	C:\Windows\SYSTEM32\amdihk64.dll
0x00007ffa10850000 - 0x00007ffa1089a000 	C:\Windows\SYSTEM32\directxdatabasehelper.dll
0x00007ff9e1470000 - 0x00007ff9e14b2000 	C:\Users\ISAIAS\.openjfx\cache\17.0.11\glass.dll
0x00007ffa17ed0000 - 0x00007ffa17fc9000 	C:\Windows\System32\COMDLG32.dll
0x00007ffa18600000 - 0x00007ffa18753000 	C:\Windows\System32\MSCTF.dll
0x00007ff9e2460000 - 0x00007ff9e2475000 	C:\Users\ISAIAS\.openjfx\cache\17.0.11\javafx_font.dll
0x00007ffa11c40000 - 0x00007ffa11eb4000 	C:\Windows\SYSTEM32\dwrite.dll
0x0000000071100000 - 0x0000000071125000 	C:\Users\ISAIAS\.jssc\windows\jSSC-2.8_x86_64.dll
0x00007ffa195a0000 - 0x00007ffa19650000 	C:\Windows\System32\clbcatq.dll

dbghelp: loaded successfully - version: 4.0.5 - missing functions: none
symbol engine: initialized successfully - sym options: 0x614 - pdb path: .;C:\Program Files\Java\jdk-17\bin;C:\Windows\SYSTEM32;C:\Windows\WinSxS\amd64_microsoft.windows.common-controls_6595b64144ccf1df_6.0.22621.3235_none_270f74e173860f98;C:\Program Files\Java\jdk-17\bin\server;C:\Users\ISAIAS\.openjfx\cache\17.0.11;C:\Windows\System32\DriverStore\FileRepository\u0389834.inf_amd64_ec71e2f28388c974\B389503;C:\Users\ISAIAS\.jssc\windows

VM Arguments:
jvm_args: -XX:+ShowCodeDetailsInExceptionMessages --module-path=C:\Users\ISAIAS\Documents\U\2024 - 1\PROYECTO - Trotamontañas\Interfaz HMI\HexaView versions\v1.0\beta\target\classes;C:\Users\ISAIAS\.m2\repository\com\github\PanamaHitek\PanamaHitek_Arduino\3.0.0\PanamaHitek_Arduino-3.0.0.jar;C:\Users\ISAIAS\.m2\repository\org\openjfx\javafx-controls\17.0.11\javafx-controls-17.0.11-win.jar;C:\Users\ISAIAS\.m2\repository\org\openjfx\javafx-graphics\17.0.11\javafx-graphics-17.0.11-win.jar;C:\Users\ISAIAS\.m2\repository\org\openjfx\javafx-base\17.0.11\javafx-base-17.0.11-win.jar;C:\Users\ISAIAS\.m2\repository\org\openjfx\javafx-fxml\17.0.11\javafx-fxml-17.0.11-win.jar -Djdk.module.main=com.hexaview 
java_command: com.hexaview/com.hexaview.App
java_class_path (initial): C:\Users\ISAIAS\.m2\repository\org\processing\core\3.3.7\core-3.3.7.jar;C:\Users\ISAIAS\.m2\repository\org\apache\poi\poi-ooxml\3.17\poi-ooxml-3.17.jar;C:\Users\ISAIAS\.m2\repository\org\apache\poi\poi\3.17\poi-3.17.jar;C:\Users\ISAIAS\.m2\repository\commons-codec\commons-codec\1.10\commons-codec-1.10.jar;C:\Users\ISAIAS\.m2\repository\org\apache\commons\commons-collections4\4.1\commons-collections4-4.1.jar;C:\Users\ISAIAS\.m2\repository\org\apache\poi\poi-ooxml-schemas\3.17\poi-ooxml-schemas-3.17.jar;C:\Users\ISAIAS\.m2\repository\org\apache\xmlbeans\xmlbeans\2.6.0\xmlbeans-2.6.0.jar;C:\Users\ISAIAS\.m2\repository\stax\stax-api\1.0.1\stax-api-1.0.1.jar;C:\Users\ISAIAS\.m2\repository\com\github\virtuald\curvesapi\1.04\curvesapi-1.04.jar;C:\Users\ISAIAS\.m2\repository\org\jfree\jfreechart\1.0.19\jfreechart-1.0.19.jar;C:\Users\ISAIAS\.m2\repository\org\jfree\jcommon\1.0.23\jcommon-1.0.23.jar;C:\Users\ISAIAS\.m2\repository\org\openjfx\javafx-controls\17.0.11\javafx-controls-17.0.11.jar;C:\Users\ISAIAS\.m2\repository\org\openjfx\javafx-graphics\17.0.11\javafx-graphics-17.0.11.jar;C:\Users\ISAIAS\.m2\repository\org\openjfx\javafx-base\17.0.11\javafx-base-17.0.11.jar;C:\Users\ISAIAS\.m2\repository\org\openjfx\javafx-fxml\17.0.11\javafx-fxml-17.0.11.jar
Launcher Type: SUN_STANDARD

[Global flags]
     intx CICompilerCount                          = 4                                         {product} {ergonomic}
     uint ConcGCThreads                            = 2                                         {product} {ergonomic}
     uint G1ConcRefinementThreads                  = 8                                         {product} {ergonomic}
   size_t G1HeapRegionSize                         = 1048576                                   {product} {ergonomic}
    uintx GCDrainStackTargetSize                   = 64                                        {product} {ergonomic}
   size_t InitialHeapSize                          = 98566144                                  {product} {ergonomic}
   size_t MarkStackSize                            = 4194304                                   {product} {ergonomic}
   size_t MaxHeapSize                              = 1564475392                                {product} {ergonomic}
   size_t MaxNewSize                               = 938475520                                 {product} {ergonomic}
   size_t MinHeapDeltaBytes                        = 1048576                                   {product} {ergonomic}
   size_t MinHeapSize                              = 8388608                                   {product} {ergonomic}
    uintx NonNMethodCodeHeapSize                   = 5839372                                {pd product} {ergonomic}
    uintx NonProfiledCodeHeapSize                  = 122909434                              {pd product} {ergonomic}
    uintx ProfiledCodeHeapSize                     = 122909434                              {pd product} {ergonomic}
    uintx ReservedCodeCacheSize                    = 251658240                              {pd product} {ergonomic}
     bool SegmentedCodeCache                       = true                                      {product} {ergonomic}
     bool ShowCodeDetailsInExceptionMessages       = true                                   {manageable} {command line}
   size_t SoftMaxHeapSize                          = 1564475392                             {manageable} {ergonomic}
     bool UseCompressedClassPointers               = true                           {product lp64_product} {ergonomic}
     bool UseCompressedOops                        = true                           {product lp64_product} {ergonomic}
     bool UseG1GC                                  = true                                      {product} {ergonomic}
     bool UseLargePagesIndividualAllocation        = false                                  {pd product} {ergonomic}

Logging:
Log output configuration:
 #0: stdout all=warning uptime,level,tags
 #1: stderr all=off uptime,level,tags

Environment Variables:
JAVA_HOME=C:\Program Files (x86)\graalvm-jdk-21.0.2+13.1
PATH=C:\Program Files\Common Files\Oracle\Java\javapath;C:\Program Files (x86)\graalvm-jdk-21.0.2+13.1\bin;C:\Program Files (x86)\Common Files\Oracle\Java\javapath;C:\Windows\system32;C:\Windows;C:\Windows\System32\Wbem;C:\Windows\System32\WindowsPowerShell\v1.0\;C:\Windows\System32\OpenSSH\;C:\Program Files\dotnet\;C:\Program Files (x86)\IVI Foundation\VISA\WinNT\Bin\;C:\Program Files\IVI Foundation\VISA\Win64\Bin\;C:\Program Files (x86)\IVI Foundation\IVI\Bin\;C:\Program Files\IVI Foundation\IVI\Bin\;C:\Program Files (x86)\IVI Foundation\VISA\WinNT\Bin;C:\Program Files (x86)\National Instruments\Shared\LabVIEW CLI;C:\Program Files\MATLAB\R2020a\runtime\win64;C:\Program Files\MATLAB\R2020a\bin;C:\Program Files\MATLAB\R2020a\polyspace\bin;C:\Program Files\MATLAB\R2024a\runtime\win64;C:\Program Files\MATLAB\R2024a\bin;C:\Users\ISAIAS\AppData\Local\Microsoft\WindowsApps;C:\Users\ISAIAS\AppData\Local\Programs\Microsoft VS Code\bin;C:\Users\ISAIAS\AppData\Local\Microsoft\WindowsApps;;C:\Users\ISAIAS\AppData\Local\Programs\Microsoft VS Code\bin
USERNAME=ISAIAS
LANG=en_US.UTF-8
OS=Windows_NT
PROCESSOR_IDENTIFIER=AMD64 Family 23 Model 160 Stepping 0, AuthenticAMD



---------------  S Y S T E M  ---------------

OS:
 Windows 11 , 64 bit Build 22621 (10.0.22621.3374)
OS uptime: 0 days 8:32 hours
Hyper-V role detected

CPU: total 8 (initial active 8) (8 cores per cpu, 2 threads per core) family 23 model 160 stepping 0 microcode 0x0, cx8, cmov, fxsr, ht, mmx, 3dnowpref, sse, sse2, sse3, ssse3, sse4a, sse4.1, sse4.2, popcnt, lzcnt, tsc, tscinvbit, avx, avx2, aes, clmul, bmi1, bmi2, adx, sha, fma, vzeroupper, clflush, clflushopt, hv

Memory: 4k page, system-wide physical 5965M (335M free)
TotalPageFile size 21158M (AvailPageFile size 3976M)
current process WorkingSet (physical memory assigned to process): 169M, peak: 169M
current process commit charge ("private bytes"): 285M, peak: 288M

vm_info: Java HotSpot(TM) 64-Bit Server VM (17.0.10+11-LTS-240) for windows-amd64 JRE (17.0.10+11-LTS-240), built on Dec 19 2023 21:47:25 by "mach5one" with MS VC++ 17.1 (VS2022)

END.
