#
# A fatal error has been detected by the Java Runtime Environment:
#
#  EXCEPTION_ACCESS_VIOLATION (0xc0000005) at pc=0x000000007110b5db, pid=18756, tid=16928
#
# JRE version: Java(TM) SE Runtime Environment (17.0.10+11) (build 17.0.10+11-LTS-240)
# Java VM: Java HotSpot(TM) 64-Bit Server VM (17.0.10+11-LTS-240, mixed mode, sharing, tiered, compressed oops, compressed class ptrs, g1 gc, windows-amd64)
# Problematic frame:
# C  [jSSC-2.8_x86_64.dll+0xb5db]
#
# No core dump will be written. Minidumps are not enabled by default on client versions of Windows
#
# If you would like to submit a bug report, please visit:
#   https://bugreport.java.com/bugreport/crash.jsp
# The crash happened outside the Java Virtual Machine in native code.
# See problematic frame for where to report the bug.
#

---------------  S U M M A R Y ------------

Command Line: -XX:+ShowCodeDetailsInExceptionMessages --module-path=C:\Users\ISAIAS\Documents\U\2024 - 1\PROYECTO - Trotamontañas\Interfaz HMI\HexaView versions\v1.0\beta\target\classes;C:\Users\ISAIAS\.m2\repository\com\github\PanamaHitek\PanamaHitek_Arduino\2.8.2\PanamaHitek_Arduino-2.8.2.jar;C:\Users\ISAIAS\.m2\repository\org\openjfx\javafx-controls\17.0.11\javafx-controls-17.0.11-win.jar;C:\Users\ISAIAS\.m2\repository\org\openjfx\javafx-graphics\17.0.11\javafx-graphics-17.0.11-win.jar;C:\Users\ISAIAS\.m2\repository\org\openjfx\javafx-base\17.0.11\javafx-base-17.0.11-win.jar;C:\Users\ISAIAS\.m2\repository\org\openjfx\javafx-fxml\17.0.11\javafx-fxml-17.0.11-win.jar -Djdk.module.main=com.hexaview com.hexaview/com.hexaview.App

Host: AMD Ryzen 5 7520U with Radeon Graphics         , 8 cores, 5G,  Windows 11 , 64 bit Build 22621 (10.0.22621.3374)
Time: Sun May 12 18:55:43 2024 Hora est. Pacífico, Sudamérica elapsed time: 1.827262 seconds (0d 0h 0m 1s)

---------------  T H R E A D  ---------------

Current thread (0x00000258fe768830):  JavaThread "JavaFX Application Thread" [_thread_in_native, id=16928, stack(0x000000d81cd00000,0x000000d81ce00000)]

Stack: [0x000000d81cd00000,0x000000d81ce00000],  sp=0x000000d81cdfe290,  free space=1016k
Native frames: (J=compiled Java code, j=interpreted, Vv=VM code, C=native code)
C  [jSSC-2.8_x86_64.dll+0xb5db]

Java frames: (J=compiled Java code, j=interpreted, Vv=VM code)
j  jssc.SerialNativeInterface.openPort(Ljava/lang/String;Z)J+0 PanamaHitek.Arduino@2.8.2
j  jssc.SerialPort.openPort()Z+65 PanamaHitek.Arduino@2.8.2
j  com.panamahitek.PanamaHitek_Arduino.arduinoRXTX(Ljava/lang/String;ILjssc/SerialPortEventListener;)V+58 PanamaHitek.Arduino@2.8.2
j  com.hexaview.App.start(Ljavafx/stage/Stage;)V+73 com.hexaview
j  com.sun.javafx.application.LauncherImpl.lambda$launchApplication1$9(Ljava/util/concurrent/atomic/AtomicBoolean;Ljavafx/application/Application;)V+20 javafx.graphics
j  com.sun.javafx.application.LauncherImpl$$Lambda$125+0x0000025881085bb8.run()V+8 javafx.graphics
j  com.sun.javafx.application.PlatformImpl.lambda$runAndWait$12(Ljava/lang/Runnable;Ljava/util/concurrent/CountDownLatch;)V+1 javafx.graphics
j  com.sun.javafx.application.PlatformImpl$$Lambda$106+0x000002588103ec28.run()V+8 javafx.graphics
j  com.sun.javafx.application.PlatformImpl.lambda$runLater$10(Ljava/lang/Runnable;)Ljava/lang/Void;+1 javafx.graphics
j  com.sun.javafx.application.PlatformImpl$$Lambda$108+0x0000025881084230.run()Ljava/lang/Object;+4 javafx.graphics
J 872 c1 java.security.AccessController.executePrivileged(Ljava/security/PrivilegedAction;Ljava/security/AccessControlContext;Ljava/lang/Class;)Ljava/lang/Object; java.base@17.0.10 (65 bytes) @ 0x00000258e781d53c [0x00000258e781d3e0+0x000000000000015c]
j  java.security.AccessController.doPrivileged(Ljava/security/PrivilegedAction;Ljava/security/AccessControlContext;)Ljava/lang/Object;+13 java.base@17.0.10
j  com.sun.javafx.application.PlatformImpl.lambda$runLater$11(Ljava/lang/Runnable;Ljava/security/AccessControlContext;)V+7 javafx.graphics
j  com.sun.javafx.application.PlatformImpl$$Lambda$107+0x000002588103f430.run()V+8 javafx.graphics
j  com.sun.glass.ui.InvokeLaterDispatcher$Future.run()V+4 javafx.graphics
v  ~StubRoutines::call_stub
j  com.sun.glass.ui.win.WinApplication._runLoop(Ljava/lang/Runnable;)V+0 javafx.graphics
j  com.sun.glass.ui.win.WinApplication.lambda$runLoop$3(ILjava/lang/Runnable;)V+8 javafx.graphics
j  com.sun.glass.ui.win.WinApplication$$Lambda$96+0x000002588102d990.run()V+12 javafx.graphics
j  java.lang.Thread.run()V+11 java.base@17.0.10
v  ~StubRoutines::call_stub

siginfo: EXCEPTION_ACCESS_VIOLATION (0xc0000005), reading address 0xffffffffffc5f3f8


Registers:
RAX=0xffffffffffc5f3f8, RBX=0x000000d81cdfe300, RCX=0x00007ffa19d0f544, RDX=0x0000000000000000
RSP=0x000000d81cdfe290, RBP=0x000000d81cdfe410, RSI=0x00000258fe768ae0, RDI=0x0000000000000ff4
R8 =0x000000d81cdfe188, R9 =0x0000000000000000, R10=0x0000000000000000, R11=0x0000000000000246
R12=0x000000d81cdfe4c8, R13=0x00000258d21ec720, R14=0x000000d81cdfe3c0, R15=0x00000258fe768830
RIP=0x000000007110b5db, EFLAGS=0x0000000000010202


Register to memory mapping:

RIP=0x000000007110b5db jSSC-2.8_x86_64.dll
RAX=0xffffffffffc5f3f8 is an unknown value
RBX=0x000000d81cdfe300 is pointing into the stack for thread: 0x00000258fe768830
RCX=0x00007ffa19d0f544 ntdll.dll
RDX=0x0 is NULL
RSP=0x000000d81cdfe290 is pointing into the stack for thread: 0x00000258fe768830
RBP=0x000000d81cdfe410 is pointing into the stack for thread: 0x00000258fe768830
RSI=0x00000258fe768ae0 points into unknown readable memory: 0x00007ff9551a2670 | 70 26 1a 55 f9 7f 00 00
RDI=0x0000000000000ff4 is an unknown value
R8 =0x000000d81cdfe188 is pointing into the stack for thread: 0x00000258fe768830
R9 =0x0 is NULL
R10=0x0 is NULL
R11=0x0000000000000246 is an unknown value
R12=0x000000d81cdfe4c8 is pointing into the stack for thread: 0x00000258fe768830
R13=0x00000258d21ec720 points into unknown readable memory: 0x0000000800000000 | 00 00 00 00 08 00 00 00
R14=0x000000d81cdfe3c0 is pointing into the stack for thread: 0x00000258fe768830
R15=0x00000258fe768830 is a thread


Top of Stack: (sp=0x000000d81cdfe290)
0x000000d81cdfe290:   0000000000000000 00000258fd746b50
0x000000d81cdfe2a0:   000000007110b230 00007ff954d71f4f
0x000000d81cdfe2b0:   00000258d2d2e2b0 0000000000000004
0x000000d81cdfe2c0:   00000258fe768ae0 0000000000000ff4
0x000000d81cdfe2d0:   000000d81cdfe410 0000000071112590
0x000000d81cdfe2e0:   00000258fe768830 000000d81cdfe3c0
0x000000d81cdfe2f0:   00000258d21ec720 000000d81cdfe4c8
0x000000d81cdfe300:   00000258d21ec720 00007ffa19caab11
0x000000d81cdfe310:   00000258d21ec710 00000258de3f0000
0x000000d81cdfe320:   000000d81cdfe410 0000000000000000
0x000000d81cdfe330:   0000000071113500 0000000071113be8
0x000000d81cdfe340:   000000d81cdfe370 0000000071112641
0x000000d81cdfe350:   000000d81cdfe2e0 00000258fe768ae0
0x000000d81cdfe360:   0000000000000000 0000000000000000
0x000000d81cdfe370:   000000d81cdfe410 0000000071101595
0x000000d81cdfe380:   000000000000001c 000000d800000000 

Instructions: (pc=0x000000007110b5db)
0x000000007110b4db:   48 85 c0 74 bf 44 8b 03 45 85 c0 0f 84 77 ff ff
0x000000007110b4eb:   ff eb 9f 66 90 e8 8b fe ff ff 48 89 05 0c 34 01
0x000000007110b4fb:   00 eb ad 66 90 e8 7b fe ff ff 48 89 05 fc 33 01
0x000000007110b50b:   00 eb 8b e8 8d fe ff ff c7 03 01 00 00 00 e9 6f
0x000000007110b51b:   ff ff ff 66 90 55 48 89 e5 56 53 48 83 ec 20 48
0x000000007110b52b:   8b 05 d7 33 01 00 48 8b 31 48 89 cb 48 85 c0 74
0x000000007110b53b:   56 44 8b 18 45 85 db 78 42 48 8b 05 bd 33 01 00
0x000000007110b54b:   48 85 c0 74 50 44 8b 10 45 85 d2 74 1d 48 89 f1
0x000000007110b55b:   e8 d0 fd ff ff 48 8b 13 48 8d 42 40 48 8b 48 08
0x000000007110b56b:   48 8b 6a 40 48 8b 60 10 ff e1 48 8b 05 9c 33 01
0x000000007110b57b:   00 48 85 c0 74 2d 48 89 30 eb da e8 b5 fe ff ff
0x000000007110b58b:   0f 1f 44 00 00 eb b2 e8 e9 fd ff ff 48 89 05 6a
0x000000007110b59b:   33 01 00 eb 9c e8 db fd ff ff 48 89 05 5c 33 01
0x000000007110b5ab:   00 eb a2 e8 3d fd ff ff 48 89 05 5e 33 01 00 eb
0x000000007110b5bb:   c5 0f 1f 40 00 55 57 56 53 48 83 ec 28 48 8b 05
0x000000007110b5cb:   39 33 01 00 48 89 cb 48 85 c0 0f 84 c5 00 00 00
0x000000007110b5db:   8b 38 85 ff 0f 88 ab 00 00 00 48 8b 05 1c 33 01
0x000000007110b5eb:   00 48 85 c0 0f 84 bc 00 00 00 8b 30 85 f6 74 57
0x000000007110b5fb:   48 8b 05 0e 33 01 00 48 85 c0 0f 84 e5 00 00 00
0x000000007110b60b:   8b 28 48 8b 35 10 5e 01 00 ff d6 89 c7 89 e9 ff
0x000000007110b61b:   15 f4 5e 01 00 89 f9 48 89 c5 ff 15 b9 5e 01 00
0x000000007110b62b:   48 8b 05 de 32 01 00 48 89 2b 48 85 c0 74 46 48
0x000000007110b63b:   89 da 8b 08 ff 15 d7 5e 01 00 85 c0 74 27 48 83
0x000000007110b64b:   c4 28 5b 5e 5f 5d c3 48 8b 05 bf 32 01 00 48 85
0x000000007110b65b:   c0 74 64 48 8b 10 48 89 13 48 89 18 48 83 c4 28
0x000000007110b66b:   5b 5e 5f 5d c3 48 89 f2 48 83 c4 28 5b 5e 5f 5d
0x000000007110b67b:   48 ff e2 66 90 e8 8b fc ff ff 48 89 05 84 32 01
0x000000007110b68b:   00 eb ac 66 90 e8 ab fd ff ff e9 4b ff ff ff 66
0x000000007110b69b:   0f 1f 44 00 00 e8 db fc ff ff 48 89 05 5c 32 01
0x000000007110b6ab:   00 e9 2a ff ff ff e8 ca fc ff ff 48 89 05 4b 32
0x000000007110b6bb:   01 00 e9 33 ff ff ff e8 29 fc ff ff 48 89 05 4a
0x000000007110b6cb:   32 01 00 48 8b 10 48 85 c0 48 89 13 75 8b e8 12 


Stack slot to memory mapping:
stack at sp + 0 slots: 0x0 is NULL
stack at sp + 1 slots: 0x00000258fd746b50 points into unknown readable memory: 0x00000258de361440 | 40 14 36 de 58 02 00 00
stack at sp + 2 slots: 0x000000007110b230 jSSC-2.8_x86_64.dll
stack at sp + 3 slots: 0x00007ff954d71f4f jvm.dll
stack at sp + 4 slots: 0x00000258d2d2e2b0 points into unknown readable memory: 0x0000000000000000 | 00 00 00 00 00 00 00 00
stack at sp + 5 slots: 0x0000000000000004 is an unknown value
stack at sp + 6 slots: 0x00000258fe768ae0 points into unknown readable memory: 0x00007ff9551a2670 | 70 26 1a 55 f9 7f 00 00
stack at sp + 7 slots: 0x0000000000000ff4 is an unknown value


Compiled method (c1)    1902  872       3       java.security.AccessController::executePrivileged (65 bytes)
 total in heap  [0x00000258e781d210,0x00000258e781d7f8] = 1512
 relocation     [0x00000258e781d368,0x00000258e781d3c8] = 96
 main code      [0x00000258e781d3e0,0x00000258e781d680] = 672
 stub code      [0x00000258e781d680,0x00000258e781d6d8] = 88
 metadata       [0x00000258e781d6d8,0x00000258e781d6e8] = 16
 scopes data    [0x00000258e781d6e8,0x00000258e781d760] = 120
 scopes pcs     [0x00000258e781d760,0x00000258e781d7e0] = 128
 dependencies   [0x00000258e781d7e0,0x00000258e781d7e8] = 8
 nul chk table  [0x00000258e781d7e8,0x00000258e781d7f8] = 16

[Constant Pool (empty)]

[MachCode]
[Verified Entry Point]
  # {method} {0x000002588043baf8} 'executePrivileged' '(Ljava/security/PrivilegedAction;Ljava/security/AccessControlContext;Ljava/lang/Class;)Ljava/lang/Object;' in 'java/security/AccessController'
  # parm0:    rdx:rdx   = 'java/security/PrivilegedAction'
  # parm1:    r8:r8     = 'java/security/AccessControlContext'
  # parm2:    r9:r9     = 'java/lang/Class'
  #           [sp+0x50]  (sp of caller)
  0x00000258e781d3e0: 8984 2400 | 90ff ff55 | 4883 ec40 | 4c89 4424 

  0x00000258e781d3f0: ;   {metadata(method data for {method} {0x000002588043baf8} 'executePrivileged' '(Ljava/security/PrivilegedAction;Ljava/security/AccessControlContext;Ljava/lang/Class;)Ljava/lang/Object;' in 'java/security/AccessController')}
  0x00000258e781d3f0: 3048 be20 | 1f08 c158 | 0200 008b | becc 0000 | 0083 c702 | 89be cc00 | 0000 81e7 | fe07 0000 
  0x00000258e781d410: 83ff 000f | 84bf 0100 | 0049 83f8 

  0x00000258e781d41c: ;   {metadata(method data for {method} {0x000002588043baf8} 'executePrivileged' '(Ljava/security/PrivilegedAction;Ljava/security/AccessControlContext;Ljava/lang/Class;)Ljava/lang/Object;' in 'java/security/AccessController')}
  0x00000258e781d41c: 0048 be20 | 1f08 c158 | 0200 0048 | bf10 0100 | 0000 0000 | 000f 840a | 0000 0048 | bf20 0100 
  0x00000258e781d43c: 0000 0000 | 0048 8b1c | 3e48 8d5b | 0148 891c | 3e4c 894c | 2428 4889 | 5424 200f | 841f 0000 
  0x00000258e781d45c: ;   {metadata(method data for {method} {0x000002588043baf8} 'executePrivileged' '(Ljava/security/PrivilegedAction;Ljava/security/AccessControlContext;Ljava/lang/Class;)Ljava/lang/Object;' in 'java/security/AccessController')}
  0x00000258e781d45c: 0048 be20 | 1f08 c158 | 0200 0048 | 8386 3001 | 0000 0149 | 8bd0 0f1f 

  0x00000258e781d474: ;   {static_call}
  0x00000258e781d474: 4400 00e8 

  0x00000258e781d478: ; ImmutableOopMap {[32]=Oop [40]=Oop [48]=Oop }
                      ;*invokestatic ensureMaterializedForStackWalk {reexecute=0 rethrow=0 return_oop=0}
                      ; - java.security.AccessController::executePrivileged@5 (line 772)
  0x00000258e781d478: 0902 0000 

  0x00000258e781d47c: ;   {metadata(method data for {method} {0x000002588043baf8} 'executePrivileged' '(Ljava/security/PrivilegedAction;Ljava/security/AccessControlContext;Ljava/lang/Class;)Ljava/lang/Object;' in 'java/security/AccessController')}
  0x00000258e781d47c: 48ba 201f | 08c1 5802 | 0000 ff82 | 4001 0000 | 488b 5424 | 2048 3b02 

  0x00000258e781d494: ;   {metadata(method data for {method} {0x000002588043baf8} 'executePrivileged' '(Ljava/security/PrivilegedAction;Ljava/security/AccessControlContext;Ljava/lang/Class;)Ljava/lang/Object;' in 'java/security/AccessController')}
  0x00000258e781d494: 488b f248 | bf20 1f08 | c158 0200 | 008b 7608 | 49ba 0000 | 0080 5802 | 0000 4903 | f248 3bb7 
  0x00000258e781d4b4: b001 0000 | 750d 4883 | 87b8 0100 | 0001 e966 | 0000 0048 | 3bb7 c001 | 0000 750d | 4883 87c8 
  0x00000258e781d4d4: 0100 0001 | e950 0000 | 0048 81bf | b001 0000 | 0000 0000 | 7517 4889 | b7b0 0100 | 0048 c787 
  0x00000258e781d4f4: b801 0000 | 0100 0000 | e92c 0000 | 0048 81bf | c001 0000 | 0000 0000 | 7517 4889 | b7c0 0100 
  0x00000258e781d514: 0048 c787 | c801 0000 | 0100 0000 | e908 0000 | 0048 8387 | a001 0000 | 0148 b8a0 | 12db fe58 
  0x00000258e781d534: ;   {virtual_call}
  0x00000258e781d534: 0200 00e8 

  0x00000258e781d538: ; ImmutableOopMap {[40]=Oop [48]=Oop }
                      ;*invokeinterface run {reexecute=0 rethrow=0 return_oop=0}
                      ; - java.security.AccessController::executePrivileged@29 (line 776)
  0x00000258e781d538: 5422 4e07 

  0x00000258e781d53c: ;   {metadata(method data for {method} {0x000002588043baf8} 'executePrivileged' '(Ljava/security/PrivilegedAction;Ljava/security/AccessControlContext;Ljava/lang/Class;)Ljava/lang/Object;' in 'java/security/AccessController')}
  0x00000258e781d53c: 48be 201f | 08c1 5802 | 0000 ff86 | d801 0000 | 4c8b 4c24 

  0x00000258e781d550: ;   {metadata(method data for {method} {0x000002588043baf8} 'executePrivileged' '(Ljava/security/PrivilegedAction;Ljava/security/AccessControlContext;Ljava/lang/Class;)Ljava/lang/Object;' in 'java/security/AccessController')}
  0x00000258e781d550: 2848 be20 | 1f08 c158 | 0200 0048 | 8386 3802 

  0x00000258e781d560: ;   {metadata(method data for {method} {0x00000258803d0fb8} 'reachabilityFence' '(Ljava/lang/Object;)V' in 'java/lang/ref/Reference')}
  0x00000258e781d560: 0000 0148 | bec8 2108 | c158 0200 | 008b becc | 0000 0083 | c702 89be | cc00 0000 | 81e7 feff 
  0x00000258e781d580: 1f00 83ff | 000f 8473 

  0x00000258e781d588: ;   {metadata(method data for {method} {0x000002588043baf8} 'executePrivileged' '(Ljava/security/PrivilegedAction;Ljava/security/AccessControlContext;Ljava/lang/Class;)Ljava/lang/Object;' in 'java/security/AccessController')}
  0x00000258e781d588: 0000 0048 | be20 1f08 | c158 0200 | 0048 8386 | 4802 0000 

  0x00000258e781d59c: ;   {metadata(method data for {method} {0x00000258803d0fb8} 'reachabilityFence' '(Ljava/lang/Object;)V' in 'java/lang/ref/Reference')}
  0x00000258e781d59c: 0148 bec8 | 2108 c158 | 0200 008b | becc 0000 | 0083 c702 | 89be cc00 | 0000 81e7 | feff 1f00 
  0x00000258e781d5bc: 83ff 000f | 845a 0000 | 0048 83c4 

  0x00000258e781d5c8: ;   {poll_return}
  0x00000258e781d5c8: 405d 493b | a748 0300 | 000f 8766 | 0000 00c3 

  0x00000258e781d5d8: ;   {metadata({method} {0x000002588043baf8} 'executePrivileged' '(Ljava/security/PrivilegedAction;Ljava/security/AccessControlContext;Ljava/lang/Class;)Ljava/lang/Object;' in 'java/security/AccessController')}
  0x00000258e781d5d8: 49ba f0ba | 4380 5802 | 0000 4c89 | 5424 0848 | c704 24ff 

  0x00000258e781d5ec: ;   {runtime_call counter_overflow Runtime1 stub}
  0x00000258e781d5ec: ffff ffe8 

  0x00000258e781d5f0: ; ImmutableOopMap {rdx=Oop r8=Oop [48]=Oop r9=Oop }
                      ;*synchronization entry
                      ; - java.security.AccessController::executePrivileged@-1 (line 771)
  0x00000258e781d5f0: 8cd5 4d07 | e920 feff 

  0x00000258e781d5f8: ;   {runtime_call throw_null_pointer_exception Runtime1 stub}
  0x00000258e781d5f8: ffe8 a278 

  0x00000258e781d5fc: ; ImmutableOopMap {[40]=Oop rdx=Oop [48]=Oop }
                      ;*invokeinterface run {reexecute=0 rethrow=0 return_oop=0}
                      ; - java.security.AccessController::executePrivileged@29 (line 776)
                      ;   {metadata({method} {0x00000258803d0fb8} 'reachabilityFence' '(Ljava/lang/Object;)V' in 'java/lang/ref/Reference')}
  0x00000258e781d5fc: 4d07 49ba | b00f 3d80 | 5802 0000 | 4c89 5424 | 0848 c704 | 24ff ffff 

  0x00000258e781d614: ;   {runtime_call counter_overflow Runtime1 stub}
  0x00000258e781d614: ffe8 66d5 

  0x00000258e781d618: ; ImmutableOopMap {rax=Oop r9=Oop }
                      ;*synchronization entry
                      ; - java.lang.ref.Reference::reachabilityFence@-1 (line 621)
                      ; - java.security.AccessController::executePrivileged@56 (line 781)
  0x00000258e781d618: 4d07 e96c 

  0x00000258e781d61c: ;   {metadata({method} {0x00000258803d0fb8} 'reachabilityFence' '(Ljava/lang/Object;)V' in 'java/lang/ref/Reference')}
  0x00000258e781d61c: ffff ff49 | bab0 0f3d | 8058 0200 | 004c 8954 | 2408 48c7 | 0424 ffff 

  0x00000258e781d634: ;   {runtime_call counter_overflow Runtime1 stub}
  0x00000258e781d634: ffff e845 

  0x00000258e781d638: ; ImmutableOopMap {rax=Oop }
                      ;*synchronization entry
                      ; - java.lang.ref.Reference::reachabilityFence@-1 (line 621)
                      ; - java.security.AccessController::executePrivileged@60 (line 782)
  0x00000258e781d638: d54d 07eb 

  0x00000258e781d63c: ;   {internal_word}
  0x00000258e781d63c: 8849 baca | d581 e758 | 0200 004d | 8997 6003 

  0x00000258e781d64c: ;   {runtime_call SafepointBlob}
  0x00000258e781d64c: 0000 e9ad | 5d43 0790 | 9049 8b87 | d803 0000 | 49c7 87d8 | 0300 0000 | 0000 0049 | c787 e003 
  0x00000258e781d66c: 0000 0000 | 0000 4883 

  0x00000258e781d674: ;   {runtime_call unwind_exception Runtime1 stub}
  0x00000258e781d674: c440 5de9 | 0466 4d07 | f4f4 f4f4 
[Stub Code]
  0x00000258e781d680: ;   {no_reloc}
  0x00000258e781d680: 0f1f 4400 

  0x00000258e781d684: ;   {static_stub}
  0x00000258e781d684: 0048 bb68 | ca43 8058 

  0x00000258e781d68c: ;   {runtime_call I2C/C2I adapters}
  0x00000258e781d68c: 0200 00e9 | c540 4307 

  0x00000258e781d694: ;   {static_stub}
  0x00000258e781d694: 9048 bb00 | 0000 0000 

  0x00000258e781d69c: ;   {runtime_call}
  0x00000258e781d69c: 0000 00e9 | fbff ffff 
[Exception Handler]
  0x00000258e781d6a4: ;   {runtime_call handle_exception_from_callee Runtime1 stub}
  0x00000258e781d6a4: e8d7 9e4d 

  0x00000258e781d6a8: ;   {external_word}
  0x00000258e781d6a8: 0748 b9a0 | e0fc 54f9 | 7f00 0048 

  0x00000258e781d6b4: ;   {runtime_call}
  0x00000258e781d6b4: 83e4 f049 | bae0 daca | 54f9 7f00 | 0041 ffd2 

  0x00000258e781d6c4: ;   {section_word}
  0x00000258e781d6c4: f449 bac5 | d681 e758 | 0200 0041 

  0x00000258e781d6d0: ;   {runtime_call DeoptimizationBlob}
  0x00000258e781d6d0: 52e9 ca4f | 4307 f4f4 
[/MachCode]


---------------  P R O C E S S  ---------------

Threads class SMR info:
_java_thread_list=0x00000258ff121550, length=19, elements={
0x00000258de656460, 0x00000258fd2ef000, 0x00000258fd2efa90, 0x00000258fd305bc0,
0x00000258fd306390, 0x00000258fd306b60, 0x00000258fd309240, 0x00000258fd31faa0,
0x00000258fd323090, 0x00000258fd32e1d0, 0x00000258fd2d9b20, 0x00000258fd93c700,
0x00000258fdc7fb50, 0x00000258fe0bb3d0, 0x00000258fe768830, 0x00000258fedf6330,
0x00000258fee13230, 0x00000258fef3b2f0, 0x00000258fef338e0
}

Java Threads: ( => current thread )
  0x00000258de656460 JavaThread "main" [_thread_blocked, id=16944, stack(0x000000d81b800000,0x000000d81b900000)]
  0x00000258fd2ef000 JavaThread "Reference Handler" daemon [_thread_blocked, id=16872, stack(0x000000d81bf00000,0x000000d81c000000)]
  0x00000258fd2efa90 JavaThread "Finalizer" daemon [_thread_blocked, id=22028, stack(0x000000d81c000000,0x000000d81c100000)]
  0x00000258fd305bc0 JavaThread "Signal Dispatcher" daemon [_thread_blocked, id=23948, stack(0x000000d81c100000,0x000000d81c200000)]
  0x00000258fd306390 JavaThread "Attach Listener" daemon [_thread_blocked, id=4892, stack(0x000000d81c200000,0x000000d81c300000)]
  0x00000258fd306b60 JavaThread "Service Thread" daemon [_thread_blocked, id=14864, stack(0x000000d81c300000,0x000000d81c400000)]
  0x00000258fd309240 JavaThread "Monitor Deflation Thread" daemon [_thread_blocked, id=22676, stack(0x000000d81c400000,0x000000d81c500000)]
  0x00000258fd31faa0 JavaThread "C2 CompilerThread0" daemon [_thread_blocked, id=15872, stack(0x000000d81c500000,0x000000d81c600000)]
  0x00000258fd323090 JavaThread "C1 CompilerThread0" daemon [_thread_blocked, id=20504, stack(0x000000d81c600000,0x000000d81c700000)]
  0x00000258fd32e1d0 JavaThread "Sweeper thread" daemon [_thread_blocked, id=24276, stack(0x000000d81c700000,0x000000d81c800000)]
  0x00000258fd2d9b20 JavaThread "Common-Cleaner" daemon [_thread_blocked, id=14272, stack(0x000000d81c800000,0x000000d81c900000)]
  0x00000258fd93c700 JavaThread "Notification Thread" daemon [_thread_blocked, id=23756, stack(0x000000d81cb00000,0x000000d81cc00000)]
  0x00000258fdc7fb50 JavaThread "QuantumRenderer-0" daemon [_thread_blocked, id=23188, stack(0x000000d81c900000,0x000000d81ca00000)]
  0x00000258fe0bb3d0 JavaThread "InvokeLaterDispatcher" daemon [_thread_blocked, id=7300, stack(0x000000d81ca00000,0x000000d81cb00000)]
=>0x00000258fe768830 JavaThread "JavaFX Application Thread" [_thread_in_native, id=16928, stack(0x000000d81cd00000,0x000000d81ce00000)]
  0x00000258fedf6330 JavaThread "Thread-1" daemon [_thread_in_native, id=19932, stack(0x000000d81d600000,0x000000d81d700000)]
  0x00000258fee13230 JavaThread "JavaFX-Launcher" [_thread_blocked, id=10944, stack(0x000000d81d700000,0x000000d81d800000)]
  0x00000258fef3b2f0 JavaThread "C2 CompilerThread1" daemon [_thread_blocked, id=20064, stack(0x000000d81dd00000,0x000000d81de00000)]
  0x00000258fef338e0 JavaThread "Prism Font Disposer" daemon [_thread_blocked, id=16604, stack(0x000000d81e200000,0x000000d81e300000)]

Other Threads:
  0x00000258fd2e8340 VMThread "VM Thread" [stack: 0x000000d81be00000,0x000000d81bf00000] [id=20052]
  0x00000258fd8de8a0 WatcherThread [stack: 0x000000d81cc00000,0x000000d81cd00000] [id=7384]
  0x00000258de69ea70 GCTaskThread "GC Thread#0" [stack: 0x000000d81b900000,0x000000d81ba00000] [id=20964]
  0x00000258fee58f50 GCTaskThread "GC Thread#1" [stack: 0x000000d81d800000,0x000000d81d900000] [id=17804]
  0x00000258fee59210 GCTaskThread "GC Thread#2" [stack: 0x000000d81d900000,0x000000d81da00000] [id=19984]
  0x00000258fee5b540 GCTaskThread "GC Thread#3" [stack: 0x000000d81da00000,0x000000d81db00000] [id=8120]
  0x00000258feec1e00 GCTaskThread "GC Thread#4" [stack: 0x000000d81db00000,0x000000d81dc00000] [id=10672]
  0x00000258feec2bc0 GCTaskThread "GC Thread#5" [stack: 0x000000d81dc00000,0x000000d81dd00000] [id=23752]
  0x00000258feec2380 GCTaskThread "GC Thread#6" [stack: 0x000000d81e300000,0x000000d81e400000] [id=23476]
  0x00000258feec3140 GCTaskThread "GC Thread#7" [stack: 0x000000d81e400000,0x000000d81e500000] [id=16848]
  0x00000258de6abc50 ConcurrentGCThread "G1 Main Marker" [stack: 0x000000d81ba00000,0x000000d81bb00000] [id=20268]
  0x00000258de6ad670 ConcurrentGCThread "G1 Conc#0" [stack: 0x000000d81bb00000,0x000000d81bc00000] [id=19312]
  0x00000258fd1b0090 ConcurrentGCThread "G1 Refine#0" [stack: 0x000000d81bc00000,0x000000d81bd00000] [id=5684]
  0x00000258fd1b06d0 ConcurrentGCThread "G1 Service" [stack: 0x000000d81bd00000,0x000000d81be00000] [id=16984]

Threads with active compile tasks:

VM state: not at safepoint (normal execution)

VM Mutex/Monitor currently owned by a thread: None

Heap address: 0x00000000a2c00000, size: 1492 MB, Compressed Oops mode: 32-bit

CDS archive(s) mapped at: [0x0000025880000000-0x0000025880bd0000-0x0000025880bd0000), size 12386304, SharedBaseAddress: 0x0000025880000000, ArchiveRelocationMode: 1.
Compressed class space mapped at: 0x0000025881000000-0x00000258c1000000, reserved size: 1073741824
Narrow klass base: 0x0000025880000000, Narrow klass shift: 0, Narrow klass range: 0x100000000

GC Precious Log:
 CPUs: 8 total, 8 available
 Memory: 5965M
 Large Page Support: Disabled
 NUMA Support: Disabled
 Compressed Oops: Enabled (32-bit)
 Heap Region Size: 1M
 Heap Min Capacity: 8M
 Heap Initial Capacity: 94M
 Heap Max Capacity: 1492M
 Pre-touch: Disabled
 Parallel Workers: 8
 Concurrent Workers: 2
 Concurrent Refinement Workers: 8
 Periodic GC: Disabled

Heap:
 garbage-first heap   total 96256K, used 38637K [0x00000000a2c00000, 0x0000000100000000)
  region size 1024K, 18 young (18432K), 5 survivors (5120K)
 Metaspace       used 16024K, committed 16320K, reserved 1114112K
  class space    used 2537K, committed 2688K, reserved 1048576K

Heap Regions: E=young(eden), S=young(survivor), O=old, HS=humongous(starts), HC=humongous(continues), CS=collection set, F=free, OA=open archive, CA=closed archive, TAMS=top-at-mark-start (previous, next)
|   0|0x00000000a2c00000, 0x00000000a2d00000, 0x00000000a2d00000|100%| O|  |TAMS 0x00000000a2c00000, 0x00000000a2c00000| Untracked 
|   1|0x00000000a2d00000, 0x00000000a2e00000, 0x00000000a2e00000|100%|HS|  |TAMS 0x00000000a2d00000, 0x00000000a2d00000| Complete 
|   2|0x00000000a2e00000, 0x00000000a2f00000, 0x00000000a2f00000|100%|HC|  |TAMS 0x00000000a2e00000, 0x00000000a2e00000| Complete 
|   3|0x00000000a2f00000, 0x00000000a3000000, 0x00000000a3000000|100%|HC|  |TAMS 0x00000000a2f00000, 0x00000000a2f00000| Complete 
|   4|0x00000000a3000000, 0x00000000a3100000, 0x00000000a3100000|100%|HC|  |TAMS 0x00000000a3000000, 0x00000000a3000000| Complete 
|   5|0x00000000a3100000, 0x00000000a3200000, 0x00000000a3200000|100%|HC|  |TAMS 0x00000000a3100000, 0x00000000a3100000| Complete 
|   6|0x00000000a3200000, 0x00000000a3300000, 0x00000000a3300000|100%|HC|  |TAMS 0x00000000a3200000, 0x00000000a3200000| Complete 
|   7|0x00000000a3300000, 0x00000000a3400000, 0x00000000a3400000|100%|HC|  |TAMS 0x00000000a3300000, 0x00000000a3300000| Complete 
|   8|0x00000000a3400000, 0x00000000a3500000, 0x00000000a3500000|100%|HC|  |TAMS 0x00000000a3400000, 0x00000000a3400000| Complete 
|   9|0x00000000a3500000, 0x00000000a3600000, 0x00000000a3600000|100%|HC|  |TAMS 0x00000000a3500000, 0x00000000a3500000| Complete 
|  10|0x00000000a3600000, 0x00000000a3700000, 0x00000000a3700000|100%|HC|  |TAMS 0x00000000a3600000, 0x00000000a3600000| Complete 
|  11|0x00000000a3700000, 0x00000000a3800000, 0x00000000a3800000|100%|HC|  |TAMS 0x00000000a3700000, 0x00000000a3700000| Complete 
|  12|0x00000000a3800000, 0x00000000a3900000, 0x00000000a3900000|100%|HC|  |TAMS 0x00000000a3800000, 0x00000000a3800000| Complete 
|  13|0x00000000a3900000, 0x00000000a3a00000, 0x00000000a3a00000|100%|HC|  |TAMS 0x00000000a3900000, 0x00000000a3900000| Complete 
|  14|0x00000000a3a00000, 0x00000000a3b00000, 0x00000000a3b00000|100%|HC|  |TAMS 0x00000000a3a00000, 0x00000000a3a00000| Complete 
|  15|0x00000000a3b00000, 0x00000000a3c00000, 0x00000000a3c00000|100%|HC|  |TAMS 0x00000000a3b00000, 0x00000000a3b00000| Complete 
|  16|0x00000000a3c00000, 0x00000000a3d00000, 0x00000000a3d00000|100%|HC|  |TAMS 0x00000000a3c00000, 0x00000000a3c00000| Complete 
|  17|0x00000000a3d00000, 0x00000000a3e00000, 0x00000000a3e00000|100%|HC|  |TAMS 0x00000000a3d00000, 0x00000000a3d00000| Complete 
|  18|0x00000000a3e00000, 0x00000000a3f00000, 0x00000000a3f00000|100%|HC|  |TAMS 0x00000000a3e00000, 0x00000000a3e00000| Complete 
|  19|0x00000000a3f00000, 0x00000000a4000000, 0x00000000a4000000|100%| O|  |TAMS 0x00000000a3f00000, 0x00000000a3f00000| Untracked 
|  20|0x00000000a4000000, 0x00000000a4100000, 0x00000000a4100000|100%| O|  |TAMS 0x00000000a4000000, 0x00000000a4000000| Untracked 
|  21|0x00000000a4100000, 0x00000000a4144600, 0x00000000a4200000| 26%| O|  |TAMS 0x00000000a4100000, 0x00000000a4100000| Untracked 
|  22|0x00000000a4200000, 0x00000000a4200000, 0x00000000a4300000|  0%| F|  |TAMS 0x00000000a4200000, 0x00000000a4200000| Untracked 
|  23|0x00000000a4300000, 0x00000000a4300000, 0x00000000a4400000|  0%| F|  |TAMS 0x00000000a4300000, 0x00000000a4300000| Untracked 
|  24|0x00000000a4400000, 0x00000000a4400000, 0x00000000a4500000|  0%| F|  |TAMS 0x00000000a4400000, 0x00000000a4400000| Untracked 
|  25|0x00000000a4500000, 0x00000000a4500000, 0x00000000a4600000|  0%| F|  |TAMS 0x00000000a4500000, 0x00000000a4500000| Untracked 
|  26|0x00000000a4600000, 0x00000000a4600000, 0x00000000a4700000|  0%| F|  |TAMS 0x00000000a4600000, 0x00000000a4600000| Untracked 
|  27|0x00000000a4700000, 0x00000000a4700000, 0x00000000a4800000|  0%| F|  |TAMS 0x00000000a4700000, 0x00000000a4700000| Untracked 
|  28|0x00000000a4800000, 0x00000000a4800000, 0x00000000a4900000|  0%| F|  |TAMS 0x00000000a4800000, 0x00000000a4800000| Untracked 
|  29|0x00000000a4900000, 0x00000000a4900000, 0x00000000a4a00000|  0%| F|  |TAMS 0x00000000a4900000, 0x00000000a4900000| Untracked 
|  30|0x00000000a4a00000, 0x00000000a4a00000, 0x00000000a4b00000|  0%| F|  |TAMS 0x00000000a4a00000, 0x00000000a4a00000| Untracked 
|  31|0x00000000a4b00000, 0x00000000a4b00000, 0x00000000a4c00000|  0%| F|  |TAMS 0x00000000a4b00000, 0x00000000a4b00000| Untracked 
|  32|0x00000000a4c00000, 0x00000000a4c00000, 0x00000000a4d00000|  0%| F|  |TAMS 0x00000000a4c00000, 0x00000000a4c00000| Untracked 
|  33|0x00000000a4d00000, 0x00000000a4d00000, 0x00000000a4e00000|  0%| F|  |TAMS 0x00000000a4d00000, 0x00000000a4d00000| Untracked 
|  34|0x00000000a4e00000, 0x00000000a4e00000, 0x00000000a4f00000|  0%| F|  |TAMS 0x00000000a4e00000, 0x00000000a4e00000| Untracked 
|  35|0x00000000a4f00000, 0x00000000a4f00000, 0x00000000a5000000|  0%| F|  |TAMS 0x00000000a4f00000, 0x00000000a4f00000| Untracked 
|  36|0x00000000a5000000, 0x00000000a5000000, 0x00000000a5100000|  0%| F|  |TAMS 0x00000000a5000000, 0x00000000a5000000| Untracked 
|  37|0x00000000a5100000, 0x00000000a5100000, 0x00000000a5200000|  0%| F|  |TAMS 0x00000000a5100000, 0x00000000a5100000| Untracked 
|  38|0x00000000a5200000, 0x00000000a5200000, 0x00000000a5300000|  0%| F|  |TAMS 0x00000000a5200000, 0x00000000a5200000| Untracked 
|  39|0x00000000a5300000, 0x00000000a5300000, 0x00000000a5400000|  0%| F|  |TAMS 0x00000000a5300000, 0x00000000a5300000| Untracked 
|  40|0x00000000a5400000, 0x00000000a5400000, 0x00000000a5500000|  0%| F|  |TAMS 0x00000000a5400000, 0x00000000a5400000| Untracked 
|  41|0x00000000a5500000, 0x00000000a5500000, 0x00000000a5600000|  0%| F|  |TAMS 0x00000000a5500000, 0x00000000a5500000| Untracked 
|  42|0x00000000a5600000, 0x00000000a5600000, 0x00000000a5700000|  0%| F|  |TAMS 0x00000000a5600000, 0x00000000a5600000| Untracked 
|  43|0x00000000a5700000, 0x00000000a5700000, 0x00000000a5800000|  0%| F|  |TAMS 0x00000000a5700000, 0x00000000a5700000| Untracked 
|  44|0x00000000a5800000, 0x00000000a5800000, 0x00000000a5900000|  0%| F|  |TAMS 0x00000000a5800000, 0x00000000a5800000| Untracked 
|  45|0x00000000a5900000, 0x00000000a5900000, 0x00000000a5a00000|  0%| F|  |TAMS 0x00000000a5900000, 0x00000000a5900000| Untracked 
|  46|0x00000000a5a00000, 0x00000000a5a00000, 0x00000000a5b00000|  0%| F|  |TAMS 0x00000000a5a00000, 0x00000000a5a00000| Untracked 
|  47|0x00000000a5b00000, 0x00000000a5b00000, 0x00000000a5c00000|  0%| F|  |TAMS 0x00000000a5b00000, 0x00000000a5b00000| Untracked 
|  48|0x00000000a5c00000, 0x00000000a5c00000, 0x00000000a5d00000|  0%| F|  |TAMS 0x00000000a5c00000, 0x00000000a5c00000| Untracked 
|  49|0x00000000a5d00000, 0x00000000a5d00000, 0x00000000a5e00000|  0%| F|  |TAMS 0x00000000a5d00000, 0x00000000a5d00000| Untracked 
|  50|0x00000000a5e00000, 0x00000000a5e00000, 0x00000000a5f00000|  0%| F|  |TAMS 0x00000000a5e00000, 0x00000000a5e00000| Untracked 
|  51|0x00000000a5f00000, 0x00000000a5f00000, 0x00000000a6000000|  0%| F|  |TAMS 0x00000000a5f00000, 0x00000000a5f00000| Untracked 
|  52|0x00000000a6000000, 0x00000000a6000000, 0x00000000a6100000|  0%| F|  |TAMS 0x00000000a6000000, 0x00000000a6000000| Untracked 
|  53|0x00000000a6100000, 0x00000000a6100000, 0x00000000a6200000|  0%| F|  |TAMS 0x00000000a6100000, 0x00000000a6100000| Untracked 
|  54|0x00000000a6200000, 0x00000000a6200000, 0x00000000a6300000|  0%| F|  |TAMS 0x00000000a6200000, 0x00000000a6200000| Untracked 
|  55|0x00000000a6300000, 0x00000000a6376e10, 0x00000000a6400000| 46%| S|CS|TAMS 0x00000000a6300000, 0x00000000a6300000| Complete 
|  56|0x00000000a6400000, 0x00000000a6500000, 0x00000000a6500000|100%| S|CS|TAMS 0x00000000a6400000, 0x00000000a6400000| Complete 
|  57|0x00000000a6500000, 0x00000000a6600000, 0x00000000a6600000|100%| S|CS|TAMS 0x00000000a6500000, 0x00000000a6500000| Complete 
|  58|0x00000000a6600000, 0x00000000a6700000, 0x00000000a6700000|100%| S|CS|TAMS 0x00000000a6600000, 0x00000000a6600000| Complete 
|  59|0x00000000a6700000, 0x00000000a6800000, 0x00000000a6800000|100%| S|CS|TAMS 0x00000000a6700000, 0x00000000a6700000| Complete 
|  60|0x00000000a6800000, 0x00000000a6800000, 0x00000000a6900000|  0%| F|  |TAMS 0x00000000a6800000, 0x00000000a6800000| Untracked 
|  61|0x00000000a6900000, 0x00000000a6900000, 0x00000000a6a00000|  0%| F|  |TAMS 0x00000000a6900000, 0x00000000a6900000| Untracked 
|  62|0x00000000a6a00000, 0x00000000a6a00000, 0x00000000a6b00000|  0%| F|  |TAMS 0x00000000a6a00000, 0x00000000a6a00000| Untracked 
|  63|0x00000000a6b00000, 0x00000000a6b00000, 0x00000000a6c00000|  0%| F|  |TAMS 0x00000000a6b00000, 0x00000000a6b00000| Untracked 
|  64|0x00000000a6c00000, 0x00000000a6c00000, 0x00000000a6d00000|  0%| F|  |TAMS 0x00000000a6c00000, 0x00000000a6c00000| Untracked 
|  65|0x00000000a6d00000, 0x00000000a6d00000, 0x00000000a6e00000|  0%| F|  |TAMS 0x00000000a6d00000, 0x00000000a6d00000| Untracked 
|  66|0x00000000a6e00000, 0x00000000a6e00000, 0x00000000a6f00000|  0%| F|  |TAMS 0x00000000a6e00000, 0x00000000a6e00000| Untracked 
|  67|0x00000000a6f00000, 0x00000000a6f00000, 0x00000000a7000000|  0%| F|  |TAMS 0x00000000a6f00000, 0x00000000a6f00000| Untracked 
|  68|0x00000000a7000000, 0x00000000a7000000, 0x00000000a7100000|  0%| F|  |TAMS 0x00000000a7000000, 0x00000000a7000000| Untracked 
|  69|0x00000000a7100000, 0x00000000a7100000, 0x00000000a7200000|  0%| F|  |TAMS 0x00000000a7100000, 0x00000000a7100000| Untracked 
|  70|0x00000000a7200000, 0x00000000a7200000, 0x00000000a7300000|  0%| F|  |TAMS 0x00000000a7200000, 0x00000000a7200000| Untracked 
|  71|0x00000000a7300000, 0x00000000a7300000, 0x00000000a7400000|  0%| F|  |TAMS 0x00000000a7300000, 0x00000000a7300000| Untracked 
|  72|0x00000000a7400000, 0x00000000a7400000, 0x00000000a7500000|  0%| F|  |TAMS 0x00000000a7400000, 0x00000000a7400000| Untracked 
|  73|0x00000000a7500000, 0x00000000a7500000, 0x00000000a7600000|  0%| F|  |TAMS 0x00000000a7500000, 0x00000000a7500000| Untracked 
|  74|0x00000000a7600000, 0x00000000a7600000, 0x00000000a7700000|  0%| F|  |TAMS 0x00000000a7600000, 0x00000000a7600000| Untracked 
|  75|0x00000000a7700000, 0x00000000a7700000, 0x00000000a7800000|  0%| F|  |TAMS 0x00000000a7700000, 0x00000000a7700000| Untracked 
|  76|0x00000000a7800000, 0x00000000a7800000, 0x00000000a7900000|  0%| F|  |TAMS 0x00000000a7800000, 0x00000000a7800000| Untracked 
|  77|0x00000000a7900000, 0x00000000a7900000, 0x00000000a7a00000|  0%| F|  |TAMS 0x00000000a7900000, 0x00000000a7900000| Untracked 
|  78|0x00000000a7a00000, 0x00000000a7a00000, 0x00000000a7b00000|  0%| F|  |TAMS 0x00000000a7a00000, 0x00000000a7a00000| Untracked 
|  79|0x00000000a7b00000, 0x00000000a7b00000, 0x00000000a7c00000|  0%| F|  |TAMS 0x00000000a7b00000, 0x00000000a7b00000| Untracked 
|  80|0x00000000a7c00000, 0x00000000a7c00000, 0x00000000a7d00000|  0%| F|  |TAMS 0x00000000a7c00000, 0x00000000a7c00000| Untracked 
|  81|0x00000000a7d00000, 0x00000000a7e00000, 0x00000000a7e00000|100%| E|  |TAMS 0x00000000a7d00000, 0x00000000a7d00000| Complete 
|  82|0x00000000a7e00000, 0x00000000a7f00000, 0x00000000a7f00000|100%| E|CS|TAMS 0x00000000a7e00000, 0x00000000a7e00000| Complete 
|  83|0x00000000a7f00000, 0x00000000a8000000, 0x00000000a8000000|100%| E|CS|TAMS 0x00000000a7f00000, 0x00000000a7f00000| Complete 
|  84|0x00000000a8000000, 0x00000000a8100000, 0x00000000a8100000|100%| E|CS|TAMS 0x00000000a8000000, 0x00000000a8000000| Complete 
|  85|0x00000000a8100000, 0x00000000a8200000, 0x00000000a8200000|100%| E|CS|TAMS 0x00000000a8100000, 0x00000000a8100000| Complete 
|  86|0x00000000a8200000, 0x00000000a8300000, 0x00000000a8300000|100%| E|CS|TAMS 0x00000000a8200000, 0x00000000a8200000| Complete 
|  87|0x00000000a8300000, 0x00000000a8400000, 0x00000000a8400000|100%| E|CS|TAMS 0x00000000a8300000, 0x00000000a8300000| Complete 
|  88|0x00000000a8400000, 0x00000000a8500000, 0x00000000a8500000|100%| E|CS|TAMS 0x00000000a8400000, 0x00000000a8400000| Complete 
|  89|0x00000000a8500000, 0x00000000a8600000, 0x00000000a8600000|100%| E|CS|TAMS 0x00000000a8500000, 0x00000000a8500000| Complete 
|  90|0x00000000a8600000, 0x00000000a8700000, 0x00000000a8700000|100%| E|CS|TAMS 0x00000000a8600000, 0x00000000a8600000| Complete 
|  91|0x00000000a8700000, 0x00000000a8800000, 0x00000000a8800000|100%| E|CS|TAMS 0x00000000a8700000, 0x00000000a8700000| Complete 
|  92|0x00000000a8800000, 0x00000000a8900000, 0x00000000a8900000|100%| E|CS|TAMS 0x00000000a8800000, 0x00000000a8800000| Complete 
|  93|0x00000000a8900000, 0x00000000a8a00000, 0x00000000a8a00000|100%| E|CS|TAMS 0x00000000a8900000, 0x00000000a8900000| Complete 

Card table byte_map: [0x00000258f7430000,0x00000258f7720000] _byte_map_base: 0x00000258f6f1a000

Marking Bits (Prev, Next): (CMBitMap*) 0x00000258de69f090, (CMBitMap*) 0x00000258de69f0d0
 Prev Bits: [0x00000258f7a10000, 0x00000258f9160000)
 Next Bits: [0x00000258f9160000, 0x00000258fa8b0000)

Polling page: 0x00000258e76b0000

Metaspace:

Usage:
  Non-class:     13.17 MB used.
      Class:      2.48 MB used.
       Both:     15.65 MB used.

Virtual space:
  Non-class space:       64.00 MB reserved,      13.31 MB ( 21%) committed,  1 nodes.
      Class space:        1.00 GB reserved,       2.62 MB ( <1%) committed,  1 nodes.
             Both:        1.06 GB reserved,      15.94 MB (  1%) committed. 

Chunk freelists:
   Non-Class:  2.66 MB
       Class:  13.35 MB
        Both:  16.00 MB

MaxMetaspaceSize: unlimited
CompressedClassSpaceSize: 1.00 GB
Initial GC threshold: 21.00 MB
Current GC threshold: 21.00 MB
CDS: on
MetaspaceReclaimPolicy: balanced
 - commit_granule_bytes: 65536.
 - commit_granule_words: 8192.
 - virtual_space_node_default_size: 8388608.
 - enlarge_chunks_in_place: 1.
 - new_chunks_are_fully_committed: 0.
 - uncommit_free_chunks: 1.
 - use_allocation_guard: 0.
 - handle_deallocations: 1.


Internal statistics:

num_allocs_failed_limit: 0.
num_arena_births: 222.
num_arena_deaths: 0.
num_vsnodes_births: 2.
num_vsnodes_deaths: 0.
num_space_committed: 255.
num_space_uncommitted: 0.
num_chunks_returned_to_freelist: 0.
num_chunks_taken_from_freelist: 748.
num_chunk_merges: 0.
num_chunk_splits: 521.
num_chunks_enlarged: 402.
num_inconsistent_stats: 0.

CodeHeap 'non-profiled nmethods': size=120000Kb used=926Kb max_used=926Kb free=119073Kb
 bounds [0x00000258ef1a0000, 0x00000258ef410000, 0x00000258f66d0000]
CodeHeap 'profiled nmethods': size=120000Kb used=4808Kb max_used=4808Kb free=115191Kb
 bounds [0x00000258e76d0000, 0x00000258e7b90000, 0x00000258eec00000]
CodeHeap 'non-nmethods': size=5760Kb used=1372Kb max_used=1413Kb free=4387Kb
 bounds [0x00000258eec00000, 0x00000258eee70000, 0x00000258ef1a0000]
 total_blobs=3089 nmethods=2365 adapters=636
 compilation: enabled
              stopped_count=0, restarted_count=0
 full_count=0

Compilation events (20 events):
Event: 1.779 Thread 0x00000258fd323090 2363       1       com.sun.javafx.text.TextLine::getStart (5 bytes)
Event: 1.779 Thread 0x00000258fd323090 nmethod 2363 0x00000258ef270d10 code [0x00000258ef270ea0, 0x00000258ef270f78]
Event: 1.779 Thread 0x00000258fd323090 2364       1       com.sun.javafx.geom.RectBounds::setMinX (6 bytes)
Event: 1.780 Thread 0x00000258fd323090 nmethod 2364 0x00000258ef271010 code [0x00000258ef2711a0, 0x00000258ef271278]
Event: 1.780 Thread 0x00000258fd323090 2365       1       com.sun.javafx.geom.RectBounds::setMaxX (6 bytes)
Event: 1.780 Thread 0x00000258fd323090 nmethod 2365 0x00000258ef271310 code [0x00000258ef2714a0, 0x00000258ef271578]
Event: 1.780 Thread 0x00000258fd323090 2366       1       com.sun.javafx.text.TextRun::setLine (6 bytes)
Event: 1.780 Thread 0x00000258fd323090 nmethod 2366 0x00000258ef271610 code [0x00000258ef2717a0, 0x00000258ef2718b8]
Event: 1.780 Thread 0x00000258fd323090 2367       1       com.sun.javafx.text.TextLine::getLeading (5 bytes)
Event: 1.780 Thread 0x00000258fd323090 nmethod 2367 0x00000258ef271910 code [0x00000258ef271aa0, 0x00000258ef271b78]
Event: 1.780 Thread 0x00000258fd323090 2352       1       com.sun.javafx.text.PrismTextLayout::getTextSpans (5 bytes)
Event: 1.780 Thread 0x00000258fd323090 nmethod 2352 0x00000258ef271c10 code [0x00000258ef271da0, 0x00000258ef271e78]
Event: 1.780 Thread 0x00000258fd323090 2353       1       com.sun.javafx.text.PrismTextLayout::getFont (5 bytes)
Event: 1.780 Thread 0x00000258fd323090 nmethod 2353 0x00000258ef271f10 code [0x00000258ef2720a0, 0x00000258ef272178]
Event: 1.780 Thread 0x00000258fd323090 2354       1       com.sun.javafx.font.PrismFont::getFontResource (5 bytes)
Event: 1.780 Thread 0x00000258fd323090 nmethod 2354 0x00000258ef272210 code [0x00000258ef2723a0, 0x00000258ef272478]
Event: 1.780 Thread 0x00000258fd323090 2355       1       com.sun.javafx.font.PrismFont::getFeatures (5 bytes)
Event: 1.780 Thread 0x00000258fd323090 nmethod 2355 0x00000258ef272510 code [0x00000258ef2726a0, 0x00000258ef272778]
Event: 1.780 Thread 0x00000258fd323090 2356       1       com.sun.javafx.font.PrismFontFile::getFeatures (2 bytes)
Event: 1.780 Thread 0x00000258fd323090 nmethod 2356 0x00000258ef272810 code [0x00000258ef2729a0, 0x00000258ef272a78]

GC Heap History (4 events):
Event: 0.770 GC heap before
{Heap before GC invocations=0 (full 0):
 garbage-first heap   total 96256K, used 22528K [0x00000000a2c00000, 0x0000000100000000)
  region size 1024K, 23 young (23552K), 0 survivors (0K)
 Metaspace       used 5973K, committed 6208K, reserved 1114112K
  class space    used 725K, committed 832K, reserved 1048576K
}
Event: 0.773 GC heap after
{Heap after GC invocations=1 (full 0):
 garbage-first heap   total 96256K, used 3317K [0x00000000a2c00000, 0x0000000100000000)
  region size 1024K, 3 young (3072K), 3 survivors (3072K)
 Metaspace       used 5973K, committed 6208K, reserved 1114112K
  class space    used 725K, committed 832K, reserved 1048576K
}
Event: 1.489 GC heap before
{Heap before GC invocations=1 (full 0):
 garbage-first heap   total 96256K, used 52469K [0x00000000a2c00000, 0x0000000100000000)
  region size 1024K, 34 young (34816K), 3 survivors (3072K)
 Metaspace       used 13226K, committed 13440K, reserved 1114112K
  class space    used 1952K, committed 2048K, reserved 1048576K
}
Event: 1.495 GC heap after
{Heap after GC invocations=2 (full 0):
 garbage-first heap   total 96256K, used 26349K [0x00000000a2c00000, 0x0000000100000000)
  region size 1024K, 5 young (5120K), 5 survivors (5120K)
 Metaspace       used 13226K, committed 13440K, reserved 1114112K
  class space    used 1952K, committed 2048K, reserved 1048576K
}

Deoptimization events (20 events):
Event: 1.555 Thread 0x00000258fe768830 Uncommon trap: trap_request=0xffffffd6 fr.pc=0x00000258ef251ed0 relative=0x0000000000001db0
Event: 1.555 Thread 0x00000258fe768830 Uncommon trap: reason=array_check action=maybe_recompile pc=0x00000258ef251ed0 method=javafx.css.SimpleSelector.applies(Ljavafx/css/Styleable;[Ljava/util/Set;I)Z @ 37 c2
Event: 1.555 Thread 0x00000258fe768830 DEOPT PACKING pc=0x00000258ef251ed0 sp=0x000000d81cdfc540
Event: 1.555 Thread 0x00000258fe768830 DEOPT UNPACKING pc=0x00000258eec523a3 sp=0x000000d81cdfc548 mode 2
Event: 1.555 Thread 0x00000258fe768830 Uncommon trap: trap_request=0xffffffd6 fr.pc=0x00000258ef251ed0 relative=0x0000000000001db0
Event: 1.555 Thread 0x00000258fe768830 Uncommon trap: reason=array_check action=maybe_recompile pc=0x00000258ef251ed0 method=javafx.css.SimpleSelector.applies(Ljavafx/css/Styleable;[Ljava/util/Set;I)Z @ 37 c2
Event: 1.555 Thread 0x00000258fe768830 DEOPT PACKING pc=0x00000258ef251ed0 sp=0x000000d81cdfc4c0
Event: 1.555 Thread 0x00000258fe768830 DEOPT UNPACKING pc=0x00000258eec523a3 sp=0x000000d81cdfc4c8 mode 2
Event: 1.555 Thread 0x00000258fe768830 Uncommon trap: trap_request=0xffffffd6 fr.pc=0x00000258ef251ed0 relative=0x0000000000001db0
Event: 1.555 Thread 0x00000258fe768830 Uncommon trap: reason=array_check action=maybe_recompile pc=0x00000258ef251ed0 method=javafx.css.SimpleSelector.applies(Ljavafx/css/Styleable;[Ljava/util/Set;I)Z @ 37 c2
Event: 1.555 Thread 0x00000258fe768830 DEOPT PACKING pc=0x00000258ef251ed0 sp=0x000000d81cdfc650
Event: 1.555 Thread 0x00000258fe768830 DEOPT UNPACKING pc=0x00000258eec523a3 sp=0x000000d81cdfc658 mode 2
Event: 1.555 Thread 0x00000258fe768830 Uncommon trap: trap_request=0xffffffd6 fr.pc=0x00000258ef251ed0 relative=0x0000000000001db0
Event: 1.555 Thread 0x00000258fe768830 Uncommon trap: reason=array_check action=maybe_recompile pc=0x00000258ef251ed0 method=javafx.css.SimpleSelector.applies(Ljavafx/css/Styleable;[Ljava/util/Set;I)Z @ 37 c2
Event: 1.555 Thread 0x00000258fe768830 DEOPT PACKING pc=0x00000258ef251ed0 sp=0x000000d81cdfc750
Event: 1.555 Thread 0x00000258fe768830 DEOPT UNPACKING pc=0x00000258eec523a3 sp=0x000000d81cdfc758 mode 2
Event: 1.662 Thread 0x00000258fe768830 Uncommon trap: trap_request=0xffffffd6 fr.pc=0x00000258ef25bf90 relative=0x0000000000002bb0
Event: 1.662 Thread 0x00000258fe768830 Uncommon trap: reason=array_check action=maybe_recompile pc=0x00000258ef25bf90 method=javafx.css.SimpleSelector.applies(Ljavafx/css/Styleable;[Ljava/util/Set;I)Z @ 37 c2
Event: 1.662 Thread 0x00000258fe768830 DEOPT PACKING pc=0x00000258ef25bf90 sp=0x000000d81cdfcc60
Event: 1.662 Thread 0x00000258fe768830 DEOPT UNPACKING pc=0x00000258eec523a3 sp=0x000000d81cdfcc00 mode 2

Classes unloaded (0 events):
No events

Classes redefined (0 events):
No events

Internal exceptions (20 events):
Event: 0.801 Thread 0x00000258fe768830 Exception <a 'java/lang/NullPointerException'{0x00000000a86308b8}> (0x00000000a86308b8) 
thrown [s\open\src\hotspot\share\interpreter\linkResolver.cpp, line 1350]
Event: 0.835 Thread 0x00000258fe768830 Exception <a 'java/lang/ClassNotFoundException'{0x00000000a8469128}: com/sun/glass/ui/win/themes> (0x00000000a8469128) 
thrown [s\open\src\hotspot\share\prims\jni.cpp, line 535]
Event: 0.837 Thread 0x00000258fe768830 Exception <a 'java/lang/ClassNotFoundException'{0x00000000a84753d8}: com/sun/glass/ui/win/themes_es> (0x00000000a84753d8) 
thrown [s\open\src\hotspot\share\prims\jni.cpp, line 535]
Event: 0.838 Thread 0x00000258fe768830 Exception <a 'java/lang/ClassNotFoundException'{0x00000000a847d438}: com/sun/glass/ui/win/themes_es_CO> (0x00000000a847d438) 
thrown [s\open\src\hotspot\share\prims\jni.cpp, line 535]
Event: 0.903 Thread 0x00000258fe768830 Exception <a 'java/lang/NoSuchMethodError'{0x00000000a7f96150}: 'void java.lang.invoke.DirectMethodHandle$Holder.invokeStaticInit(java.lang.Object, java.lang.Object)'> (0x00000000a7f96150) 
thrown [s\open\src\hotspot\share\interpreter\linkResolver.cpp, line 759]
Event: 1.242 Thread 0x00000258fe768830 Exception <a 'java/lang/NoSuchMethodError'{0x00000000a75044d0}: 'void java.lang.invoke.DirectMethodHandle$Holder.invokeSpecial(java.lang.Object, java.lang.Object, java.lang.Object, java.lang.Object, java.lang.Object, java.lang.Object)'> (0x00000000a75044d0) 
thrown [s\open\src\hotspot\share\interpreter\linkResolver.cpp, line 759]
Event: 1.270 Thread 0x00000258fe768830 Exception <a 'sun/nio/fs/WindowsException'{0x00000000a7475528}> (0x00000000a7475528) 
thrown [s\open\src\hotspot\share\prims\jni.cpp, line 516]
Event: 1.276 Thread 0x00000258fe768830 Exception <a 'java/io/FileNotFoundException'{0x00000000a74a3050}> (0x00000000a74a3050) 
thrown [s\open\src\hotspot\share\prims\jni.cpp, line 516]
Event: 1.303 Thread 0x00000258fe768830 Implicit null exception at 0x00000258ef1fe00f to 0x00000258ef1fe420
Event: 1.310 Thread 0x00000258fe768830 Exception <a 'java/io/FileNotFoundException'{0x00000000a6fa9c88}> (0x00000000a6fa9c88) 
thrown [s\open\src\hotspot\share\prims\jni.cpp, line 516]
Event: 1.316 Thread 0x00000258fe768830 Exception <a 'java/io/FileNotFoundException'{0x00000000a6fd9e00}> (0x00000000a6fd9e00) 
thrown [s\open\src\hotspot\share\prims\jni.cpp, line 516]
Event: 1.432 Thread 0x00000258fe768830 Implicit null exception at 0x00000258ef23cf4a to 0x00000258ef23cfa0
Event: 1.436 Thread 0x00000258fe768830 Exception <a 'java/lang/NoSuchMethodError'{0x00000000a6ae0548}: 'java.lang.Object java.lang.invoke.DirectMethodHandle$Holder.invokeInterface(java.lang.Object, java.lang.Object, java.lang.Object)'> (0x00000000a6ae0548) 
thrown [s\open\src\hotspot\share\interpreter\linkResolver.cpp, line 759]
Event: 1.436 Thread 0x00000258fe768830 Exception <a 'java/lang/IncompatibleClassChangeError'{0x00000000a6ae3ed0}: Found class java.lang.Object, but interface was expected> (0x00000000a6ae3ed0) 
thrown [s\open\src\hotspot\share\interpreter\linkResolver.cpp, line 826]
Event: 1.513 Thread 0x00000258fe768830 Exception <a 'java/lang/NoSuchMethodError'{0x00000000a89e5aa0}: 'void java.lang.invoke.DirectMethodHandle$Holder.invokeSpecialIFC(java.lang.Object, java.lang.Object, java.lang.Object, java.lang.Object)'> (0x00000000a89e5aa0) 
thrown [s\open\src\hotspot\share\interpreter\linkResolver.cpp, line 759]
Event: 1.522 Thread 0x00000258fe768830 Exception <a 'java/lang/ClassNotFoundException'{0x00000000a8836310}: com/sun/javafx/scene/control/skin/resources/controls> (0x00000000a8836310) 
thrown [s\open\src\hotspot\share\prims\jni.cpp, line 535]
Event: 1.523 Thread 0x00000258fe768830 Exception <a 'java/lang/ClassNotFoundException'{0x00000000a88442c0}: com/sun/javafx/scene/control/skin/resources/controls_es> (0x00000000a88442c0) 
thrown [s\open\src\hotspot\share\prims\jni.cpp, line 535]
Event: 1.524 Thread 0x00000258fe768830 Exception <a 'java/lang/ClassNotFoundException'{0x00000000a8851f30}: com/sun/javafx/scene/control/skin/resources/controls_es_CO> (0x00000000a8851f30) 
thrown [s\open\src\hotspot\share\prims\jni.cpp, line 535]
Event: 1.552 Thread 0x00000258fe768830 Exception <a 'java/lang/NoSuchMethodError'{0x00000000a87cc690}: 'int java.lang.invoke.DirectMethodHandle$Holder.invokeSpecial(java.lang.Object, java.lang.Object, int)'> (0x00000000a87cc690) 
thrown [s\open\src\hotspot\share\interpreter\linkResolver.cpp, line 759]
Event: 1.783 Thread 0x00000258fe768830 Exception <a 'java/lang/NoSuchMethodError'{0x00000000a7d5bff0}: 'java.lang.Object java.lang.invoke.DirectMethodHandle$Holder.newInvokeSpecial(java.lang.Object, java.lang.Object, int)'> (0x00000000a7d5bff0) 
thrown [s\open\src\hotspot\share\interpreter\linkResolver.cpp, line 759]

VM Operations (20 events):
Event: 1.144 Executing VM operation: ICBufferFull
Event: 1.144 Executing VM operation: ICBufferFull done
Event: 1.221 Executing VM operation: HandshakeAllThreads
Event: 1.221 Executing VM operation: HandshakeAllThreads done
Event: 1.241 Executing VM operation: HandshakeAllThreads
Event: 1.241 Executing VM operation: HandshakeAllThreads done
Event: 1.455 Executing VM operation: ICBufferFull
Event: 1.456 Executing VM operation: ICBufferFull done
Event: 1.489 Executing VM operation: G1CollectForAllocation
Event: 1.495 Executing VM operation: G1CollectForAllocation done
Event: 1.500 Executing VM operation: HandshakeAllThreads
Event: 1.500 Executing VM operation: HandshakeAllThreads done
Event: 1.622 Executing VM operation: HandshakeAllThreads
Event: 1.622 Executing VM operation: HandshakeAllThreads done
Event: 1.663 Executing VM operation: HandshakeAllThreads
Event: 1.663 Executing VM operation: HandshakeAllThreads done
Event: 1.663 Executing VM operation: HandshakeAllThreads
Event: 1.664 Executing VM operation: HandshakeAllThreads done
Event: 1.716 Executing VM operation: HandshakeAllThreads
Event: 1.716 Executing VM operation: HandshakeAllThreads done

Events (20 events):
Event: 1.726 loading class jdk/internal/icu/impl/Trie2$UTrie2Header done
Event: 1.730 loading class jdk/internal/misc/ScopedMemoryAccess$Scope
Event: 1.739 loading class jdk/internal/misc/ScopedMemoryAccess$Scope done
Event: 1.740 loading class jdk/internal/icu/text/UTF16
Event: 1.740 loading class jdk/internal/icu/text/UTF16 done
Event: 1.740 loading class jdk/internal/icu/text/BidiLine
Event: 1.740 loading class jdk/internal/icu/text/BidiLine done
Event: 1.763 loading class java/text/FieldPosition$Delegate
Event: 1.763 loading class java/text/FieldPosition$Delegate done
Event: 1.763 loading class jdk/internal/math/FDBigInteger
Event: 1.764 loading class jdk/internal/math/FDBigInteger done
Event: 1.778 loading class java/util/ComparableTimSort
Event: 1.778 loading class java/util/ComparableTimSort done
Event: 1.790 loading class java/util/WeakHashMap$EntrySet
Event: 1.790 loading class java/util/WeakHashMap$EntrySet done
Event: 1.790 loading class java/util/WeakHashMap$EntryIterator
Event: 1.790 loading class java/util/WeakHashMap$EntryIterator done
Event: 1.800 loading class java/util/ConcurrentModificationException
Event: 1.800 loading class java/util/ConcurrentModificationException done
Event: 1.808 Loaded shared library C:\Users\ISAIAS\.jssc\windows\jSSC-2.8_x86_64.dll


Dynamic libraries:
0x00007ff76eff0000 - 0x00007ff76f000000 	C:\Program Files\Java\jdk-17\bin\java.exe
0x00007ffa19c70000 - 0x00007ffa19e86000 	C:\Windows\SYSTEM32\ntdll.dll
0x00007ffa188a0000 - 0x00007ffa18964000 	C:\Windows\System32\KERNEL32.DLL
0x00007ffa172c0000 - 0x00007ffa17667000 	C:\Windows\System32\KERNELBASE.dll
0x00007ffa16f90000 - 0x00007ffa170a1000 	C:\Windows\System32\ucrtbase.dll
0x00007ff9e5f30000 - 0x00007ff9e5f4b000 	C:\Program Files\Java\jdk-17\bin\VCRUNTIME140.dll
0x00007ff9e12d0000 - 0x00007ff9e12e9000 	C:\Program Files\Java\jdk-17\bin\jli.dll
0x00007ffa19b50000 - 0x00007ffa19c02000 	C:\Windows\System32\ADVAPI32.dll
0x00007ffa194f0000 - 0x00007ffa19597000 	C:\Windows\System32\msvcrt.dll
0x00007ffa19aa0000 - 0x00007ffa19b48000 	C:\Windows\System32\sechost.dll
0x00007ffa17130000 - 0x00007ffa17158000 	C:\Windows\System32\bcrypt.dll
0x00007ffa18990000 - 0x00007ffa18aa5000 	C:\Windows\System32\RPCRT4.dll
0x00007ffa198f0000 - 0x00007ffa19a9e000 	C:\Windows\System32\USER32.dll
0x00007ffa17160000 - 0x00007ffa17186000 	C:\Windows\System32\win32u.dll
0x00007ffa162f0000 - 0x00007ffa16583000 	C:\Windows\WinSxS\amd64_microsoft.windows.common-controls_6595b64144ccf1df_6.0.22621.3235_none_270f74e173860f98\COMCTL32.dll
0x00007ffa194c0000 - 0x00007ffa194e9000 	C:\Windows\System32\GDI32.dll
0x00007ffa17670000 - 0x00007ffa17789000 	C:\Windows\System32\gdi32full.dll
0x00007ffa17790000 - 0x00007ffa1782a000 	C:\Windows\System32\msvcp_win.dll
0x00007ffa15790000 - 0x00007ffa1579a000 	C:\Windows\SYSTEM32\VERSION.dll
0x00007ffa17e80000 - 0x00007ffa17eb1000 	C:\Windows\System32\IMM32.DLL
0x00007ffa0bc30000 - 0x00007ffa0bc3c000 	C:\Program Files\Java\jdk-17\bin\vcruntime140_1.dll
0x00007ff9beca0000 - 0x00007ff9bed2e000 	C:\Program Files\Java\jdk-17\bin\msvcp140.dll
0x00007ff954700000 - 0x00007ff9552df000 	C:\Program Files\Java\jdk-17\bin\server\jvm.dll
0x00007ffa18ab0000 - 0x00007ffa18ab8000 	C:\Windows\System32\PSAPI.DLL
0x00007ff9f8730000 - 0x00007ff9f8739000 	C:\Windows\SYSTEM32\WSOCK32.dll
0x00007ffa138f0000 - 0x00007ffa13924000 	C:\Windows\SYSTEM32\WINMM.dll
0x00007ffa196c0000 - 0x00007ffa19731000 	C:\Windows\System32\WS2_32.dll
0x00007ffa15070000 - 0x00007ffa15088000 	C:\Windows\SYSTEM32\kernel.appcore.dll
0x00007ffa0ba80000 - 0x00007ffa0ba8a000 	C:\Program Files\Java\jdk-17\bin\jimage.dll
0x00007ffa16900000 - 0x00007ffa16b33000 	C:\Windows\SYSTEM32\DBGHELP.DLL
0x00007ffa18270000 - 0x00007ffa185f8000 	C:\Windows\System32\combase.dll
0x00007ffa17fd0000 - 0x00007ffa180a7000 	C:\Windows\System32\OLEAUT32.dll
0x00007ffa167a0000 - 0x00007ffa167d2000 	C:\Windows\SYSTEM32\dbgcore.DLL
0x00007ffa170b0000 - 0x00007ffa17129000 	C:\Windows\System32\bcryptPrimitives.dll
0x00007ff9bec70000 - 0x00007ff9bec95000 	C:\Program Files\Java\jdk-17\bin\java.dll
0x00007ff9beb90000 - 0x00007ff9bec67000 	C:\Program Files\Java\jdk-17\bin\jsvml.dll
0x00007ffa18ac0000 - 0x00007ffa1931c000 	C:\Windows\System32\SHELL32.dll
0x00007ffa13f80000 - 0x00007ffa14879000 	C:\Windows\SYSTEM32\windows.storage.dll
0x00007ffa13e40000 - 0x00007ffa13f7e000 	C:\Windows\SYSTEM32\wintypes.dll
0x00007ffa19320000 - 0x00007ffa19413000 	C:\Windows\System32\SHCORE.dll
0x00007ffa19650000 - 0x00007ffa196ae000 	C:\Windows\System32\shlwapi.dll
0x00007ffa16ec0000 - 0x00007ffa16ee1000 	C:\Windows\SYSTEM32\profapi.dll
0x00007ff9d3450000 - 0x00007ff9d3469000 	C:\Program Files\Java\jdk-17\bin\net.dll
0x00007ffa0e9a0000 - 0x00007ffa0ead6000 	C:\Windows\SYSTEM32\WINHTTP.dll
0x00007ffa15480000 - 0x00007ffa154e9000 	C:\Windows\system32\mswsock.dll
0x00007ff9cfdf0000 - 0x00007ff9cfe06000 	C:\Program Files\Java\jdk-17\bin\nio.dll
0x00007ff9dd7c0000 - 0x00007ff9dd7d8000 	C:\Program Files\Java\jdk-17\bin\zip.dll
0x00000258fe110000 - 0x00000258fe113000 	C:\Users\ISAIAS\.openjfx\cache\17.0.11\api-ms-win-core-console-l1-1-0.dll
0x00000258fe120000 - 0x00000258fe123000 	C:\Users\ISAIAS\.openjfx\cache\17.0.11\api-ms-win-core-console-l1-2-0.dll
0x00000258fe130000 - 0x00000258fe133000 	C:\Users\ISAIAS\.openjfx\cache\17.0.11\api-ms-win-core-datetime-l1-1-0.dll
0x00000258fe140000 - 0x00000258fe143000 	C:\Users\ISAIAS\.openjfx\cache\17.0.11\api-ms-win-core-debug-l1-1-0.dll
0x00000258fe150000 - 0x00000258fe153000 	C:\Users\ISAIAS\.openjfx\cache\17.0.11\api-ms-win-core-errorhandling-l1-1-0.dll
0x00000258fe160000 - 0x00000258fe164000 	C:\Users\ISAIAS\.openjfx\cache\17.0.11\api-ms-win-core-file-l1-1-0.dll
0x00000258fe170000 - 0x00000258fe173000 	C:\Users\ISAIAS\.openjfx\cache\17.0.11\api-ms-win-core-file-l1-2-0.dll
0x00000258fe180000 - 0x00000258fe183000 	C:\Users\ISAIAS\.openjfx\cache\17.0.11\api-ms-win-core-file-l2-1-0.dll
0x00000258fe190000 - 0x00000258fe193000 	C:\Users\ISAIAS\.openjfx\cache\17.0.11\api-ms-win-core-handle-l1-1-0.dll
0x00000258fe1a0000 - 0x00000258fe1a3000 	C:\Users\ISAIAS\.openjfx\cache\17.0.11\api-ms-win-core-heap-l1-1-0.dll
0x00000258fe1b0000 - 0x00000258fe1b3000 	C:\Users\ISAIAS\.openjfx\cache\17.0.11\api-ms-win-core-interlocked-l1-1-0.dll
0x00000258fe1c0000 - 0x00000258fe1c3000 	C:\Users\ISAIAS\.openjfx\cache\17.0.11\api-ms-win-core-libraryloader-l1-1-0.dll
0x00000258fe1d0000 - 0x00000258fe1d3000 	C:\Users\ISAIAS\.openjfx\cache\17.0.11\api-ms-win-core-localization-l1-2-0.dll
0x00000258fe1e0000 - 0x00000258fe1e3000 	C:\Users\ISAIAS\.openjfx\cache\17.0.11\api-ms-win-core-memory-l1-1-0.dll
0x00000258fe1f0000 - 0x00000258fe1f3000 	C:\Users\ISAIAS\.openjfx\cache\17.0.11\api-ms-win-core-namedpipe-l1-1-0.dll
0x00000258fe200000 - 0x00000258fe203000 	C:\Users\ISAIAS\.openjfx\cache\17.0.11\api-ms-win-core-processenvironment-l1-1-0.dll
0x00000258fe210000 - 0x00000258fe213000 	C:\Users\ISAIAS\.openjfx\cache\17.0.11\api-ms-win-core-processthreads-l1-1-0.dll
0x00000258fe220000 - 0x00000258fe223000 	C:\Users\ISAIAS\.openjfx\cache\17.0.11\api-ms-win-core-processthreads-l1-1-1.dll
0x00000258fe230000 - 0x00000258fe233000 	C:\Users\ISAIAS\.openjfx\cache\17.0.11\api-ms-win-core-profile-l1-1-0.dll
0x00000258fe240000 - 0x00000258fe243000 	C:\Users\ISAIAS\.openjfx\cache\17.0.11\api-ms-win-core-rtlsupport-l1-1-0.dll
0x00000258fe250000 - 0x00000258fe253000 	C:\Users\ISAIAS\.openjfx\cache\17.0.11\api-ms-win-core-string-l1-1-0.dll
0x00000258fe260000 - 0x00000258fe263000 	C:\Users\ISAIAS\.openjfx\cache\17.0.11\api-ms-win-core-synch-l1-1-0.dll
0x00000258fe270000 - 0x00000258fe273000 	C:\Users\ISAIAS\.openjfx\cache\17.0.11\api-ms-win-core-synch-l1-2-0.dll
0x00000258fe280000 - 0x00000258fe283000 	C:\Users\ISAIAS\.openjfx\cache\17.0.11\api-ms-win-core-sysinfo-l1-1-0.dll
0x00000258fe290000 - 0x00000258fe293000 	C:\Users\ISAIAS\.openjfx\cache\17.0.11\api-ms-win-core-timezone-l1-1-0.dll
0x00000258fe2a0000 - 0x00000258fe2a3000 	C:\Users\ISAIAS\.openjfx\cache\17.0.11\api-ms-win-core-util-l1-1-0.dll
0x00000258fe2b0000 - 0x00000258fe2b3000 	C:\Users\ISAIAS\.openjfx\cache\17.0.11\api-ms-win-crt-conio-l1-1-0.dll
0x00000258fe2c0000 - 0x00000258fe2c4000 	C:\Users\ISAIAS\.openjfx\cache\17.0.11\api-ms-win-crt-convert-l1-1-0.dll
0x00000258fe2d0000 - 0x00000258fe2d3000 	C:\Users\ISAIAS\.openjfx\cache\17.0.11\api-ms-win-crt-environment-l1-1-0.dll
0x00000258fe2e0000 - 0x00000258fe2e3000 	C:\Users\ISAIAS\.openjfx\cache\17.0.11\api-ms-win-crt-filesystem-l1-1-0.dll
0x00000258fe2f0000 - 0x00000258fe2f3000 	C:\Users\ISAIAS\.openjfx\cache\17.0.11\api-ms-win-crt-heap-l1-1-0.dll
0x00000258fe300000 - 0x00000258fe303000 	C:\Users\ISAIAS\.openjfx\cache\17.0.11\api-ms-win-crt-locale-l1-1-0.dll
0x00000258fe310000 - 0x00000258fe315000 	C:\Users\ISAIAS\.openjfx\cache\17.0.11\api-ms-win-crt-math-l1-1-0.dll
0x00000258fe320000 - 0x00000258fe325000 	C:\Users\ISAIAS\.openjfx\cache\17.0.11\api-ms-win-crt-multibyte-l1-1-0.dll
0x00000258fe330000 - 0x00000258fe340000 	C:\Users\ISAIAS\.openjfx\cache\17.0.11\api-ms-win-crt-private-l1-1-0.dll
0x00000258fe340000 - 0x00000258fe343000 	C:\Users\ISAIAS\.openjfx\cache\17.0.11\api-ms-win-crt-process-l1-1-0.dll
0x00000258fe350000 - 0x00000258fe354000 	C:\Users\ISAIAS\.openjfx\cache\17.0.11\api-ms-win-crt-runtime-l1-1-0.dll
0x00000258fe360000 - 0x00000258fe364000 	C:\Users\ISAIAS\.openjfx\cache\17.0.11\api-ms-win-crt-stdio-l1-1-0.dll
0x00000258fe370000 - 0x00000258fe374000 	C:\Users\ISAIAS\.openjfx\cache\17.0.11\api-ms-win-crt-string-l1-1-0.dll
0x00000258fe380000 - 0x00000258fe383000 	C:\Users\ISAIAS\.openjfx\cache\17.0.11\api-ms-win-crt-time-l1-1-0.dll
0x00000258fe390000 - 0x00000258fe393000 	C:\Users\ISAIAS\.openjfx\cache\17.0.11\api-ms-win-crt-utility-l1-1-0.dll
0x00007ff9c0ae0000 - 0x00007ff9c0bdc000 	C:\Users\ISAIAS\.openjfx\cache\17.0.11\ucrtbase.dll
0x00007ff9d5500000 - 0x00007ff9d551b000 	C:\Users\ISAIAS\.openjfx\cache\17.0.11\vcruntime140.dll
0x00007ffa08000000 - 0x00007ffa0800c000 	C:\Users\ISAIAS\.openjfx\cache\17.0.11\vcruntime140_1.dll
0x00007ff9d4dd0000 - 0x00007ff9d4e5e000 	C:\Users\ISAIAS\.openjfx\cache\17.0.11\msvcp140.dll
0x00007ffa19740000 - 0x00007ffa198e5000 	C:\Windows\System32\ole32.dll
0x00007ffa049a0000 - 0x00007ffa049a9000 	C:\Users\ISAIAS\.openjfx\cache\17.0.11\msvcp140_1.dll
0x00007ff9d54d0000 - 0x00007ff9d54ff000 	C:\Users\ISAIAS\.openjfx\cache\17.0.11\msvcp140_2.dll
0x00007ff9e0be0000 - 0x00007ff9e0c0a000 	C:\Users\ISAIAS\.openjfx\cache\17.0.11\prism_d3d.dll
0x00007ff999a50000 - 0x00007ff999bf9000 	C:\Windows\system32\d3d9.dll
0x00007ffa13490000 - 0x00007ffa134bb000 	C:\Windows\SYSTEM32\dwmapi.dll
0x00007ffa13320000 - 0x00007ffa13359000 	C:\Windows\SYSTEM32\dxcore.dll
0x00007ffa131e0000 - 0x00007ffa1328b000 	C:\Windows\system32\uxtheme.dll
0x00007ffa0c3c0000 - 0x00007ffa0c57b000 	C:\Windows\System32\DriverStore\FileRepository\u0389834.inf_amd64_ec71e2f28388c974\B389503\aticfx64.dll
0x00007ff94bb30000 - 0x00007ff94d901000 	C:\Windows\System32\DriverStore\FileRepository\u0389834.inf_amd64_ec71e2f28388c974\B389503\amdxn64.dll
0x00007ffa179a0000 - 0x00007ffa17e14000 	C:\Windows\System32\SETUPAPI.dll
0x00007ffa13360000 - 0x00007ffa13458000 	C:\Windows\SYSTEM32\dxgi.dll
0x00007ffa0bd90000 - 0x00007ffa0bdc5000 	C:\Windows\SYSTEM32\amdihk64.dll
0x00007ffa10850000 - 0x00007ffa1089a000 	C:\Windows\SYSTEM32\directxdatabasehelper.dll
0x00007ff9d4f70000 - 0x00007ff9d4fb2000 	C:\Users\ISAIAS\.openjfx\cache\17.0.11\glass.dll
0x00007ffa17ed0000 - 0x00007ffa17fc9000 	C:\Windows\System32\COMDLG32.dll
0x00007ffa18600000 - 0x00007ffa18753000 	C:\Windows\System32\MSCTF.dll
0x00007ff9e6610000 - 0x00007ff9e6625000 	C:\Users\ISAIAS\.openjfx\cache\17.0.11\javafx_font.dll
0x00007ffa11c40000 - 0x00007ffa11eb4000 	C:\Windows\SYSTEM32\dwrite.dll
0x00007ffa195a0000 - 0x00007ffa19650000 	C:\Windows\System32\clbcatq.dll
0x00007ffa116a0000 - 0x00007ffa11850000 	C:\Windows\SYSTEM32\WindowsCodecs.dll
0x00007ff9eb350000 - 0x00007ff9eb3ae000 	C:\Windows\system32\dataexchange.dll
0x00007ffa0e5f0000 - 0x00007ffa0e87e000 	C:\Windows\system32\twinapi.appcore.dll
0x00007ff9d4eb0000 - 0x00007ff9d4ee2000 	C:\Program Files\Common Files\Microsoft Shared\Ink\rtscom.dll
0x00007ffa0b850000 - 0x00007ffa0b99a000 	C:\Windows\SYSTEM32\textinputframework.dll
0x00007ffa12d80000 - 0x00007ffa12eb4000 	C:\Windows\SYSTEM32\CoreMessaging.dll
0x00007ffa0fc60000 - 0x00007ffa0ffcc000 	C:\Windows\SYSTEM32\CoreUIComponents.dll
0x00007ffa156e0000 - 0x00007ffa156ec000 	C:\Windows\SYSTEM32\CRYPTBASE.DLL
0x0000000071100000 - 0x0000000071125000 	C:\Users\ISAIAS\.jssc\windows\jSSC-2.8_x86_64.dll

dbghelp: loaded successfully - version: 4.0.5 - missing functions: none
symbol engine: initialized successfully - sym options: 0x614 - pdb path: .;C:\Program Files\Java\jdk-17\bin;C:\Windows\SYSTEM32;C:\Windows\WinSxS\amd64_microsoft.windows.common-controls_6595b64144ccf1df_6.0.22621.3235_none_270f74e173860f98;C:\Program Files\Java\jdk-17\bin\server;C:\Users\ISAIAS\.openjfx\cache\17.0.11;C:\Windows\System32\DriverStore\FileRepository\u0389834.inf_amd64_ec71e2f28388c974\B389503;C:\Program Files\Common Files\Microsoft Shared\Ink;C:\Users\ISAIAS\.jssc\windows

VM Arguments:
jvm_args: -XX:+ShowCodeDetailsInExceptionMessages --module-path=C:\Users\ISAIAS\Documents\U\2024 - 1\PROYECTO - Trotamontañas\Interfaz HMI\HexaView versions\v1.0\beta\target\classes;C:\Users\ISAIAS\.m2\repository\com\github\PanamaHitek\PanamaHitek_Arduino\2.8.2\PanamaHitek_Arduino-2.8.2.jar;C:\Users\ISAIAS\.m2\repository\org\openjfx\javafx-controls\17.0.11\javafx-controls-17.0.11-win.jar;C:\Users\ISAIAS\.m2\repository\org\openjfx\javafx-graphics\17.0.11\javafx-graphics-17.0.11-win.jar;C:\Users\ISAIAS\.m2\repository\org\openjfx\javafx-base\17.0.11\javafx-base-17.0.11-win.jar;C:\Users\ISAIAS\.m2\repository\org\openjfx\javafx-fxml\17.0.11\javafx-fxml-17.0.11-win.jar -Djdk.module.main=com.hexaview 
java_command: com.hexaview/com.hexaview.App
java_class_path (initial): C:\Users\ISAIAS\.m2\repository\org\processing\core\3.3.7\core-3.3.7.jar;C:\Users\ISAIAS\.m2\repository\org\apache\poi\poi\3.15\poi-3.15.jar;C:\Users\ISAIAS\.m2\repository\commons-codec\commons-codec\1.10\commons-codec-1.10.jar;C:\Users\ISAIAS\.m2\repository\org\apache\commons\commons-collections4\4.1\commons-collections4-4.1.jar;C:\Users\ISAIAS\.m2\repository\org\openjfx\javafx-controls\17.0.11\javafx-controls-17.0.11.jar;C:\Users\ISAIAS\.m2\repository\org\openjfx\javafx-graphics\17.0.11\javafx-graphics-17.0.11.jar;C:\Users\ISAIAS\.m2\repository\org\openjfx\javafx-base\17.0.11\javafx-base-17.0.11.jar;C:\Users\ISAIAS\.m2\repository\org\openjfx\javafx-fxml\17.0.11\javafx-fxml-17.0.11.jar
Launcher Type: SUN_STANDARD

[Global flags]
     intx CICompilerCount                          = 4                                         {product} {ergonomic}
     uint ConcGCThreads                            = 2                                         {product} {ergonomic}
     uint G1ConcRefinementThreads                  = 8                                         {product} {ergonomic}
   size_t G1HeapRegionSize                         = 1048576                                   {product} {ergonomic}
    uintx GCDrainStackTargetSize                   = 64                                        {product} {ergonomic}
   size_t InitialHeapSize                          = 98566144                                  {product} {ergonomic}
   size_t MarkStackSize                            = 4194304                                   {product} {ergonomic}
   size_t MaxHeapSize                              = 1564475392                                {product} {ergonomic}
   size_t MaxNewSize                               = 938475520                                 {product} {ergonomic}
   size_t MinHeapDeltaBytes                        = 1048576                                   {product} {ergonomic}
   size_t MinHeapSize                              = 8388608                                   {product} {ergonomic}
    uintx NonNMethodCodeHeapSize                   = 5839372                                {pd product} {ergonomic}
    uintx NonProfiledCodeHeapSize                  = 122909434                              {pd product} {ergonomic}
    uintx ProfiledCodeHeapSize                     = 122909434                              {pd product} {ergonomic}
    uintx ReservedCodeCacheSize                    = 251658240                              {pd product} {ergonomic}
     bool SegmentedCodeCache                       = true                                      {product} {ergonomic}
     bool ShowCodeDetailsInExceptionMessages       = true                                   {manageable} {command line}
   size_t SoftMaxHeapSize                          = 1564475392                             {manageable} {ergonomic}
     bool UseCompressedClassPointers               = true                           {product lp64_product} {ergonomic}
     bool UseCompressedOops                        = true                           {product lp64_product} {ergonomic}
     bool UseG1GC                                  = true                                      {product} {ergonomic}
     bool UseLargePagesIndividualAllocation        = false                                  {pd product} {ergonomic}

Logging:
Log output configuration:
 #0: stdout all=warning uptime,level,tags
 #1: stderr all=off uptime,level,tags

Environment Variables:
JAVA_HOME=C:\Program Files (x86)\graalvm-jdk-21.0.2+13.1
PATH=C:\Program Files\Common Files\Oracle\Java\javapath;C:\Program Files (x86)\graalvm-jdk-21.0.2+13.1\bin;C:\Program Files (x86)\Common Files\Oracle\Java\javapath;C:\Windows\system32;C:\Windows;C:\Windows\System32\Wbem;C:\Windows\System32\WindowsPowerShell\v1.0\;C:\Windows\System32\OpenSSH\;C:\Program Files\dotnet\;C:\Program Files (x86)\IVI Foundation\VISA\WinNT\Bin\;C:\Program Files\IVI Foundation\VISA\Win64\Bin\;C:\Program Files (x86)\IVI Foundation\IVI\Bin\;C:\Program Files\IVI Foundation\IVI\Bin\;C:\Program Files (x86)\IVI Foundation\VISA\WinNT\Bin;C:\Program Files (x86)\National Instruments\Shared\LabVIEW CLI;C:\Program Files\MATLAB\R2020a\runtime\win64;C:\Program Files\MATLAB\R2020a\bin;C:\Program Files\MATLAB\R2020a\polyspace\bin;C:\Program Files\MATLAB\R2024a\runtime\win64;C:\Program Files\MATLAB\R2024a\bin;C:\Users\ISAIAS\AppData\Local\Microsoft\WindowsApps;C:\Users\ISAIAS\AppData\Local\Programs\Microsoft VS Code\bin;C:\Users\ISAIAS\AppData\Local\Microsoft\WindowsApps;;C:\Users\ISAIAS\AppData\Local\Programs\Microsoft VS Code\bin
USERNAME=ISAIAS
LANG=en_US.UTF-8
OS=Windows_NT
PROCESSOR_IDENTIFIER=AMD64 Family 23 Model 160 Stepping 0, AuthenticAMD



---------------  S Y S T E M  ---------------

OS:
 Windows 11 , 64 bit Build 22621 (10.0.22621.3374)
OS uptime: 0 days 6:38 hours
Hyper-V role detected

CPU: total 8 (initial active 8) (8 cores per cpu, 2 threads per core) family 23 model 160 stepping 0 microcode 0x0, cx8, cmov, fxsr, ht, mmx, 3dnowpref, sse, sse2, sse3, ssse3, sse4a, sse4.1, sse4.2, popcnt, lzcnt, tsc, tscinvbit, avx, avx2, aes, clmul, bmi1, bmi2, adx, sha, fma, vzeroupper, clflush, clflushopt, hv

Memory: 4k page, system-wide physical 5965M (537M free)
TotalPageFile size 20301M (AvailPageFile size 3981M)
current process WorkingSet (physical memory assigned to process): 186M, peak: 193M
current process commit charge ("private bytes"): 287M, peak: 297M

vm_info: Java HotSpot(TM) 64-Bit Server VM (17.0.10+11-LTS-240) for windows-amd64 JRE (17.0.10+11-LTS-240), built on Dec 19 2023 21:47:25 by "mach5one" with MS VC++ 17.1 (VS2022)

END.
