#
# A fatal error has been detected by the Java Runtime Environment:
#
#  EXCEPTION_ACCESS_VIOLATION (0xc0000005) at pc=0x000000007110b5db, pid=22364, tid=20140
#
# JRE version: Java(TM) SE Runtime Environment (17.0.10+11) (build 17.0.10+11-LTS-240)
# Java VM: Java HotSpot(TM) 64-Bit Server VM (17.0.10+11-LTS-240, mixed mode, sharing, tiered, compressed oops, compressed class ptrs, g1 gc, windows-amd64)
# Problematic frame:
# C  [jSSC-2.8_x86_64.dll+0xb5db]
#
# No core dump will be written. Minidumps are not enabled by default on client versions of Windows
#
# If you would like to submit a bug report, please visit:
#   https://bugreport.java.com/bugreport/crash.jsp
# The crash happened outside the Java Virtual Machine in native code.
# See problematic frame for where to report the bug.
#

---------------  S U M M A R Y ------------

Command Line: -XX:+ShowCodeDetailsInExceptionMessages --module-path=C:\Users\ISAIAS\Documents\U\2024 - 1\PROYECTO - Trotamontañas\Interfaz HMI\HexaView versions\v1.0\beta\target\classes;C:\Users\ISAIAS\.m2\repository\com\github\PanamaHitek\PanamaHitek_Arduino\3.0.0\PanamaHitek_Arduino-3.0.0.jar;C:\Users\ISAIAS\.m2\repository\org\openjfx\javafx-controls\17.0.11\javafx-controls-17.0.11-win.jar;C:\Users\ISAIAS\.m2\repository\org\openjfx\javafx-graphics\17.0.11\javafx-graphics-17.0.11-win.jar;C:\Users\ISAIAS\.m2\repository\org\openjfx\javafx-base\17.0.11\javafx-base-17.0.11-win.jar;C:\Users\ISAIAS\.m2\repository\org\openjfx\javafx-fxml\17.0.11\javafx-fxml-17.0.11-win.jar -Djdk.module.main=com.hexaview com.hexaview/com.hexaview.App

Host: AMD Ryzen 5 7520U with Radeon Graphics         , 8 cores, 5G,  Windows 11 , 64 bit Build 22621 (10.0.22621.3374)
Time: Sun May 12 21:16:47 2024 Hora est. Pacífico, Sudamérica elapsed time: 0.767011 seconds (0d 0h 0m 0s)

---------------  T H R E A D  ---------------

Current thread (0x000001d9e55ee050):  JavaThread "Thread-2" [_thread_in_native, id=20140, stack(0x000000a606d00000,0x000000a606e00000)]

Stack: [0x000000a606d00000,0x000000a606e00000],  sp=0x000000a606dff230,  free space=1020k
Native frames: (J=compiled Java code, j=interpreted, Vv=VM code, C=native code)
C  [jSSC-2.8_x86_64.dll+0xb5db]

Java frames: (J=compiled Java code, j=interpreted, Vv=VM code)
j  jssc.SerialNativeInterface.openPort(Ljava/lang/String;Z)J+0 PanamaHitek.Arduino@3.0.0
j  jssc.SerialPort.openPort()Z+65 PanamaHitek.Arduino@3.0.0
j  com.panamahitek.PanamaHitek_Arduino.arduinoRX(Ljava/lang/String;ILjssc/SerialPortEventListener;)V+58 PanamaHitek.Arduino@3.0.0
j  com.hexaview.App.lambda$0()V+24 com.hexaview
j  com.hexaview.App$$Lambda$121+0x000001d9a1085300.run()V+0 com.hexaview
j  java.lang.Thread.run()V+11 java.base@17.0.10
v  ~StubRoutines::call_stub

siginfo: EXCEPTION_ACCESS_VIOLATION (0xc0000005), reading address 0xffffffff80e921d9


Registers:
RAX=0xffffffff80e921d9, RBX=0x000000a606dff2a0, RCX=0x00007ffa19d0f544, RDX=0x0000000000000000
RSP=0x000000a606dff230, RBP=0x000000a606dff3b0, RSI=0x000001d9e55ee300, RDI=0x0000000000000e34
R8 =0x000000a606dff128, R9 =0x0000000000000000, R10=0x0000000000000000, R11=0x0000000000000246
R12=0x000000a606dff468, R13=0x000001d9e598e930, R14=0x000000a606dff360, R15=0x000001d9e55ee050
RIP=0x000000007110b5db, EFLAGS=0x0000000000010206


Register to memory mapping:

RIP=0x000000007110b5db jSSC-2.8_x86_64.dll
RAX=0xffffffff80e921d9 is an unknown value
RBX=0x000000a606dff2a0 is pointing into the stack for thread: 0x000001d9e55ee050
RCX=0x00007ffa19d0f544 ntdll.dll
RDX=0x0 is NULL
RSP=0x000000a606dff230 is pointing into the stack for thread: 0x000001d9e55ee050
RBP=0x000000a606dff3b0 is pointing into the stack for thread: 0x000001d9e55ee050
RSI=0x000001d9e55ee300 points into unknown readable memory: 0x00007ff957232670 | 70 26 23 57 f9 7f 00 00
RDI=0x0000000000000e34 is an unknown value
R8 =0x000000a606dff128 is pointing into the stack for thread: 0x000001d9e55ee050
R9 =0x0 is NULL
R10=0x0 is NULL
R11=0x0000000000000246 is an unknown value
R12=0x000000a606dff468 is pointing into the stack for thread: 0x000001d9e55ee050
R13=0x000001d9e598e930 points into unknown readable memory: 0x0000000800000000 | 00 00 00 00 08 00 00 00
R14=0x000000a606dff360 is pointing into the stack for thread: 0x000001d9e55ee050
R15=0x000001d9e55ee050 is a thread


Top of Stack: (sp=0x000000a606dff230)
0x000000a606dff230:   0000000000000000 000001d9e5157460
0x000000a606dff240:   000000007110b230 00007ff956e01f4f
0x000000a606dff250:   000001d9e6482260 0000000000000004
0x000000a606dff260:   000001d9e55ee300 0000000000000e34
0x000000a606dff270:   000000a606dff3b0 0000000071112590
0x000000a606dff280:   000001d9e55ee050 000000a606dff360
0x000000a606dff290:   000001d9e598e930 000000a606dff468
0x000000a606dff2a0:   000001d9e598e930 00007ffa19caab11
0x000000a606dff2b0:   000001d9e598e920 000001d980c60000
0x000000a606dff2c0:   000000a606dff3b0 0000000000000000
0x000000a606dff2d0:   0000000071113500 0000000071113be8
0x000000a606dff2e0:   000000a606dff310 0000000071112641
0x000000a606dff2f0:   000000a606dff280 000001d9e55ee300
0x000000a606dff300:   0000000000000000 0000000000000000
0x000000a606dff310:   000000a606dff3b0 0000000071101595
0x000000a606dff320:   000000000000001c 000000a600000000 

Instructions: (pc=0x000000007110b5db)
0x000000007110b4db:   48 85 c0 74 bf 44 8b 03 45 85 c0 0f 84 77 ff ff
0x000000007110b4eb:   ff eb 9f 66 90 e8 8b fe ff ff 48 89 05 0c 34 01
0x000000007110b4fb:   00 eb ad 66 90 e8 7b fe ff ff 48 89 05 fc 33 01
0x000000007110b50b:   00 eb 8b e8 8d fe ff ff c7 03 01 00 00 00 e9 6f
0x000000007110b51b:   ff ff ff 66 90 55 48 89 e5 56 53 48 83 ec 20 48
0x000000007110b52b:   8b 05 d7 33 01 00 48 8b 31 48 89 cb 48 85 c0 74
0x000000007110b53b:   56 44 8b 18 45 85 db 78 42 48 8b 05 bd 33 01 00
0x000000007110b54b:   48 85 c0 74 50 44 8b 10 45 85 d2 74 1d 48 89 f1
0x000000007110b55b:   e8 d0 fd ff ff 48 8b 13 48 8d 42 40 48 8b 48 08
0x000000007110b56b:   48 8b 6a 40 48 8b 60 10 ff e1 48 8b 05 9c 33 01
0x000000007110b57b:   00 48 85 c0 74 2d 48 89 30 eb da e8 b5 fe ff ff
0x000000007110b58b:   0f 1f 44 00 00 eb b2 e8 e9 fd ff ff 48 89 05 6a
0x000000007110b59b:   33 01 00 eb 9c e8 db fd ff ff 48 89 05 5c 33 01
0x000000007110b5ab:   00 eb a2 e8 3d fd ff ff 48 89 05 5e 33 01 00 eb
0x000000007110b5bb:   c5 0f 1f 40 00 55 57 56 53 48 83 ec 28 48 8b 05
0x000000007110b5cb:   39 33 01 00 48 89 cb 48 85 c0 0f 84 c5 00 00 00
0x000000007110b5db:   8b 38 85 ff 0f 88 ab 00 00 00 48 8b 05 1c 33 01
0x000000007110b5eb:   00 48 85 c0 0f 84 bc 00 00 00 8b 30 85 f6 74 57
0x000000007110b5fb:   48 8b 05 0e 33 01 00 48 85 c0 0f 84 e5 00 00 00
0x000000007110b60b:   8b 28 48 8b 35 10 5e 01 00 ff d6 89 c7 89 e9 ff
0x000000007110b61b:   15 f4 5e 01 00 89 f9 48 89 c5 ff 15 b9 5e 01 00
0x000000007110b62b:   48 8b 05 de 32 01 00 48 89 2b 48 85 c0 74 46 48
0x000000007110b63b:   89 da 8b 08 ff 15 d7 5e 01 00 85 c0 74 27 48 83
0x000000007110b64b:   c4 28 5b 5e 5f 5d c3 48 8b 05 bf 32 01 00 48 85
0x000000007110b65b:   c0 74 64 48 8b 10 48 89 13 48 89 18 48 83 c4 28
0x000000007110b66b:   5b 5e 5f 5d c3 48 89 f2 48 83 c4 28 5b 5e 5f 5d
0x000000007110b67b:   48 ff e2 66 90 e8 8b fc ff ff 48 89 05 84 32 01
0x000000007110b68b:   00 eb ac 66 90 e8 ab fd ff ff e9 4b ff ff ff 66
0x000000007110b69b:   0f 1f 44 00 00 e8 db fc ff ff 48 89 05 5c 32 01
0x000000007110b6ab:   00 e9 2a ff ff ff e8 ca fc ff ff 48 89 05 4b 32
0x000000007110b6bb:   01 00 e9 33 ff ff ff e8 29 fc ff ff 48 89 05 4a
0x000000007110b6cb:   32 01 00 48 8b 10 48 85 c0 48 89 13 75 8b e8 12 


Stack slot to memory mapping:
stack at sp + 0 slots: 0x0 is NULL
stack at sp + 1 slots: 0x000001d9e5157460 points into unknown readable memory: 0x000001d980a91380 | 80 13 a9 80 d9 01 00 00
stack at sp + 2 slots: 0x000000007110b230 jSSC-2.8_x86_64.dll
stack at sp + 3 slots: 0x00007ff956e01f4f jvm.dll
stack at sp + 4 slots: 0x000001d9e6482260 points into unknown readable memory: 0x000001d9e64ea2d0 | d0 a2 4e e6 d9 01 00 00
stack at sp + 5 slots: 0x0000000000000004 is an unknown value
stack at sp + 6 slots: 0x000001d9e55ee300 points into unknown readable memory: 0x00007ff957232670 | 70 26 23 57 f9 7f 00 00
stack at sp + 7 slots: 0x0000000000000e34 is an unknown value


---------------  P R O C E S S  ---------------

Threads class SMR info:
_java_thread_list=0x000001d9e64da4c0, length=19, elements={
0x000001d980d91d80, 0x000001d99fa64810, 0x000001d99fa65690, 0x000001d99fa7a800,
0x000001d99fa7b3c0, 0x000001d99fa7e530, 0x000001d99fa7eef0, 0x000001d99fa80430,
0x000001d99fa90000, 0x000001d99faa3610, 0x000001d99fa4d430, 0x000001d9e588d610,
0x000001d9e55ee630, 0x000001d9e5b68020, 0x000001d9e5ba1e00, 0x000001d9e6473830,
0x000001d9e5baaf00, 0x000001d9e55ee050, 0x000001d9e64b6440
}

Java Threads: ( => current thread )
  0x000001d980d91d80 JavaThread "main" [_thread_blocked, id=820, stack(0x000000a604d00000,0x000000a604e00000)]
  0x000001d99fa64810 JavaThread "Reference Handler" daemon [_thread_blocked, id=21856, stack(0x000000a605400000,0x000000a605500000)]
  0x000001d99fa65690 JavaThread "Finalizer" daemon [_thread_blocked, id=23440, stack(0x000000a605500000,0x000000a605600000)]
  0x000001d99fa7a800 JavaThread "Signal Dispatcher" daemon [_thread_blocked, id=7216, stack(0x000000a605600000,0x000000a605700000)]
  0x000001d99fa7b3c0 JavaThread "Attach Listener" daemon [_thread_blocked, id=23408, stack(0x000000a605700000,0x000000a605800000)]
  0x000001d99fa7e530 JavaThread "Service Thread" daemon [_thread_blocked, id=14272, stack(0x000000a605800000,0x000000a605900000)]
  0x000001d99fa7eef0 JavaThread "Monitor Deflation Thread" daemon [_thread_blocked, id=24144, stack(0x000000a605900000,0x000000a605a00000)]
  0x000001d99fa80430 JavaThread "C2 CompilerThread0" daemon [_thread_blocked, id=1204, stack(0x000000a605a00000,0x000000a605b00000)]
  0x000001d99fa90000 JavaThread "C1 CompilerThread0" daemon [_thread_blocked, id=25224, stack(0x000000a605b00000,0x000000a605c00000)]
  0x000001d99faa3610 JavaThread "Sweeper thread" daemon [_thread_blocked, id=25804, stack(0x000000a605c00000,0x000000a605d00000)]
  0x000001d99fa4d430 JavaThread "Common-Cleaner" daemon [_thread_blocked, id=21888, stack(0x000000a605d00000,0x000000a605e00000)]
  0x000001d9e588d610 JavaThread "Notification Thread" daemon [_thread_blocked, id=2256, stack(0x000000a606000000,0x000000a606100000)]
  0x000001d9e55ee630 JavaThread "QuantumRenderer-0" daemon [_thread_blocked, id=22640, stack(0x000000a606200000,0x000000a606300000)]
  0x000001d9e5b68020 JavaThread "InvokeLaterDispatcher" daemon [_thread_blocked, id=25516, stack(0x000000a606300000,0x000000a606400000)]
  0x000001d9e5ba1e00 JavaThread "JavaFX Application Thread" [_thread_in_native, id=17636, stack(0x000000a606400000,0x000000a606500000)]
  0x000001d9e6473830 JavaThread "C2 CompilerThread1" daemon [_thread_blocked, id=3484, stack(0x000000a605f00000,0x000000a606000000)]
  0x000001d9e5baaf00 JavaThread "Thread-1" daemon [_thread_in_native, id=2436, stack(0x000000a605e00000,0x000000a605f00000)]
=>0x000001d9e55ee050 JavaThread "Thread-2" [_thread_in_native, id=20140, stack(0x000000a606d00000,0x000000a606e00000)]
  0x000001d9e64b6440 JavaThread "JavaFX-Launcher" [_thread_blocked, id=25348, stack(0x000000a606e00000,0x000000a606f00000)]

Other Threads:
  0x000001d99fa5f060 VMThread "VM Thread" [stack: 0x000000a605300000,0x000000a605400000] [id=15320]
  0x000001d9e5774600 WatcherThread [stack: 0x000000a606100000,0x000000a606200000] [id=2572]
  0x000001d980dde410 GCTaskThread "GC Thread#0" [stack: 0x000000a604e00000,0x000000a604f00000] [id=20884]
  0x000001d9e6500640 GCTaskThread "GC Thread#1" [stack: 0x000000a606f00000,0x000000a607000000] [id=2632]
  0x000001d9e64c2f80 GCTaskThread "GC Thread#2" [stack: 0x000000a607000000,0x000000a607100000] [id=25424]
  0x000001d9e64c3240 GCTaskThread "GC Thread#3" [stack: 0x000000a607100000,0x000000a607200000] [id=23076]
  0x000001d9e64c3500 GCTaskThread "GC Thread#4" [stack: 0x000000a607200000,0x000000a607300000] [id=23376]
  0x000001d9e6514190 GCTaskThread "GC Thread#5" [stack: 0x000000a607300000,0x000000a607400000] [id=23620]
  0x000001d9e6514450 GCTaskThread "GC Thread#6" [stack: 0x000000a607400000,0x000000a607500000] [id=22688]
  0x000001d9e6514710 GCTaskThread "GC Thread#7" [stack: 0x000000a607500000,0x000000a607600000] [id=26580]
  0x000001d980deade0 ConcurrentGCThread "G1 Main Marker" [stack: 0x000000a604f00000,0x000000a605000000] [id=20260]
  0x000001d980deb7f0 ConcurrentGCThread "G1 Conc#0" [stack: 0x000000a605000000,0x000000a605100000] [id=24928]
  0x000001d980e565f0 ConcurrentGCThread "G1 Refine#0" [stack: 0x000000a605100000,0x000000a605200000] [id=20440]
  0x000001d99f911210 ConcurrentGCThread "G1 Service" [stack: 0x000000a605200000,0x000000a605300000] [id=25460]

Threads with active compile tasks:

VM state: not at safepoint (normal execution)

VM Mutex/Monitor currently owned by a thread: None

Heap address: 0x00000000a2c00000, size: 1492 MB, Compressed Oops mode: 32-bit

CDS archive(s) mapped at: [0x000001d9a0000000-0x000001d9a0bd0000-0x000001d9a0bd0000), size 12386304, SharedBaseAddress: 0x000001d9a0000000, ArchiveRelocationMode: 1.
Compressed class space mapped at: 0x000001d9a1000000-0x000001d9e1000000, reserved size: 1073741824
Narrow klass base: 0x000001d9a0000000, Narrow klass shift: 0, Narrow klass range: 0x100000000

GC Precious Log:
 CPUs: 8 total, 8 available
 Memory: 5965M
 Large Page Support: Disabled
 NUMA Support: Disabled
 Compressed Oops: Enabled (32-bit)
 Heap Region Size: 1M
 Heap Min Capacity: 8M
 Heap Initial Capacity: 94M
 Heap Max Capacity: 1492M
 Pre-touch: Disabled
 Parallel Workers: 8
 Concurrent Workers: 2
 Concurrent Refinement Workers: 8
 Periodic GC: Disabled

Heap:
 garbage-first heap   total 96256K, used 5060K [0x00000000a2c00000, 0x0000000100000000)
  region size 1024K, 5 young (5120K), 3 survivors (3072K)
 Metaspace       used 5196K, committed 5376K, reserved 1114112K
  class space    used 645K, committed 768K, reserved 1048576K

Heap Regions: E=young(eden), S=young(survivor), O=old, HS=humongous(starts), HC=humongous(continues), CS=collection set, F=free, OA=open archive, CA=closed archive, TAMS=top-at-mark-start (previous, next)
|   0|0x00000000a2c00000, 0x00000000a2d00000, 0x00000000a2d00000|100%|HS|  |TAMS 0x00000000a2c00000, 0x00000000a2c00000| Complete 
|   1|0x00000000a2d00000, 0x00000000a2d00000, 0x00000000a2e00000|  0%| F|  |TAMS 0x00000000a2d00000, 0x00000000a2d00000| Untracked 
|   2|0x00000000a2e00000, 0x00000000a2e00000, 0x00000000a2f00000|  0%| F|  |TAMS 0x00000000a2e00000, 0x00000000a2e00000| Untracked 
|   3|0x00000000a2f00000, 0x00000000a2f00000, 0x00000000a3000000|  0%| F|  |TAMS 0x00000000a2f00000, 0x00000000a2f00000| Untracked 
|   4|0x00000000a3000000, 0x00000000a3000000, 0x00000000a3100000|  0%| F|  |TAMS 0x00000000a3000000, 0x00000000a3000000| Untracked 
|   5|0x00000000a3100000, 0x00000000a3100000, 0x00000000a3200000|  0%| F|  |TAMS 0x00000000a3100000, 0x00000000a3100000| Untracked 
|   6|0x00000000a3200000, 0x00000000a3200000, 0x00000000a3300000|  0%| F|  |TAMS 0x00000000a3200000, 0x00000000a3200000| Untracked 
|   7|0x00000000a3300000, 0x00000000a3300000, 0x00000000a3400000|  0%| F|  |TAMS 0x00000000a3300000, 0x00000000a3300000| Untracked 
|   8|0x00000000a3400000, 0x00000000a3400000, 0x00000000a3500000|  0%| F|  |TAMS 0x00000000a3400000, 0x00000000a3400000| Untracked 
|   9|0x00000000a3500000, 0x00000000a3500000, 0x00000000a3600000|  0%| F|  |TAMS 0x00000000a3500000, 0x00000000a3500000| Untracked 
|  10|0x00000000a3600000, 0x00000000a3600000, 0x00000000a3700000|  0%| F|  |TAMS 0x00000000a3600000, 0x00000000a3600000| Untracked 
|  11|0x00000000a3700000, 0x00000000a3700000, 0x00000000a3800000|  0%| F|  |TAMS 0x00000000a3700000, 0x00000000a3700000| Untracked 
|  12|0x00000000a3800000, 0x00000000a3800000, 0x00000000a3900000|  0%| F|  |TAMS 0x00000000a3800000, 0x00000000a3800000| Untracked 
|  13|0x00000000a3900000, 0x00000000a3900000, 0x00000000a3a00000|  0%| F|  |TAMS 0x00000000a3900000, 0x00000000a3900000| Untracked 
|  14|0x00000000a3a00000, 0x00000000a3a00000, 0x00000000a3b00000|  0%| F|  |TAMS 0x00000000a3a00000, 0x00000000a3a00000| Untracked 
|  15|0x00000000a3b00000, 0x00000000a3b00000, 0x00000000a3c00000|  0%| F|  |TAMS 0x00000000a3b00000, 0x00000000a3b00000| Untracked 
|  16|0x00000000a3c00000, 0x00000000a3c00000, 0x00000000a3d00000|  0%| F|  |TAMS 0x00000000a3c00000, 0x00000000a3c00000| Untracked 
|  17|0x00000000a3d00000, 0x00000000a3d00000, 0x00000000a3e00000|  0%| F|  |TAMS 0x00000000a3d00000, 0x00000000a3d00000| Untracked 
|  18|0x00000000a3e00000, 0x00000000a3e00000, 0x00000000a3f00000|  0%| F|  |TAMS 0x00000000a3e00000, 0x00000000a3e00000| Untracked 
|  19|0x00000000a3f00000, 0x00000000a3f00000, 0x00000000a4000000|  0%| F|  |TAMS 0x00000000a3f00000, 0x00000000a3f00000| Untracked 
|  20|0x00000000a4000000, 0x00000000a4000000, 0x00000000a4100000|  0%| F|  |TAMS 0x00000000a4000000, 0x00000000a4000000| Untracked 
|  21|0x00000000a4100000, 0x00000000a4100000, 0x00000000a4200000|  0%| F|  |TAMS 0x00000000a4100000, 0x00000000a4100000| Untracked 
|  22|0x00000000a4200000, 0x00000000a4200000, 0x00000000a4300000|  0%| F|  |TAMS 0x00000000a4200000, 0x00000000a4200000| Untracked 
|  23|0x00000000a4300000, 0x00000000a4300000, 0x00000000a4400000|  0%| F|  |TAMS 0x00000000a4300000, 0x00000000a4300000| Untracked 
|  24|0x00000000a4400000, 0x00000000a4400000, 0x00000000a4500000|  0%| F|  |TAMS 0x00000000a4400000, 0x00000000a4400000| Untracked 
|  25|0x00000000a4500000, 0x00000000a4500000, 0x00000000a4600000|  0%| F|  |TAMS 0x00000000a4500000, 0x00000000a4500000| Untracked 
|  26|0x00000000a4600000, 0x00000000a4600000, 0x00000000a4700000|  0%| F|  |TAMS 0x00000000a4600000, 0x00000000a4600000| Untracked 
|  27|0x00000000a4700000, 0x00000000a4700000, 0x00000000a4800000|  0%| F|  |TAMS 0x00000000a4700000, 0x00000000a4700000| Untracked 
|  28|0x00000000a4800000, 0x00000000a4800000, 0x00000000a4900000|  0%| F|  |TAMS 0x00000000a4800000, 0x00000000a4800000| Untracked 
|  29|0x00000000a4900000, 0x00000000a4900000, 0x00000000a4a00000|  0%| F|  |TAMS 0x00000000a4900000, 0x00000000a4900000| Untracked 
|  30|0x00000000a4a00000, 0x00000000a4a00000, 0x00000000a4b00000|  0%| F|  |TAMS 0x00000000a4a00000, 0x00000000a4a00000| Untracked 
|  31|0x00000000a4b00000, 0x00000000a4b00000, 0x00000000a4c00000|  0%| F|  |TAMS 0x00000000a4b00000, 0x00000000a4b00000| Untracked 
|  32|0x00000000a4c00000, 0x00000000a4c00000, 0x00000000a4d00000|  0%| F|  |TAMS 0x00000000a4c00000, 0x00000000a4c00000| Untracked 
|  33|0x00000000a4d00000, 0x00000000a4d00000, 0x00000000a4e00000|  0%| F|  |TAMS 0x00000000a4d00000, 0x00000000a4d00000| Untracked 
|  34|0x00000000a4e00000, 0x00000000a4e00000, 0x00000000a4f00000|  0%| F|  |TAMS 0x00000000a4e00000, 0x00000000a4e00000| Untracked 
|  35|0x00000000a4f00000, 0x00000000a4f00000, 0x00000000a5000000|  0%| F|  |TAMS 0x00000000a4f00000, 0x00000000a4f00000| Untracked 
|  36|0x00000000a5000000, 0x00000000a5000000, 0x00000000a5100000|  0%| F|  |TAMS 0x00000000a5000000, 0x00000000a5000000| Untracked 
|  37|0x00000000a5100000, 0x00000000a5100000, 0x00000000a5200000|  0%| F|  |TAMS 0x00000000a5100000, 0x00000000a5100000| Untracked 
|  38|0x00000000a5200000, 0x00000000a5200000, 0x00000000a5300000|  0%| F|  |TAMS 0x00000000a5200000, 0x00000000a5200000| Untracked 
|  39|0x00000000a5300000, 0x00000000a5300000, 0x00000000a5400000|  0%| F|  |TAMS 0x00000000a5300000, 0x00000000a5300000| Untracked 
|  40|0x00000000a5400000, 0x00000000a5400000, 0x00000000a5500000|  0%| F|  |TAMS 0x00000000a5400000, 0x00000000a5400000| Untracked 
|  41|0x00000000a5500000, 0x00000000a5500000, 0x00000000a5600000|  0%| F|  |TAMS 0x00000000a5500000, 0x00000000a5500000| Untracked 
|  42|0x00000000a5600000, 0x00000000a5600000, 0x00000000a5700000|  0%| F|  |TAMS 0x00000000a5600000, 0x00000000a5600000| Untracked 
|  43|0x00000000a5700000, 0x00000000a5700000, 0x00000000a5800000|  0%| F|  |TAMS 0x00000000a5700000, 0x00000000a5700000| Untracked 
|  44|0x00000000a5800000, 0x00000000a5800000, 0x00000000a5900000|  0%| F|  |TAMS 0x00000000a5800000, 0x00000000a5800000| Untracked 
|  45|0x00000000a5900000, 0x00000000a5900000, 0x00000000a5a00000|  0%| F|  |TAMS 0x00000000a5900000, 0x00000000a5900000| Untracked 
|  46|0x00000000a5a00000, 0x00000000a5a00000, 0x00000000a5b00000|  0%| F|  |TAMS 0x00000000a5a00000, 0x00000000a5a00000| Untracked 
|  47|0x00000000a5b00000, 0x00000000a5b00000, 0x00000000a5c00000|  0%| F|  |TAMS 0x00000000a5b00000, 0x00000000a5b00000| Untracked 
|  48|0x00000000a5c00000, 0x00000000a5c00000, 0x00000000a5d00000|  0%| F|  |TAMS 0x00000000a5c00000, 0x00000000a5c00000| Untracked 
|  49|0x00000000a5d00000, 0x00000000a5d00000, 0x00000000a5e00000|  0%| F|  |TAMS 0x00000000a5d00000, 0x00000000a5d00000| Untracked 
|  50|0x00000000a5e00000, 0x00000000a5e00000, 0x00000000a5f00000|  0%| F|  |TAMS 0x00000000a5e00000, 0x00000000a5e00000| Untracked 
|  51|0x00000000a5f00000, 0x00000000a5f00000, 0x00000000a6000000|  0%| F|  |TAMS 0x00000000a5f00000, 0x00000000a5f00000| Untracked 
|  52|0x00000000a6000000, 0x00000000a6000000, 0x00000000a6100000|  0%| F|  |TAMS 0x00000000a6000000, 0x00000000a6000000| Untracked 
|  53|0x00000000a6100000, 0x00000000a6100000, 0x00000000a6200000|  0%| F|  |TAMS 0x00000000a6100000, 0x00000000a6100000| Untracked 
|  54|0x00000000a6200000, 0x00000000a6200000, 0x00000000a6300000|  0%| F|  |TAMS 0x00000000a6200000, 0x00000000a6200000| Untracked 
|  55|0x00000000a6300000, 0x00000000a6300000, 0x00000000a6400000|  0%| F|  |TAMS 0x00000000a6300000, 0x00000000a6300000| Untracked 
|  56|0x00000000a6400000, 0x00000000a6400000, 0x00000000a6500000|  0%| F|  |TAMS 0x00000000a6400000, 0x00000000a6400000| Untracked 
|  57|0x00000000a6500000, 0x00000000a6500000, 0x00000000a6600000|  0%| F|  |TAMS 0x00000000a6500000, 0x00000000a6500000| Untracked 
|  58|0x00000000a6600000, 0x00000000a6600000, 0x00000000a6700000|  0%| F|  |TAMS 0x00000000a6600000, 0x00000000a6600000| Untracked 
|  59|0x00000000a6700000, 0x00000000a6700000, 0x00000000a6800000|  0%| F|  |TAMS 0x00000000a6700000, 0x00000000a6700000| Untracked 
|  60|0x00000000a6800000, 0x00000000a6800000, 0x00000000a6900000|  0%| F|  |TAMS 0x00000000a6800000, 0x00000000a6800000| Untracked 
|  61|0x00000000a6900000, 0x00000000a6900000, 0x00000000a6a00000|  0%| F|  |TAMS 0x00000000a6900000, 0x00000000a6900000| Untracked 
|  62|0x00000000a6a00000, 0x00000000a6a00000, 0x00000000a6b00000|  0%| F|  |TAMS 0x00000000a6a00000, 0x00000000a6a00000| Untracked 
|  63|0x00000000a6b00000, 0x00000000a6b00000, 0x00000000a6c00000|  0%| F|  |TAMS 0x00000000a6b00000, 0x00000000a6b00000| Untracked 
|  64|0x00000000a6c00000, 0x00000000a6c00000, 0x00000000a6d00000|  0%| F|  |TAMS 0x00000000a6c00000, 0x00000000a6c00000| Untracked 
|  65|0x00000000a6d00000, 0x00000000a6d00000, 0x00000000a6e00000|  0%| F|  |TAMS 0x00000000a6d00000, 0x00000000a6d00000| Untracked 
|  66|0x00000000a6e00000, 0x00000000a6e00000, 0x00000000a6f00000|  0%| F|  |TAMS 0x00000000a6e00000, 0x00000000a6e00000| Untracked 
|  67|0x00000000a6f00000, 0x00000000a6f00000, 0x00000000a7000000|  0%| F|  |TAMS 0x00000000a6f00000, 0x00000000a6f00000| Untracked 
|  68|0x00000000a7000000, 0x00000000a70f1218, 0x00000000a7100000| 94%| S|CS|TAMS 0x00000000a7000000, 0x00000000a7000000| Complete 
|  69|0x00000000a7100000, 0x00000000a7200000, 0x00000000a7200000|100%| S|CS|TAMS 0x00000000a7100000, 0x00000000a7100000| Complete 
|  70|0x00000000a7200000, 0x00000000a7300000, 0x00000000a7300000|100%| S|CS|TAMS 0x00000000a7200000, 0x00000000a7200000| Complete 
|  71|0x00000000a7300000, 0x00000000a7300000, 0x00000000a7400000|  0%| F|  |TAMS 0x00000000a7300000, 0x00000000a7300000| Untracked 
|  72|0x00000000a7400000, 0x00000000a7400000, 0x00000000a7500000|  0%| F|  |TAMS 0x00000000a7400000, 0x00000000a7400000| Untracked 
|  73|0x00000000a7500000, 0x00000000a7500000, 0x00000000a7600000|  0%| F|  |TAMS 0x00000000a7500000, 0x00000000a7500000| Untracked 
|  74|0x00000000a7600000, 0x00000000a7600000, 0x00000000a7700000|  0%| F|  |TAMS 0x00000000a7600000, 0x00000000a7600000| Untracked 
|  75|0x00000000a7700000, 0x00000000a7700000, 0x00000000a7800000|  0%| F|  |TAMS 0x00000000a7700000, 0x00000000a7700000| Untracked 
|  76|0x00000000a7800000, 0x00000000a7800000, 0x00000000a7900000|  0%| F|  |TAMS 0x00000000a7800000, 0x00000000a7800000| Untracked 
|  77|0x00000000a7900000, 0x00000000a7900000, 0x00000000a7a00000|  0%| F|  |TAMS 0x00000000a7900000, 0x00000000a7900000| Untracked 
|  78|0x00000000a7a00000, 0x00000000a7a00000, 0x00000000a7b00000|  0%| F|  |TAMS 0x00000000a7a00000, 0x00000000a7a00000| Untracked 
|  79|0x00000000a7b00000, 0x00000000a7b00000, 0x00000000a7c00000|  0%| F|  |TAMS 0x00000000a7b00000, 0x00000000a7b00000| Untracked 
|  80|0x00000000a7c00000, 0x00000000a7c00000, 0x00000000a7d00000|  0%| F|  |TAMS 0x00000000a7c00000, 0x00000000a7c00000| Untracked 
|  81|0x00000000a7d00000, 0x00000000a7d00000, 0x00000000a7e00000|  0%| F|  |TAMS 0x00000000a7d00000, 0x00000000a7d00000| Untracked 
|  82|0x00000000a7e00000, 0x00000000a7e00000, 0x00000000a7f00000|  0%| F|  |TAMS 0x00000000a7e00000, 0x00000000a7e00000| Untracked 
|  83|0x00000000a7f00000, 0x00000000a7f00000, 0x00000000a8000000|  0%| F|  |TAMS 0x00000000a7f00000, 0x00000000a7f00000| Untracked 
|  84|0x00000000a8000000, 0x00000000a8000000, 0x00000000a8100000|  0%| F|  |TAMS 0x00000000a8000000, 0x00000000a8000000| Untracked 
|  85|0x00000000a8100000, 0x00000000a8100000, 0x00000000a8200000|  0%| F|  |TAMS 0x00000000a8100000, 0x00000000a8100000| Untracked 
|  86|0x00000000a8200000, 0x00000000a8200000, 0x00000000a8300000|  0%| F|  |TAMS 0x00000000a8200000, 0x00000000a8200000| Untracked 
|  87|0x00000000a8300000, 0x00000000a8300000, 0x00000000a8400000|  0%| F|  |TAMS 0x00000000a8300000, 0x00000000a8300000| Untracked 
|  88|0x00000000a8400000, 0x00000000a8400000, 0x00000000a8500000|  0%| F|  |TAMS 0x00000000a8400000, 0x00000000a8400000| Untracked 
|  89|0x00000000a8500000, 0x00000000a8500000, 0x00000000a8600000|  0%| F|  |TAMS 0x00000000a8500000, 0x00000000a8500000| Untracked 
|  90|0x00000000a8600000, 0x00000000a8600000, 0x00000000a8700000|  0%| F|  |TAMS 0x00000000a8600000, 0x00000000a8600000| Untracked 
|  91|0x00000000a8700000, 0x00000000a8700000, 0x00000000a8800000|  0%| F|  |TAMS 0x00000000a8700000, 0x00000000a8700000| Untracked 
|  92|0x00000000a8800000, 0x00000000a8862640, 0x00000000a8900000| 38%| E|  |TAMS 0x00000000a8800000, 0x00000000a8800000| Complete 
|  93|0x00000000a8900000, 0x00000000a8a00000, 0x00000000a8a00000|100%| E|CS|TAMS 0x00000000a8900000, 0x00000000a8900000| Complete 

Card table byte_map: [0x000001d999b70000,0x000001d999e60000] _byte_map_base: 0x000001d99965a000

Marking Bits (Prev, Next): (CMBitMap*) 0x000001d980ddea30, (CMBitMap*) 0x000001d980ddea70
 Prev Bits: [0x000001d99a150000, 0x000001d99b8a0000)
 Next Bits: [0x000001d99b8a0000, 0x000001d99cff0000)

Polling page: 0x000001d980c50000

Metaspace:

Usage:
  Non-class:      4.45 MB used.
      Class:    647.23 KB used.
       Both:      5.08 MB used.

Virtual space:
  Non-class space:       64.00 MB reserved,       4.50 MB (  7%) committed,  1 nodes.
      Class space:        1.00 GB reserved,     768.00 KB ( <1%) committed,  1 nodes.
             Both:        1.06 GB reserved,       5.25 MB ( <1%) committed. 

Chunk freelists:
   Non-Class:  9.62 MB
       Class:  15.29 MB
        Both:  24.92 MB

MaxMetaspaceSize: unlimited
CompressedClassSpaceSize: 1.00 GB
Initial GC threshold: 21.00 MB
Current GC threshold: 21.00 MB
CDS: on
MetaspaceReclaimPolicy: balanced
 - commit_granule_bytes: 65536.
 - commit_granule_words: 8192.
 - virtual_space_node_default_size: 8388608.
 - enlarge_chunks_in_place: 1.
 - new_chunks_are_fully_committed: 0.
 - uncommit_free_chunks: 1.
 - use_allocation_guard: 0.
 - handle_deallocations: 1.


Internal statistics:

num_allocs_failed_limit: 0.
num_arena_births: 100.
num_arena_deaths: 0.
num_vsnodes_births: 2.
num_vsnodes_deaths: 0.
num_space_committed: 84.
num_space_uncommitted: 0.
num_chunks_returned_to_freelist: 0.
num_chunks_taken_from_freelist: 225.
num_chunk_merges: 0.
num_chunk_splits: 157.
num_chunks_enlarged: 120.
num_inconsistent_stats: 0.

CodeHeap 'non-profiled nmethods': size=120000Kb used=315Kb max_used=315Kb free=119684Kb
 bounds [0x000001d9918f0000, 0x000001d991b60000, 0x000001d998e20000]
CodeHeap 'profiled nmethods': size=120000Kb used=1584Kb max_used=1584Kb free=118415Kb
 bounds [0x000001d989e20000, 0x000001d98a090000, 0x000001d991350000]
CodeHeap 'non-nmethods': size=5760Kb used=1205Kb max_used=1235Kb free=4554Kb
 bounds [0x000001d991350000, 0x000001d9915c0000, 0x000001d9918f0000]
 total_blobs=1486 nmethods=976 adapters=423
 compilation: enabled
              stopped_count=0, restarted_count=0
 full_count=0

Compilation events (20 events):
Event: 0.747 Thread 0x000001d99fa90000  903       3       java.util.HashSet::contains (9 bytes)
Event: 0.747 Thread 0x000001d99fa90000 nmethod 903 0x000001d989f7f210 code [0x000001d989f7f3c0, 0x000001d989f7f588]
Event: 0.748 Thread 0x000001d99fa90000  904       3       java.lang.invoke.DirectMethodHandle::preparedLambdaForm (31 bytes)
Event: 0.748 Thread 0x000001d99fa90000 nmethod 904 0x000001d989f7f690 code [0x000001d989f7f880, 0x000001d989f7fd28]
Event: 0.748 Thread 0x000001d99fa90000  906       3       java.lang.System::checkKey (34 bytes)
Event: 0.748 Thread 0x000001d99fa90000 nmethod 906 0x000001d989f7ff10 code [0x000001d989f800e0, 0x000001d989f80498]
Event: 0.748 Thread 0x000001d99fa90000  905       3       java.lang.Class::cast (27 bytes)
Event: 0.748 Thread 0x000001d99fa90000 nmethod 905 0x000001d989f80610 code [0x000001d989f807c0, 0x000001d989f80a78]
Event: 0.749 Thread 0x000001d99fa90000  907       3       java.util.zip.ZipCoder$UTF8ZipCoder::hasTrailingSlash (20 bytes)
Event: 0.749 Thread 0x000001d99fa90000 nmethod 907 0x000001d989f80b90 code [0x000001d989f80d20, 0x000001d989f80ef8]
Event: 0.749 Thread 0x000001d99fa90000  908       3       java.util.zip.ZipFile$ZipFileInputStream::<init> (96 bytes)
Event: 0.750 Thread 0x000001d99fa90000 nmethod 908 0x000001d989f81010 code [0x000001d989f81240, 0x000001d989f81c88]
Event: 0.750 Thread 0x000001d99fa90000  909       3       java.util.zip.ZipUtils::CENOFF (9 bytes)
Event: 0.750 Thread 0x000001d99fa90000 nmethod 909 0x000001d989f82110 code [0x000001d989f822c0, 0x000001d989f82598]
Event: 0.750 Thread 0x000001d99fa90000  910       3       java.util.zip.ZipFile$ZipFileInflaterInputStream::<init> (14 bytes)
Event: 0.750 Thread 0x000001d99fa90000 nmethod 910 0x000001d989f82710 code [0x000001d989f828c0, 0x000001d989f82a78]
Event: 0.750 Thread 0x000001d99fa90000  911   !   3       java.util.zip.ZipFile$CleanableResource::getInflater (47 bytes)
Event: 0.750 Thread 0x000001d99fa90000 nmethod 911 0x000001d989f82b90 code [0x000001d989f82d60, 0x000001d989f83258]
Event: 0.750 Thread 0x000001d99fa90000  912       3       java.util.zip.ZipFile$ZipFileInflaterInputStream::<init> (41 bytes)
Event: 0.750 Thread 0x000001d99fa90000 nmethod 912 0x000001d989f83410 code [0x000001d989f835e0, 0x000001d989f83a98]

GC Heap History (0 events):
No events

Deoptimization events (20 events):
Event: 0.198 Thread 0x000001d980d91d80 DEOPT PACKING pc=0x000001d9918f6274 sp=0x000000a604dfeb60
Event: 0.198 Thread 0x000001d980d91d80 DEOPT UNPACKING pc=0x000001d9913a23a3 sp=0x000000a604dfeaa0 mode 2
Event: 0.478 Thread 0x000001d980d91d80 DEOPT PACKING pc=0x000001d989f0fbf7 sp=0x000000a604dfde40
Event: 0.478 Thread 0x000001d980d91d80 DEOPT UNPACKING pc=0x000001d9913a2b43 sp=0x000000a604dfd260 mode 0
Event: 0.607 Thread 0x000001d9e5ba1e00 Uncommon trap: trap_request=0xffffff45 fr.pc=0x000001d99192699c relative=0x000000000000025c
Event: 0.607 Thread 0x000001d9e5ba1e00 Uncommon trap: reason=unstable_if action=reinterpret pc=0x000001d99192699c method=java.lang.invoke.VarHandle.checkExactAccessMode(Ljava/lang/invoke/VarHandle$AccessDescriptor;)V @ 4 c2
Event: 0.607 Thread 0x000001d9e5ba1e00 DEOPT PACKING pc=0x000001d99192699c sp=0x000000a6064fe880
Event: 0.607 Thread 0x000001d9e5ba1e00 DEOPT UNPACKING pc=0x000001d9913a23a3 sp=0x000000a6064fe7f0 mode 2
Event: 0.609 Thread 0x000001d9e55ee630 Uncommon trap: trap_request=0xffffff45 fr.pc=0x000001d991928198 relative=0x0000000000000178
Event: 0.609 Thread 0x000001d9e55ee630 Uncommon trap: reason=unstable_if action=reinterpret pc=0x000001d991928198 method=java.lang.invoke.VarHandle.checkExactAccessMode(Ljava/lang/invoke/VarHandle$AccessDescriptor;)V @ 4 c2
Event: 0.609 Thread 0x000001d9e55ee630 DEOPT PACKING pc=0x000001d991928198 sp=0x000000a6062fed80
Event: 0.609 Thread 0x000001d9e55ee630 DEOPT UNPACKING pc=0x000001d9913a23a3 sp=0x000000a6062fed60 mode 2
Event: 0.735 Thread 0x000001d9e5ba1e00 Uncommon trap: trap_request=0xffffff45 fr.pc=0x000001d991926474 relative=0x0000000000000074
Event: 0.735 Thread 0x000001d9e5ba1e00 Uncommon trap: reason=unstable_if action=reinterpret pc=0x000001d991926474 method=jdk.internal.misc.Unsafe.convEndian(ZI)I @ 4 c2
Event: 0.735 Thread 0x000001d9e5ba1e00 DEOPT PACKING pc=0x000001d991926474 sp=0x000000a6064fd540
Event: 0.735 Thread 0x000001d9e5ba1e00 DEOPT UNPACKING pc=0x000001d9913a23a3 sp=0x000000a6064fd470 mode 2
Event: 0.739 Thread 0x000001d980d91d80 Uncommon trap: trap_request=0xffffff45 fr.pc=0x000001d99190b694 relative=0x00000000000005d4
Event: 0.739 Thread 0x000001d980d91d80 Uncommon trap: reason=unstable_if action=reinterpret pc=0x000001d99190b694 method=java.util.zip.ZipFile$Source.checkAndAddEntry(II)I @ 50 c2
Event: 0.739 Thread 0x000001d980d91d80 DEOPT PACKING pc=0x000001d99190b694 sp=0x000000a604df9860
Event: 0.739 Thread 0x000001d980d91d80 DEOPT UNPACKING pc=0x000001d9913a23a3 sp=0x000000a604df97d0 mode 2

Classes unloaded (0 events):
No events

Classes redefined (0 events):
No events

Internal exceptions (15 events):
Event: 0.091 Thread 0x000001d980d91d80 Exception <a 'java/lang/NoSuchMethodError'{0x00000000a8824d78}: 'void java.lang.invoke.DirectMethodHandle$Holder.invokeVirtual(java.lang.Object, java.lang.Object)'> (0x00000000a8824d78) 
thrown [s\open\src\hotspot\share\interpreter\linkResolver.cpp, line 759]
Event: 0.170 Thread 0x000001d980d91d80 Exception <a 'java/lang/NoSuchMethodError'{0x00000000a84be7d0}: 'void java.lang.invoke.DirectMethodHandle$Holder.invokeSpecial(java.lang.Object, java.lang.Object, java.lang.Object, java.lang.Object, java.lang.Object)'> (0x00000000a84be7d0) 
thrown [s\open\src\hotspot\share\interpreter\linkResolver.cpp, line 759]
Event: 0.178 Thread 0x000001d980d91d80 Exception <a 'java/lang/NoSuchMethodError'{0x00000000a84d2900}: 'java.lang.Object java.lang.invoke.DirectMethodHandle$Holder.invokeInterface(java.lang.Object, java.lang.Object)'> (0x00000000a84d2900) 
thrown [s\open\src\hotspot\share\interpreter\linkResolver.cpp, line 759]
Event: 0.179 Thread 0x000001d980d91d80 Exception <a 'java/lang/IncompatibleClassChangeError'{0x00000000a84d5f78}: Found class java.lang.Object, but interface was expected> (0x00000000a84d5f78) 
thrown [s\open\src\hotspot\share\interpreter\linkResolver.cpp, line 826]
Event: 0.180 Thread 0x000001d980d91d80 Exception <a 'java/lang/NoSuchMethodError'{0x00000000a84d8d40}: 'void java.lang.invoke.DirectMethodHandle$Holder.invokeStatic(java.lang.Object, java.lang.Object, java.lang.Object, java.lang.Object)'> (0x00000000a84d8d40) 
thrown [s\open\src\hotspot\share\interpreter\linkResolver.cpp, line 759]
Event: 0.212 Thread 0x000001d980d91d80 Exception <a 'java/lang/NoSuchMethodError'{0x00000000a83dc130}: 'java.lang.Object java.lang.invoke.DirectMethodHandle$Holder.invokeStaticInit(java.lang.Object)'> (0x00000000a83dc130) 
thrown [s\open\src\hotspot\share\interpreter\linkResolver.cpp, line 759]
Event: 0.217 Thread 0x000001d980d91d80 Exception <a 'java/lang/NoSuchMethodError'{0x00000000a83ea860}: 'void java.lang.invoke.DirectMethodHandle$Holder.invokeStatic(java.lang.Object, java.lang.Object)'> (0x00000000a83ea860) 
thrown [s\open\src\hotspot\share\interpreter\linkResolver.cpp, line 759]
Event: 0.519 Thread 0x000001d980d91d80 Exception <a 'java/lang/NoSuchMethodError'{0x00000000a7ddf590}: 'void java.lang.invoke.DirectMethodHandle$Holder.invokeSpecial(java.lang.Object, java.lang.Object, java.lang.Object)'> (0x00000000a7ddf590) 
thrown [s\open\src\hotspot\share\interpreter\linkResolver.cpp, line 759]
Event: 0.528 Thread 0x000001d980d91d80 Exception <a 'java/lang/NoSuchMethodError'{0x00000000a7c16b40}: 'void java.lang.invoke.DirectMethodHandle$Holder.invokeStatic(java.lang.Object, java.lang.Object, java.lang.Object)'> (0x00000000a7c16b40) 
thrown [s\open\src\hotspot\share\interpreter\linkResolver.cpp, line 759]
Event: 0.579 Thread 0x000001d980d91d80 Exception <a 'java/lang/NoSuchMethodError'{0x00000000a7c336b0}: 'int java.lang.invoke.DirectMethodHandle$Holder.invokeStaticInit(java.lang.Object, java.lang.Object, java.lang.Object)'> (0x00000000a7c336b0) 
thrown [s\open\src\hotspot\share\interpreter\linkResolver.cpp, line 759]
Event: 0.599 Thread 0x000001d980d91d80 Exception <a 'java/lang/NoSuchMethodError'{0x00000000a7b66ed0}: 'java.lang.Object java.lang.invoke.DirectMethodHandle$Holder.newInvokeSpecial(java.lang.Object, java.lang.Object, int, java.lang.Object)'> (0x00000000a7b66ed0) 
thrown [s\open\src\hotspot\share\interpreter\linkResolver.cpp, line 759]
Event: 0.600 Thread 0x000001d980d91d80 Exception <a 'java/lang/NoSuchMethodError'{0x00000000a7b6b2b0}: 'java.lang.Object java.lang.invoke.DirectMethodHandle$Holder.invokeSpecial(java.lang.Object, java.lang.Object, java.lang.Object, int, java.lang.Object)'> (0x00000000a7b6b2b0) 
thrown [s\open\src\hotspot\share\interpreter\linkResolver.cpp, line 759]
Event: 0.719 Thread 0x000001d9e5ba1e00 Exception <a 'java/lang/NoSuchMethodError'{0x00000000a7827c70}: 'void java.lang.invoke.DirectMethodHandle$Holder.invokeStaticInit(java.lang.Object)'> (0x00000000a7827c70) 
thrown [s\open\src\hotspot\share\interpreter\linkResolver.cpp, line 759]
Event: 0.721 Thread 0x000001d980d91d80 Exception <a 'java/lang/NoSuchMethodError'{0x00000000a7bf63d8}: 'java.lang.Object java.lang.invoke.DirectMethodHandle$Holder.newInvokeSpecial(java.lang.Object, java.lang.Object, java.lang.Object, java.lang.Object, java.lang.Object, java.lang.Object)'> (0x00000000a7bf63d8) 
thrown [s\open\src\hotspot\share\interpreter\linkResolver.cpp, line 759]
Event: 0.744 Thread 0x000001d980d91d80 Exception <a 'java/lang/NoSuchMethodError'{0x00000000a78af738}: 'java.lang.Object java.lang.invoke.DirectMethodHandle$Holder.newInvokeSpecial(java.lang.Object, java.lang.Object, java.lang.Object, java.lang.Object, java.lang.Object)'> (0x00000000a78af738) 
thrown [s\open\src\hotspot\share\interpreter\linkResolver.cpp, line 759]

VM Operations (6 events):
Event: 0.110 Executing VM operation: HandshakeAllThreads
Event: 0.110 Executing VM operation: HandshakeAllThreads done
Event: 0.173 Executing VM operation: HandshakeAllThreads
Event: 0.173 Executing VM operation: HandshakeAllThreads done
Event: 0.588 Executing VM operation: HandshakeAllThreads
Event: 0.588 Executing VM operation: HandshakeAllThreads done

Events (20 events):
Event: 0.736 loading class sun/reflect/generics/repository/ClassRepository
Event: 0.736 loading class sun/reflect/generics/repository/GenericDeclRepository
Event: 0.736 loading class sun/reflect/generics/repository/AbstractRepository
Event: 0.736 loading class sun/reflect/generics/repository/AbstractRepository done
Event: 0.736 loading class sun/reflect/generics/repository/GenericDeclRepository done
Event: 0.736 loading class sun/reflect/generics/repository/ClassRepository done
Event: 0.736 loading class java/lang/Class$EnclosingMethodInfo
Event: 0.736 loading class java/lang/Class$EnclosingMethodInfo done
Event: 0.736 loading class java/lang/Class$AnnotationData
Event: 0.736 loading class java/lang/Class$AnnotationData done
Event: 0.739 Thread 0x000001d9e5baaf00 Thread added: 0x000001d9e5baaf00
Event: 0.742 Thread 0x000001d9e55ee050 Thread added: 0x000001d9e55ee050
Event: 0.743 loading class java/lang/StackTraceElement$HashedModules
Event: 0.743 loading class java/lang/StackTraceElement$HashedModules done
Event: 0.745 Thread 0x000001d9e64b6440 Thread added: 0x000001d9e64b6440
Event: 0.748 loading class java/io/Reader
Event: 0.748 loading class java/io/Reader done
Event: 0.748 loading class java/io/InputStreamReader
Event: 0.748 loading class java/io/InputStreamReader done
Event: 0.752 Loaded shared library C:\Users\ISAIAS\.jssc\windows\jSSC-2.8_x86_64.dll


Dynamic libraries:
0x00007ff76eff0000 - 0x00007ff76f000000 	C:\Program Files\Java\jdk-17\bin\java.exe
0x00007ffa19c70000 - 0x00007ffa19e86000 	C:\Windows\SYSTEM32\ntdll.dll
0x00007ffa188a0000 - 0x00007ffa18964000 	C:\Windows\System32\KERNEL32.DLL
0x00007ffa172c0000 - 0x00007ffa17667000 	C:\Windows\System32\KERNELBASE.dll
0x00007ffa16f90000 - 0x00007ffa170a1000 	C:\Windows\System32\ucrtbase.dll
0x00007ffa03dd0000 - 0x00007ffa03deb000 	C:\Program Files\Java\jdk-17\bin\VCRUNTIME140.dll
0x00007ff9e6610000 - 0x00007ff9e6629000 	C:\Program Files\Java\jdk-17\bin\jli.dll
0x00007ffa19b50000 - 0x00007ffa19c02000 	C:\Windows\System32\ADVAPI32.dll
0x00007ffa194f0000 - 0x00007ffa19597000 	C:\Windows\System32\msvcrt.dll
0x00007ffa19aa0000 - 0x00007ffa19b48000 	C:\Windows\System32\sechost.dll
0x00007ffa17130000 - 0x00007ffa17158000 	C:\Windows\System32\bcrypt.dll
0x00007ffa18990000 - 0x00007ffa18aa5000 	C:\Windows\System32\RPCRT4.dll
0x00007ffa198f0000 - 0x00007ffa19a9e000 	C:\Windows\System32\USER32.dll
0x00007ffa17160000 - 0x00007ffa17186000 	C:\Windows\System32\win32u.dll
0x00007ffa162f0000 - 0x00007ffa16583000 	C:\Windows\WinSxS\amd64_microsoft.windows.common-controls_6595b64144ccf1df_6.0.22621.3235_none_270f74e173860f98\COMCTL32.dll
0x00007ffa194c0000 - 0x00007ffa194e9000 	C:\Windows\System32\GDI32.dll
0x00007ffa17670000 - 0x00007ffa17789000 	C:\Windows\System32\gdi32full.dll
0x00007ffa17790000 - 0x00007ffa1782a000 	C:\Windows\System32\msvcp_win.dll
0x00007ffa15790000 - 0x00007ffa1579a000 	C:\Windows\SYSTEM32\VERSION.dll
0x00007ffa17e80000 - 0x00007ffa17eb1000 	C:\Windows\System32\IMM32.DLL
0x00007ffa0fc20000 - 0x00007ffa0fc2c000 	C:\Program Files\Java\jdk-17\bin\vcruntime140_1.dll
0x00007ff9c1260000 - 0x00007ff9c12ee000 	C:\Program Files\Java\jdk-17\bin\msvcp140.dll
0x00007ff956790000 - 0x00007ff95736f000 	C:\Program Files\Java\jdk-17\bin\server\jvm.dll
0x00007ffa18ab0000 - 0x00007ffa18ab8000 	C:\Windows\System32\PSAPI.DLL
0x00007ffa138f0000 - 0x00007ffa13924000 	C:\Windows\SYSTEM32\WINMM.dll
0x00007ff9f8730000 - 0x00007ff9f8739000 	C:\Windows\SYSTEM32\WSOCK32.dll
0x00007ffa196c0000 - 0x00007ffa19731000 	C:\Windows\System32\WS2_32.dll
0x00007ffa15070000 - 0x00007ffa15088000 	C:\Windows\SYSTEM32\kernel.appcore.dll
0x00007ffa0c930000 - 0x00007ffa0c93a000 	C:\Program Files\Java\jdk-17\bin\jimage.dll
0x00007ffa16900000 - 0x00007ffa16b33000 	C:\Windows\SYSTEM32\DBGHELP.DLL
0x00007ffa18270000 - 0x00007ffa185f8000 	C:\Windows\System32\combase.dll
0x00007ffa17fd0000 - 0x00007ffa180a7000 	C:\Windows\System32\OLEAUT32.dll
0x00007ffa167a0000 - 0x00007ffa167d2000 	C:\Windows\SYSTEM32\dbgcore.DLL
0x00007ffa170b0000 - 0x00007ffa17129000 	C:\Windows\System32\bcryptPrimitives.dll
0x00007ff9d4ce0000 - 0x00007ff9d4d05000 	C:\Program Files\Java\jdk-17\bin\java.dll
0x00007ff9c1180000 - 0x00007ff9c1257000 	C:\Program Files\Java\jdk-17\bin\jsvml.dll
0x00007ffa18ac0000 - 0x00007ffa1931c000 	C:\Windows\System32\SHELL32.dll
0x00007ffa13f80000 - 0x00007ffa14879000 	C:\Windows\SYSTEM32\windows.storage.dll
0x00007ffa13e40000 - 0x00007ffa13f7e000 	C:\Windows\SYSTEM32\wintypes.dll
0x00007ffa19320000 - 0x00007ffa19413000 	C:\Windows\System32\SHCORE.dll
0x00007ffa19650000 - 0x00007ffa196ae000 	C:\Windows\System32\shlwapi.dll
0x00007ffa16ec0000 - 0x00007ffa16ee1000 	C:\Windows\SYSTEM32\profapi.dll
0x00007ff9e12d0000 - 0x00007ff9e12e9000 	C:\Program Files\Java\jdk-17\bin\net.dll
0x00007ffa0e9a0000 - 0x00007ffa0ead6000 	C:\Windows\SYSTEM32\WINHTTP.dll
0x00007ffa15480000 - 0x00007ffa154e9000 	C:\Windows\system32\mswsock.dll
0x00007ff9e0bb0000 - 0x00007ff9e0bc6000 	C:\Program Files\Java\jdk-17\bin\nio.dll
0x00007ff9e5f30000 - 0x00007ff9e5f48000 	C:\Program Files\Java\jdk-17\bin\zip.dll
0x000001d99fc50000 - 0x000001d99fc53000 	C:\Users\ISAIAS\.openjfx\cache\17.0.11\api-ms-win-core-console-l1-1-0.dll
0x000001d99fc60000 - 0x000001d99fc63000 	C:\Users\ISAIAS\.openjfx\cache\17.0.11\api-ms-win-core-console-l1-2-0.dll
0x000001d99fc70000 - 0x000001d99fc73000 	C:\Users\ISAIAS\.openjfx\cache\17.0.11\api-ms-win-core-datetime-l1-1-0.dll
0x000001d99fc80000 - 0x000001d99fc83000 	C:\Users\ISAIAS\.openjfx\cache\17.0.11\api-ms-win-core-debug-l1-1-0.dll
0x000001d99fc90000 - 0x000001d99fc93000 	C:\Users\ISAIAS\.openjfx\cache\17.0.11\api-ms-win-core-errorhandling-l1-1-0.dll
0x000001d99fca0000 - 0x000001d99fca4000 	C:\Users\ISAIAS\.openjfx\cache\17.0.11\api-ms-win-core-file-l1-1-0.dll
0x000001d99fcb0000 - 0x000001d99fcb3000 	C:\Users\ISAIAS\.openjfx\cache\17.0.11\api-ms-win-core-file-l1-2-0.dll
0x000001d99fcc0000 - 0x000001d99fcc3000 	C:\Users\ISAIAS\.openjfx\cache\17.0.11\api-ms-win-core-file-l2-1-0.dll
0x000001d99fcd0000 - 0x000001d99fcd3000 	C:\Users\ISAIAS\.openjfx\cache\17.0.11\api-ms-win-core-handle-l1-1-0.dll
0x000001d99fce0000 - 0x000001d99fce3000 	C:\Users\ISAIAS\.openjfx\cache\17.0.11\api-ms-win-core-heap-l1-1-0.dll
0x000001d99fcf0000 - 0x000001d99fcf3000 	C:\Users\ISAIAS\.openjfx\cache\17.0.11\api-ms-win-core-interlocked-l1-1-0.dll
0x000001d99fd00000 - 0x000001d99fd03000 	C:\Users\ISAIAS\.openjfx\cache\17.0.11\api-ms-win-core-libraryloader-l1-1-0.dll
0x000001d99fd10000 - 0x000001d99fd13000 	C:\Users\ISAIAS\.openjfx\cache\17.0.11\api-ms-win-core-localization-l1-2-0.dll
0x000001d99fd20000 - 0x000001d99fd23000 	C:\Users\ISAIAS\.openjfx\cache\17.0.11\api-ms-win-core-memory-l1-1-0.dll
0x000001d99fd30000 - 0x000001d99fd33000 	C:\Users\ISAIAS\.openjfx\cache\17.0.11\api-ms-win-core-namedpipe-l1-1-0.dll
0x000001d99fd40000 - 0x000001d99fd43000 	C:\Users\ISAIAS\.openjfx\cache\17.0.11\api-ms-win-core-processenvironment-l1-1-0.dll
0x000001d99fd50000 - 0x000001d99fd53000 	C:\Users\ISAIAS\.openjfx\cache\17.0.11\api-ms-win-core-processthreads-l1-1-0.dll
0x000001d99fd60000 - 0x000001d99fd63000 	C:\Users\ISAIAS\.openjfx\cache\17.0.11\api-ms-win-core-processthreads-l1-1-1.dll
0x000001d99fd70000 - 0x000001d99fd73000 	C:\Users\ISAIAS\.openjfx\cache\17.0.11\api-ms-win-core-profile-l1-1-0.dll
0x000001d99fd80000 - 0x000001d99fd83000 	C:\Users\ISAIAS\.openjfx\cache\17.0.11\api-ms-win-core-rtlsupport-l1-1-0.dll
0x000001d99fd90000 - 0x000001d99fd93000 	C:\Users\ISAIAS\.openjfx\cache\17.0.11\api-ms-win-core-string-l1-1-0.dll
0x000001d99fda0000 - 0x000001d99fda3000 	C:\Users\ISAIAS\.openjfx\cache\17.0.11\api-ms-win-core-synch-l1-1-0.dll
0x000001d99fdb0000 - 0x000001d99fdb3000 	C:\Users\ISAIAS\.openjfx\cache\17.0.11\api-ms-win-core-synch-l1-2-0.dll
0x000001d99fdc0000 - 0x000001d99fdc3000 	C:\Users\ISAIAS\.openjfx\cache\17.0.11\api-ms-win-core-sysinfo-l1-1-0.dll
0x000001d99fdd0000 - 0x000001d99fdd3000 	C:\Users\ISAIAS\.openjfx\cache\17.0.11\api-ms-win-core-timezone-l1-1-0.dll
0x000001d99fde0000 - 0x000001d99fde3000 	C:\Users\ISAIAS\.openjfx\cache\17.0.11\api-ms-win-core-util-l1-1-0.dll
0x000001d99fdf0000 - 0x000001d99fdf3000 	C:\Users\ISAIAS\.openjfx\cache\17.0.11\api-ms-win-crt-conio-l1-1-0.dll
0x000001d99fe00000 - 0x000001d99fe04000 	C:\Users\ISAIAS\.openjfx\cache\17.0.11\api-ms-win-crt-convert-l1-1-0.dll
0x000001d99fe10000 - 0x000001d99fe13000 	C:\Users\ISAIAS\.openjfx\cache\17.0.11\api-ms-win-crt-environment-l1-1-0.dll
0x000001d99fe20000 - 0x000001d99fe23000 	C:\Users\ISAIAS\.openjfx\cache\17.0.11\api-ms-win-crt-filesystem-l1-1-0.dll
0x000001d99fe30000 - 0x000001d99fe33000 	C:\Users\ISAIAS\.openjfx\cache\17.0.11\api-ms-win-crt-heap-l1-1-0.dll
0x000001d99fe40000 - 0x000001d99fe43000 	C:\Users\ISAIAS\.openjfx\cache\17.0.11\api-ms-win-crt-locale-l1-1-0.dll
0x000001d99fe50000 - 0x000001d99fe55000 	C:\Users\ISAIAS\.openjfx\cache\17.0.11\api-ms-win-crt-math-l1-1-0.dll
0x000001d99fe60000 - 0x000001d99fe65000 	C:\Users\ISAIAS\.openjfx\cache\17.0.11\api-ms-win-crt-multibyte-l1-1-0.dll
0x000001d99fe70000 - 0x000001d99fe80000 	C:\Users\ISAIAS\.openjfx\cache\17.0.11\api-ms-win-crt-private-l1-1-0.dll
0x000001d99fe80000 - 0x000001d99fe83000 	C:\Users\ISAIAS\.openjfx\cache\17.0.11\api-ms-win-crt-process-l1-1-0.dll
0x000001d99fe90000 - 0x000001d99fe94000 	C:\Users\ISAIAS\.openjfx\cache\17.0.11\api-ms-win-crt-runtime-l1-1-0.dll
0x000001d99fea0000 - 0x000001d99fea4000 	C:\Users\ISAIAS\.openjfx\cache\17.0.11\api-ms-win-crt-stdio-l1-1-0.dll
0x000001d99feb0000 - 0x000001d99feb4000 	C:\Users\ISAIAS\.openjfx\cache\17.0.11\api-ms-win-crt-string-l1-1-0.dll
0x000001d99fec0000 - 0x000001d99fec3000 	C:\Users\ISAIAS\.openjfx\cache\17.0.11\api-ms-win-crt-time-l1-1-0.dll
0x000001d99fed0000 - 0x000001d99fed3000 	C:\Users\ISAIAS\.openjfx\cache\17.0.11\api-ms-win-crt-utility-l1-1-0.dll
0x00007ff9bfce0000 - 0x00007ff9bfddc000 	C:\Users\ISAIAS\.openjfx\cache\17.0.11\ucrtbase.dll
0x00007ffa03780000 - 0x00007ffa0379b000 	C:\Users\ISAIAS\.openjfx\cache\17.0.11\vcruntime140.dll
0x00007ffa0d900000 - 0x00007ffa0d90c000 	C:\Users\ISAIAS\.openjfx\cache\17.0.11\vcruntime140_1.dll
0x00007ff9c0d40000 - 0x00007ff9c0dce000 	C:\Users\ISAIAS\.openjfx\cache\17.0.11\msvcp140.dll
0x00007ffa19740000 - 0x00007ffa198e5000 	C:\Windows\System32\ole32.dll
0x00007ffa0b560000 - 0x00007ffa0b569000 	C:\Users\ISAIAS\.openjfx\cache\17.0.11\msvcp140_1.dll
0x00007ff9ed920000 - 0x00007ff9ed94f000 	C:\Users\ISAIAS\.openjfx\cache\17.0.11\msvcp140_2.dll
0x00007ff9e9cd0000 - 0x00007ff9e9cfa000 	C:\Users\ISAIAS\.openjfx\cache\17.0.11\prism_d3d.dll
0x00007ff999a50000 - 0x00007ff999bf9000 	C:\Windows\system32\d3d9.dll
0x00007ffa13490000 - 0x00007ffa134bb000 	C:\Windows\SYSTEM32\dwmapi.dll
0x00007ffa13320000 - 0x00007ffa13359000 	C:\Windows\SYSTEM32\dxcore.dll
0x00007ffa131e0000 - 0x00007ffa1328b000 	C:\Windows\system32\uxtheme.dll
0x00007ffa0c3c0000 - 0x00007ffa0c57b000 	C:\Windows\System32\DriverStore\FileRepository\u0389834.inf_amd64_ec71e2f28388c974\B389503\aticfx64.dll
0x00007ff949aa0000 - 0x00007ff94b871000 	C:\Windows\System32\DriverStore\FileRepository\u0389834.inf_amd64_ec71e2f28388c974\B389503\amdxn64.dll
0x00007ffa179a0000 - 0x00007ffa17e14000 	C:\Windows\System32\SETUPAPI.dll
0x00007ffa13360000 - 0x00007ffa13458000 	C:\Windows\SYSTEM32\dxgi.dll
0x00007ffa0bd90000 - 0x00007ffa0bdc5000 	C:\Windows\SYSTEM32\amdihk64.dll
0x00007ffa10850000 - 0x00007ffa1089a000 	C:\Windows\SYSTEM32\directxdatabasehelper.dll
0x00007ff9e12f0000 - 0x00007ff9e1332000 	C:\Users\ISAIAS\.openjfx\cache\17.0.11\glass.dll
0x00007ffa17ed0000 - 0x00007ffa17fc9000 	C:\Windows\System32\COMDLG32.dll
0x00007ffa18600000 - 0x00007ffa18753000 	C:\Windows\System32\MSCTF.dll
0x0000000071100000 - 0x0000000071125000 	C:\Users\ISAIAS\.jssc\windows\jSSC-2.8_x86_64.dll

dbghelp: loaded successfully - version: 4.0.5 - missing functions: none
symbol engine: initialized successfully - sym options: 0x614 - pdb path: .;C:\Program Files\Java\jdk-17\bin;C:\Windows\SYSTEM32;C:\Windows\WinSxS\amd64_microsoft.windows.common-controls_6595b64144ccf1df_6.0.22621.3235_none_270f74e173860f98;C:\Program Files\Java\jdk-17\bin\server;C:\Users\ISAIAS\.openjfx\cache\17.0.11;C:\Windows\System32\DriverStore\FileRepository\u0389834.inf_amd64_ec71e2f28388c974\B389503;C:\Users\ISAIAS\.jssc\windows

VM Arguments:
jvm_args: -XX:+ShowCodeDetailsInExceptionMessages --module-path=C:\Users\ISAIAS\Documents\U\2024 - 1\PROYECTO - Trotamontañas\Interfaz HMI\HexaView versions\v1.0\beta\target\classes;C:\Users\ISAIAS\.m2\repository\com\github\PanamaHitek\PanamaHitek_Arduino\3.0.0\PanamaHitek_Arduino-3.0.0.jar;C:\Users\ISAIAS\.m2\repository\org\openjfx\javafx-controls\17.0.11\javafx-controls-17.0.11-win.jar;C:\Users\ISAIAS\.m2\repository\org\openjfx\javafx-graphics\17.0.11\javafx-graphics-17.0.11-win.jar;C:\Users\ISAIAS\.m2\repository\org\openjfx\javafx-base\17.0.11\javafx-base-17.0.11-win.jar;C:\Users\ISAIAS\.m2\repository\org\openjfx\javafx-fxml\17.0.11\javafx-fxml-17.0.11-win.jar -Djdk.module.main=com.hexaview 
java_command: com.hexaview/com.hexaview.App
java_class_path (initial): C:\Users\ISAIAS\.m2\repository\org\processing\core\3.3.7\core-3.3.7.jar;C:\Users\ISAIAS\.m2\repository\org\apache\poi\poi-ooxml\3.17\poi-ooxml-3.17.jar;C:\Users\ISAIAS\.m2\repository\org\apache\poi\poi\3.17\poi-3.17.jar;C:\Users\ISAIAS\.m2\repository\commons-codec\commons-codec\1.10\commons-codec-1.10.jar;C:\Users\ISAIAS\.m2\repository\org\apache\commons\commons-collections4\4.1\commons-collections4-4.1.jar;C:\Users\ISAIAS\.m2\repository\org\apache\poi\poi-ooxml-schemas\3.17\poi-ooxml-schemas-3.17.jar;C:\Users\ISAIAS\.m2\repository\org\apache\xmlbeans\xmlbeans\2.6.0\xmlbeans-2.6.0.jar;C:\Users\ISAIAS\.m2\repository\stax\stax-api\1.0.1\stax-api-1.0.1.jar;C:\Users\ISAIAS\.m2\repository\com\github\virtuald\curvesapi\1.04\curvesapi-1.04.jar;C:\Users\ISAIAS\.m2\repository\org\jfree\jfreechart\1.0.19\jfreechart-1.0.19.jar;C:\Users\ISAIAS\.m2\repository\org\jfree\jcommon\1.0.23\jcommon-1.0.23.jar;C:\Users\ISAIAS\.m2\repository\org\openjfx\javafx-controls\17.0.11\javafx-controls-17.0.11.jar;C:\Users\ISAIAS\.m2\repository\org\openjfx\javafx-graphics\17.0.11\javafx-graphics-17.0.11.jar;C:\Users\ISAIAS\.m2\repository\org\openjfx\javafx-base\17.0.11\javafx-base-17.0.11.jar;C:\Users\ISAIAS\.m2\repository\org\openjfx\javafx-fxml\17.0.11\javafx-fxml-17.0.11.jar
Launcher Type: SUN_STANDARD

[Global flags]
     intx CICompilerCount                          = 4                                         {product} {ergonomic}
     uint ConcGCThreads                            = 2                                         {product} {ergonomic}
     uint G1ConcRefinementThreads                  = 8                                         {product} {ergonomic}
   size_t G1HeapRegionSize                         = 1048576                                   {product} {ergonomic}
    uintx GCDrainStackTargetSize                   = 64                                        {product} {ergonomic}
   size_t InitialHeapSize                          = 98566144                                  {product} {ergonomic}
   size_t MarkStackSize                            = 4194304                                   {product} {ergonomic}
   size_t MaxHeapSize                              = 1564475392                                {product} {ergonomic}
   size_t MaxNewSize                               = 938475520                                 {product} {ergonomic}
   size_t MinHeapDeltaBytes                        = 1048576                                   {product} {ergonomic}
   size_t MinHeapSize                              = 8388608                                   {product} {ergonomic}
    uintx NonNMethodCodeHeapSize                   = 5839372                                {pd product} {ergonomic}
    uintx NonProfiledCodeHeapSize                  = 122909434                              {pd product} {ergonomic}
    uintx ProfiledCodeHeapSize                     = 122909434                              {pd product} {ergonomic}
    uintx ReservedCodeCacheSize                    = 251658240                              {pd product} {ergonomic}
     bool SegmentedCodeCache                       = true                                      {product} {ergonomic}
     bool ShowCodeDetailsInExceptionMessages       = true                                   {manageable} {command line}
   size_t SoftMaxHeapSize                          = 1564475392                             {manageable} {ergonomic}
     bool UseCompressedClassPointers               = true                           {product lp64_product} {ergonomic}
     bool UseCompressedOops                        = true                           {product lp64_product} {ergonomic}
     bool UseG1GC                                  = true                                      {product} {ergonomic}
     bool UseLargePagesIndividualAllocation        = false                                  {pd product} {ergonomic}

Logging:
Log output configuration:
 #0: stdout all=warning uptime,level,tags
 #1: stderr all=off uptime,level,tags

Environment Variables:
JAVA_HOME=C:\Program Files (x86)\graalvm-jdk-21.0.2+13.1
PATH=C:\Program Files\Common Files\Oracle\Java\javapath;C:\Program Files (x86)\graalvm-jdk-21.0.2+13.1\bin;C:\Program Files (x86)\Common Files\Oracle\Java\javapath;C:\Windows\system32;C:\Windows;C:\Windows\System32\Wbem;C:\Windows\System32\WindowsPowerShell\v1.0\;C:\Windows\System32\OpenSSH\;C:\Program Files\dotnet\;C:\Program Files (x86)\IVI Foundation\VISA\WinNT\Bin\;C:\Program Files\IVI Foundation\VISA\Win64\Bin\;C:\Program Files (x86)\IVI Foundation\IVI\Bin\;C:\Program Files\IVI Foundation\IVI\Bin\;C:\Program Files (x86)\IVI Foundation\VISA\WinNT\Bin;C:\Program Files (x86)\National Instruments\Shared\LabVIEW CLI;C:\Program Files\MATLAB\R2020a\runtime\win64;C:\Program Files\MATLAB\R2020a\bin;C:\Program Files\MATLAB\R2020a\polyspace\bin;C:\Program Files\MATLAB\R2024a\runtime\win64;C:\Program Files\MATLAB\R2024a\bin;C:\Users\ISAIAS\AppData\Local\Microsoft\WindowsApps;C:\Users\ISAIAS\AppData\Local\Programs\Microsoft VS Code\bin;C:\Users\ISAIAS\AppData\Local\Microsoft\WindowsApps;;C:\Users\ISAIAS\AppData\Local\Programs\Microsoft VS Code\bin
USERNAME=ISAIAS
LANG=en_US.UTF-8
OS=Windows_NT
PROCESSOR_IDENTIFIER=AMD64 Family 23 Model 160 Stepping 0, AuthenticAMD



---------------  S Y S T E M  ---------------

OS:
 Windows 11 , 64 bit Build 22621 (10.0.22621.3374)
OS uptime: 0 days 8:59 hours
Hyper-V role detected

CPU: total 8 (initial active 8) (8 cores per cpu, 2 threads per core) family 23 model 160 stepping 0 microcode 0x0, cx8, cmov, fxsr, ht, mmx, 3dnowpref, sse, sse2, sse3, ssse3, sse4a, sse4.1, sse4.2, popcnt, lzcnt, tsc, tscinvbit, avx, avx2, aes, clmul, bmi1, bmi2, adx, sha, fma, vzeroupper, clflush, clflushopt, hv

Memory: 4k page, system-wide physical 5965M (821M free)
TotalPageFile size 21593M (AvailPageFile size 4051M)
current process WorkingSet (physical memory assigned to process): 111M, peak: 111M
current process commit charge ("private bytes"): 251M, peak: 251M

vm_info: Java HotSpot(TM) 64-Bit Server VM (17.0.10+11-LTS-240) for windows-amd64 JRE (17.0.10+11-LTS-240), built on Dec 19 2023 21:47:25 by "mach5one" with MS VC++ 17.1 (VS2022)

END.
