Conversión de Solid Edge en STL
Fecha: Saturday,April 20,2024 02:22AM
Archivo fuente:C:\Users\angel\Downloads\araña_robotica\parte2_pata_M2_M3.par
Sistema fuente: SOLID EDGE

Hardware:
Procesador: 12th Gen Intel(R) Core(TM) i7-1255U
Sistema operativo: Windows 10
Memoria instalada: 15.70 GB

Información sobre el software:
Versión de Parasolid: 36.0.142
Versión de PSBodyShop: 36.0.108
Versión del adaptador STL: 13.0.193
Versión de Solid Edge: 224.00.00.101 x64

Opciones de exportación de STL:
Formato de la carpeta de salida:BINARY
Exportar las piezas visualizadas: Desactivado
Opción estructural: Monolithic
Unidades de exportación: Inch
Valor de la tolerancia de exportación:0.050000
Tipo de tolerancia de exportación: Custom
Valor del ángulo plano de superficie de exportación:0.523599

Avance en la conversión:
Se completó el proceso de conversión
Tiempo necesario para convertir:00 : 00 : 00
